[0.012s] Invoking command in '/home/x/Desktop/workspace/omx_tester/build/open_manipulator_x_description': CMAKE_PREFIX_PATH=${CMAKE_PREFIX_PATH}:/home/x/omx_ws/install/open_manipulator_x_teleop:/opt/ros/humble /usr/bin/cmake /home/x/Desktop/workspace/omx_tester/src/open_manipulator/open_manipulator_x_description -DAMENT_CMAKE_SYMLINK_INSTALL=1 -DCMAKE_INSTALL_PREFIX=/home/x/Desktop/workspace/omx_tester/install/open_manipulator_x_description
[0.047s] -- The C compiler identification is GNU 11.4.0
[0.094s] -- The CXX compiler identification is GNU 11.4.0
[0.101s] -- Detecting C compiler ABI info
[0.147s] -- Detecting C compiler ABI info - done
[0.153s] -- Check for working C compiler: /usr/bin/cc - skipped
[0.153s] -- Detecting C compile features
[0.153s] -- Detecting C compile features - done
[0.155s] -- Detecting CXX compiler ABI info
[0.208s] -- Detecting CXX compiler ABI info - done
[0.218s] -- Check for working CXX compiler: /usr/bin/c++ - skipped
[0.219s] -- Detecting CXX compile features
[0.219s] -- Detecting CXX compile features - done
[0.222s] -- Found ament_cmake: 1.3.9 (/opt/ros/humble/share/ament_cmake/cmake)
[0.333s] -- Found Python3: /usr/bin/python3 (found version "3.10.12") found components: Interpreter 
[0.380s] -- Override CMake install command with custom implementation using symlinks instead of copying resources
[0.465s] -- Configuring done
[0.466s] -- Generating done
[0.467s] -- Build files have been written to: /home/x/Desktop/workspace/omx_tester/build/open_manipulator_x_description
[0.469s] Invoked command in '/home/x/Desktop/workspace/omx_tester/build/open_manipulator_x_description' returned '0': CMAKE_PREFIX_PATH=${CMAKE_PREFIX_PATH}:/home/x/omx_ws/install/open_manipulator_x_teleop:/opt/ros/humble /usr/bin/cmake /home/x/Desktop/workspace/omx_tester/src/open_manipulator/open_manipulator_x_description -DAMENT_CMAKE_SYMLINK_INSTALL=1 -DCMAKE_INSTALL_PREFIX=/home/x/Desktop/workspace/omx_tester/install/open_manipulator_x_description
[0.470s] Invoking command in '/home/x/Desktop/workspace/omx_tester/build/open_manipulator_x_description': CMAKE_PREFIX_PATH=${CMAKE_PREFIX_PATH}:/home/x/omx_ws/install/open_manipulator_x_teleop:/opt/ros/humble /usr/bin/cmake --build /home/x/Desktop/workspace/omx_tester/build/open_manipulator_x_description -- -j20 -l20
[0.493s] Invoked command in '/home/x/Desktop/workspace/omx_tester/build/open_manipulator_x_description' returned '0': CMAKE_PREFIX_PATH=${CMAKE_PREFIX_PATH}:/home/x/omx_ws/install/open_manipulator_x_teleop:/opt/ros/humble /usr/bin/cmake --build /home/x/Desktop/workspace/omx_tester/build/open_manipulator_x_description -- -j20 -l20
[0.515s] Invoking command in '/home/x/Desktop/workspace/omx_tester/build/open_manipulator_x_description': CMAKE_PREFIX_PATH=${CMAKE_PREFIX_PATH}:/home/x/omx_ws/install/open_manipulator_x_teleop:/opt/ros/humble /usr/bin/cmake --install /home/x/Desktop/workspace/omx_tester/build/open_manipulator_x_description
[0.522s] -- Install configuration: ""
[0.522s] -- Execute custom install script
[0.522s] -- Symlinking: /home/x/Desktop/workspace/omx_tester/install/open_manipulator_x_description/share/open_manipulator_x_description/launch/.DS_Store
[0.528s] -- Symlinking: /home/x/Desktop/workspace/omx_tester/install/open_manipulator_x_description/share/open_manipulator_x_description/launch/open_manipulator_x_rviz.launch.py
[0.534s] -- Symlinking: /home/x/Desktop/workspace/omx_tester/install/open_manipulator_x_description/share/open_manipulator_x_description/meshes/chain_link1.stl
[0.541s] -- Symlinking: /home/x/Desktop/workspace/omx_tester/install/open_manipulator_x_description/share/open_manipulator_x_description/meshes/chain_link2.stl
[0.547s] -- Symlinking: /home/x/Desktop/workspace/omx_tester/install/open_manipulator_x_description/share/open_manipulator_x_description/meshes/chain_link3.stl
[0.553s] -- Symlinking: /home/x/Desktop/workspace/omx_tester/install/open_manipulator_x_description/share/open_manipulator_x_description/meshes/chain_link4.stl
[0.559s] -- Symlinking: /home/x/Desktop/workspace/omx_tester/install/open_manipulator_x_description/share/open_manipulator_x_description/meshes/chain_link5.stl
[0.565s] -- Symlinking: /home/x/Desktop/workspace/omx_tester/install/open_manipulator_x_description/share/open_manipulator_x_description/meshes/chain_link_grip_l.stl
[0.571s] -- Symlinking: /home/x/Desktop/workspace/omx_tester/install/open_manipulator_x_description/share/open_manipulator_x_description/meshes/chain_link_grip_r.stl
[0.578s] -- Symlinking: /home/x/Desktop/workspace/omx_tester/install/open_manipulator_x_description/share/open_manipulator_x_description/rviz/open_manipulator_x.rviz
[0.585s] -- Symlinking: /home/x/Desktop/workspace/omx_tester/install/open_manipulator_x_description/share/open_manipulator_x_description/urdf/materials.xacro
[0.591s] -- Symlinking: /home/x/Desktop/workspace/omx_tester/install/open_manipulator_x_description/share/open_manipulator_x_description/urdf/open_manipulator_x.gazebo.xacro
[0.597s] -- Symlinking: /home/x/Desktop/workspace/omx_tester/install/open_manipulator_x_description/share/open_manipulator_x_description/urdf/open_manipulator_x.transmission.xacro
[0.603s] -- Symlinking: /home/x/Desktop/workspace/omx_tester/install/open_manipulator_x_description/share/open_manipulator_x_description/urdf/open_manipulator_x.urdf.xacro
[0.609s] -- Symlinking: /home/x/Desktop/workspace/omx_tester/install/open_manipulator_x_description/share/open_manipulator_x_description/urdf/open_manipulator_x_robot.urdf.xacro
[0.616s] -- Symlinking: /home/x/Desktop/workspace/omx_tester/install/open_manipulator_x_description/share/ament_index/resource_index/package_run_dependencies/open_manipulator_x_description
[0.622s] -- Symlinking: /home/x/Desktop/workspace/omx_tester/install/open_manipulator_x_description/share/ament_index/resource_index/parent_prefix_path/open_manipulator_x_description
[0.629s] -- Symlinking: /home/x/Desktop/workspace/omx_tester/install/open_manipulator_x_description/share/open_manipulator_x_description/environment/ament_prefix_path.sh
[0.635s] -- Symlinking: /home/x/Desktop/workspace/omx_tester/install/open_manipulator_x_description/share/open_manipulator_x_description/environment/ament_prefix_path.dsv
[0.641s] -- Symlinking: /home/x/Desktop/workspace/omx_tester/install/open_manipulator_x_description/share/open_manipulator_x_description/environment/path.sh
[0.647s] -- Symlinking: /home/x/Desktop/workspace/omx_tester/install/open_manipulator_x_description/share/open_manipulator_x_description/environment/path.dsv
[0.653s] -- Symlinking: /home/x/Desktop/workspace/omx_tester/install/open_manipulator_x_description/share/open_manipulator_x_description/local_setup.bash
[0.661s] -- Symlinking: /home/x/Desktop/workspace/omx_tester/install/open_manipulator_x_description/share/open_manipulator_x_description/local_setup.sh
[0.667s] -- Symlinking: /home/x/Desktop/workspace/omx_tester/install/open_manipulator_x_description/share/open_manipulator_x_description/local_setup.zsh
[0.673s] -- Symlinking: /home/x/Desktop/workspace/omx_tester/install/open_manipulator_x_description/share/open_manipulator_x_description/local_setup.dsv
[0.680s] -- Symlinking: /home/x/Desktop/workspace/omx_tester/install/open_manipulator_x_description/share/open_manipulator_x_description/package.dsv
[0.687s] -- Symlinking: /home/x/Desktop/workspace/omx_tester/install/open_manipulator_x_description/share/ament_index/resource_index/packages/open_manipulator_x_description
[0.694s] -- Symlinking: /home/x/Desktop/workspace/omx_tester/install/open_manipulator_x_description/share/open_manipulator_x_description/cmake/open_manipulator_x_descriptionConfig.cmake
[0.700s] -- Symlinking: /home/x/Desktop/workspace/omx_tester/install/open_manipulator_x_description/share/open_manipulator_x_description/cmake/open_manipulator_x_descriptionConfig-version.cmake
[0.708s] -- Symlinking: /home/x/Desktop/workspace/omx_tester/install/open_manipulator_x_description/share/open_manipulator_x_description/package.xml
[0.727s] Invoked command in '/home/x/Desktop/workspace/omx_tester/build/open_manipulator_x_description' returned '0': CMAKE_PREFIX_PATH=${CMAKE_PREFIX_PATH}:/home/x/omx_ws/install/open_manipulator_x_teleop:/opt/ros/humble /usr/bin/cmake --install /home/x/Desktop/workspace/omx_tester/build/open_manipulator_x_description
