[0.026s] Invoking command in '/home/x/Desktop/workspace/12-dof-robot/build/dynamixel_sdk': CMAKE_PREFIX_PATH=${CMAKE_PREFIX_PATH}:/home/x/Desktop/workspace/12-dof-robot/install/open_manipulator_x_teleop:/home/x/omx_ws/install/open_manipulator_x_teleop:/home/x/Desktop/workspace/omx_tester/install/open_manipulator_x_master_slave:/home/x/Desktop/workspace/omx_tester/install/open_manipulator_x_libs:/home/x/Desktop/workspace/omx_tester/install/robotis_manipulator:/home/x/Desktop/workspace/omx_tester/install/open_manipulator_x_teleop:/home/x/Desktop/workspace/omx_tester/install/open_manipulator_x_description:/home/x/Desktop/workspace/omx_tester/install/open_manipulator_msgs:/home/x/Desktop/workspace/omx_tester/install/dynamixel_workbench:/home/x/Desktop/workspace/omx_tester/install/dynamixel_workbench_toolbox:/home/x/Desktop/workspace/omx_tester/install/dynamixel_sdk_examples:/home/x/Desktop/workspace/omx_tester/install/dynamixel_sdk_custom_interfaces:/home/x/Desktop/workspace/omx_tester/install/dynamixel_sdk:/home/x/Desktop/workspace/omx_tester/install/cmake_modules:/opt/ros/humble /usr/bin/cmake /home/x/Desktop/workspace/12-dof-robot/src/DynamixelSDK/dynamixel_sdk -DAMENT_CMAKE_SYMLINK_INSTALL=1 -DCMAKE_INSTALL_PREFIX=/home/x/Desktop/workspace/12-dof-robot/install/dynamixel_sdk
[0.036s] -- Found ament_cmake: 1.3.9 (/opt/ros/humble/share/ament_cmake/cmake)
[0.128s] -- Override CMake install command with custom implementation using symlinks instead of copying resources
[0.182s] -- Configuring done
[0.186s] -- Generating done
[0.186s] -- Build files have been written to: /home/x/Desktop/workspace/12-dof-robot/build/dynamixel_sdk
[0.188s] Invoked command in '/home/x/Desktop/workspace/12-dof-robot/build/dynamixel_sdk' returned '0': CMAKE_PREFIX_PATH=${CMAKE_PREFIX_PATH}:/home/x/Desktop/workspace/12-dof-robot/install/open_manipulator_x_teleop:/home/x/omx_ws/install/open_manipulator_x_teleop:/home/x/Desktop/workspace/omx_tester/install/open_manipulator_x_master_slave:/home/x/Desktop/workspace/omx_tester/install/open_manipulator_x_libs:/home/x/Desktop/workspace/omx_tester/install/robotis_manipulator:/home/x/Desktop/workspace/omx_tester/install/open_manipulator_x_teleop:/home/x/Desktop/workspace/omx_tester/install/open_manipulator_x_description:/home/x/Desktop/workspace/omx_tester/install/open_manipulator_msgs:/home/x/Desktop/workspace/omx_tester/install/dynamixel_workbench:/home/x/Desktop/workspace/omx_tester/install/dynamixel_workbench_toolbox:/home/x/Desktop/workspace/omx_tester/install/dynamixel_sdk_examples:/home/x/Desktop/workspace/omx_tester/install/dynamixel_sdk_custom_interfaces:/home/x/Desktop/workspace/omx_tester/install/dynamixel_sdk:/home/x/Desktop/workspace/omx_tester/install/cmake_modules:/opt/ros/humble /usr/bin/cmake /home/x/Desktop/workspace/12-dof-robot/src/DynamixelSDK/dynamixel_sdk -DAMENT_CMAKE_SYMLINK_INSTALL=1 -DCMAKE_INSTALL_PREFIX=/home/x/Desktop/workspace/12-dof-robot/install/dynamixel_sdk
[0.190s] Invoking command in '/home/x/Desktop/workspace/12-dof-robot/build/dynamixel_sdk': CMAKE_PREFIX_PATH=${CMAKE_PREFIX_PATH}:/home/x/Desktop/workspace/12-dof-robot/install/open_manipulator_x_teleop:/home/x/omx_ws/install/open_manipulator_x_teleop:/home/x/Desktop/workspace/omx_tester/install/open_manipulator_x_master_slave:/home/x/Desktop/workspace/omx_tester/install/open_manipulator_x_libs:/home/x/Desktop/workspace/omx_tester/install/robotis_manipulator:/home/x/Desktop/workspace/omx_tester/install/open_manipulator_x_teleop:/home/x/Desktop/workspace/omx_tester/install/open_manipulator_x_description:/home/x/Desktop/workspace/omx_tester/install/open_manipulator_msgs:/home/x/Desktop/workspace/omx_tester/install/dynamixel_workbench:/home/x/Desktop/workspace/omx_tester/install/dynamixel_workbench_toolbox:/home/x/Desktop/workspace/omx_tester/install/dynamixel_sdk_examples:/home/x/Desktop/workspace/omx_tester/install/dynamixel_sdk_custom_interfaces:/home/x/Desktop/workspace/omx_tester/install/dynamixel_sdk:/home/x/Desktop/workspace/omx_tester/install/cmake_modules:/opt/ros/humble /usr/bin/cmake --build /home/x/Desktop/workspace/12-dof-robot/build/dynamixel_sdk -- -j20 -l20
[0.216s] [35m[1mConsolidate compiler generated dependencies of target dynamixel_sdk[0m
[0.227s] [100%] Built target dynamixel_sdk
[0.243s] Invoked command in '/home/x/Desktop/workspace/12-dof-robot/build/dynamixel_sdk' returned '0': CMAKE_PREFIX_PATH=${CMAKE_PREFIX_PATH}:/home/x/Desktop/workspace/12-dof-robot/install/open_manipulator_x_teleop:/home/x/omx_ws/install/open_manipulator_x_teleop:/home/x/Desktop/workspace/omx_tester/install/open_manipulator_x_master_slave:/home/x/Desktop/workspace/omx_tester/install/open_manipulator_x_libs:/home/x/Desktop/workspace/omx_tester/install/robotis_manipulator:/home/x/Desktop/workspace/omx_tester/install/open_manipulator_x_teleop:/home/x/Desktop/workspace/omx_tester/install/open_manipulator_x_description:/home/x/Desktop/workspace/omx_tester/install/open_manipulator_msgs:/home/x/Desktop/workspace/omx_tester/install/dynamixel_workbench:/home/x/Desktop/workspace/omx_tester/install/dynamixel_workbench_toolbox:/home/x/Desktop/workspace/omx_tester/install/dynamixel_sdk_examples:/home/x/Desktop/workspace/omx_tester/install/dynamixel_sdk_custom_interfaces:/home/x/Desktop/workspace/omx_tester/install/dynamixel_sdk:/home/x/Desktop/workspace/omx_tester/install/cmake_modules:/opt/ros/humble /usr/bin/cmake --build /home/x/Desktop/workspace/12-dof-robot/build/dynamixel_sdk -- -j20 -l20
[0.276s] Invoking command in '/home/x/Desktop/workspace/12-dof-robot/build/dynamixel_sdk': CMAKE_PREFIX_PATH=${CMAKE_PREFIX_PATH}:/home/x/Desktop/workspace/12-dof-robot/install/open_manipulator_x_teleop:/home/x/omx_ws/install/open_manipulator_x_teleop:/home/x/Desktop/workspace/omx_tester/install/open_manipulator_x_master_slave:/home/x/Desktop/workspace/omx_tester/install/open_manipulator_x_libs:/home/x/Desktop/workspace/omx_tester/install/robotis_manipulator:/home/x/Desktop/workspace/omx_tester/install/open_manipulator_x_teleop:/home/x/Desktop/workspace/omx_tester/install/open_manipulator_x_description:/home/x/Desktop/workspace/omx_tester/install/open_manipulator_msgs:/home/x/Desktop/workspace/omx_tester/install/dynamixel_workbench:/home/x/Desktop/workspace/omx_tester/install/dynamixel_workbench_toolbox:/home/x/Desktop/workspace/omx_tester/install/dynamixel_sdk_examples:/home/x/Desktop/workspace/omx_tester/install/dynamixel_sdk_custom_interfaces:/home/x/Desktop/workspace/omx_tester/install/dynamixel_sdk:/home/x/Desktop/workspace/omx_tester/install/cmake_modules:/opt/ros/humble /usr/bin/cmake --install /home/x/Desktop/workspace/12-dof-robot/build/dynamixel_sdk
[0.282s] -- Install configuration: "Debug"
[0.283s] -- Execute custom install script
[0.283s] -- Up-to-date symlink: /home/x/Desktop/workspace/12-dof-robot/install/dynamixel_sdk/include//dynamixel_sdk/dynamixel_sdk.h
[0.283s] -- Up-to-date symlink: /home/x/Desktop/workspace/12-dof-robot/install/dynamixel_sdk/include//dynamixel_sdk/group_bulk_read.h
[0.283s] -- Up-to-date symlink: /home/x/Desktop/workspace/12-dof-robot/install/dynamixel_sdk/include//dynamixel_sdk/group_bulk_write.h
[0.283s] -- Up-to-date symlink: /home/x/Desktop/workspace/12-dof-robot/install/dynamixel_sdk/include//dynamixel_sdk/group_sync_read.h
[0.283s] -- Up-to-date symlink: /home/x/Desktop/workspace/12-dof-robot/install/dynamixel_sdk/include//dynamixel_sdk/group_sync_write.h
[0.284s] -- Up-to-date symlink: /home/x/Desktop/workspace/12-dof-robot/install/dynamixel_sdk/include//dynamixel_sdk/packet_handler.h
[0.284s] -- Up-to-date symlink: /home/x/Desktop/workspace/12-dof-robot/install/dynamixel_sdk/include//dynamixel_sdk/port_handler.h
[0.284s] -- Up-to-date symlink: /home/x/Desktop/workspace/12-dof-robot/install/dynamixel_sdk/include//dynamixel_sdk/port_handler_arduino.h
[0.284s] -- Up-to-date symlink: /home/x/Desktop/workspace/12-dof-robot/install/dynamixel_sdk/include//dynamixel_sdk/port_handler_linux.h
[0.284s] -- Up-to-date symlink: /home/x/Desktop/workspace/12-dof-robot/install/dynamixel_sdk/include//dynamixel_sdk/port_handler_mac.h
[0.284s] -- Up-to-date symlink: /home/x/Desktop/workspace/12-dof-robot/install/dynamixel_sdk/include//dynamixel_sdk/port_handler_windows.h
[0.284s] -- Up-to-date symlink: /home/x/Desktop/workspace/12-dof-robot/install/dynamixel_sdk/include//dynamixel_sdk/protocol1_packet_handler.h
[0.285s] -- Up-to-date symlink: /home/x/Desktop/workspace/12-dof-robot/install/dynamixel_sdk/include//dynamixel_sdk/protocol2_packet_handler.h
[0.285s] -- Up-to-date symlink: /home/x/Desktop/workspace/12-dof-robot/install/dynamixel_sdk/lib/libdynamixel_sdk.so
[0.285s] -- Up-to-date symlink: /home/x/Desktop/workspace/12-dof-robot/install/dynamixel_sdk/share/dynamixel_sdk/environment/library_path.sh
[0.285s] -- Up-to-date symlink: /home/x/Desktop/workspace/12-dof-robot/install/dynamixel_sdk/share/dynamixel_sdk/environment/library_path.dsv
[0.285s] -- Up-to-date symlink: /home/x/Desktop/workspace/12-dof-robot/install/dynamixel_sdk/share/ament_index/resource_index/package_run_dependencies/dynamixel_sdk
[0.285s] -- Up-to-date symlink: /home/x/Desktop/workspace/12-dof-robot/install/dynamixel_sdk/share/ament_index/resource_index/parent_prefix_path/dynamixel_sdk
[0.285s] -- Up-to-date symlink: /home/x/Desktop/workspace/12-dof-robot/install/dynamixel_sdk/share/dynamixel_sdk/environment/ament_prefix_path.sh
[0.286s] -- Up-to-date symlink: /home/x/Desktop/workspace/12-dof-robot/install/dynamixel_sdk/share/dynamixel_sdk/environment/ament_prefix_path.dsv
[0.286s] -- Up-to-date symlink: /home/x/Desktop/workspace/12-dof-robot/install/dynamixel_sdk/share/dynamixel_sdk/environment/path.sh
[0.286s] -- Up-to-date symlink: /home/x/Desktop/workspace/12-dof-robot/install/dynamixel_sdk/share/dynamixel_sdk/environment/path.dsv
[0.286s] -- Up-to-date symlink: /home/x/Desktop/workspace/12-dof-robot/install/dynamixel_sdk/share/dynamixel_sdk/local_setup.bash
[0.286s] -- Up-to-date symlink: /home/x/Desktop/workspace/12-dof-robot/install/dynamixel_sdk/share/dynamixel_sdk/local_setup.sh
[0.286s] -- Up-to-date symlink: /home/x/Desktop/workspace/12-dof-robot/install/dynamixel_sdk/share/dynamixel_sdk/local_setup.zsh
[0.286s] -- Up-to-date symlink: /home/x/Desktop/workspace/12-dof-robot/install/dynamixel_sdk/share/dynamixel_sdk/local_setup.dsv
[0.287s] -- Symlinking: /home/x/Desktop/workspace/12-dof-robot/install/dynamixel_sdk/share/dynamixel_sdk/package.dsv
[0.291s] -- Up-to-date symlink: /home/x/Desktop/workspace/12-dof-robot/install/dynamixel_sdk/share/ament_index/resource_index/packages/dynamixel_sdk
[0.291s] -- Up-to-date symlink: /home/x/Desktop/workspace/12-dof-robot/install/dynamixel_sdk/share/dynamixel_sdk/cmake/ament_cmake_export_include_directories-extras.cmake
[0.291s] -- Up-to-date symlink: /home/x/Desktop/workspace/12-dof-robot/install/dynamixel_sdk/share/dynamixel_sdk/cmake/ament_cmake_export_libraries-extras.cmake
[0.291s] -- Up-to-date symlink: /home/x/Desktop/workspace/12-dof-robot/install/dynamixel_sdk/share/dynamixel_sdk/cmake/dynamixel_sdkConfig.cmake
[0.292s] -- Up-to-date symlink: /home/x/Desktop/workspace/12-dof-robot/install/dynamixel_sdk/share/dynamixel_sdk/cmake/dynamixel_sdkConfig-version.cmake
[0.292s] -- Up-to-date symlink: /home/x/Desktop/workspace/12-dof-robot/install/dynamixel_sdk/share/dynamixel_sdk/package.xml
[0.296s] Invoked command in '/home/x/Desktop/workspace/12-dof-robot/build/dynamixel_sdk' returned '0': CMAKE_PREFIX_PATH=${CMAKE_PREFIX_PATH}:/home/x/Desktop/workspace/12-dof-robot/install/open_manipulator_x_teleop:/home/x/omx_ws/install/open_manipulator_x_teleop:/home/x/Desktop/workspace/omx_tester/install/open_manipulator_x_master_slave:/home/x/Desktop/workspace/omx_tester/install/open_manipulator_x_libs:/home/x/Desktop/workspace/omx_tester/install/robotis_manipulator:/home/x/Desktop/workspace/omx_tester/install/open_manipulator_x_teleop:/home/x/Desktop/workspace/omx_tester/install/open_manipulator_x_description:/home/x/Desktop/workspace/omx_tester/install/open_manipulator_msgs:/home/x/Desktop/workspace/omx_tester/install/dynamixel_workbench:/home/x/Desktop/workspace/omx_tester/install/dynamixel_workbench_toolbox:/home/x/Desktop/workspace/omx_tester/install/dynamixel_sdk_examples:/home/x/Desktop/workspace/omx_tester/install/dynamixel_sdk_custom_interfaces:/home/x/Desktop/workspace/omx_tester/install/dynamixel_sdk:/home/x/Desktop/workspace/omx_tester/install/cmake_modules:/opt/ros/humble /usr/bin/cmake --install /home/x/Desktop/workspace/12-dof-robot/build/dynamixel_sdk
