[0.092s] DEBUG:colcon:Command line arguments: ['/usr/bin/colcon', 'build', '--packages-select', 'open_manipulator_x_master_slave', 'open_manipulator_x_controller']
[0.092s] DEBUG:colcon:Parsed command line arguments: Namespace(log_base=None, log_level=None, verb_name='build', build_base='build', install_base='install', merge_install=False, symlink_install=False, test_result_base=None, continue_on_error=False, executor='parallel', parallel_workers=20, event_handlers=None, ignore_user_meta=False, metas=['./colcon.meta'], base_paths=['.'], packages_ignore=None, packages_ignore_regex=None, paths=None, packages_up_to=None, packages_up_to_regex=None, packages_above=None, packages_above_and_dependencies=None, packages_above_depth=None, packages_select_by_dep=None, packages_skip_by_dep=None, packages_skip_up_to=None, packages_select_build_failed=False, packages_skip_build_finished=False, packages_select_test_failures=False, packages_skip_test_passed=False, packages_select=['open_manipulator_x_master_slave', 'open_manipulator_x_controller'], packages_skip=None, packages_select_regex=None, packages_skip_regex=None, packages_start=None, packages_end=None, allow_overriding=[], cmake_args=None, cmake_target=None, cmake_target_skip_unavailable=False, cmake_clean_cache=False, cmake_clean_first=False, cmake_force_configure=False, ament_cmake_args=None, catkin_cmake_args=None, catkin_skip_building_tests=False, mixin_files=None, mixin=None, verb_parser=<colcon_mixin.mixin.mixin_argument.MixinArgumentDecorator object at 0x7fa83a027490>, verb_extension=<colcon_core.verb.build.BuildVerb object at 0x7fa83a026f20>, main=<bound method BuildVerb.main of <colcon_core.verb.build.BuildVerb object at 0x7fa83a026f20>>, mixin_verb=('build',))
[0.220s] Level 1:colcon.colcon_core.package_discovery:discover_packages(colcon_meta) check parameters
[0.220s] Level 1:colcon.colcon_core.package_discovery:discover_packages(recursive) check parameters
[0.220s] Level 1:colcon.colcon_core.package_discovery:discover_packages(ignore) check parameters
[0.220s] Level 1:colcon.colcon_core.package_discovery:discover_packages(path) check parameters
[0.220s] Level 1:colcon.colcon_core.package_discovery:discover_packages(colcon_meta) discover
[0.220s] Level 1:colcon.colcon_core.package_discovery:discover_packages(recursive) discover
[0.220s] INFO:colcon.colcon_core.package_discovery:Crawling recursively for packages in '/home/x/Desktop/workspace/12-dof-robot'
[0.220s] Level 1:colcon.colcon_core.package_identification:_identify(.) by extensions ['ignore', 'ignore_ament_install']
[0.220s] Level 1:colcon.colcon_core.package_identification:_identify(.) by extension 'ignore'
[0.220s] Level 1:colcon.colcon_core.package_identification:_identify(.) by extension 'ignore_ament_install'
[0.220s] Level 1:colcon.colcon_core.package_identification:_identify(.) by extensions ['colcon_pkg']
[0.220s] Level 1:colcon.colcon_core.package_identification:_identify(.) by extension 'colcon_pkg'
[0.220s] Level 1:colcon.colcon_core.package_identification:_identify(.) by extensions ['colcon_meta']
[0.220s] Level 1:colcon.colcon_core.package_identification:_identify(.) by extension 'colcon_meta'
[0.220s] Level 1:colcon.colcon_core.package_identification:_identify(.) by extensions ['ros']
[0.220s] Level 1:colcon.colcon_core.package_identification:_identify(.) by extension 'ros'
[0.228s] Level 1:colcon.colcon_core.package_identification:_identify(.) by extensions ['cmake', 'python']
[0.228s] Level 1:colcon.colcon_core.package_identification:_identify(.) by extension 'cmake'
[0.229s] Level 1:colcon.colcon_core.package_identification:_identify(.) by extension 'python'
[0.229s] Level 1:colcon.colcon_core.package_identification:_identify(.) by extensions ['python_setup_py']
[0.229s] Level 1:colcon.colcon_core.package_identification:_identify(.) by extension 'python_setup_py'
[0.229s] Level 1:colcon.colcon_core.package_identification:_identify(build) by extensions ['ignore', 'ignore_ament_install']
[0.229s] Level 1:colcon.colcon_core.package_identification:_identify(build) by extension 'ignore'
[0.229s] Level 1:colcon.colcon_core.package_identification:_identify(build) ignored
[0.229s] Level 1:colcon.colcon_core.package_identification:_identify(install) by extensions ['ignore', 'ignore_ament_install']
[0.229s] Level 1:colcon.colcon_core.package_identification:_identify(install) by extension 'ignore'
[0.229s] Level 1:colcon.colcon_core.package_identification:_identify(install) ignored
[0.229s] Level 1:colcon.colcon_core.package_identification:_identify(log) by extensions ['ignore', 'ignore_ament_install']
[0.229s] Level 1:colcon.colcon_core.package_identification:_identify(log) by extension 'ignore'
[0.229s] Level 1:colcon.colcon_core.package_identification:_identify(log) ignored
[0.229s] Level 1:colcon.colcon_core.package_identification:_identify(src) by extensions ['ignore', 'ignore_ament_install']
[0.229s] Level 1:colcon.colcon_core.package_identification:_identify(src) by extension 'ignore'
[0.229s] Level 1:colcon.colcon_core.package_identification:_identify(src) by extension 'ignore_ament_install'
[0.229s] Level 1:colcon.colcon_core.package_identification:_identify(src) by extensions ['colcon_pkg']
[0.230s] Level 1:colcon.colcon_core.package_identification:_identify(src) by extension 'colcon_pkg'
[0.230s] Level 1:colcon.colcon_core.package_identification:_identify(src) by extensions ['colcon_meta']
[0.230s] Level 1:colcon.colcon_core.package_identification:_identify(src) by extension 'colcon_meta'
[0.230s] Level 1:colcon.colcon_core.package_identification:_identify(src) by extensions ['ros']
[0.230s] Level 1:colcon.colcon_core.package_identification:_identify(src) by extension 'ros'
[0.230s] Level 1:colcon.colcon_core.package_identification:_identify(src) by extensions ['cmake', 'python']
[0.230s] Level 1:colcon.colcon_core.package_identification:_identify(src) by extension 'cmake'
[0.230s] Level 1:colcon.colcon_core.package_identification:_identify(src) by extension 'python'
[0.230s] Level 1:colcon.colcon_core.package_identification:_identify(src) by extensions ['python_setup_py']
[0.230s] Level 1:colcon.colcon_core.package_identification:_identify(src) by extension 'python_setup_py'
[0.230s] Level 1:colcon.colcon_core.package_identification:_identify(src/DynamixelSDK) by extensions ['ignore', 'ignore_ament_install']
[0.230s] Level 1:colcon.colcon_core.package_identification:_identify(src/DynamixelSDK) by extension 'ignore'
[0.230s] Level 1:colcon.colcon_core.package_identification:_identify(src/DynamixelSDK) by extension 'ignore_ament_install'
[0.230s] Level 1:colcon.colcon_core.package_identification:_identify(src/DynamixelSDK) by extensions ['colcon_pkg']
[0.230s] Level 1:colcon.colcon_core.package_identification:_identify(src/DynamixelSDK) by extension 'colcon_pkg'
[0.230s] Level 1:colcon.colcon_core.package_identification:_identify(src/DynamixelSDK) by extensions ['colcon_meta']
[0.230s] Level 1:colcon.colcon_core.package_identification:_identify(src/DynamixelSDK) by extension 'colcon_meta'
[0.230s] Level 1:colcon.colcon_core.package_identification:_identify(src/DynamixelSDK) by extensions ['ros']
[0.230s] Level 1:colcon.colcon_core.package_identification:_identify(src/DynamixelSDK) by extension 'ros'
[0.230s] Level 1:colcon.colcon_core.package_identification:_identify(src/DynamixelSDK) by extensions ['cmake', 'python']
[0.230s] Level 1:colcon.colcon_core.package_identification:_identify(src/DynamixelSDK) by extension 'cmake'
[0.230s] Level 1:colcon.colcon_core.package_identification:_identify(src/DynamixelSDK) by extension 'python'
[0.230s] Level 1:colcon.colcon_core.package_identification:_identify(src/DynamixelSDK) by extensions ['python_setup_py']
[0.230s] Level 1:colcon.colcon_core.package_identification:_identify(src/DynamixelSDK) by extension 'python_setup_py'
[0.230s] Level 1:colcon.colcon_core.package_identification:_identify(src/DynamixelSDK/dynamixel_sdk) by extensions ['ignore', 'ignore_ament_install']
[0.231s] Level 1:colcon.colcon_core.package_identification:_identify(src/DynamixelSDK/dynamixel_sdk) by extension 'ignore'
[0.231s] Level 1:colcon.colcon_core.package_identification:_identify(src/DynamixelSDK/dynamixel_sdk) by extension 'ignore_ament_install'
[0.231s] Level 1:colcon.colcon_core.package_identification:_identify(src/DynamixelSDK/dynamixel_sdk) by extensions ['colcon_pkg']
[0.231s] Level 1:colcon.colcon_core.package_identification:_identify(src/DynamixelSDK/dynamixel_sdk) by extension 'colcon_pkg'
[0.231s] Level 1:colcon.colcon_core.package_identification:_identify(src/DynamixelSDK/dynamixel_sdk) by extensions ['colcon_meta']
[0.231s] Level 1:colcon.colcon_core.package_identification:_identify(src/DynamixelSDK/dynamixel_sdk) by extension 'colcon_meta'
[0.231s] Level 1:colcon.colcon_core.package_identification:_identify(src/DynamixelSDK/dynamixel_sdk) by extensions ['ros']
[0.231s] Level 1:colcon.colcon_core.package_identification:_identify(src/DynamixelSDK/dynamixel_sdk) by extension 'ros'
[0.233s] DEBUG:colcon.colcon_core.package_identification:Package 'src/DynamixelSDK/dynamixel_sdk' with type 'ros.ament_cmake' and name 'dynamixel_sdk'
[0.233s] Level 1:colcon.colcon_core.package_identification:_identify(src/DynamixelSDK/dynamixel_sdk_custom_interfaces) by extensions ['ignore', 'ignore_ament_install']
[0.233s] Level 1:colcon.colcon_core.package_identification:_identify(src/DynamixelSDK/dynamixel_sdk_custom_interfaces) by extension 'ignore'
[0.233s] Level 1:colcon.colcon_core.package_identification:_identify(src/DynamixelSDK/dynamixel_sdk_custom_interfaces) by extension 'ignore_ament_install'
[0.233s] Level 1:colcon.colcon_core.package_identification:_identify(src/DynamixelSDK/dynamixel_sdk_custom_interfaces) by extensions ['colcon_pkg']
[0.233s] Level 1:colcon.colcon_core.package_identification:_identify(src/DynamixelSDK/dynamixel_sdk_custom_interfaces) by extension 'colcon_pkg'
[0.233s] Level 1:colcon.colcon_core.package_identification:_identify(src/DynamixelSDK/dynamixel_sdk_custom_interfaces) by extensions ['colcon_meta']
[0.233s] Level 1:colcon.colcon_core.package_identification:_identify(src/DynamixelSDK/dynamixel_sdk_custom_interfaces) by extension 'colcon_meta'
[0.233s] Level 1:colcon.colcon_core.package_identification:_identify(src/DynamixelSDK/dynamixel_sdk_custom_interfaces) by extensions ['ros']
[0.233s] Level 1:colcon.colcon_core.package_identification:_identify(src/DynamixelSDK/dynamixel_sdk_custom_interfaces) by extension 'ros'
[0.233s] DEBUG:colcon.colcon_core.package_identification:Package 'src/DynamixelSDK/dynamixel_sdk_custom_interfaces' with type 'ros.ament_cmake' and name 'dynamixel_sdk_custom_interfaces'
[0.233s] Level 1:colcon.colcon_core.package_identification:_identify(src/DynamixelSDK/dynamixel_sdk_examples) by extensions ['ignore', 'ignore_ament_install']
[0.234s] Level 1:colcon.colcon_core.package_identification:_identify(src/DynamixelSDK/dynamixel_sdk_examples) by extension 'ignore'
[0.234s] Level 1:colcon.colcon_core.package_identification:_identify(src/DynamixelSDK/dynamixel_sdk_examples) by extension 'ignore_ament_install'
[0.234s] Level 1:colcon.colcon_core.package_identification:_identify(src/DynamixelSDK/dynamixel_sdk_examples) by extensions ['colcon_pkg']
[0.234s] Level 1:colcon.colcon_core.package_identification:_identify(src/DynamixelSDK/dynamixel_sdk_examples) by extension 'colcon_pkg'
[0.234s] Level 1:colcon.colcon_core.package_identification:_identify(src/DynamixelSDK/dynamixel_sdk_examples) by extensions ['colcon_meta']
[0.234s] Level 1:colcon.colcon_core.package_identification:_identify(src/DynamixelSDK/dynamixel_sdk_examples) by extension 'colcon_meta'
[0.234s] Level 1:colcon.colcon_core.package_identification:_identify(src/DynamixelSDK/dynamixel_sdk_examples) by extensions ['ros']
[0.234s] Level 1:colcon.colcon_core.package_identification:_identify(src/DynamixelSDK/dynamixel_sdk_examples) by extension 'ros'
[0.234s] DEBUG:colcon.colcon_core.package_identification:Package 'src/DynamixelSDK/dynamixel_sdk_examples' with type 'ros.ament_cmake' and name 'dynamixel_sdk_examples'
[0.234s] Level 1:colcon.colcon_core.package_identification:_identify(src/dynamixel-workbench) by extensions ['ignore', 'ignore_ament_install']
[0.234s] Level 1:colcon.colcon_core.package_identification:_identify(src/dynamixel-workbench) by extension 'ignore'
[0.235s] Level 1:colcon.colcon_core.package_identification:_identify(src/dynamixel-workbench) by extension 'ignore_ament_install'
[0.235s] Level 1:colcon.colcon_core.package_identification:_identify(src/dynamixel-workbench) by extensions ['colcon_pkg']
[0.235s] Level 1:colcon.colcon_core.package_identification:_identify(src/dynamixel-workbench) by extension 'colcon_pkg'
[0.235s] Level 1:colcon.colcon_core.package_identification:_identify(src/dynamixel-workbench) by extensions ['colcon_meta']
[0.235s] Level 1:colcon.colcon_core.package_identification:_identify(src/dynamixel-workbench) by extension 'colcon_meta'
[0.235s] Level 1:colcon.colcon_core.package_identification:_identify(src/dynamixel-workbench) by extensions ['ros']
[0.235s] Level 1:colcon.colcon_core.package_identification:_identify(src/dynamixel-workbench) by extension 'ros'
[0.235s] Level 1:colcon.colcon_core.package_identification:_identify(src/dynamixel-workbench) by extensions ['cmake', 'python']
[0.235s] Level 1:colcon.colcon_core.package_identification:_identify(src/dynamixel-workbench) by extension 'cmake'
[0.235s] Level 1:colcon.colcon_core.package_identification:_identify(src/dynamixel-workbench) by extension 'python'
[0.235s] Level 1:colcon.colcon_core.package_identification:_identify(src/dynamixel-workbench) by extensions ['python_setup_py']
[0.235s] Level 1:colcon.colcon_core.package_identification:_identify(src/dynamixel-workbench) by extension 'python_setup_py'
[0.235s] Level 1:colcon.colcon_core.package_identification:_identify(src/dynamixel-workbench/dynamixel_workbench) by extensions ['ignore', 'ignore_ament_install']
[0.235s] Level 1:colcon.colcon_core.package_identification:_identify(src/dynamixel-workbench/dynamixel_workbench) by extension 'ignore'
[0.235s] Level 1:colcon.colcon_core.package_identification:_identify(src/dynamixel-workbench/dynamixel_workbench) by extension 'ignore_ament_install'
[0.235s] Level 1:colcon.colcon_core.package_identification:_identify(src/dynamixel-workbench/dynamixel_workbench) by extensions ['colcon_pkg']
[0.235s] Level 1:colcon.colcon_core.package_identification:_identify(src/dynamixel-workbench/dynamixel_workbench) by extension 'colcon_pkg'
[0.235s] Level 1:colcon.colcon_core.package_identification:_identify(src/dynamixel-workbench/dynamixel_workbench) by extensions ['colcon_meta']
[0.235s] Level 1:colcon.colcon_core.package_identification:_identify(src/dynamixel-workbench/dynamixel_workbench) by extension 'colcon_meta'
[0.235s] Level 1:colcon.colcon_core.package_identification:_identify(src/dynamixel-workbench/dynamixel_workbench) by extensions ['ros']
[0.235s] Level 1:colcon.colcon_core.package_identification:_identify(src/dynamixel-workbench/dynamixel_workbench) by extension 'ros'
[0.236s] DEBUG:colcon.colcon_core.package_identification:Package 'src/dynamixel-workbench/dynamixel_workbench' with type 'ros.ament_cmake' and name 'dynamixel_workbench'
[0.236s] Level 1:colcon.colcon_core.package_identification:_identify(src/dynamixel-workbench/dynamixel_workbench_toolbox) by extensions ['ignore', 'ignore_ament_install']
[0.236s] Level 1:colcon.colcon_core.package_identification:_identify(src/dynamixel-workbench/dynamixel_workbench_toolbox) by extension 'ignore'
[0.236s] Level 1:colcon.colcon_core.package_identification:_identify(src/dynamixel-workbench/dynamixel_workbench_toolbox) by extension 'ignore_ament_install'
[0.236s] Level 1:colcon.colcon_core.package_identification:_identify(src/dynamixel-workbench/dynamixel_workbench_toolbox) by extensions ['colcon_pkg']
[0.236s] Level 1:colcon.colcon_core.package_identification:_identify(src/dynamixel-workbench/dynamixel_workbench_toolbox) by extension 'colcon_pkg'
[0.236s] Level 1:colcon.colcon_core.package_identification:_identify(src/dynamixel-workbench/dynamixel_workbench_toolbox) by extensions ['colcon_meta']
[0.236s] Level 1:colcon.colcon_core.package_identification:_identify(src/dynamixel-workbench/dynamixel_workbench_toolbox) by extension 'colcon_meta'
[0.236s] Level 1:colcon.colcon_core.package_identification:_identify(src/dynamixel-workbench/dynamixel_workbench_toolbox) by extensions ['ros']
[0.236s] Level 1:colcon.colcon_core.package_identification:_identify(src/dynamixel-workbench/dynamixel_workbench_toolbox) by extension 'ros'
[0.237s] DEBUG:colcon.colcon_core.package_identification:Package 'src/dynamixel-workbench/dynamixel_workbench_toolbox' with type 'ros.ament_cmake' and name 'dynamixel_workbench_toolbox'
[0.237s] Level 1:colcon.colcon_core.package_identification:_identify(src/open_manipulator) by extensions ['ignore', 'ignore_ament_install']
[0.237s] Level 1:colcon.colcon_core.package_identification:_identify(src/open_manipulator) by extension 'ignore'
[0.237s] Level 1:colcon.colcon_core.package_identification:_identify(src/open_manipulator) by extension 'ignore_ament_install'
[0.237s] Level 1:colcon.colcon_core.package_identification:_identify(src/open_manipulator) by extensions ['colcon_pkg']
[0.237s] Level 1:colcon.colcon_core.package_identification:_identify(src/open_manipulator) by extension 'colcon_pkg'
[0.237s] Level 1:colcon.colcon_core.package_identification:_identify(src/open_manipulator) by extensions ['colcon_meta']
[0.237s] Level 1:colcon.colcon_core.package_identification:_identify(src/open_manipulator) by extension 'colcon_meta'
[0.237s] Level 1:colcon.colcon_core.package_identification:_identify(src/open_manipulator) by extensions ['ros']
[0.237s] Level 1:colcon.colcon_core.package_identification:_identify(src/open_manipulator) by extension 'ros'
[0.237s] Level 1:colcon.colcon_core.package_identification:_identify(src/open_manipulator) by extensions ['cmake', 'python']
[0.237s] Level 1:colcon.colcon_core.package_identification:_identify(src/open_manipulator) by extension 'cmake'
[0.237s] Level 1:colcon.colcon_core.package_identification:_identify(src/open_manipulator) by extension 'python'
[0.237s] Level 1:colcon.colcon_core.package_identification:_identify(src/open_manipulator) by extensions ['python_setup_py']
[0.237s] Level 1:colcon.colcon_core.package_identification:_identify(src/open_manipulator) by extension 'python_setup_py'
[0.237s] Level 1:colcon.colcon_core.package_identification:_identify(src/open_manipulator/open_manipulator) by extensions ['ignore', 'ignore_ament_install']
[0.237s] Level 1:colcon.colcon_core.package_identification:_identify(src/open_manipulator/open_manipulator) by extension 'ignore'
[0.238s] Level 1:colcon.colcon_core.package_identification:_identify(src/open_manipulator/open_manipulator) by extension 'ignore_ament_install'
[0.238s] Level 1:colcon.colcon_core.package_identification:_identify(src/open_manipulator/open_manipulator) by extensions ['colcon_pkg']
[0.238s] Level 1:colcon.colcon_core.package_identification:_identify(src/open_manipulator/open_manipulator) by extension 'colcon_pkg'
[0.238s] Level 1:colcon.colcon_core.package_identification:_identify(src/open_manipulator/open_manipulator) by extensions ['colcon_meta']
[0.238s] Level 1:colcon.colcon_core.package_identification:_identify(src/open_manipulator/open_manipulator) by extension 'colcon_meta'
[0.238s] Level 1:colcon.colcon_core.package_identification:_identify(src/open_manipulator/open_manipulator) by extensions ['ros']
[0.238s] Level 1:colcon.colcon_core.package_identification:_identify(src/open_manipulator/open_manipulator) by extension 'ros'
[0.238s] DEBUG:colcon.colcon_core.package_identification:Package 'src/open_manipulator/open_manipulator' with type 'ros.ament_cmake' and name 'open_manipulator'
[0.238s] Level 1:colcon.colcon_core.package_identification:_identify(src/open_manipulator/open_manipulator_x_controller) by extensions ['ignore', 'ignore_ament_install']
[0.238s] Level 1:colcon.colcon_core.package_identification:_identify(src/open_manipulator/open_manipulator_x_controller) by extension 'ignore'
[0.238s] Level 1:colcon.colcon_core.package_identification:_identify(src/open_manipulator/open_manipulator_x_controller) by extension 'ignore_ament_install'
[0.238s] Level 1:colcon.colcon_core.package_identification:_identify(src/open_manipulator/open_manipulator_x_controller) by extensions ['colcon_pkg']
[0.238s] Level 1:colcon.colcon_core.package_identification:_identify(src/open_manipulator/open_manipulator_x_controller) by extension 'colcon_pkg'
[0.238s] Level 1:colcon.colcon_core.package_identification:_identify(src/open_manipulator/open_manipulator_x_controller) by extensions ['colcon_meta']
[0.239s] Level 1:colcon.colcon_core.package_identification:_identify(src/open_manipulator/open_manipulator_x_controller) by extension 'colcon_meta'
[0.239s] Level 1:colcon.colcon_core.package_identification:_identify(src/open_manipulator/open_manipulator_x_controller) by extensions ['ros']
[0.239s] Level 1:colcon.colcon_core.package_identification:_identify(src/open_manipulator/open_manipulator_x_controller) by extension 'ros'
[0.239s] DEBUG:colcon.colcon_core.package_identification:Package 'src/open_manipulator/open_manipulator_x_controller' with type 'ros.ament_cmake' and name 'open_manipulator_x_controller'
[0.239s] Level 1:colcon.colcon_core.package_identification:_identify(src/open_manipulator/open_manipulator_x_description) by extensions ['ignore', 'ignore_ament_install']
[0.240s] Level 1:colcon.colcon_core.package_identification:_identify(src/open_manipulator/open_manipulator_x_description) by extension 'ignore'
[0.240s] Level 1:colcon.colcon_core.package_identification:_identify(src/open_manipulator/open_manipulator_x_description) by extension 'ignore_ament_install'
[0.240s] Level 1:colcon.colcon_core.package_identification:_identify(src/open_manipulator/open_manipulator_x_description) by extensions ['colcon_pkg']
[0.240s] Level 1:colcon.colcon_core.package_identification:_identify(src/open_manipulator/open_manipulator_x_description) by extension 'colcon_pkg'
[0.240s] Level 1:colcon.colcon_core.package_identification:_identify(src/open_manipulator/open_manipulator_x_description) by extensions ['colcon_meta']
[0.240s] Level 1:colcon.colcon_core.package_identification:_identify(src/open_manipulator/open_manipulator_x_description) by extension 'colcon_meta'
[0.240s] Level 1:colcon.colcon_core.package_identification:_identify(src/open_manipulator/open_manipulator_x_description) by extensions ['ros']
[0.240s] Level 1:colcon.colcon_core.package_identification:_identify(src/open_manipulator/open_manipulator_x_description) by extension 'ros'
[0.240s] DEBUG:colcon.colcon_core.package_identification:Package 'src/open_manipulator/open_manipulator_x_description' with type 'ros.ament_cmake' and name 'open_manipulator_x_description'
[0.241s] Level 1:colcon.colcon_core.package_identification:_identify(src/open_manipulator/open_manipulator_x_libs) by extensions ['ignore', 'ignore_ament_install']
[0.241s] Level 1:colcon.colcon_core.package_identification:_identify(src/open_manipulator/open_manipulator_x_libs) by extension 'ignore'
[0.241s] Level 1:colcon.colcon_core.package_identification:_identify(src/open_manipulator/open_manipulator_x_libs) by extension 'ignore_ament_install'
[0.241s] Level 1:colcon.colcon_core.package_identification:_identify(src/open_manipulator/open_manipulator_x_libs) by extensions ['colcon_pkg']
[0.241s] Level 1:colcon.colcon_core.package_identification:_identify(src/open_manipulator/open_manipulator_x_libs) by extension 'colcon_pkg'
[0.241s] Level 1:colcon.colcon_core.package_identification:_identify(src/open_manipulator/open_manipulator_x_libs) by extensions ['colcon_meta']
[0.241s] Level 1:colcon.colcon_core.package_identification:_identify(src/open_manipulator/open_manipulator_x_libs) by extension 'colcon_meta'
[0.241s] Level 1:colcon.colcon_core.package_identification:_identify(src/open_manipulator/open_manipulator_x_libs) by extensions ['ros']
[0.241s] Level 1:colcon.colcon_core.package_identification:_identify(src/open_manipulator/open_manipulator_x_libs) by extension 'ros'
[0.241s] DEBUG:colcon.colcon_core.package_identification:Package 'src/open_manipulator/open_manipulator_x_libs' with type 'ros.ament_cmake' and name 'open_manipulator_x_libs'
[0.242s] Level 1:colcon.colcon_core.package_identification:_identify(src/open_manipulator/open_manipulator_x_teleop) by extensions ['ignore', 'ignore_ament_install']
[0.242s] Level 1:colcon.colcon_core.package_identification:_identify(src/open_manipulator/open_manipulator_x_teleop) by extension 'ignore'
[0.242s] Level 1:colcon.colcon_core.package_identification:_identify(src/open_manipulator/open_manipulator_x_teleop) by extension 'ignore_ament_install'
[0.242s] Level 1:colcon.colcon_core.package_identification:_identify(src/open_manipulator/open_manipulator_x_teleop) by extensions ['colcon_pkg']
[0.242s] Level 1:colcon.colcon_core.package_identification:_identify(src/open_manipulator/open_manipulator_x_teleop) by extension 'colcon_pkg'
[0.242s] Level 1:colcon.colcon_core.package_identification:_identify(src/open_manipulator/open_manipulator_x_teleop) by extensions ['colcon_meta']
[0.242s] Level 1:colcon.colcon_core.package_identification:_identify(src/open_manipulator/open_manipulator_x_teleop) by extension 'colcon_meta'
[0.242s] Level 1:colcon.colcon_core.package_identification:_identify(src/open_manipulator/open_manipulator_x_teleop) by extensions ['ros']
[0.242s] Level 1:colcon.colcon_core.package_identification:_identify(src/open_manipulator/open_manipulator_x_teleop) by extension 'ros'
[0.242s] DEBUG:colcon.colcon_core.package_identification:Package 'src/open_manipulator/open_manipulator_x_teleop' with type 'ros.ament_python' and name 'open_manipulator_x_teleop'
[0.243s] Level 1:colcon.colcon_core.package_identification:_identify(src/open_manipulator_applications) by extensions ['ignore', 'ignore_ament_install']
[0.243s] Level 1:colcon.colcon_core.package_identification:_identify(src/open_manipulator_applications) by extension 'ignore'
[0.243s] Level 1:colcon.colcon_core.package_identification:_identify(src/open_manipulator_applications) by extension 'ignore_ament_install'
[0.243s] Level 1:colcon.colcon_core.package_identification:_identify(src/open_manipulator_applications) by extensions ['colcon_pkg']
[0.243s] Level 1:colcon.colcon_core.package_identification:_identify(src/open_manipulator_applications) by extension 'colcon_pkg'
[0.243s] Level 1:colcon.colcon_core.package_identification:_identify(src/open_manipulator_applications) by extensions ['colcon_meta']
[0.243s] Level 1:colcon.colcon_core.package_identification:_identify(src/open_manipulator_applications) by extension 'colcon_meta'
[0.243s] Level 1:colcon.colcon_core.package_identification:_identify(src/open_manipulator_applications) by extensions ['ros']
[0.243s] Level 1:colcon.colcon_core.package_identification:_identify(src/open_manipulator_applications) by extension 'ros'
[0.243s] Level 1:colcon.colcon_core.package_identification:_identify(src/open_manipulator_applications) by extensions ['cmake', 'python']
[0.243s] Level 1:colcon.colcon_core.package_identification:_identify(src/open_manipulator_applications) by extension 'cmake'
[0.243s] Level 1:colcon.colcon_core.package_identification:_identify(src/open_manipulator_applications) by extension 'python'
[0.243s] Level 1:colcon.colcon_core.package_identification:_identify(src/open_manipulator_applications) by extensions ['python_setup_py']
[0.243s] Level 1:colcon.colcon_core.package_identification:_identify(src/open_manipulator_applications) by extension 'python_setup_py'
[0.243s] Level 1:colcon.colcon_core.package_identification:_identify(src/open_manipulator_applications/open_manipulator_x_applications) by extensions ['ignore', 'ignore_ament_install']
[0.243s] Level 1:colcon.colcon_core.package_identification:_identify(src/open_manipulator_applications/open_manipulator_x_applications) by extension 'ignore'
[0.243s] Level 1:colcon.colcon_core.package_identification:_identify(src/open_manipulator_applications/open_manipulator_x_applications) by extension 'ignore_ament_install'
[0.243s] Level 1:colcon.colcon_core.package_identification:_identify(src/open_manipulator_applications/open_manipulator_x_applications) by extensions ['colcon_pkg']
[0.243s] Level 1:colcon.colcon_core.package_identification:_identify(src/open_manipulator_applications/open_manipulator_x_applications) by extension 'colcon_pkg'
[0.243s] Level 1:colcon.colcon_core.package_identification:_identify(src/open_manipulator_applications/open_manipulator_x_applications) by extensions ['colcon_meta']
[0.243s] Level 1:colcon.colcon_core.package_identification:_identify(src/open_manipulator_applications/open_manipulator_x_applications) by extension 'colcon_meta'
[0.243s] Level 1:colcon.colcon_core.package_identification:_identify(src/open_manipulator_applications/open_manipulator_x_applications) by extensions ['ros']
[0.243s] Level 1:colcon.colcon_core.package_identification:_identify(src/open_manipulator_applications/open_manipulator_x_applications) by extension 'ros'
[0.244s] DEBUG:colcon.colcon_core.package_identification:Package 'src/open_manipulator_applications/open_manipulator_x_applications' with type 'ros.ament_cmake' and name 'open_manipulator_x_applications'
[0.244s] Level 1:colcon.colcon_core.package_identification:_identify(src/open_manipulator_applications/open_manipulator_x_master_slave) by extensions ['ignore', 'ignore_ament_install']
[0.244s] Level 1:colcon.colcon_core.package_identification:_identify(src/open_manipulator_applications/open_manipulator_x_master_slave) by extension 'ignore'
[0.244s] Level 1:colcon.colcon_core.package_identification:_identify(src/open_manipulator_applications/open_manipulator_x_master_slave) by extension 'ignore_ament_install'
[0.244s] Level 1:colcon.colcon_core.package_identification:_identify(src/open_manipulator_applications/open_manipulator_x_master_slave) by extensions ['colcon_pkg']
[0.244s] Level 1:colcon.colcon_core.package_identification:_identify(src/open_manipulator_applications/open_manipulator_x_master_slave) by extension 'colcon_pkg'
[0.244s] Level 1:colcon.colcon_core.package_identification:_identify(src/open_manipulator_applications/open_manipulator_x_master_slave) by extensions ['colcon_meta']
[0.244s] Level 1:colcon.colcon_core.package_identification:_identify(src/open_manipulator_applications/open_manipulator_x_master_slave) by extension 'colcon_meta'
[0.244s] Level 1:colcon.colcon_core.package_identification:_identify(src/open_manipulator_applications/open_manipulator_x_master_slave) by extensions ['ros']
[0.244s] Level 1:colcon.colcon_core.package_identification:_identify(src/open_manipulator_applications/open_manipulator_x_master_slave) by extension 'ros'
[0.245s] DEBUG:colcon.colcon_core.package_identification:Package 'src/open_manipulator_applications/open_manipulator_x_master_slave' with type 'ros.ament_cmake' and name 'open_manipulator_x_master_slave'
[0.245s] Level 1:colcon.colcon_core.package_identification:_identify(src/open_manipulator_dependencies) by extensions ['ignore', 'ignore_ament_install']
[0.245s] Level 1:colcon.colcon_core.package_identification:_identify(src/open_manipulator_dependencies) by extension 'ignore'
[0.245s] Level 1:colcon.colcon_core.package_identification:_identify(src/open_manipulator_dependencies) by extension 'ignore_ament_install'
[0.245s] Level 1:colcon.colcon_core.package_identification:_identify(src/open_manipulator_dependencies) by extensions ['colcon_pkg']
[0.245s] Level 1:colcon.colcon_core.package_identification:_identify(src/open_manipulator_dependencies) by extension 'colcon_pkg'
[0.245s] Level 1:colcon.colcon_core.package_identification:_identify(src/open_manipulator_dependencies) by extensions ['colcon_meta']
[0.245s] Level 1:colcon.colcon_core.package_identification:_identify(src/open_manipulator_dependencies) by extension 'colcon_meta'
[0.245s] Level 1:colcon.colcon_core.package_identification:_identify(src/open_manipulator_dependencies) by extensions ['ros']
[0.245s] Level 1:colcon.colcon_core.package_identification:_identify(src/open_manipulator_dependencies) by extension 'ros'
[0.245s] Level 1:colcon.colcon_core.package_identification:_identify(src/open_manipulator_dependencies) by extensions ['cmake', 'python']
[0.245s] Level 1:colcon.colcon_core.package_identification:_identify(src/open_manipulator_dependencies) by extension 'cmake'
[0.245s] Level 1:colcon.colcon_core.package_identification:_identify(src/open_manipulator_dependencies) by extension 'python'
[0.246s] Level 1:colcon.colcon_core.package_identification:_identify(src/open_manipulator_dependencies) by extensions ['python_setup_py']
[0.246s] Level 1:colcon.colcon_core.package_identification:_identify(src/open_manipulator_dependencies) by extension 'python_setup_py'
[0.246s] Level 1:colcon.colcon_core.package_identification:_identify(src/open_manipulator_dependencies/cmake_modules) by extensions ['ignore', 'ignore_ament_install']
[0.246s] Level 1:colcon.colcon_core.package_identification:_identify(src/open_manipulator_dependencies/cmake_modules) by extension 'ignore'
[0.246s] Level 1:colcon.colcon_core.package_identification:_identify(src/open_manipulator_dependencies/cmake_modules) by extension 'ignore_ament_install'
[0.246s] Level 1:colcon.colcon_core.package_identification:_identify(src/open_manipulator_dependencies/cmake_modules) by extensions ['colcon_pkg']
[0.246s] Level 1:colcon.colcon_core.package_identification:_identify(src/open_manipulator_dependencies/cmake_modules) by extension 'colcon_pkg'
[0.246s] Level 1:colcon.colcon_core.package_identification:_identify(src/open_manipulator_dependencies/cmake_modules) by extensions ['colcon_meta']
[0.246s] Level 1:colcon.colcon_core.package_identification:_identify(src/open_manipulator_dependencies/cmake_modules) by extension 'colcon_meta'
[0.246s] Level 1:colcon.colcon_core.package_identification:_identify(src/open_manipulator_dependencies/cmake_modules) by extensions ['ros']
[0.246s] Level 1:colcon.colcon_core.package_identification:_identify(src/open_manipulator_dependencies/cmake_modules) by extension 'ros'
[0.246s] DEBUG:colcon.colcon_core.package_identification:Package 'src/open_manipulator_dependencies/cmake_modules' with type 'ros.ament_cmake' and name 'cmake_modules'
[0.246s] Level 1:colcon.colcon_core.package_identification:_identify(src/open_manipulator_msgs) by extensions ['ignore', 'ignore_ament_install']
[0.246s] Level 1:colcon.colcon_core.package_identification:_identify(src/open_manipulator_msgs) by extension 'ignore'
[0.247s] Level 1:colcon.colcon_core.package_identification:_identify(src/open_manipulator_msgs) by extension 'ignore_ament_install'
[0.247s] Level 1:colcon.colcon_core.package_identification:_identify(src/open_manipulator_msgs) by extensions ['colcon_pkg']
[0.247s] Level 1:colcon.colcon_core.package_identification:_identify(src/open_manipulator_msgs) by extension 'colcon_pkg'
[0.247s] Level 1:colcon.colcon_core.package_identification:_identify(src/open_manipulator_msgs) by extensions ['colcon_meta']
[0.247s] Level 1:colcon.colcon_core.package_identification:_identify(src/open_manipulator_msgs) by extension 'colcon_meta'
[0.247s] Level 1:colcon.colcon_core.package_identification:_identify(src/open_manipulator_msgs) by extensions ['ros']
[0.247s] Level 1:colcon.colcon_core.package_identification:_identify(src/open_manipulator_msgs) by extension 'ros'
[0.247s] DEBUG:colcon.colcon_core.package_identification:Package 'src/open_manipulator_msgs' with type 'ros.ament_cmake' and name 'open_manipulator_msgs'
[0.247s] Level 1:colcon.colcon_core.package_identification:_identify(src/robotis_manipulator) by extensions ['ignore', 'ignore_ament_install']
[0.247s] Level 1:colcon.colcon_core.package_identification:_identify(src/robotis_manipulator) by extension 'ignore'
[0.248s] Level 1:colcon.colcon_core.package_identification:_identify(src/robotis_manipulator) by extension 'ignore_ament_install'
[0.248s] Level 1:colcon.colcon_core.package_identification:_identify(src/robotis_manipulator) by extensions ['colcon_pkg']
[0.248s] Level 1:colcon.colcon_core.package_identification:_identify(src/robotis_manipulator) by extension 'colcon_pkg'
[0.248s] Level 1:colcon.colcon_core.package_identification:_identify(src/robotis_manipulator) by extensions ['colcon_meta']
[0.248s] Level 1:colcon.colcon_core.package_identification:_identify(src/robotis_manipulator) by extension 'colcon_meta'
[0.248s] Level 1:colcon.colcon_core.package_identification:_identify(src/robotis_manipulator) by extensions ['ros']
[0.248s] Level 1:colcon.colcon_core.package_identification:_identify(src/robotis_manipulator) by extension 'ros'
[0.248s] DEBUG:colcon.colcon_core.package_identification:Package 'src/robotis_manipulator' with type 'ros.ament_cmake' and name 'robotis_manipulator'
[0.248s] Level 1:colcon.colcon_core.package_discovery:discover_packages(recursive) using defaults
[0.248s] Level 1:colcon.colcon_core.package_discovery:discover_packages(ignore) discover
[0.248s] Level 1:colcon.colcon_core.package_discovery:discover_packages(ignore) using defaults
[0.248s] Level 1:colcon.colcon_core.package_discovery:discover_packages(path) discover
[0.248s] Level 1:colcon.colcon_core.package_discovery:discover_packages(path) using defaults
[0.272s] INFO:colcon.colcon_core.package_selection:Skipping not selected package 'cmake_modules' in 'src/open_manipulator_dependencies/cmake_modules'
[0.272s] INFO:colcon.colcon_core.package_selection:Skipping not selected package 'dynamixel_sdk' in 'src/DynamixelSDK/dynamixel_sdk'
[0.272s] INFO:colcon.colcon_core.package_selection:Skipping not selected package 'dynamixel_sdk_custom_interfaces' in 'src/DynamixelSDK/dynamixel_sdk_custom_interfaces'
[0.272s] INFO:colcon.colcon_core.package_selection:Skipping not selected package 'open_manipulator_msgs' in 'src/open_manipulator_msgs'
[0.272s] INFO:colcon.colcon_core.package_selection:Skipping not selected package 'open_manipulator_x_description' in 'src/open_manipulator/open_manipulator_x_description'
[0.272s] INFO:colcon.colcon_core.package_selection:Skipping not selected package 'dynamixel_sdk_examples' in 'src/DynamixelSDK/dynamixel_sdk_examples'
[0.272s] INFO:colcon.colcon_core.package_selection:Skipping not selected package 'dynamixel_workbench_toolbox' in 'src/dynamixel-workbench/dynamixel_workbench_toolbox'
[0.272s] INFO:colcon.colcon_core.package_selection:Skipping not selected package 'open_manipulator_x_teleop' in 'src/open_manipulator/open_manipulator_x_teleop'
[0.272s] INFO:colcon.colcon_core.package_selection:Skipping not selected package 'robotis_manipulator' in 'src/robotis_manipulator'
[0.272s] INFO:colcon.colcon_core.package_selection:Skipping not selected package 'dynamixel_workbench' in 'src/dynamixel-workbench/dynamixel_workbench'
[0.272s] INFO:colcon.colcon_core.package_selection:Skipping not selected package 'open_manipulator_x_libs' in 'src/open_manipulator/open_manipulator_x_libs'
[0.272s] INFO:colcon.colcon_core.package_selection:Skipping not selected package 'open_manipulator' in 'src/open_manipulator/open_manipulator'
[0.272s] INFO:colcon.colcon_core.package_selection:Skipping not selected package 'open_manipulator_x_applications' in 'src/open_manipulator_applications/open_manipulator_x_applications'
[0.272s] Level 1:colcon.colcon_core.package_discovery:discover_packages(prefix_path) check parameters
[0.272s] Level 1:colcon.colcon_core.package_discovery:discover_packages(prefix_path) discover
[0.275s] DEBUG:colcon.colcon_installed_package_information.package_discovery:Found 15 installed packages in /home/x/Desktop/workspace/12-dof-robot/install
[0.275s] DEBUG:colcon.colcon_installed_package_information.package_discovery:Found 15 installed packages in /home/x/omx_ws/install
[0.277s] DEBUG:colcon.colcon_installed_package_information.package_discovery:Found 15 installed packages in /home/x/Desktop/workspace/omx_tester/install
[0.279s] DEBUG:colcon.colcon_installed_package_information.package_discovery:Found 295 installed packages in /opt/ros/humble
[0.280s] Level 1:colcon.colcon_core.package_discovery:discover_packages(prefix_path) using defaults
[0.310s] WARNING:colcon.colcon_core.package_selection:Some selected packages are already built in one or more underlay workspaces:
	'open_manipulator_x_controller' is in: /home/x/Desktop/workspace/12-dof-robot/install/open_manipulator_x_controller, /home/x/omx_ws/install/open_manipulator_x_controller, /home/x/Desktop/workspace/omx_tester/install/open_manipulator_x_controller
	'open_manipulator_x_master_slave' is in: /home/x/Desktop/workspace/12-dof-robot/install/open_manipulator_x_master_slave, /home/x/omx_ws/install/open_manipulator_x_master_slave, /home/x/Desktop/workspace/omx_tester/install/open_manipulator_x_master_slave
If a package in a merged underlay workspace is overridden and it installs headers, then all packages in the overlay must sort their include directories by workspace order. Failure to do so may result in build failures or undefined behavior at run time.
If the overridden package is used by another package in any underlay, then the overriding package in the overlay must be API and ABI compatible or undefined behavior at run time may occur.

If you understand the risks and want to override a package anyways, add the following to the command line:
	--allow-overriding open_manipulator_x_controller open_manipulator_x_master_slave

This may be promoted to an error in a future release of colcon-override-check.
[0.311s] Level 5:colcon.colcon_core.verb:set package 'open_manipulator_x_controller' build argument 'cmake_args' from command line to 'None'
[0.311s] Level 5:colcon.colcon_core.verb:set package 'open_manipulator_x_controller' build argument 'cmake_target' from command line to 'None'
[0.311s] Level 5:colcon.colcon_core.verb:set package 'open_manipulator_x_controller' build argument 'cmake_target_skip_unavailable' from command line to 'False'
[0.311s] Level 5:colcon.colcon_core.verb:set package 'open_manipulator_x_controller' build argument 'cmake_clean_cache' from command line to 'False'
[0.311s] Level 5:colcon.colcon_core.verb:set package 'open_manipulator_x_controller' build argument 'cmake_clean_first' from command line to 'False'
[0.311s] Level 5:colcon.colcon_core.verb:set package 'open_manipulator_x_controller' build argument 'cmake_force_configure' from command line to 'False'
[0.311s] Level 5:colcon.colcon_core.verb:set package 'open_manipulator_x_controller' build argument 'ament_cmake_args' from command line to 'None'
[0.311s] Level 5:colcon.colcon_core.verb:set package 'open_manipulator_x_controller' build argument 'catkin_cmake_args' from command line to 'None'
[0.311s] Level 5:colcon.colcon_core.verb:set package 'open_manipulator_x_controller' build argument 'catkin_skip_building_tests' from command line to 'False'
[0.311s] DEBUG:colcon.colcon_core.verb:Building package 'open_manipulator_x_controller' with the following arguments: {'ament_cmake_args': None, 'build_base': '/home/x/Desktop/workspace/12-dof-robot/build/open_manipulator_x_controller', 'catkin_cmake_args': None, 'catkin_skip_building_tests': False, 'cmake_args': None, 'cmake_clean_cache': False, 'cmake_clean_first': False, 'cmake_force_configure': False, 'cmake_target': None, 'cmake_target_skip_unavailable': False, 'install_base': '/home/x/Desktop/workspace/12-dof-robot/install/open_manipulator_x_controller', 'merge_install': False, 'path': '/home/x/Desktop/workspace/12-dof-robot/src/open_manipulator/open_manipulator_x_controller', 'symlink_install': False, 'test_result_base': None}
[0.311s] Level 5:colcon.colcon_core.verb:set package 'open_manipulator_x_master_slave' build argument 'cmake_args' from command line to 'None'
[0.311s] Level 5:colcon.colcon_core.verb:set package 'open_manipulator_x_master_slave' build argument 'cmake_target' from command line to 'None'
[0.312s] Level 5:colcon.colcon_core.verb:set package 'open_manipulator_x_master_slave' build argument 'cmake_target_skip_unavailable' from command line to 'False'
[0.312s] Level 5:colcon.colcon_core.verb:set package 'open_manipulator_x_master_slave' build argument 'cmake_clean_cache' from command line to 'False'
[0.312s] Level 5:colcon.colcon_core.verb:set package 'open_manipulator_x_master_slave' build argument 'cmake_clean_first' from command line to 'False'
[0.312s] Level 5:colcon.colcon_core.verb:set package 'open_manipulator_x_master_slave' build argument 'cmake_force_configure' from command line to 'False'
[0.312s] Level 5:colcon.colcon_core.verb:set package 'open_manipulator_x_master_slave' build argument 'ament_cmake_args' from command line to 'None'
[0.312s] Level 5:colcon.colcon_core.verb:set package 'open_manipulator_x_master_slave' build argument 'catkin_cmake_args' from command line to 'None'
[0.312s] Level 5:colcon.colcon_core.verb:set package 'open_manipulator_x_master_slave' build argument 'catkin_skip_building_tests' from command line to 'False'
[0.312s] DEBUG:colcon.colcon_core.verb:Building package 'open_manipulator_x_master_slave' with the following arguments: {'ament_cmake_args': None, 'build_base': '/home/x/Desktop/workspace/12-dof-robot/build/open_manipulator_x_master_slave', 'catkin_cmake_args': None, 'catkin_skip_building_tests': False, 'cmake_args': None, 'cmake_clean_cache': False, 'cmake_clean_first': False, 'cmake_force_configure': False, 'cmake_target': None, 'cmake_target_skip_unavailable': False, 'install_base': '/home/x/Desktop/workspace/12-dof-robot/install/open_manipulator_x_master_slave', 'merge_install': False, 'path': '/home/x/Desktop/workspace/12-dof-robot/src/open_manipulator_applications/open_manipulator_x_master_slave', 'symlink_install': False, 'test_result_base': None}
[0.312s] INFO:colcon.colcon_core.executor:Executing jobs using 'parallel' executor
[0.312s] DEBUG:colcon.colcon_parallel_executor.executor.parallel:run_until_complete
[0.313s] INFO:colcon.colcon_ros.task.ament_cmake.build:Building ROS package in '/home/x/Desktop/workspace/12-dof-robot/src/open_manipulator/open_manipulator_x_controller' with build type 'ament_cmake'
[0.313s] INFO:colcon.colcon_cmake.task.cmake.build:Building CMake package in '/home/x/Desktop/workspace/12-dof-robot/src/open_manipulator/open_manipulator_x_controller'
[0.315s] INFO:colcon.colcon_core.plugin_system:Skipping extension 'colcon_core.shell.bat': Not used on non-Windows systems
[0.315s] INFO:colcon.colcon_core.shell:Skip shell extension 'powershell' for command environment: Not usable outside of PowerShell
[0.315s] DEBUG:colcon.colcon_core.shell:Skip shell extension 'dsv' for command environment
[0.320s] INFO:colcon.colcon_ros.task.ament_cmake.build:Building ROS package in '/home/x/Desktop/workspace/12-dof-robot/src/open_manipulator_applications/open_manipulator_x_master_slave' with build type 'ament_cmake'
[0.320s] INFO:colcon.colcon_cmake.task.cmake.build:Building CMake package in '/home/x/Desktop/workspace/12-dof-robot/src/open_manipulator_applications/open_manipulator_x_master_slave'
[0.320s] INFO:colcon.colcon_core.shell:Skip shell extension 'powershell' for command environment: Not usable outside of PowerShell
[0.320s] DEBUG:colcon.colcon_core.shell:Skip shell extension 'dsv' for command environment
[0.333s] DEBUG:colcon.colcon_core.event_handler.log_command:Invoking command in '/home/x/Desktop/workspace/12-dof-robot/build/open_manipulator_x_controller': CMAKE_PREFIX_PATH=/home/x/Desktop/workspace/12-dof-robot/install/open_manipulator_x_libs:/home/x/Desktop/workspace/12-dof-robot/install/robotis_manipulator:/home/x/Desktop/workspace/12-dof-robot/install/dynamixel_workbench_toolbox:/home/x/Desktop/workspace/12-dof-robot/install/open_manipulator_msgs:/home/x/Desktop/workspace/12-dof-robot/install/dynamixel_sdk:/home/x/Desktop/workspace/12-dof-robot/install/cmake_modules:/home/x/Desktop/workspace/12-dof-robot/install/open_manipulator_x_applications:/home/x/Desktop/workspace/12-dof-robot/install/open_manipulator_x_master_slave:/home/x/Desktop/workspace/12-dof-robot/install/open_manipulator:/home/x/Desktop/workspace/12-dof-robot/install/open_manipulator_x_controller:/home/x/Desktop/workspace/12-dof-robot/install/open_manipulator_x_description:/home/x/Desktop/workspace/12-dof-robot/install/dynamixel_workbench:/home/x/Desktop/workspace/12-dof-robot/install/dynamixel_sdk_examples:/home/x/Desktop/workspace/12-dof-robot/install/dynamixel_sdk_custom_interfaces:/home/x/omx_ws/install/open_manipulator_x_applications:/home/x/omx_ws/install/open_manipulator_x_master_slave:/home/x/omx_ws/install/open_manipulator:/home/x/omx_ws/install/open_manipulator_x_controller:/home/x/omx_ws/install/open_manipulator_x_libs:/home/x/omx_ws/install/robotis_manipulator:/home/x/omx_ws/install/open_manipulator_x_description:/home/x/omx_ws/install/open_manipulator_msgs:/home/x/omx_ws/install/dynamixel_workbench:/home/x/omx_ws/install/dynamixel_workbench_toolbox:/home/x/omx_ws/install/dynamixel_sdk_examples:/home/x/omx_ws/install/dynamixel_sdk_custom_interfaces:/home/x/omx_ws/install/dynamixel_sdk:/home/x/omx_ws/install/cmake_modules:/home/x/Desktop/workspace/omx_tester/install/open_manipulator_x_applications:/home/x/Desktop/workspace/omx_tester/install/open_manipulator:/home/x/Desktop/workspace/omx_tester/install/open_manipulator_x_controller:/home/x/Desktop/workspace/12-dof-robot/install/open_manipulator_x_teleop:/home/x/omx_ws/install/open_manipulator_x_teleop:/home/x/Desktop/workspace/omx_tester/install/open_manipulator_x_master_slave:/home/x/Desktop/workspace/omx_tester/install/open_manipulator_x_libs:/home/x/Desktop/workspace/omx_tester/install/robotis_manipulator:/home/x/Desktop/workspace/omx_tester/install/open_manipulator_x_teleop:/home/x/Desktop/workspace/omx_tester/install/open_manipulator_x_description:/home/x/Desktop/workspace/omx_tester/install/open_manipulator_msgs:/home/x/Desktop/workspace/omx_tester/install/dynamixel_workbench:/home/x/Desktop/workspace/omx_tester/install/dynamixel_workbench_toolbox:/home/x/Desktop/workspace/omx_tester/install/dynamixel_sdk_examples:/home/x/Desktop/workspace/omx_tester/install/dynamixel_sdk_custom_interfaces:/home/x/Desktop/workspace/omx_tester/install/dynamixel_sdk:/home/x/Desktop/workspace/omx_tester/install/cmake_modules:/opt/ros/humble LD_LIBRARY_PATH=/home/x/Desktop/workspace/12-dof-robot/install/open_manipulator_x_libs/lib:/home/x/Desktop/workspace/12-dof-robot/install/robotis_manipulator/lib:/home/x/Desktop/workspace/12-dof-robot/install/dynamixel_workbench_toolbox/lib:/home/x/Desktop/workspace/12-dof-robot/install/open_manipulator_msgs/lib:/home/x/Desktop/workspace/12-dof-robot/install/dynamixel_sdk/lib:/home/x/Desktop/workspace/12-dof-robot/install/dynamixel_sdk_custom_interfaces/lib:/home/x/omx_ws/install/open_manipulator_x_libs/lib:/home/x/omx_ws/install/robotis_manipulator/lib:/home/x/omx_ws/install/open_manipulator_msgs/lib:/home/x/omx_ws/install/dynamixel_workbench_toolbox/lib:/home/x/omx_ws/install/dynamixel_sdk_custom_interfaces/lib:/home/x/omx_ws/install/dynamixel_sdk/lib:/home/x/Desktop/workspace/omx_tester/install/open_manipulator_x_libs/lib:/home/x/Desktop/workspace/omx_tester/install/robotis_manipulator/lib:/home/x/Desktop/workspace/omx_tester/install/open_manipulator_msgs/lib:/home/x/Desktop/workspace/omx_tester/install/dynamixel_workbench_toolbox/lib:/home/x/Desktop/workspace/omx_tester/install/dynamixel_sdk_custom_interfaces/lib:/home/x/Desktop/workspace/omx_tester/install/dynamixel_sdk/lib:/opt/ros/humble/opt/rviz_ogre_vendor/lib:/opt/ros/humble/lib/x86_64-linux-gnu:/opt/ros/humble/lib /usr/bin/cmake --build /home/x/Desktop/workspace/12-dof-robot/build/open_manipulator_x_controller -- -j20 -l20
[0.336s] DEBUG:colcon.colcon_core.event_handler.log_command:Invoking command in '/home/x/Desktop/workspace/12-dof-robot/build/open_manipulator_x_master_slave': CMAKE_PREFIX_PATH=/home/x/Desktop/workspace/12-dof-robot/install/open_manipulator_x_libs:/home/x/Desktop/workspace/12-dof-robot/install/robotis_manipulator:/home/x/Desktop/workspace/12-dof-robot/install/dynamixel_workbench_toolbox:/home/x/Desktop/workspace/12-dof-robot/install/open_manipulator_msgs:/home/x/Desktop/workspace/12-dof-robot/install/dynamixel_sdk:/home/x/Desktop/workspace/12-dof-robot/install/cmake_modules:/home/x/Desktop/workspace/12-dof-robot/install/open_manipulator_x_applications:/home/x/Desktop/workspace/12-dof-robot/install/open_manipulator_x_master_slave:/home/x/Desktop/workspace/12-dof-robot/install/open_manipulator:/home/x/Desktop/workspace/12-dof-robot/install/open_manipulator_x_controller:/home/x/Desktop/workspace/12-dof-robot/install/open_manipulator_x_description:/home/x/Desktop/workspace/12-dof-robot/install/dynamixel_workbench:/home/x/Desktop/workspace/12-dof-robot/install/dynamixel_sdk_examples:/home/x/Desktop/workspace/12-dof-robot/install/dynamixel_sdk_custom_interfaces:/home/x/omx_ws/install/open_manipulator_x_applications:/home/x/omx_ws/install/open_manipulator_x_master_slave:/home/x/omx_ws/install/open_manipulator:/home/x/omx_ws/install/open_manipulator_x_controller:/home/x/omx_ws/install/open_manipulator_x_libs:/home/x/omx_ws/install/robotis_manipulator:/home/x/omx_ws/install/open_manipulator_x_description:/home/x/omx_ws/install/open_manipulator_msgs:/home/x/omx_ws/install/dynamixel_workbench:/home/x/omx_ws/install/dynamixel_workbench_toolbox:/home/x/omx_ws/install/dynamixel_sdk_examples:/home/x/omx_ws/install/dynamixel_sdk_custom_interfaces:/home/x/omx_ws/install/dynamixel_sdk:/home/x/omx_ws/install/cmake_modules:/home/x/Desktop/workspace/omx_tester/install/open_manipulator_x_applications:/home/x/Desktop/workspace/omx_tester/install/open_manipulator:/home/x/Desktop/workspace/omx_tester/install/open_manipulator_x_controller:/home/x/Desktop/workspace/12-dof-robot/install/open_manipulator_x_teleop:/home/x/omx_ws/install/open_manipulator_x_teleop:/home/x/Desktop/workspace/omx_tester/install/open_manipulator_x_master_slave:/home/x/Desktop/workspace/omx_tester/install/open_manipulator_x_libs:/home/x/Desktop/workspace/omx_tester/install/robotis_manipulator:/home/x/Desktop/workspace/omx_tester/install/open_manipulator_x_teleop:/home/x/Desktop/workspace/omx_tester/install/open_manipulator_x_description:/home/x/Desktop/workspace/omx_tester/install/open_manipulator_msgs:/home/x/Desktop/workspace/omx_tester/install/dynamixel_workbench:/home/x/Desktop/workspace/omx_tester/install/dynamixel_workbench_toolbox:/home/x/Desktop/workspace/omx_tester/install/dynamixel_sdk_examples:/home/x/Desktop/workspace/omx_tester/install/dynamixel_sdk_custom_interfaces:/home/x/Desktop/workspace/omx_tester/install/dynamixel_sdk:/home/x/Desktop/workspace/omx_tester/install/cmake_modules:/opt/ros/humble LD_LIBRARY_PATH=/home/x/Desktop/workspace/12-dof-robot/install/open_manipulator_x_libs/lib:/home/x/Desktop/workspace/12-dof-robot/install/robotis_manipulator/lib:/home/x/Desktop/workspace/12-dof-robot/install/dynamixel_workbench_toolbox/lib:/home/x/Desktop/workspace/12-dof-robot/install/open_manipulator_msgs/lib:/home/x/Desktop/workspace/12-dof-robot/install/dynamixel_sdk/lib:/home/x/Desktop/workspace/12-dof-robot/install/dynamixel_sdk_custom_interfaces/lib:/home/x/omx_ws/install/open_manipulator_x_libs/lib:/home/x/omx_ws/install/robotis_manipulator/lib:/home/x/omx_ws/install/open_manipulator_msgs/lib:/home/x/omx_ws/install/dynamixel_workbench_toolbox/lib:/home/x/omx_ws/install/dynamixel_sdk_custom_interfaces/lib:/home/x/omx_ws/install/dynamixel_sdk/lib:/home/x/Desktop/workspace/omx_tester/install/open_manipulator_x_libs/lib:/home/x/Desktop/workspace/omx_tester/install/robotis_manipulator/lib:/home/x/Desktop/workspace/omx_tester/install/open_manipulator_msgs/lib:/home/x/Desktop/workspace/omx_tester/install/dynamixel_workbench_toolbox/lib:/home/x/Desktop/workspace/omx_tester/install/dynamixel_sdk_custom_interfaces/lib:/home/x/Desktop/workspace/omx_tester/install/dynamixel_sdk/lib:/opt/ros/humble/opt/rviz_ogre_vendor/lib:/opt/ros/humble/lib/x86_64-linux-gnu:/opt/ros/humble/lib /usr/bin/cmake --build /home/x/Desktop/workspace/12-dof-robot/build/open_manipulator_x_master_slave -- -j20 -l20
[0.384s] DEBUG:colcon.colcon_core.event_handler.log_command:Invoked command in '/home/x/Desktop/workspace/12-dof-robot/build/open_manipulator_x_controller' returned '0': CMAKE_PREFIX_PATH=/home/x/Desktop/workspace/12-dof-robot/install/open_manipulator_x_libs:/home/x/Desktop/workspace/12-dof-robot/install/robotis_manipulator:/home/x/Desktop/workspace/12-dof-robot/install/dynamixel_workbench_toolbox:/home/x/Desktop/workspace/12-dof-robot/install/open_manipulator_msgs:/home/x/Desktop/workspace/12-dof-robot/install/dynamixel_sdk:/home/x/Desktop/workspace/12-dof-robot/install/cmake_modules:/home/x/Desktop/workspace/12-dof-robot/install/open_manipulator_x_applications:/home/x/Desktop/workspace/12-dof-robot/install/open_manipulator_x_master_slave:/home/x/Desktop/workspace/12-dof-robot/install/open_manipulator:/home/x/Desktop/workspace/12-dof-robot/install/open_manipulator_x_controller:/home/x/Desktop/workspace/12-dof-robot/install/open_manipulator_x_description:/home/x/Desktop/workspace/12-dof-robot/install/dynamixel_workbench:/home/x/Desktop/workspace/12-dof-robot/install/dynamixel_sdk_examples:/home/x/Desktop/workspace/12-dof-robot/install/dynamixel_sdk_custom_interfaces:/home/x/omx_ws/install/open_manipulator_x_applications:/home/x/omx_ws/install/open_manipulator_x_master_slave:/home/x/omx_ws/install/open_manipulator:/home/x/omx_ws/install/open_manipulator_x_controller:/home/x/omx_ws/install/open_manipulator_x_libs:/home/x/omx_ws/install/robotis_manipulator:/home/x/omx_ws/install/open_manipulator_x_description:/home/x/omx_ws/install/open_manipulator_msgs:/home/x/omx_ws/install/dynamixel_workbench:/home/x/omx_ws/install/dynamixel_workbench_toolbox:/home/x/omx_ws/install/dynamixel_sdk_examples:/home/x/omx_ws/install/dynamixel_sdk_custom_interfaces:/home/x/omx_ws/install/dynamixel_sdk:/home/x/omx_ws/install/cmake_modules:/home/x/Desktop/workspace/omx_tester/install/open_manipulator_x_applications:/home/x/Desktop/workspace/omx_tester/install/open_manipulator:/home/x/Desktop/workspace/omx_tester/install/open_manipulator_x_controller:/home/x/Desktop/workspace/12-dof-robot/install/open_manipulator_x_teleop:/home/x/omx_ws/install/open_manipulator_x_teleop:/home/x/Desktop/workspace/omx_tester/install/open_manipulator_x_master_slave:/home/x/Desktop/workspace/omx_tester/install/open_manipulator_x_libs:/home/x/Desktop/workspace/omx_tester/install/robotis_manipulator:/home/x/Desktop/workspace/omx_tester/install/open_manipulator_x_teleop:/home/x/Desktop/workspace/omx_tester/install/open_manipulator_x_description:/home/x/Desktop/workspace/omx_tester/install/open_manipulator_msgs:/home/x/Desktop/workspace/omx_tester/install/dynamixel_workbench:/home/x/Desktop/workspace/omx_tester/install/dynamixel_workbench_toolbox:/home/x/Desktop/workspace/omx_tester/install/dynamixel_sdk_examples:/home/x/Desktop/workspace/omx_tester/install/dynamixel_sdk_custom_interfaces:/home/x/Desktop/workspace/omx_tester/install/dynamixel_sdk:/home/x/Desktop/workspace/omx_tester/install/cmake_modules:/opt/ros/humble LD_LIBRARY_PATH=/home/x/Desktop/workspace/12-dof-robot/install/open_manipulator_x_libs/lib:/home/x/Desktop/workspace/12-dof-robot/install/robotis_manipulator/lib:/home/x/Desktop/workspace/12-dof-robot/install/dynamixel_workbench_toolbox/lib:/home/x/Desktop/workspace/12-dof-robot/install/open_manipulator_msgs/lib:/home/x/Desktop/workspace/12-dof-robot/install/dynamixel_sdk/lib:/home/x/Desktop/workspace/12-dof-robot/install/dynamixel_sdk_custom_interfaces/lib:/home/x/omx_ws/install/open_manipulator_x_libs/lib:/home/x/omx_ws/install/robotis_manipulator/lib:/home/x/omx_ws/install/open_manipulator_msgs/lib:/home/x/omx_ws/install/dynamixel_workbench_toolbox/lib:/home/x/omx_ws/install/dynamixel_sdk_custom_interfaces/lib:/home/x/omx_ws/install/dynamixel_sdk/lib:/home/x/Desktop/workspace/omx_tester/install/open_manipulator_x_libs/lib:/home/x/Desktop/workspace/omx_tester/install/robotis_manipulator/lib:/home/x/Desktop/workspace/omx_tester/install/open_manipulator_msgs/lib:/home/x/Desktop/workspace/omx_tester/install/dynamixel_workbench_toolbox/lib:/home/x/Desktop/workspace/omx_tester/install/dynamixel_sdk_custom_interfaces/lib:/home/x/Desktop/workspace/omx_tester/install/dynamixel_sdk/lib:/opt/ros/humble/opt/rviz_ogre_vendor/lib:/opt/ros/humble/lib/x86_64-linux-gnu:/opt/ros/humble/lib /usr/bin/cmake --build /home/x/Desktop/workspace/12-dof-robot/build/open_manipulator_x_controller -- -j20 -l20
[0.412s] DEBUG:colcon.colcon_core.event_handler.log_command:Invoking command in '/home/x/Desktop/workspace/12-dof-robot/build/open_manipulator_x_controller': CMAKE_PREFIX_PATH=/home/x/Desktop/workspace/12-dof-robot/install/open_manipulator_x_libs:/home/x/Desktop/workspace/12-dof-robot/install/robotis_manipulator:/home/x/Desktop/workspace/12-dof-robot/install/dynamixel_workbench_toolbox:/home/x/Desktop/workspace/12-dof-robot/install/open_manipulator_msgs:/home/x/Desktop/workspace/12-dof-robot/install/dynamixel_sdk:/home/x/Desktop/workspace/12-dof-robot/install/cmake_modules:/home/x/Desktop/workspace/12-dof-robot/install/open_manipulator_x_applications:/home/x/Desktop/workspace/12-dof-robot/install/open_manipulator_x_master_slave:/home/x/Desktop/workspace/12-dof-robot/install/open_manipulator:/home/x/Desktop/workspace/12-dof-robot/install/open_manipulator_x_controller:/home/x/Desktop/workspace/12-dof-robot/install/open_manipulator_x_description:/home/x/Desktop/workspace/12-dof-robot/install/dynamixel_workbench:/home/x/Desktop/workspace/12-dof-robot/install/dynamixel_sdk_examples:/home/x/Desktop/workspace/12-dof-robot/install/dynamixel_sdk_custom_interfaces:/home/x/omx_ws/install/open_manipulator_x_applications:/home/x/omx_ws/install/open_manipulator_x_master_slave:/home/x/omx_ws/install/open_manipulator:/home/x/omx_ws/install/open_manipulator_x_controller:/home/x/omx_ws/install/open_manipulator_x_libs:/home/x/omx_ws/install/robotis_manipulator:/home/x/omx_ws/install/open_manipulator_x_description:/home/x/omx_ws/install/open_manipulator_msgs:/home/x/omx_ws/install/dynamixel_workbench:/home/x/omx_ws/install/dynamixel_workbench_toolbox:/home/x/omx_ws/install/dynamixel_sdk_examples:/home/x/omx_ws/install/dynamixel_sdk_custom_interfaces:/home/x/omx_ws/install/dynamixel_sdk:/home/x/omx_ws/install/cmake_modules:/home/x/Desktop/workspace/omx_tester/install/open_manipulator_x_applications:/home/x/Desktop/workspace/omx_tester/install/open_manipulator:/home/x/Desktop/workspace/omx_tester/install/open_manipulator_x_controller:/home/x/Desktop/workspace/12-dof-robot/install/open_manipulator_x_teleop:/home/x/omx_ws/install/open_manipulator_x_teleop:/home/x/Desktop/workspace/omx_tester/install/open_manipulator_x_master_slave:/home/x/Desktop/workspace/omx_tester/install/open_manipulator_x_libs:/home/x/Desktop/workspace/omx_tester/install/robotis_manipulator:/home/x/Desktop/workspace/omx_tester/install/open_manipulator_x_teleop:/home/x/Desktop/workspace/omx_tester/install/open_manipulator_x_description:/home/x/Desktop/workspace/omx_tester/install/open_manipulator_msgs:/home/x/Desktop/workspace/omx_tester/install/dynamixel_workbench:/home/x/Desktop/workspace/omx_tester/install/dynamixel_workbench_toolbox:/home/x/Desktop/workspace/omx_tester/install/dynamixel_sdk_examples:/home/x/Desktop/workspace/omx_tester/install/dynamixel_sdk_custom_interfaces:/home/x/Desktop/workspace/omx_tester/install/dynamixel_sdk:/home/x/Desktop/workspace/omx_tester/install/cmake_modules:/opt/ros/humble LD_LIBRARY_PATH=/home/x/Desktop/workspace/12-dof-robot/install/open_manipulator_x_libs/lib:/home/x/Desktop/workspace/12-dof-robot/install/robotis_manipulator/lib:/home/x/Desktop/workspace/12-dof-robot/install/dynamixel_workbench_toolbox/lib:/home/x/Desktop/workspace/12-dof-robot/install/open_manipulator_msgs/lib:/home/x/Desktop/workspace/12-dof-robot/install/dynamixel_sdk/lib:/home/x/Desktop/workspace/12-dof-robot/install/dynamixel_sdk_custom_interfaces/lib:/home/x/omx_ws/install/open_manipulator_x_libs/lib:/home/x/omx_ws/install/robotis_manipulator/lib:/home/x/omx_ws/install/open_manipulator_msgs/lib:/home/x/omx_ws/install/dynamixel_workbench_toolbox/lib:/home/x/omx_ws/install/dynamixel_sdk_custom_interfaces/lib:/home/x/omx_ws/install/dynamixel_sdk/lib:/home/x/Desktop/workspace/omx_tester/install/open_manipulator_x_libs/lib:/home/x/Desktop/workspace/omx_tester/install/robotis_manipulator/lib:/home/x/Desktop/workspace/omx_tester/install/open_manipulator_msgs/lib:/home/x/Desktop/workspace/omx_tester/install/dynamixel_workbench_toolbox/lib:/home/x/Desktop/workspace/omx_tester/install/dynamixel_sdk_custom_interfaces/lib:/home/x/Desktop/workspace/omx_tester/install/dynamixel_sdk/lib:/opt/ros/humble/opt/rviz_ogre_vendor/lib:/opt/ros/humble/lib/x86_64-linux-gnu:/opt/ros/humble/lib /usr/bin/cmake --install /home/x/Desktop/workspace/12-dof-robot/build/open_manipulator_x_controller
[0.428s] Level 1:colcon.colcon_core.environment:create_environment_scripts_only(open_manipulator_x_controller)
[0.429s] DEBUG:colcon.colcon_core.event_handler.log_command:Invoked command in '/home/x/Desktop/workspace/12-dof-robot/build/open_manipulator_x_controller' returned '0': CMAKE_PREFIX_PATH=/home/x/Desktop/workspace/12-dof-robot/install/open_manipulator_x_libs:/home/x/Desktop/workspace/12-dof-robot/install/robotis_manipulator:/home/x/Desktop/workspace/12-dof-robot/install/dynamixel_workbench_toolbox:/home/x/Desktop/workspace/12-dof-robot/install/open_manipulator_msgs:/home/x/Desktop/workspace/12-dof-robot/install/dynamixel_sdk:/home/x/Desktop/workspace/12-dof-robot/install/cmake_modules:/home/x/Desktop/workspace/12-dof-robot/install/open_manipulator_x_applications:/home/x/Desktop/workspace/12-dof-robot/install/open_manipulator_x_master_slave:/home/x/Desktop/workspace/12-dof-robot/install/open_manipulator:/home/x/Desktop/workspace/12-dof-robot/install/open_manipulator_x_controller:/home/x/Desktop/workspace/12-dof-robot/install/open_manipulator_x_description:/home/x/Desktop/workspace/12-dof-robot/install/dynamixel_workbench:/home/x/Desktop/workspace/12-dof-robot/install/dynamixel_sdk_examples:/home/x/Desktop/workspace/12-dof-robot/install/dynamixel_sdk_custom_interfaces:/home/x/omx_ws/install/open_manipulator_x_applications:/home/x/omx_ws/install/open_manipulator_x_master_slave:/home/x/omx_ws/install/open_manipulator:/home/x/omx_ws/install/open_manipulator_x_controller:/home/x/omx_ws/install/open_manipulator_x_libs:/home/x/omx_ws/install/robotis_manipulator:/home/x/omx_ws/install/open_manipulator_x_description:/home/x/omx_ws/install/open_manipulator_msgs:/home/x/omx_ws/install/dynamixel_workbench:/home/x/omx_ws/install/dynamixel_workbench_toolbox:/home/x/omx_ws/install/dynamixel_sdk_examples:/home/x/omx_ws/install/dynamixel_sdk_custom_interfaces:/home/x/omx_ws/install/dynamixel_sdk:/home/x/omx_ws/install/cmake_modules:/home/x/Desktop/workspace/omx_tester/install/open_manipulator_x_applications:/home/x/Desktop/workspace/omx_tester/install/open_manipulator:/home/x/Desktop/workspace/omx_tester/install/open_manipulator_x_controller:/home/x/Desktop/workspace/12-dof-robot/install/open_manipulator_x_teleop:/home/x/omx_ws/install/open_manipulator_x_teleop:/home/x/Desktop/workspace/omx_tester/install/open_manipulator_x_master_slave:/home/x/Desktop/workspace/omx_tester/install/open_manipulator_x_libs:/home/x/Desktop/workspace/omx_tester/install/robotis_manipulator:/home/x/Desktop/workspace/omx_tester/install/open_manipulator_x_teleop:/home/x/Desktop/workspace/omx_tester/install/open_manipulator_x_description:/home/x/Desktop/workspace/omx_tester/install/open_manipulator_msgs:/home/x/Desktop/workspace/omx_tester/install/dynamixel_workbench:/home/x/Desktop/workspace/omx_tester/install/dynamixel_workbench_toolbox:/home/x/Desktop/workspace/omx_tester/install/dynamixel_sdk_examples:/home/x/Desktop/workspace/omx_tester/install/dynamixel_sdk_custom_interfaces:/home/x/Desktop/workspace/omx_tester/install/dynamixel_sdk:/home/x/Desktop/workspace/omx_tester/install/cmake_modules:/opt/ros/humble LD_LIBRARY_PATH=/home/x/Desktop/workspace/12-dof-robot/install/open_manipulator_x_libs/lib:/home/x/Desktop/workspace/12-dof-robot/install/robotis_manipulator/lib:/home/x/Desktop/workspace/12-dof-robot/install/dynamixel_workbench_toolbox/lib:/home/x/Desktop/workspace/12-dof-robot/install/open_manipulator_msgs/lib:/home/x/Desktop/workspace/12-dof-robot/install/dynamixel_sdk/lib:/home/x/Desktop/workspace/12-dof-robot/install/dynamixel_sdk_custom_interfaces/lib:/home/x/omx_ws/install/open_manipulator_x_libs/lib:/home/x/omx_ws/install/robotis_manipulator/lib:/home/x/omx_ws/install/open_manipulator_msgs/lib:/home/x/omx_ws/install/dynamixel_workbench_toolbox/lib:/home/x/omx_ws/install/dynamixel_sdk_custom_interfaces/lib:/home/x/omx_ws/install/dynamixel_sdk/lib:/home/x/Desktop/workspace/omx_tester/install/open_manipulator_x_libs/lib:/home/x/Desktop/workspace/omx_tester/install/robotis_manipulator/lib:/home/x/Desktop/workspace/omx_tester/install/open_manipulator_msgs/lib:/home/x/Desktop/workspace/omx_tester/install/dynamixel_workbench_toolbox/lib:/home/x/Desktop/workspace/omx_tester/install/dynamixel_sdk_custom_interfaces/lib:/home/x/Desktop/workspace/omx_tester/install/dynamixel_sdk/lib:/opt/ros/humble/opt/rviz_ogre_vendor/lib:/opt/ros/humble/lib/x86_64-linux-gnu:/opt/ros/humble/lib /usr/bin/cmake --install /home/x/Desktop/workspace/12-dof-robot/build/open_manipulator_x_controller
[0.430s] Level 1:colcon.colcon_core.environment:checking '/home/x/Desktop/workspace/12-dof-robot/install/open_manipulator_x_controller' for CMake module files
[0.431s] Level 1:colcon.colcon_core.environment:checking '/home/x/Desktop/workspace/12-dof-robot/install/open_manipulator_x_controller' for CMake config files
[0.431s] Level 1:colcon.colcon_core.shell:create_environment_hook('open_manipulator_x_controller', 'cmake_prefix_path')
[0.431s] INFO:colcon.colcon_core.shell:Creating environment hook '/home/x/Desktop/workspace/12-dof-robot/install/open_manipulator_x_controller/share/open_manipulator_x_controller/hook/cmake_prefix_path.ps1'
[0.431s] INFO:colcon.colcon_core.shell:Creating environment descriptor '/home/x/Desktop/workspace/12-dof-robot/install/open_manipulator_x_controller/share/open_manipulator_x_controller/hook/cmake_prefix_path.dsv'
[0.432s] INFO:colcon.colcon_core.shell:Creating environment hook '/home/x/Desktop/workspace/12-dof-robot/install/open_manipulator_x_controller/share/open_manipulator_x_controller/hook/cmake_prefix_path.sh'
[0.432s] Level 1:colcon.colcon_core.environment:checking '/home/x/Desktop/workspace/12-dof-robot/install/open_manipulator_x_controller/lib'
[0.432s] Level 1:colcon.colcon_core.environment:checking '/home/x/Desktop/workspace/12-dof-robot/install/open_manipulator_x_controller/bin'
[0.432s] Level 1:colcon.colcon_core.environment:checking '/home/x/Desktop/workspace/12-dof-robot/install/open_manipulator_x_controller/lib/pkgconfig/open_manipulator_x_controller.pc'
[0.433s] Level 1:colcon.colcon_core.environment:checking '/home/x/Desktop/workspace/12-dof-robot/install/open_manipulator_x_controller/lib/python3.10/site-packages'
[0.433s] Level 1:colcon.colcon_core.environment:checking '/home/x/Desktop/workspace/12-dof-robot/install/open_manipulator_x_controller/bin'
[0.433s] INFO:colcon.colcon_core.shell:Creating package script '/home/x/Desktop/workspace/12-dof-robot/install/open_manipulator_x_controller/share/open_manipulator_x_controller/package.ps1'
[0.433s] INFO:colcon.colcon_core.shell:Creating package descriptor '/home/x/Desktop/workspace/12-dof-robot/install/open_manipulator_x_controller/share/open_manipulator_x_controller/package.dsv'
[0.434s] INFO:colcon.colcon_core.shell:Creating package script '/home/x/Desktop/workspace/12-dof-robot/install/open_manipulator_x_controller/share/open_manipulator_x_controller/package.sh'
[0.434s] INFO:colcon.colcon_core.shell:Creating package script '/home/x/Desktop/workspace/12-dof-robot/install/open_manipulator_x_controller/share/open_manipulator_x_controller/package.bash'
[0.435s] INFO:colcon.colcon_core.shell:Creating package script '/home/x/Desktop/workspace/12-dof-robot/install/open_manipulator_x_controller/share/open_manipulator_x_controller/package.zsh'
[0.435s] Level 1:colcon.colcon_core.environment:create_file_with_runtime_dependencies(/home/x/Desktop/workspace/12-dof-robot/install/open_manipulator_x_controller/share/colcon-core/packages/open_manipulator_x_controller)
[0.455s] Level 1:colcon.colcon_core.environment:create_environment_scripts_only(open_manipulator_x_controller)
[0.456s] Level 1:colcon.colcon_core.environment:checking '/home/x/Desktop/workspace/12-dof-robot/install/open_manipulator_x_controller' for CMake module files
[0.456s] Level 1:colcon.colcon_core.environment:checking '/home/x/Desktop/workspace/12-dof-robot/install/open_manipulator_x_controller' for CMake config files
[0.456s] Level 1:colcon.colcon_core.shell:create_environment_hook('open_manipulator_x_controller', 'cmake_prefix_path')
[0.456s] INFO:colcon.colcon_core.shell:Creating environment hook '/home/x/Desktop/workspace/12-dof-robot/install/open_manipulator_x_controller/share/open_manipulator_x_controller/hook/cmake_prefix_path.ps1'
[0.457s] INFO:colcon.colcon_core.shell:Creating environment descriptor '/home/x/Desktop/workspace/12-dof-robot/install/open_manipulator_x_controller/share/open_manipulator_x_controller/hook/cmake_prefix_path.dsv'
[0.457s] INFO:colcon.colcon_core.shell:Creating environment hook '/home/x/Desktop/workspace/12-dof-robot/install/open_manipulator_x_controller/share/open_manipulator_x_controller/hook/cmake_prefix_path.sh'
[0.457s] Level 1:colcon.colcon_core.environment:checking '/home/x/Desktop/workspace/12-dof-robot/install/open_manipulator_x_controller/lib'
[0.457s] Level 1:colcon.colcon_core.environment:checking '/home/x/Desktop/workspace/12-dof-robot/install/open_manipulator_x_controller/bin'
[0.457s] Level 1:colcon.colcon_core.environment:checking '/home/x/Desktop/workspace/12-dof-robot/install/open_manipulator_x_controller/lib/pkgconfig/open_manipulator_x_controller.pc'
[0.458s] Level 1:colcon.colcon_core.environment:checking '/home/x/Desktop/workspace/12-dof-robot/install/open_manipulator_x_controller/lib/python3.10/site-packages'
[0.458s] Level 1:colcon.colcon_core.environment:checking '/home/x/Desktop/workspace/12-dof-robot/install/open_manipulator_x_controller/bin'
[0.458s] INFO:colcon.colcon_core.shell:Creating package script '/home/x/Desktop/workspace/12-dof-robot/install/open_manipulator_x_controller/share/open_manipulator_x_controller/package.ps1'
[0.458s] INFO:colcon.colcon_core.shell:Creating package descriptor '/home/x/Desktop/workspace/12-dof-robot/install/open_manipulator_x_controller/share/open_manipulator_x_controller/package.dsv'
[0.459s] INFO:colcon.colcon_core.shell:Creating package script '/home/x/Desktop/workspace/12-dof-robot/install/open_manipulator_x_controller/share/open_manipulator_x_controller/package.sh'
[0.459s] INFO:colcon.colcon_core.shell:Creating package script '/home/x/Desktop/workspace/12-dof-robot/install/open_manipulator_x_controller/share/open_manipulator_x_controller/package.bash'
[0.459s] INFO:colcon.colcon_core.shell:Creating package script '/home/x/Desktop/workspace/12-dof-robot/install/open_manipulator_x_controller/share/open_manipulator_x_controller/package.zsh'
[0.459s] Level 1:colcon.colcon_core.environment:create_file_with_runtime_dependencies(/home/x/Desktop/workspace/12-dof-robot/install/open_manipulator_x_controller/share/colcon-core/packages/open_manipulator_x_controller)
[4.747s] DEBUG:colcon.colcon_core.event_handler.log_command:Invoked command in '/home/x/Desktop/workspace/12-dof-robot/build/open_manipulator_x_master_slave' returned '0': CMAKE_PREFIX_PATH=/home/x/Desktop/workspace/12-dof-robot/install/open_manipulator_x_libs:/home/x/Desktop/workspace/12-dof-robot/install/robotis_manipulator:/home/x/Desktop/workspace/12-dof-robot/install/dynamixel_workbench_toolbox:/home/x/Desktop/workspace/12-dof-robot/install/open_manipulator_msgs:/home/x/Desktop/workspace/12-dof-robot/install/dynamixel_sdk:/home/x/Desktop/workspace/12-dof-robot/install/cmake_modules:/home/x/Desktop/workspace/12-dof-robot/install/open_manipulator_x_applications:/home/x/Desktop/workspace/12-dof-robot/install/open_manipulator_x_master_slave:/home/x/Desktop/workspace/12-dof-robot/install/open_manipulator:/home/x/Desktop/workspace/12-dof-robot/install/open_manipulator_x_controller:/home/x/Desktop/workspace/12-dof-robot/install/open_manipulator_x_description:/home/x/Desktop/workspace/12-dof-robot/install/dynamixel_workbench:/home/x/Desktop/workspace/12-dof-robot/install/dynamixel_sdk_examples:/home/x/Desktop/workspace/12-dof-robot/install/dynamixel_sdk_custom_interfaces:/home/x/omx_ws/install/open_manipulator_x_applications:/home/x/omx_ws/install/open_manipulator_x_master_slave:/home/x/omx_ws/install/open_manipulator:/home/x/omx_ws/install/open_manipulator_x_controller:/home/x/omx_ws/install/open_manipulator_x_libs:/home/x/omx_ws/install/robotis_manipulator:/home/x/omx_ws/install/open_manipulator_x_description:/home/x/omx_ws/install/open_manipulator_msgs:/home/x/omx_ws/install/dynamixel_workbench:/home/x/omx_ws/install/dynamixel_workbench_toolbox:/home/x/omx_ws/install/dynamixel_sdk_examples:/home/x/omx_ws/install/dynamixel_sdk_custom_interfaces:/home/x/omx_ws/install/dynamixel_sdk:/home/x/omx_ws/install/cmake_modules:/home/x/Desktop/workspace/omx_tester/install/open_manipulator_x_applications:/home/x/Desktop/workspace/omx_tester/install/open_manipulator:/home/x/Desktop/workspace/omx_tester/install/open_manipulator_x_controller:/home/x/Desktop/workspace/12-dof-robot/install/open_manipulator_x_teleop:/home/x/omx_ws/install/open_manipulator_x_teleop:/home/x/Desktop/workspace/omx_tester/install/open_manipulator_x_master_slave:/home/x/Desktop/workspace/omx_tester/install/open_manipulator_x_libs:/home/x/Desktop/workspace/omx_tester/install/robotis_manipulator:/home/x/Desktop/workspace/omx_tester/install/open_manipulator_x_teleop:/home/x/Desktop/workspace/omx_tester/install/open_manipulator_x_description:/home/x/Desktop/workspace/omx_tester/install/open_manipulator_msgs:/home/x/Desktop/workspace/omx_tester/install/dynamixel_workbench:/home/x/Desktop/workspace/omx_tester/install/dynamixel_workbench_toolbox:/home/x/Desktop/workspace/omx_tester/install/dynamixel_sdk_examples:/home/x/Desktop/workspace/omx_tester/install/dynamixel_sdk_custom_interfaces:/home/x/Desktop/workspace/omx_tester/install/dynamixel_sdk:/home/x/Desktop/workspace/omx_tester/install/cmake_modules:/opt/ros/humble LD_LIBRARY_PATH=/home/x/Desktop/workspace/12-dof-robot/install/open_manipulator_x_libs/lib:/home/x/Desktop/workspace/12-dof-robot/install/robotis_manipulator/lib:/home/x/Desktop/workspace/12-dof-robot/install/dynamixel_workbench_toolbox/lib:/home/x/Desktop/workspace/12-dof-robot/install/open_manipulator_msgs/lib:/home/x/Desktop/workspace/12-dof-robot/install/dynamixel_sdk/lib:/home/x/Desktop/workspace/12-dof-robot/install/dynamixel_sdk_custom_interfaces/lib:/home/x/omx_ws/install/open_manipulator_x_libs/lib:/home/x/omx_ws/install/robotis_manipulator/lib:/home/x/omx_ws/install/open_manipulator_msgs/lib:/home/x/omx_ws/install/dynamixel_workbench_toolbox/lib:/home/x/omx_ws/install/dynamixel_sdk_custom_interfaces/lib:/home/x/omx_ws/install/dynamixel_sdk/lib:/home/x/Desktop/workspace/omx_tester/install/open_manipulator_x_libs/lib:/home/x/Desktop/workspace/omx_tester/install/robotis_manipulator/lib:/home/x/Desktop/workspace/omx_tester/install/open_manipulator_msgs/lib:/home/x/Desktop/workspace/omx_tester/install/dynamixel_workbench_toolbox/lib:/home/x/Desktop/workspace/omx_tester/install/dynamixel_sdk_custom_interfaces/lib:/home/x/Desktop/workspace/omx_tester/install/dynamixel_sdk/lib:/opt/ros/humble/opt/rviz_ogre_vendor/lib:/opt/ros/humble/lib/x86_64-linux-gnu:/opt/ros/humble/lib /usr/bin/cmake --build /home/x/Desktop/workspace/12-dof-robot/build/open_manipulator_x_master_slave -- -j20 -l20
[4.766s] DEBUG:colcon.colcon_core.event_handler.log_command:Invoking command in '/home/x/Desktop/workspace/12-dof-robot/build/open_manipulator_x_master_slave': CMAKE_PREFIX_PATH=/home/x/Desktop/workspace/12-dof-robot/install/open_manipulator_x_libs:/home/x/Desktop/workspace/12-dof-robot/install/robotis_manipulator:/home/x/Desktop/workspace/12-dof-robot/install/dynamixel_workbench_toolbox:/home/x/Desktop/workspace/12-dof-robot/install/open_manipulator_msgs:/home/x/Desktop/workspace/12-dof-robot/install/dynamixel_sdk:/home/x/Desktop/workspace/12-dof-robot/install/cmake_modules:/home/x/Desktop/workspace/12-dof-robot/install/open_manipulator_x_applications:/home/x/Desktop/workspace/12-dof-robot/install/open_manipulator_x_master_slave:/home/x/Desktop/workspace/12-dof-robot/install/open_manipulator:/home/x/Desktop/workspace/12-dof-robot/install/open_manipulator_x_controller:/home/x/Desktop/workspace/12-dof-robot/install/open_manipulator_x_description:/home/x/Desktop/workspace/12-dof-robot/install/dynamixel_workbench:/home/x/Desktop/workspace/12-dof-robot/install/dynamixel_sdk_examples:/home/x/Desktop/workspace/12-dof-robot/install/dynamixel_sdk_custom_interfaces:/home/x/omx_ws/install/open_manipulator_x_applications:/home/x/omx_ws/install/open_manipulator_x_master_slave:/home/x/omx_ws/install/open_manipulator:/home/x/omx_ws/install/open_manipulator_x_controller:/home/x/omx_ws/install/open_manipulator_x_libs:/home/x/omx_ws/install/robotis_manipulator:/home/x/omx_ws/install/open_manipulator_x_description:/home/x/omx_ws/install/open_manipulator_msgs:/home/x/omx_ws/install/dynamixel_workbench:/home/x/omx_ws/install/dynamixel_workbench_toolbox:/home/x/omx_ws/install/dynamixel_sdk_examples:/home/x/omx_ws/install/dynamixel_sdk_custom_interfaces:/home/x/omx_ws/install/dynamixel_sdk:/home/x/omx_ws/install/cmake_modules:/home/x/Desktop/workspace/omx_tester/install/open_manipulator_x_applications:/home/x/Desktop/workspace/omx_tester/install/open_manipulator:/home/x/Desktop/workspace/omx_tester/install/open_manipulator_x_controller:/home/x/Desktop/workspace/12-dof-robot/install/open_manipulator_x_teleop:/home/x/omx_ws/install/open_manipulator_x_teleop:/home/x/Desktop/workspace/omx_tester/install/open_manipulator_x_master_slave:/home/x/Desktop/workspace/omx_tester/install/open_manipulator_x_libs:/home/x/Desktop/workspace/omx_tester/install/robotis_manipulator:/home/x/Desktop/workspace/omx_tester/install/open_manipulator_x_teleop:/home/x/Desktop/workspace/omx_tester/install/open_manipulator_x_description:/home/x/Desktop/workspace/omx_tester/install/open_manipulator_msgs:/home/x/Desktop/workspace/omx_tester/install/dynamixel_workbench:/home/x/Desktop/workspace/omx_tester/install/dynamixel_workbench_toolbox:/home/x/Desktop/workspace/omx_tester/install/dynamixel_sdk_examples:/home/x/Desktop/workspace/omx_tester/install/dynamixel_sdk_custom_interfaces:/home/x/Desktop/workspace/omx_tester/install/dynamixel_sdk:/home/x/Desktop/workspace/omx_tester/install/cmake_modules:/opt/ros/humble LD_LIBRARY_PATH=/home/x/Desktop/workspace/12-dof-robot/install/open_manipulator_x_libs/lib:/home/x/Desktop/workspace/12-dof-robot/install/robotis_manipulator/lib:/home/x/Desktop/workspace/12-dof-robot/install/dynamixel_workbench_toolbox/lib:/home/x/Desktop/workspace/12-dof-robot/install/open_manipulator_msgs/lib:/home/x/Desktop/workspace/12-dof-robot/install/dynamixel_sdk/lib:/home/x/Desktop/workspace/12-dof-robot/install/dynamixel_sdk_custom_interfaces/lib:/home/x/omx_ws/install/open_manipulator_x_libs/lib:/home/x/omx_ws/install/robotis_manipulator/lib:/home/x/omx_ws/install/open_manipulator_msgs/lib:/home/x/omx_ws/install/dynamixel_workbench_toolbox/lib:/home/x/omx_ws/install/dynamixel_sdk_custom_interfaces/lib:/home/x/omx_ws/install/dynamixel_sdk/lib:/home/x/Desktop/workspace/omx_tester/install/open_manipulator_x_libs/lib:/home/x/Desktop/workspace/omx_tester/install/robotis_manipulator/lib:/home/x/Desktop/workspace/omx_tester/install/open_manipulator_msgs/lib:/home/x/Desktop/workspace/omx_tester/install/dynamixel_workbench_toolbox/lib:/home/x/Desktop/workspace/omx_tester/install/dynamixel_sdk_custom_interfaces/lib:/home/x/Desktop/workspace/omx_tester/install/dynamixel_sdk/lib:/opt/ros/humble/opt/rviz_ogre_vendor/lib:/opt/ros/humble/lib/x86_64-linux-gnu:/opt/ros/humble/lib /usr/bin/cmake --install /home/x/Desktop/workspace/12-dof-robot/build/open_manipulator_x_master_slave
[4.781s] Level 1:colcon.colcon_core.environment:create_environment_scripts_only(open_manipulator_x_master_slave)
[4.781s] Level 1:colcon.colcon_core.environment:checking '/home/x/Desktop/workspace/12-dof-robot/install/open_manipulator_x_master_slave' for CMake module files
[4.781s] DEBUG:colcon.colcon_core.event_handler.log_command:Invoked command in '/home/x/Desktop/workspace/12-dof-robot/build/open_manipulator_x_master_slave' returned '0': CMAKE_PREFIX_PATH=/home/x/Desktop/workspace/12-dof-robot/install/open_manipulator_x_libs:/home/x/Desktop/workspace/12-dof-robot/install/robotis_manipulator:/home/x/Desktop/workspace/12-dof-robot/install/dynamixel_workbench_toolbox:/home/x/Desktop/workspace/12-dof-robot/install/open_manipulator_msgs:/home/x/Desktop/workspace/12-dof-robot/install/dynamixel_sdk:/home/x/Desktop/workspace/12-dof-robot/install/cmake_modules:/home/x/Desktop/workspace/12-dof-robot/install/open_manipulator_x_applications:/home/x/Desktop/workspace/12-dof-robot/install/open_manipulator_x_master_slave:/home/x/Desktop/workspace/12-dof-robot/install/open_manipulator:/home/x/Desktop/workspace/12-dof-robot/install/open_manipulator_x_controller:/home/x/Desktop/workspace/12-dof-robot/install/open_manipulator_x_description:/home/x/Desktop/workspace/12-dof-robot/install/dynamixel_workbench:/home/x/Desktop/workspace/12-dof-robot/install/dynamixel_sdk_examples:/home/x/Desktop/workspace/12-dof-robot/install/dynamixel_sdk_custom_interfaces:/home/x/omx_ws/install/open_manipulator_x_applications:/home/x/omx_ws/install/open_manipulator_x_master_slave:/home/x/omx_ws/install/open_manipulator:/home/x/omx_ws/install/open_manipulator_x_controller:/home/x/omx_ws/install/open_manipulator_x_libs:/home/x/omx_ws/install/robotis_manipulator:/home/x/omx_ws/install/open_manipulator_x_description:/home/x/omx_ws/install/open_manipulator_msgs:/home/x/omx_ws/install/dynamixel_workbench:/home/x/omx_ws/install/dynamixel_workbench_toolbox:/home/x/omx_ws/install/dynamixel_sdk_examples:/home/x/omx_ws/install/dynamixel_sdk_custom_interfaces:/home/x/omx_ws/install/dynamixel_sdk:/home/x/omx_ws/install/cmake_modules:/home/x/Desktop/workspace/omx_tester/install/open_manipulator_x_applications:/home/x/Desktop/workspace/omx_tester/install/open_manipulator:/home/x/Desktop/workspace/omx_tester/install/open_manipulator_x_controller:/home/x/Desktop/workspace/12-dof-robot/install/open_manipulator_x_teleop:/home/x/omx_ws/install/open_manipulator_x_teleop:/home/x/Desktop/workspace/omx_tester/install/open_manipulator_x_master_slave:/home/x/Desktop/workspace/omx_tester/install/open_manipulator_x_libs:/home/x/Desktop/workspace/omx_tester/install/robotis_manipulator:/home/x/Desktop/workspace/omx_tester/install/open_manipulator_x_teleop:/home/x/Desktop/workspace/omx_tester/install/open_manipulator_x_description:/home/x/Desktop/workspace/omx_tester/install/open_manipulator_msgs:/home/x/Desktop/workspace/omx_tester/install/dynamixel_workbench:/home/x/Desktop/workspace/omx_tester/install/dynamixel_workbench_toolbox:/home/x/Desktop/workspace/omx_tester/install/dynamixel_sdk_examples:/home/x/Desktop/workspace/omx_tester/install/dynamixel_sdk_custom_interfaces:/home/x/Desktop/workspace/omx_tester/install/dynamixel_sdk:/home/x/Desktop/workspace/omx_tester/install/cmake_modules:/opt/ros/humble LD_LIBRARY_PATH=/home/x/Desktop/workspace/12-dof-robot/install/open_manipulator_x_libs/lib:/home/x/Desktop/workspace/12-dof-robot/install/robotis_manipulator/lib:/home/x/Desktop/workspace/12-dof-robot/install/dynamixel_workbench_toolbox/lib:/home/x/Desktop/workspace/12-dof-robot/install/open_manipulator_msgs/lib:/home/x/Desktop/workspace/12-dof-robot/install/dynamixel_sdk/lib:/home/x/Desktop/workspace/12-dof-robot/install/dynamixel_sdk_custom_interfaces/lib:/home/x/omx_ws/install/open_manipulator_x_libs/lib:/home/x/omx_ws/install/robotis_manipulator/lib:/home/x/omx_ws/install/open_manipulator_msgs/lib:/home/x/omx_ws/install/dynamixel_workbench_toolbox/lib:/home/x/omx_ws/install/dynamixel_sdk_custom_interfaces/lib:/home/x/omx_ws/install/dynamixel_sdk/lib:/home/x/Desktop/workspace/omx_tester/install/open_manipulator_x_libs/lib:/home/x/Desktop/workspace/omx_tester/install/robotis_manipulator/lib:/home/x/Desktop/workspace/omx_tester/install/open_manipulator_msgs/lib:/home/x/Desktop/workspace/omx_tester/install/dynamixel_workbench_toolbox/lib:/home/x/Desktop/workspace/omx_tester/install/dynamixel_sdk_custom_interfaces/lib:/home/x/Desktop/workspace/omx_tester/install/dynamixel_sdk/lib:/opt/ros/humble/opt/rviz_ogre_vendor/lib:/opt/ros/humble/lib/x86_64-linux-gnu:/opt/ros/humble/lib /usr/bin/cmake --install /home/x/Desktop/workspace/12-dof-robot/build/open_manipulator_x_master_slave
[4.782s] Level 1:colcon.colcon_core.environment:checking '/home/x/Desktop/workspace/12-dof-robot/install/open_manipulator_x_master_slave' for CMake config files
[4.782s] Level 1:colcon.colcon_core.shell:create_environment_hook('open_manipulator_x_master_slave', 'cmake_prefix_path')
[4.782s] INFO:colcon.colcon_core.shell:Creating environment hook '/home/x/Desktop/workspace/12-dof-robot/install/open_manipulator_x_master_slave/share/open_manipulator_x_master_slave/hook/cmake_prefix_path.ps1'
[4.782s] INFO:colcon.colcon_core.shell:Creating environment descriptor '/home/x/Desktop/workspace/12-dof-robot/install/open_manipulator_x_master_slave/share/open_manipulator_x_master_slave/hook/cmake_prefix_path.dsv'
[4.782s] INFO:colcon.colcon_core.shell:Creating environment hook '/home/x/Desktop/workspace/12-dof-robot/install/open_manipulator_x_master_slave/share/open_manipulator_x_master_slave/hook/cmake_prefix_path.sh'
[4.783s] Level 1:colcon.colcon_core.environment:checking '/home/x/Desktop/workspace/12-dof-robot/install/open_manipulator_x_master_slave/lib'
[4.783s] Level 1:colcon.colcon_core.environment:checking '/home/x/Desktop/workspace/12-dof-robot/install/open_manipulator_x_master_slave/bin'
[4.783s] Level 1:colcon.colcon_core.environment:checking '/home/x/Desktop/workspace/12-dof-robot/install/open_manipulator_x_master_slave/lib/pkgconfig/open_manipulator_x_master_slave.pc'
[4.783s] Level 1:colcon.colcon_core.environment:checking '/home/x/Desktop/workspace/12-dof-robot/install/open_manipulator_x_master_slave/lib/python3.10/site-packages'
[4.783s] Level 1:colcon.colcon_core.environment:checking '/home/x/Desktop/workspace/12-dof-robot/install/open_manipulator_x_master_slave/bin'
[4.783s] INFO:colcon.colcon_core.shell:Creating package script '/home/x/Desktop/workspace/12-dof-robot/install/open_manipulator_x_master_slave/share/open_manipulator_x_master_slave/package.ps1'
[4.784s] INFO:colcon.colcon_core.shell:Creating package descriptor '/home/x/Desktop/workspace/12-dof-robot/install/open_manipulator_x_master_slave/share/open_manipulator_x_master_slave/package.dsv'
[4.784s] INFO:colcon.colcon_core.shell:Creating package script '/home/x/Desktop/workspace/12-dof-robot/install/open_manipulator_x_master_slave/share/open_manipulator_x_master_slave/package.sh'
[4.784s] INFO:colcon.colcon_core.shell:Creating package script '/home/x/Desktop/workspace/12-dof-robot/install/open_manipulator_x_master_slave/share/open_manipulator_x_master_slave/package.bash'
[4.784s] INFO:colcon.colcon_core.shell:Creating package script '/home/x/Desktop/workspace/12-dof-robot/install/open_manipulator_x_master_slave/share/open_manipulator_x_master_slave/package.zsh'
[4.785s] Level 1:colcon.colcon_core.environment:create_file_with_runtime_dependencies(/home/x/Desktop/workspace/12-dof-robot/install/open_manipulator_x_master_slave/share/colcon-core/packages/open_manipulator_x_master_slave)
[4.804s] Level 1:colcon.colcon_core.environment:create_environment_scripts_only(open_manipulator_x_master_slave)
[4.804s] Level 1:colcon.colcon_core.environment:checking '/home/x/Desktop/workspace/12-dof-robot/install/open_manipulator_x_master_slave' for CMake module files
[4.804s] Level 1:colcon.colcon_core.environment:checking '/home/x/Desktop/workspace/12-dof-robot/install/open_manipulator_x_master_slave' for CMake config files
[4.805s] Level 1:colcon.colcon_core.shell:create_environment_hook('open_manipulator_x_master_slave', 'cmake_prefix_path')
[4.805s] INFO:colcon.colcon_core.shell:Creating environment hook '/home/x/Desktop/workspace/12-dof-robot/install/open_manipulator_x_master_slave/share/open_manipulator_x_master_slave/hook/cmake_prefix_path.ps1'
[4.805s] INFO:colcon.colcon_core.shell:Creating environment descriptor '/home/x/Desktop/workspace/12-dof-robot/install/open_manipulator_x_master_slave/share/open_manipulator_x_master_slave/hook/cmake_prefix_path.dsv'
[4.805s] INFO:colcon.colcon_core.shell:Creating environment hook '/home/x/Desktop/workspace/12-dof-robot/install/open_manipulator_x_master_slave/share/open_manipulator_x_master_slave/hook/cmake_prefix_path.sh'
[4.806s] Level 1:colcon.colcon_core.environment:checking '/home/x/Desktop/workspace/12-dof-robot/install/open_manipulator_x_master_slave/lib'
[4.806s] Level 1:colcon.colcon_core.environment:checking '/home/x/Desktop/workspace/12-dof-robot/install/open_manipulator_x_master_slave/bin'
[4.806s] Level 1:colcon.colcon_core.environment:checking '/home/x/Desktop/workspace/12-dof-robot/install/open_manipulator_x_master_slave/lib/pkgconfig/open_manipulator_x_master_slave.pc'
[4.806s] Level 1:colcon.colcon_core.environment:checking '/home/x/Desktop/workspace/12-dof-robot/install/open_manipulator_x_master_slave/lib/python3.10/site-packages'
[4.806s] Level 1:colcon.colcon_core.environment:checking '/home/x/Desktop/workspace/12-dof-robot/install/open_manipulator_x_master_slave/bin'
[4.806s] INFO:colcon.colcon_core.shell:Creating package script '/home/x/Desktop/workspace/12-dof-robot/install/open_manipulator_x_master_slave/share/open_manipulator_x_master_slave/package.ps1'
[4.807s] INFO:colcon.colcon_core.shell:Creating package descriptor '/home/x/Desktop/workspace/12-dof-robot/install/open_manipulator_x_master_slave/share/open_manipulator_x_master_slave/package.dsv'
[4.807s] INFO:colcon.colcon_core.shell:Creating package script '/home/x/Desktop/workspace/12-dof-robot/install/open_manipulator_x_master_slave/share/open_manipulator_x_master_slave/package.sh'
[4.807s] INFO:colcon.colcon_core.shell:Creating package script '/home/x/Desktop/workspace/12-dof-robot/install/open_manipulator_x_master_slave/share/open_manipulator_x_master_slave/package.bash'
[4.808s] INFO:colcon.colcon_core.shell:Creating package script '/home/x/Desktop/workspace/12-dof-robot/install/open_manipulator_x_master_slave/share/open_manipulator_x_master_slave/package.zsh'
[4.808s] Level 1:colcon.colcon_core.environment:create_file_with_runtime_dependencies(/home/x/Desktop/workspace/12-dof-robot/install/open_manipulator_x_master_slave/share/colcon-core/packages/open_manipulator_x_master_slave)
[4.808s] DEBUG:colcon.colcon_parallel_executor.executor.parallel:closing loop
[4.808s] DEBUG:colcon.colcon_parallel_executor.executor.parallel:loop closed
[4.808s] DEBUG:colcon.colcon_parallel_executor.executor.parallel:run_until_complete finished with '0'
[4.808s] DEBUG:colcon.colcon_core.event_reactor:joining thread
[4.812s] INFO:colcon.colcon_core.plugin_system:Skipping extension 'colcon_notification.desktop_notification.terminal_notifier': Not used on non-Darwin systems
[4.812s] INFO:colcon.colcon_core.plugin_system:Skipping extension 'colcon_notification.desktop_notification.win32': Not used on non-Windows systems
[4.812s] INFO:colcon.colcon_notification.desktop_notification:Sending desktop notification using 'notify2'
[4.817s] DEBUG:colcon.colcon_core.event_reactor:joined thread
[4.817s] INFO:colcon.colcon_core.shell:Creating prefix script '/home/x/Desktop/workspace/12-dof-robot/install/local_setup.ps1'
[4.818s] INFO:colcon.colcon_core.shell:Creating prefix util module '/home/x/Desktop/workspace/12-dof-robot/install/_local_setup_util_ps1.py'
[4.819s] INFO:colcon.colcon_core.shell:Creating prefix chain script '/home/x/Desktop/workspace/12-dof-robot/install/setup.ps1'
[4.821s] INFO:colcon.colcon_core.shell:Creating prefix script '/home/x/Desktop/workspace/12-dof-robot/install/local_setup.sh'
[4.821s] INFO:colcon.colcon_core.shell:Creating prefix util module '/home/x/Desktop/workspace/12-dof-robot/install/_local_setup_util_sh.py'
[4.821s] INFO:colcon.colcon_core.shell:Creating prefix chain script '/home/x/Desktop/workspace/12-dof-robot/install/setup.sh'
[4.823s] INFO:colcon.colcon_core.shell:Creating prefix script '/home/x/Desktop/workspace/12-dof-robot/install/local_setup.bash'
[4.823s] INFO:colcon.colcon_core.shell:Creating prefix chain script '/home/x/Desktop/workspace/12-dof-robot/install/setup.bash'
[4.825s] INFO:colcon.colcon_core.shell:Creating prefix script '/home/x/Desktop/workspace/12-dof-robot/install/local_setup.zsh'
[4.825s] INFO:colcon.colcon_core.shell:Creating prefix chain script '/home/x/Desktop/workspace/12-dof-robot/install/setup.zsh'
