running develop
running egg_info
creating open_manipulator_x_teleop.egg-info
writing open_manipulator_x_teleop.egg-info/PKG-INFO
writing dependency_links to open_manipulator_x_teleop.egg-info/dependency_links.txt
writing entry points to open_manipulator_x_teleop.egg-info/entry_points.txt
writing requirements to open_manipulator_x_teleop.egg-info/requires.txt
writing top-level names to open_manipulator_x_teleop.egg-info/top_level.txt
writing manifest file 'open_manipulator_x_teleop.egg-info/SOURCES.txt'
reading manifest file 'open_manipulator_x_teleop.egg-info/SOURCES.txt'
writing manifest file 'open_manipulator_x_teleop.egg-info/SOURCES.txt'
running build_ext
Creating /home/x/Desktop/workspace/omx_tester/install/open_manipulator_x_teleop/lib/python3.10/site-packages/open-manipulator-x-teleop.egg-link (link to .)
Installing teleop_keyboard script to /home/x/Desktop/workspace/omx_tester/install/open_manipulator_x_teleop/lib/open_manipulator_x_teleop

Installed /home/x/Desktop/workspace/omx_tester/build/open_manipulator_x_teleop
running symlink_data
creating /home/x/Desktop/workspace/omx_tester/install/open_manipulator_x_teleop/share/ament_index
creating /home/x/Desktop/workspace/omx_tester/install/open_manipulator_x_teleop/share/ament_index/resource_index
creating /home/x/Desktop/workspace/omx_tester/install/open_manipulator_x_teleop/share/ament_index/resource_index/packages
symbolically linking /home/x/Desktop/workspace/omx_tester/build/open_manipulator_x_teleop/resource/open_manipulator_x_teleop -> /home/x/Desktop/workspace/omx_tester/install/open_manipulator_x_teleop/share/ament_index/resource_index/packages
symbolically linking /home/x/Desktop/workspace/omx_tester/build/open_manipulator_x_teleop/package.xml -> /home/x/Desktop/workspace/omx_tester/install/open_manipulator_x_teleop/share/open_manipulator_x_teleop
