[0.445s] Invoking command in '/home/x/Desktop/workspace/omx_tester/build/open_manipulator_x_teleop': AMENT_PREFIX_PATH=/home/x/Desktop/workspace/omx_tester/install/open_manipulator_msgs:${AMENT_PREFIX_PATH} CMAKE_PREFIX_PATH=/home/x/Desktop/workspace/omx_tester/install/open_manipulator_msgs:${CMAKE_PREFIX_PATH} LD_LIBRARY_PATH=/home/x/Desktop/workspace/omx_tester/install/open_manipulator_msgs/lib:${LD_LIBRARY_PATH} PYTHONPATH=/home/x/Desktop/workspace/omx_tester/build/open_manipulator_x_teleop/prefix_override:/usr/lib/python3/dist-packages/colcon_core/task/python/colcon_distutils_commands:/home/x/Desktop/workspace/omx_tester/install/open_manipulator_x_teleop/lib/python3.10/site-packages:/home/x/Desktop/workspace/omx_tester/install/open_manipulator_msgs/local/lib/python3.10/dist-packages:${PYTHONPATH} /usr/bin/python3 -W ignore:setup.py install is deprecated setup.py develop --editable --build-directory /home/x/Desktop/workspace/omx_tester/build/open_manipulator_x_teleop/build --no-deps symlink_data
[0.635s] running develop
[0.635s] /usr/lib/python3/dist-packages/setuptools/command/easy_install.py:158: EasyInstallDeprecationWarning: easy_install command is deprecated. Use build and pip and other standards-based tools.
[0.635s]   warnings.warn(
[0.758s] running egg_info
[0.759s] creating open_manipulator_x_teleop.egg-info
[0.759s] writing open_manipulator_x_teleop.egg-info/PKG-INFO
[0.759s] writing dependency_links to open_manipulator_x_teleop.egg-info/dependency_links.txt
[0.759s] writing entry points to open_manipulator_x_teleop.egg-info/entry_points.txt
[0.759s] writing requirements to open_manipulator_x_teleop.egg-info/requires.txt
[0.759s] writing top-level names to open_manipulator_x_teleop.egg-info/top_level.txt
[0.759s] writing manifest file 'open_manipulator_x_teleop.egg-info/SOURCES.txt'
[0.760s] reading manifest file 'open_manipulator_x_teleop.egg-info/SOURCES.txt'
[0.761s] writing manifest file 'open_manipulator_x_teleop.egg-info/SOURCES.txt'
[0.762s] running build_ext
[0.762s] Creating /home/x/Desktop/workspace/omx_tester/install/open_manipulator_x_teleop/lib/python3.10/site-packages/open-manipulator-x-teleop.egg-link (link to .)
[0.762s] Installing teleop_keyboard script to /home/x/Desktop/workspace/omx_tester/install/open_manipulator_x_teleop/lib/open_manipulator_x_teleop
[0.762s] 
[0.762s] Installed /home/x/Desktop/workspace/omx_tester/build/open_manipulator_x_teleop
[0.762s] running symlink_data
[0.763s] creating /home/x/Desktop/workspace/omx_tester/install/open_manipulator_x_teleop/share/ament_index
[0.763s] creating /home/x/Desktop/workspace/omx_tester/install/open_manipulator_x_teleop/share/ament_index/resource_index
[0.763s] creating /home/x/Desktop/workspace/omx_tester/install/open_manipulator_x_teleop/share/ament_index/resource_index/packages
[0.763s] symbolically linking /home/x/Desktop/workspace/omx_tester/build/open_manipulator_x_teleop/resource/open_manipulator_x_teleop -> /home/x/Desktop/workspace/omx_tester/install/open_manipulator_x_teleop/share/ament_index/resource_index/packages
[0.763s] symbolically linking /home/x/Desktop/workspace/omx_tester/build/open_manipulator_x_teleop/package.xml -> /home/x/Desktop/workspace/omx_tester/install/open_manipulator_x_teleop/share/open_manipulator_x_teleop
[0.782s] Invoked command in '/home/x/Desktop/workspace/omx_tester/build/open_manipulator_x_teleop' returned '0': AMENT_PREFIX_PATH=/home/x/Desktop/workspace/omx_tester/install/open_manipulator_msgs:${AMENT_PREFIX_PATH} CMAKE_PREFIX_PATH=/home/x/Desktop/workspace/omx_tester/install/open_manipulator_msgs:${CMAKE_PREFIX_PATH} LD_LIBRARY_PATH=/home/x/Desktop/workspace/omx_tester/install/open_manipulator_msgs/lib:${LD_LIBRARY_PATH} PYTHONPATH=/home/x/Desktop/workspace/omx_tester/build/open_manipulator_x_teleop/prefix_override:/usr/lib/python3/dist-packages/colcon_core/task/python/colcon_distutils_commands:/home/x/Desktop/workspace/omx_tester/install/open_manipulator_x_teleop/lib/python3.10/site-packages:/home/x/Desktop/workspace/omx_tester/install/open_manipulator_msgs/local/lib/python3.10/dist-packages:${PYTHONPATH} /usr/bin/python3 -W ignore:setup.py install is deprecated setup.py develop --editable --build-directory /home/x/Desktop/workspace/omx_tester/build/open_manipulator_x_teleop/build --no-deps symlink_data
