[0.023s] Invoking command in '/home/x/Desktop/workspace/12-dof-robot/build/dynamixel_sdk': CMAKE_PREFIX_PATH=${CMAKE_PREFIX_PATH}:/home/x/Desktop/workspace/12-dof-robot/install/open_manipulator_x_teleop:/home/x/omx_ws/install/open_manipulator_x_teleop:/home/x/Desktop/workspace/omx_tester/install/open_manipulator_x_teleop:/opt/ros/humble /usr/bin/cmake /home/x/Desktop/workspace/12-dof-robot/src/DynamixelSDK/dynamixel_sdk -DAMENT_CMAKE_SYMLINK_INSTALL=1 -DCMAKE_INSTALL_PREFIX=/home/x/Desktop/workspace/12-dof-robot/install/dynamixel_sdk
[0.061s] -- The C compiler identification is GNU 11.4.0
[0.098s] -- The CXX compiler identification is GNU 11.4.0
[0.102s] -- Detecting C compiler ABI info
[0.148s] -- Detecting C compiler ABI info - done
[0.153s] -- Check for working C compiler: /usr/bin/cc - skipped
[0.154s] -- Detecting C compile features
[0.154s] -- Detecting C compile features - done
[0.156s] -- Detecting CXX compiler ABI info
[0.210s] -- Detecting CXX compiler ABI info - done
[0.216s] -- Check for working CXX compiler: /usr/bin/c++ - skipped
[0.216s] -- Detecting CXX compile features
[0.217s] -- Detecting CXX compile features - done
[0.219s] -- Found ament_cmake: 1.3.9 (/opt/ros/humble/share/ament_cmake/cmake)
[0.334s] -- Found Python3: /usr/bin/python3 (found version "3.10.12") found components: Interpreter 
[0.382s] -- Override CMake install command with custom implementation using symlinks instead of copying resources
[0.470s] -- Configuring done
[0.473s] -- Generating done
[0.474s] -- Build files have been written to: /home/x/Desktop/workspace/12-dof-robot/build/dynamixel_sdk
[0.477s] Invoked command in '/home/x/Desktop/workspace/12-dof-robot/build/dynamixel_sdk' returned '0': CMAKE_PREFIX_PATH=${CMAKE_PREFIX_PATH}:/home/x/Desktop/workspace/12-dof-robot/install/open_manipulator_x_teleop:/home/x/omx_ws/install/open_manipulator_x_teleop:/home/x/Desktop/workspace/omx_tester/install/open_manipulator_x_teleop:/opt/ros/humble /usr/bin/cmake /home/x/Desktop/workspace/12-dof-robot/src/DynamixelSDK/dynamixel_sdk -DAMENT_CMAKE_SYMLINK_INSTALL=1 -DCMAKE_INSTALL_PREFIX=/home/x/Desktop/workspace/12-dof-robot/install/dynamixel_sdk
[0.479s] Invoking command in '/home/x/Desktop/workspace/12-dof-robot/build/dynamixel_sdk': CMAKE_PREFIX_PATH=${CMAKE_PREFIX_PATH}:/home/x/Desktop/workspace/12-dof-robot/install/open_manipulator_x_teleop:/home/x/omx_ws/install/open_manipulator_x_teleop:/home/x/Desktop/workspace/omx_tester/install/open_manipulator_x_teleop:/opt/ros/humble /usr/bin/cmake --build /home/x/Desktop/workspace/12-dof-robot/build/dynamixel_sdk -- -j20 -l20
[0.513s] [ 20%] [32mBuilding CXX object CMakeFiles/dynamixel_sdk.dir/src/dynamixel_sdk/packet_handler.cpp.o[0m
[0.514s] [ 20%] [32mBuilding CXX object CMakeFiles/dynamixel_sdk.dir/src/dynamixel_sdk/protocol2_packet_handler.cpp.o[0m
[0.514s] [ 30%] [32mBuilding CXX object CMakeFiles/dynamixel_sdk.dir/src/dynamixel_sdk/port_handler.cpp.o[0m
[0.514s] [ 40%] [32mBuilding CXX object CMakeFiles/dynamixel_sdk.dir/src/dynamixel_sdk/protocol1_packet_handler.cpp.o[0m
[0.515s] [ 50%] [32mBuilding CXX object CMakeFiles/dynamixel_sdk.dir/src/dynamixel_sdk/group_bulk_write.cpp.o[0m
[0.515s] [ 60%] [32mBuilding CXX object CMakeFiles/dynamixel_sdk.dir/src/dynamixel_sdk/group_sync_write.cpp.o[0m
[0.516s] [ 70%] [32mBuilding CXX object CMakeFiles/dynamixel_sdk.dir/src/dynamixel_sdk/group_sync_read.cpp.o[0m
[0.516s] [ 80%] [32mBuilding CXX object CMakeFiles/dynamixel_sdk.dir/src/dynamixel_sdk/group_bulk_read.cpp.o[0m
[0.516s] [ 90%] [32mBuilding CXX object CMakeFiles/dynamixel_sdk.dir/src/dynamixel_sdk/port_handler_linux.cpp.o[0m
[0.865s] [100%] [32m[1mLinking CXX shared library libdynamixel_sdk.so[0m
[0.930s] [100%] Built target dynamixel_sdk
[0.938s] Invoked command in '/home/x/Desktop/workspace/12-dof-robot/build/dynamixel_sdk' returned '0': CMAKE_PREFIX_PATH=${CMAKE_PREFIX_PATH}:/home/x/Desktop/workspace/12-dof-robot/install/open_manipulator_x_teleop:/home/x/omx_ws/install/open_manipulator_x_teleop:/home/x/Desktop/workspace/omx_tester/install/open_manipulator_x_teleop:/opt/ros/humble /usr/bin/cmake --build /home/x/Desktop/workspace/12-dof-robot/build/dynamixel_sdk -- -j20 -l20
[0.972s] Invoking command in '/home/x/Desktop/workspace/12-dof-robot/build/dynamixel_sdk': CMAKE_PREFIX_PATH=${CMAKE_PREFIX_PATH}:/home/x/Desktop/workspace/12-dof-robot/install/open_manipulator_x_teleop:/home/x/omx_ws/install/open_manipulator_x_teleop:/home/x/Desktop/workspace/omx_tester/install/open_manipulator_x_teleop:/opt/ros/humble /usr/bin/cmake --install /home/x/Desktop/workspace/12-dof-robot/build/dynamixel_sdk
[0.978s] -- Install configuration: ""
[0.979s] -- Execute custom install script
[0.979s] -- Symlinking: /home/x/Desktop/workspace/12-dof-robot/install/dynamixel_sdk/include//dynamixel_sdk/dynamixel_sdk.h
[0.985s] -- Symlinking: /home/x/Desktop/workspace/12-dof-robot/install/dynamixel_sdk/include//dynamixel_sdk/group_bulk_read.h
[0.992s] -- Symlinking: /home/x/Desktop/workspace/12-dof-robot/install/dynamixel_sdk/include//dynamixel_sdk/group_bulk_write.h
[0.998s] -- Symlinking: /home/x/Desktop/workspace/12-dof-robot/install/dynamixel_sdk/include//dynamixel_sdk/group_sync_read.h
[1.004s] -- Symlinking: /home/x/Desktop/workspace/12-dof-robot/install/dynamixel_sdk/include//dynamixel_sdk/group_sync_write.h
[1.010s] -- Symlinking: /home/x/Desktop/workspace/12-dof-robot/install/dynamixel_sdk/include//dynamixel_sdk/packet_handler.h
[1.017s] -- Symlinking: /home/x/Desktop/workspace/12-dof-robot/install/dynamixel_sdk/include//dynamixel_sdk/port_handler.h
[1.023s] -- Symlinking: /home/x/Desktop/workspace/12-dof-robot/install/dynamixel_sdk/include//dynamixel_sdk/port_handler_arduino.h
[1.030s] -- Symlinking: /home/x/Desktop/workspace/12-dof-robot/install/dynamixel_sdk/include//dynamixel_sdk/port_handler_linux.h
[1.036s] -- Symlinking: /home/x/Desktop/workspace/12-dof-robot/install/dynamixel_sdk/include//dynamixel_sdk/port_handler_mac.h
[1.043s] -- Symlinking: /home/x/Desktop/workspace/12-dof-robot/install/dynamixel_sdk/include//dynamixel_sdk/port_handler_windows.h
[1.049s] -- Symlinking: /home/x/Desktop/workspace/12-dof-robot/install/dynamixel_sdk/include//dynamixel_sdk/protocol1_packet_handler.h
[1.056s] -- Symlinking: /home/x/Desktop/workspace/12-dof-robot/install/dynamixel_sdk/include//dynamixel_sdk/protocol2_packet_handler.h
[1.062s] -- Symlinking: /home/x/Desktop/workspace/12-dof-robot/install/dynamixel_sdk/lib/libdynamixel_sdk.so
[1.069s] -- Symlinking: /home/x/Desktop/workspace/12-dof-robot/install/dynamixel_sdk/share/dynamixel_sdk/environment/library_path.sh
[1.076s] -- Symlinking: /home/x/Desktop/workspace/12-dof-robot/install/dynamixel_sdk/share/dynamixel_sdk/environment/library_path.dsv
[1.083s] -- Symlinking: /home/x/Desktop/workspace/12-dof-robot/install/dynamixel_sdk/share/ament_index/resource_index/package_run_dependencies/dynamixel_sdk
[1.092s] -- Symlinking: /home/x/Desktop/workspace/12-dof-robot/install/dynamixel_sdk/share/ament_index/resource_index/parent_prefix_path/dynamixel_sdk
[1.098s] -- Symlinking: /home/x/Desktop/workspace/12-dof-robot/install/dynamixel_sdk/share/dynamixel_sdk/environment/ament_prefix_path.sh
[1.105s] -- Symlinking: /home/x/Desktop/workspace/12-dof-robot/install/dynamixel_sdk/share/dynamixel_sdk/environment/ament_prefix_path.dsv
[1.112s] -- Symlinking: /home/x/Desktop/workspace/12-dof-robot/install/dynamixel_sdk/share/dynamixel_sdk/environment/path.sh
[1.119s] -- Symlinking: /home/x/Desktop/workspace/12-dof-robot/install/dynamixel_sdk/share/dynamixel_sdk/environment/path.dsv
[1.125s] -- Symlinking: /home/x/Desktop/workspace/12-dof-robot/install/dynamixel_sdk/share/dynamixel_sdk/local_setup.bash
[1.132s] -- Symlinking: /home/x/Desktop/workspace/12-dof-robot/install/dynamixel_sdk/share/dynamixel_sdk/local_setup.sh
[1.139s] -- Symlinking: /home/x/Desktop/workspace/12-dof-robot/install/dynamixel_sdk/share/dynamixel_sdk/local_setup.zsh
[1.145s] -- Symlinking: /home/x/Desktop/workspace/12-dof-robot/install/dynamixel_sdk/share/dynamixel_sdk/local_setup.dsv
[1.152s] -- Symlinking: /home/x/Desktop/workspace/12-dof-robot/install/dynamixel_sdk/share/dynamixel_sdk/package.dsv
[1.158s] -- Symlinking: /home/x/Desktop/workspace/12-dof-robot/install/dynamixel_sdk/share/ament_index/resource_index/packages/dynamixel_sdk
[1.165s] -- Symlinking: /home/x/Desktop/workspace/12-dof-robot/install/dynamixel_sdk/share/dynamixel_sdk/cmake/ament_cmake_export_include_directories-extras.cmake
[1.171s] -- Symlinking: /home/x/Desktop/workspace/12-dof-robot/install/dynamixel_sdk/share/dynamixel_sdk/cmake/ament_cmake_export_libraries-extras.cmake
[1.178s] -- Symlinking: /home/x/Desktop/workspace/12-dof-robot/install/dynamixel_sdk/share/dynamixel_sdk/cmake/dynamixel_sdkConfig.cmake
[1.184s] -- Symlinking: /home/x/Desktop/workspace/12-dof-robot/install/dynamixel_sdk/share/dynamixel_sdk/cmake/dynamixel_sdkConfig-version.cmake
[1.190s] -- Symlinking: /home/x/Desktop/workspace/12-dof-robot/install/dynamixel_sdk/share/dynamixel_sdk/package.xml
[1.198s] Invoked command in '/home/x/Desktop/workspace/12-dof-robot/build/dynamixel_sdk' returned '0': CMAKE_PREFIX_PATH=${CMAKE_PREFIX_PATH}:/home/x/Desktop/workspace/12-dof-robot/install/open_manipulator_x_teleop:/home/x/omx_ws/install/open_manipulator_x_teleop:/home/x/Desktop/workspace/omx_tester/install/open_manipulator_x_teleop:/opt/ros/humble /usr/bin/cmake --install /home/x/Desktop/workspace/12-dof-robot/build/dynamixel_sdk
