[01m[K/home/x/Desktop/workspace/12-dof-robot/src/open_manipulator/open_manipulator_x_controller/src/open_manipulator_x_controller.cpp:[m[K In member function ‘[01m[Kvoid open_manipulator_x_controller::OpenManipulatorXController::init_publisher()[m[K’:
[01m[K/home/x/Desktop/workspace/12-dof-robot/src/open_manipulator/open_manipulator_x_controller/src/open_manipulator_x_controller.cpp:133:21:[m[K [01;35m[Kwarning: [m[Kunused variable ‘[01m[Kname[m[K’ [[01;35m[K]8;;https://gcc.gnu.org/onlinedocs/gcc/Warning-Options.html#index-Wunused-variable-Wunused-variable]8;;[m[K]
  133 |   for (auto const & [01;35m[Kname[m[K:tools_name)
      |                     [01;35m[K^~~~[m[K
In file included from [01m[K/opt/ros/humble/include/rclcpp/rclcpp/logging.hpp:24[m[K,
                 from [01m[K/opt/ros/humble/include/rclcpp/rclcpp/client.hpp:40[m[K,
                 from [01m[K/opt/ros/humble/include/rclcpp/rclcpp/callback_group.hpp:24[m[K,
                 from [01m[K/opt/ros/humble/include/rclcpp/rclcpp/any_executable.hpp:20[m[K,
                 from [01m[K/opt/ros/humble/include/rclcpp/rclcpp/memory_strategy.hpp:25[m[K,
                 from [01m[K/opt/ros/humble/include/rclcpp/rclcpp/memory_strategies.hpp:18[m[K,
                 from [01m[K/opt/ros/humble/include/rclcpp/rclcpp/executor_options.hpp:20[m[K,
                 from [01m[K/opt/ros/humble/include/rclcpp/rclcpp/executor.hpp:37[m[K,
                 from [01m[K/opt/ros/humble/include/rclcpp/rclcpp/executors/multi_threaded_executor.hpp:25[m[K,
                 from [01m[K/opt/ros/humble/include/rclcpp/rclcpp/executors.hpp:21[m[K,
                 from [01m[K/opt/ros/humble/include/rclcpp/rclcpp/rclcpp.hpp:155[m[K,
                 from [01m[K/home/x/Desktop/workspace/12-dof-robot/src/open_manipulator/open_manipulator_x_controller/include/open_manipulator_x_controller/open_manipulator_x_controller.hpp:27[m[K,
                 from [01m[K/home/x/Desktop/workspace/12-dof-robot/src/open_manipulator/open_manipulator_x_controller/src/open_manipulator_x_controller.cpp:17[m[K:
[01m[K/home/x/Desktop/workspace/12-dof-robot/src/open_manipulator/open_manipulator_x_controller/src/open_manipulator_x_controller.cpp:[m[K In member function ‘[01m[Kvoid open_manipulator_x_controller::OpenManipulatorXController::goal_tool_control_callback(std::shared_ptr<open_manipulator_msgs::srv::SetJointPosition_Request_<std::allocator<void> > >, std::shared_ptr<open_manipulator_msgs::srv::SetJointPosition_Response_<std::allocator<void> > >)[m[K’:
[01m[K/home/x/Desktop/workspace/12-dof-robot/src/open_manipulator/open_manipulator_x_controller/src/open_manipulator_x_controller.cpp:380:47:[m[K [01;35m[Kwarning: [m[Kformat ‘[01m[K%s[m[K’ expects argument of type ‘[01m[Kchar*[m[K’, but argument 5 has type ‘[01m[K__gnu_cxx::__alloc_traits<std::allocator<std::__cxx11::basic_string<char> >, std::__cxx11::basic_string<char> >::value_type[m[K’ {aka ‘[01m[Kstd::__cxx11::basic_string<char>[m[K’} [[01;35m[K]8;;https://gcc.gnu.org/onlinedocs/gcc/Warning-Options.html#index-Wformat=-Wformat=]8;;[m[K]
  380 |     RCLCPP_INFO(rclcpp::get_logger("rclcpp"), [01;35m[K"%s"[m[K, req->joint_position.joint_name.at(i));
      |                                               [01;35m[K^~~~[m[K
[01m[K/home/x/Desktop/workspace/12-dof-robot/src/open_manipulator/open_manipulator_x_controller/src/open_manipulator_x_controller.cpp:380:49:[m[K [01;36m[Knote: [m[Kformat string is defined here
  380 |     RCLCPP_INFO(rclcpp::get_logger("rclcpp"), "[01;36m[K%s[m[K", req->joint_position.joint_name.at(i));
      |                                                [01;36m[K~^[m[K
      |                                                 [01;36m[K|[m[K
      |                                                 [01;36m[Kchar*[m[K
