[0.023s] Invoking command in '/home/x/Desktop/workspace/12-dof-robot/build/cmake_modules': CMAKE_PREFIX_PATH=${CMAKE_PREFIX_PATH}:/home/x/Desktop/workspace/12-dof-robot/install/open_manipulator_x_teleop:/home/x/omx_ws/install/open_manipulator_x_teleop:/home/x/Desktop/workspace/omx_tester/install/open_manipulator_x_master_slave:/home/x/Desktop/workspace/omx_tester/install/open_manipulator_x_libs:/home/x/Desktop/workspace/omx_tester/install/robotis_manipulator:/home/x/Desktop/workspace/omx_tester/install/open_manipulator_x_teleop:/home/x/Desktop/workspace/omx_tester/install/open_manipulator_x_description:/home/x/Desktop/workspace/omx_tester/install/open_manipulator_msgs:/home/x/Desktop/workspace/omx_tester/install/dynamixel_workbench:/home/x/Desktop/workspace/omx_tester/install/dynamixel_workbench_toolbox:/home/x/Desktop/workspace/omx_tester/install/dynamixel_sdk_examples:/home/x/Desktop/workspace/omx_tester/install/dynamixel_sdk_custom_interfaces:/home/x/Desktop/workspace/omx_tester/install/dynamixel_sdk:/home/x/Desktop/workspace/omx_tester/install/cmake_modules:/opt/ros/humble /usr/bin/cmake --build /home/x/Desktop/workspace/12-dof-robot/build/cmake_modules -- -j20 -l20
[0.048s] Invoked command in '/home/x/Desktop/workspace/12-dof-robot/build/cmake_modules' returned '0': CMAKE_PREFIX_PATH=${CMAKE_PREFIX_PATH}:/home/x/Desktop/workspace/12-dof-robot/install/open_manipulator_x_teleop:/home/x/omx_ws/install/open_manipulator_x_teleop:/home/x/Desktop/workspace/omx_tester/install/open_manipulator_x_master_slave:/home/x/Desktop/workspace/omx_tester/install/open_manipulator_x_libs:/home/x/Desktop/workspace/omx_tester/install/robotis_manipulator:/home/x/Desktop/workspace/omx_tester/install/open_manipulator_x_teleop:/home/x/Desktop/workspace/omx_tester/install/open_manipulator_x_description:/home/x/Desktop/workspace/omx_tester/install/open_manipulator_msgs:/home/x/Desktop/workspace/omx_tester/install/dynamixel_workbench:/home/x/Desktop/workspace/omx_tester/install/dynamixel_workbench_toolbox:/home/x/Desktop/workspace/omx_tester/install/dynamixel_sdk_examples:/home/x/Desktop/workspace/omx_tester/install/dynamixel_sdk_custom_interfaces:/home/x/Desktop/workspace/omx_tester/install/dynamixel_sdk:/home/x/Desktop/workspace/omx_tester/install/cmake_modules:/opt/ros/humble /usr/bin/cmake --build /home/x/Desktop/workspace/12-dof-robot/build/cmake_modules -- -j20 -l20
[0.077s] Invoking command in '/home/x/Desktop/workspace/12-dof-robot/build/cmake_modules': CMAKE_PREFIX_PATH=${CMAKE_PREFIX_PATH}:/home/x/Desktop/workspace/12-dof-robot/install/open_manipulator_x_teleop:/home/x/omx_ws/install/open_manipulator_x_teleop:/home/x/Desktop/workspace/omx_tester/install/open_manipulator_x_master_slave:/home/x/Desktop/workspace/omx_tester/install/open_manipulator_x_libs:/home/x/Desktop/workspace/omx_tester/install/robotis_manipulator:/home/x/Desktop/workspace/omx_tester/install/open_manipulator_x_teleop:/home/x/Desktop/workspace/omx_tester/install/open_manipulator_x_description:/home/x/Desktop/workspace/omx_tester/install/open_manipulator_msgs:/home/x/Desktop/workspace/omx_tester/install/dynamixel_workbench:/home/x/Desktop/workspace/omx_tester/install/dynamixel_workbench_toolbox:/home/x/Desktop/workspace/omx_tester/install/dynamixel_sdk_examples:/home/x/Desktop/workspace/omx_tester/install/dynamixel_sdk_custom_interfaces:/home/x/Desktop/workspace/omx_tester/install/dynamixel_sdk:/home/x/Desktop/workspace/omx_tester/install/cmake_modules:/opt/ros/humble /usr/bin/cmake --install /home/x/Desktop/workspace/12-dof-robot/build/cmake_modules
[0.085s] -- Install configuration: "Debug"
[0.086s] -- Execute custom install script
[0.086s] -- Up-to-date symlink: /home/x/Desktop/workspace/12-dof-robot/install/cmake_modules/share/cmake_modules/cmake/Modules/FindGSL.cmake
[0.086s] -- Up-to-date symlink: /home/x/Desktop/workspace/12-dof-robot/install/cmake_modules/share/cmake_modules/cmake/Modules/FindGflags.cmake
[0.086s] -- Up-to-date symlink: /home/x/Desktop/workspace/12-dof-robot/install/cmake_modules/share/cmake_modules/cmake/Modules/FindNUMPY.cmake
[0.087s] -- Up-to-date symlink: /home/x/Desktop/workspace/12-dof-robot/install/cmake_modules/share/cmake_modules/cmake/Modules/FindPoco.cmake
[0.087s] -- Up-to-date symlink: /home/x/Desktop/workspace/12-dof-robot/install/cmake_modules/share/cmake_modules/cmake/Modules/FindTBB.cmake
[0.087s] -- Up-to-date symlink: /home/x/Desktop/workspace/12-dof-robot/install/cmake_modules/share/cmake_modules/cmake/Modules/FindTinyXML.cmake
[0.087s] -- Up-to-date symlink: /home/x/Desktop/workspace/12-dof-robot/install/cmake_modules/share/cmake_modules/cmake/Modules/FindTinyXML2.cmake
[0.087s] -- Up-to-date symlink: /home/x/Desktop/workspace/12-dof-robot/install/cmake_modules/share/cmake_modules/cmake/Modules/FindUUID.cmake
[0.087s] -- Up-to-date symlink: /home/x/Desktop/workspace/12-dof-robot/install/cmake_modules/share/cmake_modules/cmake/Modules/FindXenomai.cmake
[0.087s] -- Up-to-date symlink: /home/x/Desktop/workspace/12-dof-robot/install/cmake_modules/share/ament_index/resource_index/package_run_dependencies/cmake_modules
[0.087s] -- Up-to-date symlink: /home/x/Desktop/workspace/12-dof-robot/install/cmake_modules/share/ament_index/resource_index/parent_prefix_path/cmake_modules
[0.088s] -- Up-to-date symlink: /home/x/Desktop/workspace/12-dof-robot/install/cmake_modules/share/cmake_modules/environment/ament_prefix_path.sh
[0.088s] -- Up-to-date symlink: /home/x/Desktop/workspace/12-dof-robot/install/cmake_modules/share/cmake_modules/environment/ament_prefix_path.dsv
[0.089s] -- Up-to-date symlink: /home/x/Desktop/workspace/12-dof-robot/install/cmake_modules/share/cmake_modules/environment/path.sh
[0.089s] -- Up-to-date symlink: /home/x/Desktop/workspace/12-dof-robot/install/cmake_modules/share/cmake_modules/environment/path.dsv
[0.090s] -- Up-to-date symlink: /home/x/Desktop/workspace/12-dof-robot/install/cmake_modules/share/cmake_modules/local_setup.bash
[0.090s] -- Up-to-date symlink: /home/x/Desktop/workspace/12-dof-robot/install/cmake_modules/share/cmake_modules/local_setup.sh
[0.090s] -- Up-to-date symlink: /home/x/Desktop/workspace/12-dof-robot/install/cmake_modules/share/cmake_modules/local_setup.zsh
[0.090s] -- Up-to-date symlink: /home/x/Desktop/workspace/12-dof-robot/install/cmake_modules/share/cmake_modules/local_setup.dsv
[0.091s] -- Symlinking: /home/x/Desktop/workspace/12-dof-robot/install/cmake_modules/share/cmake_modules/package.dsv
[0.097s] -- Up-to-date symlink: /home/x/Desktop/workspace/12-dof-robot/install/cmake_modules/share/ament_index/resource_index/packages/cmake_modules
[0.097s] -- Up-to-date symlink: /home/x/Desktop/workspace/12-dof-robot/install/cmake_modules/share/cmake_modules/cmake/cmake_modules-extras.cmake
[0.097s] -- Up-to-date symlink: /home/x/Desktop/workspace/12-dof-robot/install/cmake_modules/share/cmake_modules/cmake/ament_cmake_export_dependencies-extras.cmake
[0.097s] -- Up-to-date symlink: /home/x/Desktop/workspace/12-dof-robot/install/cmake_modules/share/cmake_modules/cmake/cmake_modulesConfig.cmake
[0.097s] -- Up-to-date symlink: /home/x/Desktop/workspace/12-dof-robot/install/cmake_modules/share/cmake_modules/cmake/cmake_modulesConfig-version.cmake
[0.097s] -- Up-to-date symlink: /home/x/Desktop/workspace/12-dof-robot/install/cmake_modules/share/cmake_modules/package.xml
[0.099s] Invoked command in '/home/x/Desktop/workspace/12-dof-robot/build/cmake_modules' returned '0': CMAKE_PREFIX_PATH=${CMAKE_PREFIX_PATH}:/home/x/Desktop/workspace/12-dof-robot/install/open_manipulator_x_teleop:/home/x/omx_ws/install/open_manipulator_x_teleop:/home/x/Desktop/workspace/omx_tester/install/open_manipulator_x_master_slave:/home/x/Desktop/workspace/omx_tester/install/open_manipulator_x_libs:/home/x/Desktop/workspace/omx_tester/install/robotis_manipulator:/home/x/Desktop/workspace/omx_tester/install/open_manipulator_x_teleop:/home/x/Desktop/workspace/omx_tester/install/open_manipulator_x_description:/home/x/Desktop/workspace/omx_tester/install/open_manipulator_msgs:/home/x/Desktop/workspace/omx_tester/install/dynamixel_workbench:/home/x/Desktop/workspace/omx_tester/install/dynamixel_workbench_toolbox:/home/x/Desktop/workspace/omx_tester/install/dynamixel_sdk_examples:/home/x/Desktop/workspace/omx_tester/install/dynamixel_sdk_custom_interfaces:/home/x/Desktop/workspace/omx_tester/install/dynamixel_sdk:/home/x/Desktop/workspace/omx_tester/install/cmake_modules:/opt/ros/humble /usr/bin/cmake --install /home/x/Desktop/workspace/12-dof-robot/build/cmake_modules
