[0.014s] Invoking command in '/home/x/Desktop/workspace/12-dof-robot/build/open_manipulator_x_libs': CMAKE_PREFIX_PATH=/home/x/Desktop/workspace/12-dof-robot/install/robotis_manipulator:/home/x/Desktop/workspace/12-dof-robot/install/dynamixel_workbench_toolbox:/home/x/Desktop/workspace/12-dof-robot/install/dynamixel_sdk:/home/x/Desktop/workspace/12-dof-robot/install/cmake_modules:/home/x/Desktop/workspace/12-dof-robot/install/open_manipulator_x_applications:/home/x/Desktop/workspace/12-dof-robot/install/open_manipulator_x_master_slave:/home/x/Desktop/workspace/12-dof-robot/install/open_manipulator:/home/x/Desktop/workspace/12-dof-robot/install/open_manipulator_x_controller:/home/x/Desktop/workspace/12-dof-robot/install/open_manipulator_x_libs:/home/x/Desktop/workspace/12-dof-robot/install/open_manipulator_x_description:/home/x/Desktop/workspace/12-dof-robot/install/open_manipulator_msgs:/home/x/Desktop/workspace/12-dof-robot/install/dynamixel_workbench:/home/x/Desktop/workspace/12-dof-robot/install/dynamixel_sdk_examples:/home/x/Desktop/workspace/12-dof-robot/install/dynamixel_sdk_custom_interfaces:/home/x/omx_ws/install/open_manipulator_x_applications:/home/x/omx_ws/install/open_manipulator_x_master_slave:/home/x/omx_ws/install/open_manipulator:/home/x/omx_ws/install/open_manipulator_x_controller:/home/x/omx_ws/install/open_manipulator_x_libs:/home/x/omx_ws/install/robotis_manipulator:/home/x/omx_ws/install/open_manipulator_x_description:/home/x/omx_ws/install/open_manipulator_msgs:/home/x/omx_ws/install/dynamixel_workbench:/home/x/omx_ws/install/dynamixel_workbench_toolbox:/home/x/omx_ws/install/dynamixel_sdk_examples:/home/x/omx_ws/install/dynamixel_sdk_custom_interfaces:/home/x/omx_ws/install/dynamixel_sdk:/home/x/omx_ws/install/cmake_modules:/home/x/Desktop/workspace/omx_tester/install/open_manipulator_x_applications:/home/x/Desktop/workspace/omx_tester/install/open_manipulator:/home/x/Desktop/workspace/omx_tester/install/open_manipulator_x_controller:/home/x/Desktop/workspace/12-dof-robot/install/open_manipulator_x_teleop:/home/x/omx_ws/install/open_manipulator_x_teleop:/home/x/Desktop/workspace/omx_tester/install/open_manipulator_x_master_slave:/home/x/Desktop/workspace/omx_tester/install/open_manipulator_x_libs:/home/x/Desktop/workspace/omx_tester/install/robotis_manipulator:/home/x/Desktop/workspace/omx_tester/install/open_manipulator_x_teleop:/home/x/Desktop/workspace/omx_tester/install/open_manipulator_x_description:/home/x/Desktop/workspace/omx_tester/install/open_manipulator_msgs:/home/x/Desktop/workspace/omx_tester/install/dynamixel_workbench:/home/x/Desktop/workspace/omx_tester/install/dynamixel_workbench_toolbox:/home/x/Desktop/workspace/omx_tester/install/dynamixel_sdk_examples:/home/x/Desktop/workspace/omx_tester/install/dynamixel_sdk_custom_interfaces:/home/x/Desktop/workspace/omx_tester/install/dynamixel_sdk:/home/x/Desktop/workspace/omx_tester/install/cmake_modules:/opt/ros/humble LD_LIBRARY_PATH=/home/x/Desktop/workspace/12-dof-robot/install/robotis_manipulator/lib:/home/x/Desktop/workspace/12-dof-robot/install/dynamixel_workbench_toolbox/lib:/home/x/Desktop/workspace/12-dof-robot/install/dynamixel_sdk/lib:/home/x/Desktop/workspace/12-dof-robot/install/open_manipulator_x_libs/lib:/home/x/Desktop/workspace/12-dof-robot/install/open_manipulator_msgs/lib:/home/x/Desktop/workspace/12-dof-robot/install/dynamixel_sdk_custom_interfaces/lib:/home/x/omx_ws/install/open_manipulator_x_libs/lib:/home/x/omx_ws/install/robotis_manipulator/lib:/home/x/omx_ws/install/open_manipulator_msgs/lib:/home/x/omx_ws/install/dynamixel_workbench_toolbox/lib:/home/x/omx_ws/install/dynamixel_sdk_custom_interfaces/lib:/home/x/omx_ws/install/dynamixel_sdk/lib:/home/x/Desktop/workspace/omx_tester/install/open_manipulator_x_libs/lib:/home/x/Desktop/workspace/omx_tester/install/robotis_manipulator/lib:/home/x/Desktop/workspace/omx_tester/install/open_manipulator_msgs/lib:/home/x/Desktop/workspace/omx_tester/install/dynamixel_workbench_toolbox/lib:/home/x/Desktop/workspace/omx_tester/install/dynamixel_sdk_custom_interfaces/lib:/home/x/Desktop/workspace/omx_tester/install/dynamixel_sdk/lib:/opt/ros/humble/opt/rviz_ogre_vendor/lib:/opt/ros/humble/lib/x86_64-linux-gnu:/opt/ros/humble/lib /usr/bin/cmake --build /home/x/Desktop/workspace/12-dof-robot/build/open_manipulator_x_libs -- -j20 -l20
[0.044s] [35m[1mConsolidate compiler generated dependencies of target open_manipulator_x_libs[0m
[0.063s] [ 20%] [32mBuilding CXX object CMakeFiles/open_manipulator_x_libs.dir/src/open_manipulator_x.cpp.o[0m
[2.544s] [01m[K/home/x/Desktop/workspace/12-dof-robot/src/open_manipulator/open_manipulator_x_libs/src/open_manipulator_x.cpp:[m[K In member function ‘[01m[Kvoid OpenManipulatorX::init_open_manipulator_x(bool, STRING, STRING, float, std::vector<unsigned char>)[m[K’:
[2.544s] [01m[K/home/x/Desktop/workspace/12-dof-robot/src/open_manipulator/open_manipulator_x_libs/src/open_manipulator_x.cpp:131:17:[m[K [01;31m[Kerror: [m[Kexpected ‘[01m[K)[m[K’ before numeric constant
[2.544s]   131 |           -0.015[01;31m[K [m[K    // Change unit from `meter` to `radian`
[2.544s]       |                 [01;31m[K^[m[K
[2.545s]       |                 [32m[K)[m[K
[2.545s]   132 |           [32m[K3.2218127e-02[m[K * 2,                                                    // mass
[2.545s]       |           [32m[K~~~~~~~~~~~~~[m[K
[2.545s] [01m[K/home/x/Desktop/workspace/12-dof-robot/src/open_manipulator/open_manipulator_x_libs/src/open_manipulator_x.cpp:124:10:[m[K [01;36m[Knote: [m[Kto match this ‘[01m[K([m[K’
[2.545s]   124 |   addTool[01;36m[K([m[K"gripper01",  // my name
[2.545s]       |          [01;36m[K^[m[K
[2.545s] [01m[K/home/x/Desktop/workspace/12-dof-robot/src/open_manipulator/open_manipulator_x_libs/src/open_manipulator_x.cpp:133:30:[m[K [01;31m[Kerror: [m[Kcannot convert ‘[01m[KEigen::Matrix3d[m[K’ {aka ‘[01m[KEigen::Matrix<double, 3, 3>[m[K’} to ‘[01m[Kdouble[m[K’
[2.545s]   133 |           [01;31m[Kmath::inertiaMatrix(9.5568826e-06, 2.8424644e-06, -3.2829197e-10,[m[K
[2.545s]       |           [01;31m[K~~~~~~~~~~~~~~~~~~~^~~~~~~~~~~~~~~~~~~~~~~~~~~~~~~~~~~~~~~~~~~~~~[m[K
[2.545s]       |                              [01;31m[K|[m[K
[2.545s]       |                              [01;31m[KEigen::Matrix3d {aka Eigen::Matrix<double, 3, 3>}[m[K
[2.545s]   134 | [01;31m[K                              2.2552871e-05, -3.1463634e-10,[m[K
[2.545s]       |                               [01;31m[K~~~~~~~~~~~~~~~~~~~~~~~~~~~~~~[m[K
[2.545s]   135 | [01;31m[K                              1.7605306e-05)[m[K,                                   // inertial tensor
[2.545s]       |                               [01;31m[K~~~~~~~~~~~~~~[m[K
[2.545s] In file included from [01m[K/home/x/Desktop/workspace/12-dof-robot/src/open_manipulator/open_manipulator_x_libs/src/../include/open_manipulator_x_libs/dynamixel.hpp:24[m[K,
[2.545s]                  from [01m[K/home/x/Desktop/workspace/12-dof-robot/src/open_manipulator/open_manipulator_x_libs/src/../include/open_manipulator_x_libs/open_manipulator_x.hpp:20[m[K,
[2.546s]                  from [01m[K/home/x/Desktop/workspace/12-dof-robot/src/open_manipulator/open_manipulator_x_libs/src/open_manipulator_x.cpp:2[m[K:
[2.546s] [01m[K/home/x/Desktop/workspace/12-dof-robot/install/robotis_manipulator/include/robotis_manipulator/robotis_manipulator.h:87:23:[m[K [01;36m[Knote: [m[K  initializing argument 9 of ‘[01m[Kvoid robotis_manipulator::RobotisManipulator::addTool(robotis_manipulator::Name, robotis_manipulator::Name, Eigen::Vector3d, Eigen::Matrix3d, int8_t, double, double, double, double, Eigen::Matrix3d, Eigen::Vector3d)[m[K’
[2.546s]    87 |                [01;36m[Kdouble mass = 0.0[m[K,
[2.546s]       |                [01;36m[K~~~~~~~^~~~~~~~~~[m[K
[2.546s] [01m[K/home/x/Desktop/workspace/12-dof-robot/src/open_manipulator/open_manipulator_x_libs/src/open_manipulator_x.cpp:249:17:[m[K [01;31m[Kerror: [m[Kexpected ‘[01m[K)[m[K’ before numeric constant
[2.546s]   249 |           -0.015[01;31m[K [m[K    // Change unit from `meter` to `radian`
[2.546s]       |                 [01;31m[K^[m[K
[2.546s]       |                 [32m[K)[m[K
[2.546s]   250 |           [32m[K3.2218127e-02[m[K * 2,                                                    // mass
[2.546s]       |           [32m[K~~~~~~~~~~~~~[m[K
[2.546s] [01m[K/home/x/Desktop/workspace/12-dof-robot/src/open_manipulator/open_manipulator_x_libs/src/open_manipulator_x.cpp:242:10:[m[K [01;36m[Knote: [m[Kto match this ‘[01m[K([m[K’
[2.546s]   242 |   addTool[01;36m[K([m[K"gripper02",  // my name
[2.546s]       |          [01;36m[K^[m[K
[2.546s] [01m[K/home/x/Desktop/workspace/12-dof-robot/src/open_manipulator/open_manipulator_x_libs/src/open_manipulator_x.cpp:251:30:[m[K [01;31m[Kerror: [m[Kcannot convert ‘[01m[KEigen::Matrix3d[m[K’ {aka ‘[01m[KEigen::Matrix<double, 3, 3>[m[K’} to ‘[01m[Kdouble[m[K’
[2.546s]   251 |           [01;31m[Kmath::inertiaMatrix(9.5568826e-06, 2.8424644e-06, -3.2829197e-10,[m[K
[2.546s]       |           [01;31m[K~~~~~~~~~~~~~~~~~~~^~~~~~~~~~~~~~~~~~~~~~~~~~~~~~~~~~~~~~~~~~~~~~[m[K
[2.546s]       |                              [01;31m[K|[m[K
[2.546s]       |                              [01;31m[KEigen::Matrix3d {aka Eigen::Matrix<double, 3, 3>}[m[K
[2.546s]   252 | [01;31m[K                              2.2552871e-05, -3.1463634e-10,[m[K
[2.546s]       |                               [01;31m[K~~~~~~~~~~~~~~~~~~~~~~~~~~~~~~[m[K
[2.546s]   253 | [01;31m[K                              1.7605306e-05)[m[K,                                   // inertial tensor
[2.546s]       |                               [01;31m[K~~~~~~~~~~~~~~[m[K
[2.546s] In file included from [01m[K/home/x/Desktop/workspace/12-dof-robot/src/open_manipulator/open_manipulator_x_libs/src/../include/open_manipulator_x_libs/dynamixel.hpp:24[m[K,
[2.547s]                  from [01m[K/home/x/Desktop/workspace/12-dof-robot/src/open_manipulator/open_manipulator_x_libs/src/../include/open_manipulator_x_libs/open_manipulator_x.hpp:20[m[K,
[2.547s]                  from [01m[K/home/x/Desktop/workspace/12-dof-robot/src/open_manipulator/open_manipulator_x_libs/src/open_manipulator_x.cpp:2[m[K:
[2.547s] [01m[K/home/x/Desktop/workspace/12-dof-robot/install/robotis_manipulator/include/robotis_manipulator/robotis_manipulator.h:87:23:[m[K [01;36m[Knote: [m[K  initializing argument 9 of ‘[01m[Kvoid robotis_manipulator::RobotisManipulator::addTool(robotis_manipulator::Name, robotis_manipulator::Name, Eigen::Vector3d, Eigen::Matrix3d, int8_t, double, double, double, double, Eigen::Matrix3d, Eigen::Vector3d)[m[K’
[2.547s]    87 |                [01;36m[Kdouble mass = 0.0[m[K,
[2.547s]       |                [01;36m[K~~~~~~~^~~~~~~~~~[m[K
[2.930s] gmake[2]: *** [CMakeFiles/open_manipulator_x_libs.dir/build.make:118: CMakeFiles/open_manipulator_x_libs.dir/src/open_manipulator_x.cpp.o] Error 1
[2.930s] gmake[1]: *** [CMakeFiles/Makefile2:137: CMakeFiles/open_manipulator_x_libs.dir/all] Error 2
[2.930s] gmake: *** [Makefile:146: all] Error 2
[2.932s] Invoked command in '/home/x/Desktop/workspace/12-dof-robot/build/open_manipulator_x_libs' returned '2': CMAKE_PREFIX_PATH=/home/x/Desktop/workspace/12-dof-robot/install/robotis_manipulator:/home/x/Desktop/workspace/12-dof-robot/install/dynamixel_workbench_toolbox:/home/x/Desktop/workspace/12-dof-robot/install/dynamixel_sdk:/home/x/Desktop/workspace/12-dof-robot/install/cmake_modules:/home/x/Desktop/workspace/12-dof-robot/install/open_manipulator_x_applications:/home/x/Desktop/workspace/12-dof-robot/install/open_manipulator_x_master_slave:/home/x/Desktop/workspace/12-dof-robot/install/open_manipulator:/home/x/Desktop/workspace/12-dof-robot/install/open_manipulator_x_controller:/home/x/Desktop/workspace/12-dof-robot/install/open_manipulator_x_libs:/home/x/Desktop/workspace/12-dof-robot/install/open_manipulator_x_description:/home/x/Desktop/workspace/12-dof-robot/install/open_manipulator_msgs:/home/x/Desktop/workspace/12-dof-robot/install/dynamixel_workbench:/home/x/Desktop/workspace/12-dof-robot/install/dynamixel_sdk_examples:/home/x/Desktop/workspace/12-dof-robot/install/dynamixel_sdk_custom_interfaces:/home/x/omx_ws/install/open_manipulator_x_applications:/home/x/omx_ws/install/open_manipulator_x_master_slave:/home/x/omx_ws/install/open_manipulator:/home/x/omx_ws/install/open_manipulator_x_controller:/home/x/omx_ws/install/open_manipulator_x_libs:/home/x/omx_ws/install/robotis_manipulator:/home/x/omx_ws/install/open_manipulator_x_description:/home/x/omx_ws/install/open_manipulator_msgs:/home/x/omx_ws/install/dynamixel_workbench:/home/x/omx_ws/install/dynamixel_workbench_toolbox:/home/x/omx_ws/install/dynamixel_sdk_examples:/home/x/omx_ws/install/dynamixel_sdk_custom_interfaces:/home/x/omx_ws/install/dynamixel_sdk:/home/x/omx_ws/install/cmake_modules:/home/x/Desktop/workspace/omx_tester/install/open_manipulator_x_applications:/home/x/Desktop/workspace/omx_tester/install/open_manipulator:/home/x/Desktop/workspace/omx_tester/install/open_manipulator_x_controller:/home/x/Desktop/workspace/12-dof-robot/install/open_manipulator_x_teleop:/home/x/omx_ws/install/open_manipulator_x_teleop:/home/x/Desktop/workspace/omx_tester/install/open_manipulator_x_master_slave:/home/x/Desktop/workspace/omx_tester/install/open_manipulator_x_libs:/home/x/Desktop/workspace/omx_tester/install/robotis_manipulator:/home/x/Desktop/workspace/omx_tester/install/open_manipulator_x_teleop:/home/x/Desktop/workspace/omx_tester/install/open_manipulator_x_description:/home/x/Desktop/workspace/omx_tester/install/open_manipulator_msgs:/home/x/Desktop/workspace/omx_tester/install/dynamixel_workbench:/home/x/Desktop/workspace/omx_tester/install/dynamixel_workbench_toolbox:/home/x/Desktop/workspace/omx_tester/install/dynamixel_sdk_examples:/home/x/Desktop/workspace/omx_tester/install/dynamixel_sdk_custom_interfaces:/home/x/Desktop/workspace/omx_tester/install/dynamixel_sdk:/home/x/Desktop/workspace/omx_tester/install/cmake_modules:/opt/ros/humble LD_LIBRARY_PATH=/home/x/Desktop/workspace/12-dof-robot/install/robotis_manipulator/lib:/home/x/Desktop/workspace/12-dof-robot/install/dynamixel_workbench_toolbox/lib:/home/x/Desktop/workspace/12-dof-robot/install/dynamixel_sdk/lib:/home/x/Desktop/workspace/12-dof-robot/install/open_manipulator_x_libs/lib:/home/x/Desktop/workspace/12-dof-robot/install/open_manipulator_msgs/lib:/home/x/Desktop/workspace/12-dof-robot/install/dynamixel_sdk_custom_interfaces/lib:/home/x/omx_ws/install/open_manipulator_x_libs/lib:/home/x/omx_ws/install/robotis_manipulator/lib:/home/x/omx_ws/install/open_manipulator_msgs/lib:/home/x/omx_ws/install/dynamixel_workbench_toolbox/lib:/home/x/omx_ws/install/dynamixel_sdk_custom_interfaces/lib:/home/x/omx_ws/install/dynamixel_sdk/lib:/home/x/Desktop/workspace/omx_tester/install/open_manipulator_x_libs/lib:/home/x/Desktop/workspace/omx_tester/install/robotis_manipulator/lib:/home/x/Desktop/workspace/omx_tester/install/open_manipulator_msgs/lib:/home/x/Desktop/workspace/omx_tester/install/dynamixel_workbench_toolbox/lib:/home/x/Desktop/workspace/omx_tester/install/dynamixel_sdk_custom_interfaces/lib:/home/x/Desktop/workspace/omx_tester/install/dynamixel_sdk/lib:/opt/ros/humble/opt/rviz_ogre_vendor/lib:/opt/ros/humble/lib/x86_64-linux-gnu:/opt/ros/humble/lib /usr/bin/cmake --build /home/x/Desktop/workspace/12-dof-robot/build/open_manipulator_x_libs -- -j20 -l20
