[01m[K/home/x/Desktop/workspace/12-dof-robot/src/open_manipulator_applications/open_manipulator_x_master_slave/src/open_manipulator_x_master_slave.cpp:[m[K In member function ‘[01m[Kbool OpenManipulatorXMasterSlave::set_joint_space_path(double, std::vector<double, std::allocator<double> >)[m[K’:
[01m[K/home/x/Desktop/workspace/12-dof-robot/src/open_manipulator_applications/open_manipulator_x_master_slave/src/open_manipulator_x_master_slave.cpp:206:1:[m[K [01;35m[Kwarning: [m[Kno return statement in function returning non-void [[01;35m[K]8;;https://gcc.gnu.org/onlinedocs/gcc/Warning-Options.html#index-Wreturn-type-Wreturn-type]8;;[m[K]
  206 | [01;35m[K}[m[K
      | [01;35m[K^[m[K
[01m[K/home/x/Desktop/workspace/12-dof-robot/src/open_manipulator_applications/open_manipulator_x_master_slave/src/open_manipulator_x_master_slave.cpp:124:63:[m[K [01;35m[Kwarning: [m[Kunused parameter ‘[01m[Kpath_time[m[K’ [[01;35m[K]8;;https://gcc.gnu.org/onlinedocs/gcc/Warning-Options.html#index-Wunused-parameter-Wunused-parameter]8;;[m[K]
  124 | bool OpenManipulatorXMasterSlave::set_joint_space_path([01;35m[Kdouble path_time[m[K, std::vector<double> joint_angle){
      |                                                        [01;35m[K~~~~~~~^~~~~~~~~[m[K
[01m[K/home/x/Desktop/workspace/12-dof-robot/src/open_manipulator_applications/open_manipulator_x_master_slave/src/open_manipulator_x_master_slave.cpp:[m[K In member function ‘[01m[Kbool OpenManipulatorXMasterSlave::set_tool_control(double)[m[K’:
[01m[K/home/x/Desktop/workspace/12-dof-robot/src/open_manipulator_applications/open_manipulator_x_master_slave/src/open_manipulator_x_master_slave.cpp:298:55:[m[K [01;31m[Kerror: [m[Kno match for ‘[01m[Koperator=[m[K’ (operand types are ‘[01m[Krobotis_manipulator::JointWaypoint[m[K’ {aka ‘[01m[Kstd::vector<robotis_manipulator::_Point>[m[K’} and ‘[01m[Kstd::vector<double, std::allocator<double> >[m[K’)
  298 |   tool_value = open_manipulator_x_.getAllToolPosition([01;31m[K)[m[K;
      |                                                       [01;31m[K^[m[K
In file included from [01m[K/usr/include/c++/11/vector:72[m[K,
                 from [01m[K/usr/include/c++/11/functional:62[m[K,
                 from [01m[K/usr/include/c++/11/pstl/glue_algorithm_defs.h:13[m[K,
                 from [01m[K/usr/include/c++/11/algorithm:74[m[K,
                 from [01m[K/opt/ros/humble/include/rclcpp/rclcpp/executor.hpp:18[m[K,
                 from [01m[K/opt/ros/humble/include/rclcpp/rclcpp/executors/multi_threaded_executor.hpp:25[m[K,
                 from [01m[K/opt/ros/humble/include/rclcpp/rclcpp/executors.hpp:21[m[K,
                 from [01m[K/opt/ros/humble/include/rclcpp/rclcpp/rclcpp.hpp:155[m[K,
                 from [01m[K/home/x/Desktop/workspace/12-dof-robot/src/open_manipulator_applications/open_manipulator_x_master_slave/src/../include/open_manipulator_x_master_slave/open_manipulator_x_master_slave.hpp:25[m[K,
                 from [01m[K/home/x/Desktop/workspace/12-dof-robot/src/open_manipulator_applications/open_manipulator_x_master_slave/src/open_manipulator_x_master_slave.cpp:2[m[K:
[01m[K/usr/include/c++/11/bits/vector.tcc:198:5:[m[K [01;36m[Knote: [m[Kcandidate: ‘[01m[Kstd::vector<_Tp, _Alloc>& std::vector<_Tp, _Alloc>::operator=(const std::vector<_Tp, _Alloc>&) [with _Tp = robotis_manipulator::_Point; _Alloc = std::allocator<robotis_manipulator::_Point>][m[K’
  198 |     [01;36m[Kvector<_Tp, _Alloc>[m[K::
      |     [01;36m[K^~~~~~~~~~~~~~~~~~~[m[K
[01m[K/usr/include/c++/11/bits/vector.tcc:199:42:[m[K [01;36m[Knote: [m[K  no known conversion for argument 1 from ‘[01m[Kstd::vector<double, std::allocator<double> >[m[K’ to ‘[01m[Kconst std::vector<robotis_manipulator::_Point>&[m[K’
  199 |     operator=([01;36m[Kconst vector<_Tp, _Alloc>& __x[m[K)
      |               [01;36m[K~~~~~~~~~~~~~~~~~~~~~~~~~~~^~~[m[K
In file included from [01m[K/usr/include/c++/11/vector:67[m[K,
                 from [01m[K/usr/include/c++/11/functional:62[m[K,
                 from [01m[K/usr/include/c++/11/pstl/glue_algorithm_defs.h:13[m[K,
                 from [01m[K/usr/include/c++/11/algorithm:74[m[K,
                 from [01m[K/opt/ros/humble/include/rclcpp/rclcpp/executor.hpp:18[m[K,
                 from [01m[K/opt/ros/humble/include/rclcpp/rclcpp/executors/multi_threaded_executor.hpp:25[m[K,
                 from [01m[K/opt/ros/humble/include/rclcpp/rclcpp/executors.hpp:21[m[K,
                 from [01m[K/opt/ros/humble/include/rclcpp/rclcpp/rclcpp.hpp:155[m[K,
                 from [01m[K/home/x/Desktop/workspace/12-dof-robot/src/open_manipulator_applications/open_manipulator_x_master_slave/src/../include/open_manipulator_x_master_slave/open_manipulator_x_master_slave.hpp:25[m[K,
                 from [01m[K/home/x/Desktop/workspace/12-dof-robot/src/open_manipulator_applications/open_manipulator_x_master_slave/src/open_manipulator_x_master_slave.cpp:2[m[K:
[01m[K/usr/include/c++/11/bits/stl_vector.h:709:7:[m[K [01;36m[Knote: [m[Kcandidate: ‘[01m[Kstd::vector<_Tp, _Alloc>& std::vector<_Tp, _Alloc>::operator=(std::vector<_Tp, _Alloc>&&) [with _Tp = robotis_manipulator::_Point; _Alloc = std::allocator<robotis_manipulator::_Point>][m[K’
  709 |       [01;36m[Koperator[m[K=(vector&& __x) noexcept(_Alloc_traits::_S_nothrow_move())
      |       [01;36m[K^~~~~~~~[m[K
[01m[K/usr/include/c++/11/bits/stl_vector.h:709:26:[m[K [01;36m[Knote: [m[K  no known conversion for argument 1 from ‘[01m[Kstd::vector<double, std::allocator<double> >[m[K’ to ‘[01m[Kstd::vector<robotis_manipulator::_Point>&&[m[K’
  709 |       operator=([01;36m[Kvector&& __x[m[K) noexcept(_Alloc_traits::_S_nothrow_move())
      |                 [01;36m[K~~~~~~~~~^~~[m[K
[01m[K/usr/include/c++/11/bits/stl_vector.h:730:7:[m[K [01;36m[Knote: [m[Kcandidate: ‘[01m[Kstd::vector<_Tp, _Alloc>& std::vector<_Tp, _Alloc>::operator=(std::initializer_list<_Tp>) [with _Tp = robotis_manipulator::_Point; _Alloc = std::allocator<robotis_manipulator::_Point>][m[K’
  730 |       [01;36m[Koperator[m[K=(initializer_list<value_type> __l)
      |       [01;36m[K^~~~~~~~[m[K
[01m[K/usr/include/c++/11/bits/stl_vector.h:730:46:[m[K [01;36m[Knote: [m[K  no known conversion for argument 1 from ‘[01m[Kstd::vector<double, std::allocator<double> >[m[K’ to ‘[01m[Kstd::initializer_list<robotis_manipulator::_Point>[m[K’
  730 |       operator=([01;36m[Kinitializer_list<value_type> __l[m[K)
      |                 [01;36m[K~~~~~~~~~~~~~~~~~~~~~~~~~~~~~^~~[m[K
gmake[2]: *** [CMakeFiles/open_manipulator_x_master_slave.dir/build.make:76: CMakeFiles/open_manipulator_x_master_slave.dir/src/open_manipulator_x_master_slave.cpp.o] Error 1
gmake[1]: *** [CMakeFiles/Makefile2:137: CMakeFiles/open_manipulator_x_master_slave.dir/all] Error 2
gmake: *** [Makefile:146: all] Error 2
