[0.212s] Invoking command in '/home/x/Desktop/workspace/12-dof-robot/build/open_manipulator_x_master_slave': CMAKE_PREFIX_PATH=/home/x/Desktop/workspace/12-dof-robot/install/open_manipulator_x_libs:/home/x/Desktop/workspace/12-dof-robot/install/robotis_manipulator:/home/x/Desktop/workspace/12-dof-robot/install/dynamixel_workbench_toolbox:/home/x/Desktop/workspace/12-dof-robot/install/open_manipulator_msgs:/home/x/Desktop/workspace/12-dof-robot/install/dynamixel_sdk:/home/x/Desktop/workspace/12-dof-robot/install/cmake_modules:/home/x/Desktop/workspace/12-dof-robot/install/open_manipulator_x_applications:/home/x/Desktop/workspace/12-dof-robot/install/open_manipulator_x_master_slave:/home/x/Desktop/workspace/12-dof-robot/install/open_manipulator:/home/x/Desktop/workspace/12-dof-robot/install/open_manipulator_x_controller:/home/x/Desktop/workspace/12-dof-robot/install/open_manipulator_x_description:/home/x/Desktop/workspace/12-dof-robot/install/dynamixel_workbench:/home/x/Desktop/workspace/12-dof-robot/install/dynamixel_sdk_examples:/home/x/Desktop/workspace/12-dof-robot/install/dynamixel_sdk_custom_interfaces:/home/x/omx_ws/install/open_manipulator_x_applications:/home/x/omx_ws/install/open_manipulator_x_master_slave:/home/x/omx_ws/install/open_manipulator:/home/x/omx_ws/install/open_manipulator_x_controller:/home/x/omx_ws/install/open_manipulator_x_libs:/home/x/omx_ws/install/robotis_manipulator:/home/x/omx_ws/install/open_manipulator_x_description:/home/x/omx_ws/install/open_manipulator_msgs:/home/x/omx_ws/install/dynamixel_workbench:/home/x/omx_ws/install/dynamixel_workbench_toolbox:/home/x/omx_ws/install/dynamixel_sdk_examples:/home/x/omx_ws/install/dynamixel_sdk_custom_interfaces:/home/x/omx_ws/install/dynamixel_sdk:/home/x/omx_ws/install/cmake_modules:/home/x/Desktop/workspace/omx_tester/install/open_manipulator_x_applications:/home/x/Desktop/workspace/omx_tester/install/open_manipulator:/home/x/Desktop/workspace/omx_tester/install/open_manipulator_x_controller:/home/x/Desktop/workspace/12-dof-robot/install/open_manipulator_x_teleop:/home/x/omx_ws/install/open_manipulator_x_teleop:/home/x/Desktop/workspace/omx_tester/install/open_manipulator_x_master_slave:/home/x/Desktop/workspace/omx_tester/install/open_manipulator_x_libs:/home/x/Desktop/workspace/omx_tester/install/robotis_manipulator:/home/x/Desktop/workspace/omx_tester/install/open_manipulator_x_teleop:/home/x/Desktop/workspace/omx_tester/install/open_manipulator_x_description:/home/x/Desktop/workspace/omx_tester/install/open_manipulator_msgs:/home/x/Desktop/workspace/omx_tester/install/dynamixel_workbench:/home/x/Desktop/workspace/omx_tester/install/dynamixel_workbench_toolbox:/home/x/Desktop/workspace/omx_tester/install/dynamixel_sdk_examples:/home/x/Desktop/workspace/omx_tester/install/dynamixel_sdk_custom_interfaces:/home/x/Desktop/workspace/omx_tester/install/dynamixel_sdk:/home/x/Desktop/workspace/omx_tester/install/cmake_modules:/opt/ros/humble LD_LIBRARY_PATH=/home/x/Desktop/workspace/12-dof-robot/install/open_manipulator_x_libs/lib:/home/x/Desktop/workspace/12-dof-robot/install/robotis_manipulator/lib:/home/x/Desktop/workspace/12-dof-robot/install/dynamixel_workbench_toolbox/lib:/home/x/Desktop/workspace/12-dof-robot/install/open_manipulator_msgs/lib:/home/x/Desktop/workspace/12-dof-robot/install/dynamixel_sdk/lib:/home/x/Desktop/workspace/12-dof-robot/install/dynamixel_sdk_custom_interfaces/lib:/home/x/omx_ws/install/open_manipulator_x_libs/lib:/home/x/omx_ws/install/robotis_manipulator/lib:/home/x/omx_ws/install/open_manipulator_msgs/lib:/home/x/omx_ws/install/dynamixel_workbench_toolbox/lib:/home/x/omx_ws/install/dynamixel_sdk_custom_interfaces/lib:/home/x/omx_ws/install/dynamixel_sdk/lib:/home/x/Desktop/workspace/omx_tester/install/open_manipulator_x_libs/lib:/home/x/Desktop/workspace/omx_tester/install/robotis_manipulator/lib:/home/x/Desktop/workspace/omx_tester/install/open_manipulator_msgs/lib:/home/x/Desktop/workspace/omx_tester/install/dynamixel_workbench_toolbox/lib:/home/x/Desktop/workspace/omx_tester/install/dynamixel_sdk_custom_interfaces/lib:/home/x/Desktop/workspace/omx_tester/install/dynamixel_sdk/lib:/opt/ros/humble/opt/rviz_ogre_vendor/lib:/opt/ros/humble/lib/x86_64-linux-gnu:/opt/ros/humble/lib /usr/bin/cmake --build /home/x/Desktop/workspace/12-dof-robot/build/open_manipulator_x_master_slave -- -j20 -l20
[0.242s] [35m[1mConsolidate compiler generated dependencies of target open_manipulator_x_master_slave[0m
[0.258s] [ 50%] [32mBuilding CXX object CMakeFiles/open_manipulator_x_master_slave.dir/src/open_manipulator_x_master_slave.cpp.o[0m
[2.871s] [01m[K/home/x/Desktop/workspace/12-dof-robot/src/open_manipulator_applications/open_manipulator_x_master_slave/src/open_manipulator_x_master_slave.cpp:[m[K In member function ‘[01m[Kbool OpenManipulatorXMasterSlave::set_joint_space_path(double, std::vector<double, std::allocator<double> >)[m[K’:
[2.871s] [01m[K/home/x/Desktop/workspace/12-dof-robot/src/open_manipulator_applications/open_manipulator_x_master_slave/src/open_manipulator_x_master_slave.cpp:206:1:[m[K [01;35m[Kwarning: [m[Kno return statement in function returning non-void [[01;35m[K]8;;https://gcc.gnu.org/onlinedocs/gcc/Warning-Options.html#index-Wreturn-type-Wreturn-type]8;;[m[K]
[2.872s]   206 | [01;35m[K}[m[K
[2.872s]       | [01;35m[K^[m[K
[2.872s] [01m[K/home/x/Desktop/workspace/12-dof-robot/src/open_manipulator_applications/open_manipulator_x_master_slave/src/open_manipulator_x_master_slave.cpp:124:63:[m[K [01;35m[Kwarning: [m[Kunused parameter ‘[01m[Kpath_time[m[K’ [[01;35m[K]8;;https://gcc.gnu.org/onlinedocs/gcc/Warning-Options.html#index-Wunused-parameter-Wunused-parameter]8;;[m[K]
[2.872s]   124 | bool OpenManipulatorXMasterSlave::set_joint_space_path([01;35m[Kdouble path_time[m[K, std::vector<double> joint_angle){
[2.872s]       |                                                        [01;35m[K~~~~~~~^~~~~~~~~[m[K
[2.875s] [01m[K/home/x/Desktop/workspace/12-dof-robot/src/open_manipulator_applications/open_manipulator_x_master_slave/src/open_manipulator_x_master_slave.cpp:[m[K In member function ‘[01m[Kbool OpenManipulatorXMasterSlave::set_tool_control(double)[m[K’:
[2.875s] [01m[K/home/x/Desktop/workspace/12-dof-robot/src/open_manipulator_applications/open_manipulator_x_master_slave/src/open_manipulator_x_master_slave.cpp:298:55:[m[K [01;31m[Kerror: [m[Kno match for ‘[01m[Koperator=[m[K’ (operand types are ‘[01m[Krobotis_manipulator::JointWaypoint[m[K’ {aka ‘[01m[Kstd::vector<robotis_manipulator::_Point>[m[K’} and ‘[01m[Kstd::vector<double, std::allocator<double> >[m[K’)
[2.875s]   298 |   tool_value = open_manipulator_x_.getAllToolPosition([01;31m[K)[m[K;
[2.875s]       |                                                       [01;31m[K^[m[K
[2.875s] In file included from [01m[K/usr/include/c++/11/vector:72[m[K,
[2.875s]                  from [01m[K/usr/include/c++/11/functional:62[m[K,
[2.875s]                  from [01m[K/usr/include/c++/11/pstl/glue_algorithm_defs.h:13[m[K,
[2.876s]                  from [01m[K/usr/include/c++/11/algorithm:74[m[K,
[2.876s]                  from [01m[K/opt/ros/humble/include/rclcpp/rclcpp/executor.hpp:18[m[K,
[2.876s]                  from [01m[K/opt/ros/humble/include/rclcpp/rclcpp/executors/multi_threaded_executor.hpp:25[m[K,
[2.876s]                  from [01m[K/opt/ros/humble/include/rclcpp/rclcpp/executors.hpp:21[m[K,
[2.876s]                  from [01m[K/opt/ros/humble/include/rclcpp/rclcpp/rclcpp.hpp:155[m[K,
[2.876s]                  from [01m[K/home/x/Desktop/workspace/12-dof-robot/src/open_manipulator_applications/open_manipulator_x_master_slave/src/../include/open_manipulator_x_master_slave/open_manipulator_x_master_slave.hpp:25[m[K,
[2.876s]                  from [01m[K/home/x/Desktop/workspace/12-dof-robot/src/open_manipulator_applications/open_manipulator_x_master_slave/src/open_manipulator_x_master_slave.cpp:2[m[K:
[2.876s] [01m[K/usr/include/c++/11/bits/vector.tcc:198:5:[m[K [01;36m[Knote: [m[Kcandidate: ‘[01m[Kstd::vector<_Tp, _Alloc>& std::vector<_Tp, _Alloc>::operator=(const std::vector<_Tp, _Alloc>&) [with _Tp = robotis_manipulator::_Point; _Alloc = std::allocator<robotis_manipulator::_Point>][m[K’
[2.876s]   198 |     [01;36m[Kvector<_Tp, _Alloc>[m[K::
[2.876s]       |     [01;36m[K^~~~~~~~~~~~~~~~~~~[m[K
[2.876s] [01m[K/usr/include/c++/11/bits/vector.tcc:199:42:[m[K [01;36m[Knote: [m[K  no known conversion for argument 1 from ‘[01m[Kstd::vector<double, std::allocator<double> >[m[K’ to ‘[01m[Kconst std::vector<robotis_manipulator::_Point>&[m[K’
[2.876s]   199 |     operator=([01;36m[Kconst vector<_Tp, _Alloc>& __x[m[K)
[2.876s]       |               [01;36m[K~~~~~~~~~~~~~~~~~~~~~~~~~~~^~~[m[K
[2.876s] In file included from [01m[K/usr/include/c++/11/vector:67[m[K,
[2.876s]                  from [01m[K/usr/include/c++/11/functional:62[m[K,
[2.876s]                  from [01m[K/usr/include/c++/11/pstl/glue_algorithm_defs.h:13[m[K,
[2.876s]                  from [01m[K/usr/include/c++/11/algorithm:74[m[K,
[2.876s]                  from [01m[K/opt/ros/humble/include/rclcpp/rclcpp/executor.hpp:18[m[K,
[2.876s]                  from [01m[K/opt/ros/humble/include/rclcpp/rclcpp/executors/multi_threaded_executor.hpp:25[m[K,
[2.877s]                  from [01m[K/opt/ros/humble/include/rclcpp/rclcpp/executors.hpp:21[m[K,
[2.877s]                  from [01m[K/opt/ros/humble/include/rclcpp/rclcpp/rclcpp.hpp:155[m[K,
[2.877s]                  from [01m[K/home/x/Desktop/workspace/12-dof-robot/src/open_manipulator_applications/open_manipulator_x_master_slave/src/../include/open_manipulator_x_master_slave/open_manipulator_x_master_slave.hpp:25[m[K,
[2.877s]                  from [01m[K/home/x/Desktop/workspace/12-dof-robot/src/open_manipulator_applications/open_manipulator_x_master_slave/src/open_manipulator_x_master_slave.cpp:2[m[K:
[2.877s] [01m[K/usr/include/c++/11/bits/stl_vector.h:709:7:[m[K [01;36m[Knote: [m[Kcandidate: ‘[01m[Kstd::vector<_Tp, _Alloc>& std::vector<_Tp, _Alloc>::operator=(std::vector<_Tp, _Alloc>&&) [with _Tp = robotis_manipulator::_Point; _Alloc = std::allocator<robotis_manipulator::_Point>][m[K’
[2.877s]   709 |       [01;36m[Koperator[m[K=(vector&& __x) noexcept(_Alloc_traits::_S_nothrow_move())
[2.877s]       |       [01;36m[K^~~~~~~~[m[K
[2.877s] [01m[K/usr/include/c++/11/bits/stl_vector.h:709:26:[m[K [01;36m[Knote: [m[K  no known conversion for argument 1 from ‘[01m[Kstd::vector<double, std::allocator<double> >[m[K’ to ‘[01m[Kstd::vector<robotis_manipulator::_Point>&&[m[K’
[2.877s]   709 |       operator=([01;36m[Kvector&& __x[m[K) noexcept(_Alloc_traits::_S_nothrow_move())
[2.877s]       |                 [01;36m[K~~~~~~~~~^~~[m[K
[2.877s] [01m[K/usr/include/c++/11/bits/stl_vector.h:730:7:[m[K [01;36m[Knote: [m[Kcandidate: ‘[01m[Kstd::vector<_Tp, _Alloc>& std::vector<_Tp, _Alloc>::operator=(std::initializer_list<_Tp>) [with _Tp = robotis_manipulator::_Point; _Alloc = std::allocator<robotis_manipulator::_Point>][m[K’
[2.877s]   730 |       [01;36m[Koperator[m[K=(initializer_list<value_type> __l)
[2.877s]       |       [01;36m[K^~~~~~~~[m[K
[2.877s] [01m[K/usr/include/c++/11/bits/stl_vector.h:730:46:[m[K [01;36m[Knote: [m[K  no known conversion for argument 1 from ‘[01m[Kstd::vector<double, std::allocator<double> >[m[K’ to ‘[01m[Kstd::initializer_list<robotis_manipulator::_Point>[m[K’
[2.877s]   730 |       operator=([01;36m[Kinitializer_list<value_type> __l[m[K)
[2.877s]       |                 [01;36m[K~~~~~~~~~~~~~~~~~~~~~~~~~~~~~^~~[m[K
[3.412s] gmake[2]: *** [CMakeFiles/open_manipulator_x_master_slave.dir/build.make:76: CMakeFiles/open_manipulator_x_master_slave.dir/src/open_manipulator_x_master_slave.cpp.o] Error 1
[3.412s] gmake[1]: *** [CMakeFiles/Makefile2:137: CMakeFiles/open_manipulator_x_master_slave.dir/all] Error 2
[3.413s] gmake: *** [Makefile:146: all] Error 2
[3.415s] Invoked command in '/home/x/Desktop/workspace/12-dof-robot/build/open_manipulator_x_master_slave' returned '2': CMAKE_PREFIX_PATH=/home/x/Desktop/workspace/12-dof-robot/install/open_manipulator_x_libs:/home/x/Desktop/workspace/12-dof-robot/install/robotis_manipulator:/home/x/Desktop/workspace/12-dof-robot/install/dynamixel_workbench_toolbox:/home/x/Desktop/workspace/12-dof-robot/install/open_manipulator_msgs:/home/x/Desktop/workspace/12-dof-robot/install/dynamixel_sdk:/home/x/Desktop/workspace/12-dof-robot/install/cmake_modules:/home/x/Desktop/workspace/12-dof-robot/install/open_manipulator_x_applications:/home/x/Desktop/workspace/12-dof-robot/install/open_manipulator_x_master_slave:/home/x/Desktop/workspace/12-dof-robot/install/open_manipulator:/home/x/Desktop/workspace/12-dof-robot/install/open_manipulator_x_controller:/home/x/Desktop/workspace/12-dof-robot/install/open_manipulator_x_description:/home/x/Desktop/workspace/12-dof-robot/install/dynamixel_workbench:/home/x/Desktop/workspace/12-dof-robot/install/dynamixel_sdk_examples:/home/x/Desktop/workspace/12-dof-robot/install/dynamixel_sdk_custom_interfaces:/home/x/omx_ws/install/open_manipulator_x_applications:/home/x/omx_ws/install/open_manipulator_x_master_slave:/home/x/omx_ws/install/open_manipulator:/home/x/omx_ws/install/open_manipulator_x_controller:/home/x/omx_ws/install/open_manipulator_x_libs:/home/x/omx_ws/install/robotis_manipulator:/home/x/omx_ws/install/open_manipulator_x_description:/home/x/omx_ws/install/open_manipulator_msgs:/home/x/omx_ws/install/dynamixel_workbench:/home/x/omx_ws/install/dynamixel_workbench_toolbox:/home/x/omx_ws/install/dynamixel_sdk_examples:/home/x/omx_ws/install/dynamixel_sdk_custom_interfaces:/home/x/omx_ws/install/dynamixel_sdk:/home/x/omx_ws/install/cmake_modules:/home/x/Desktop/workspace/omx_tester/install/open_manipulator_x_applications:/home/x/Desktop/workspace/omx_tester/install/open_manipulator:/home/x/Desktop/workspace/omx_tester/install/open_manipulator_x_controller:/home/x/Desktop/workspace/12-dof-robot/install/open_manipulator_x_teleop:/home/x/omx_ws/install/open_manipulator_x_teleop:/home/x/Desktop/workspace/omx_tester/install/open_manipulator_x_master_slave:/home/x/Desktop/workspace/omx_tester/install/open_manipulator_x_libs:/home/x/Desktop/workspace/omx_tester/install/robotis_manipulator:/home/x/Desktop/workspace/omx_tester/install/open_manipulator_x_teleop:/home/x/Desktop/workspace/omx_tester/install/open_manipulator_x_description:/home/x/Desktop/workspace/omx_tester/install/open_manipulator_msgs:/home/x/Desktop/workspace/omx_tester/install/dynamixel_workbench:/home/x/Desktop/workspace/omx_tester/install/dynamixel_workbench_toolbox:/home/x/Desktop/workspace/omx_tester/install/dynamixel_sdk_examples:/home/x/Desktop/workspace/omx_tester/install/dynamixel_sdk_custom_interfaces:/home/x/Desktop/workspace/omx_tester/install/dynamixel_sdk:/home/x/Desktop/workspace/omx_tester/install/cmake_modules:/opt/ros/humble LD_LIBRARY_PATH=/home/x/Desktop/workspace/12-dof-robot/install/open_manipulator_x_libs/lib:/home/x/Desktop/workspace/12-dof-robot/install/robotis_manipulator/lib:/home/x/Desktop/workspace/12-dof-robot/install/dynamixel_workbench_toolbox/lib:/home/x/Desktop/workspace/12-dof-robot/install/open_manipulator_msgs/lib:/home/x/Desktop/workspace/12-dof-robot/install/dynamixel_sdk/lib:/home/x/Desktop/workspace/12-dof-robot/install/dynamixel_sdk_custom_interfaces/lib:/home/x/omx_ws/install/open_manipulator_x_libs/lib:/home/x/omx_ws/install/robotis_manipulator/lib:/home/x/omx_ws/install/open_manipulator_msgs/lib:/home/x/omx_ws/install/dynamixel_workbench_toolbox/lib:/home/x/omx_ws/install/dynamixel_sdk_custom_interfaces/lib:/home/x/omx_ws/install/dynamixel_sdk/lib:/home/x/Desktop/workspace/omx_tester/install/open_manipulator_x_libs/lib:/home/x/Desktop/workspace/omx_tester/install/robotis_manipulator/lib:/home/x/Desktop/workspace/omx_tester/install/open_manipulator_msgs/lib:/home/x/Desktop/workspace/omx_tester/install/dynamixel_workbench_toolbox/lib:/home/x/Desktop/workspace/omx_tester/install/dynamixel_sdk_custom_interfaces/lib:/home/x/Desktop/workspace/omx_tester/install/dynamixel_sdk/lib:/opt/ros/humble/opt/rviz_ogre_vendor/lib:/opt/ros/humble/lib/x86_64-linux-gnu:/opt/ros/humble/lib /usr/bin/cmake --build /home/x/Desktop/workspace/12-dof-robot/build/open_manipulator_x_master_slave -- -j20 -l20
