[0.013s] Invoking command in '/home/x/Desktop/workspace/omx_tester/build/open_manipulator_x_controller': AMENT_PREFIX_PATH=/home/x/Desktop/workspace/omx_tester/install/open_manipulator_x_libs:/home/x/Desktop/workspace/omx_tester/install/robotis_manipulator:/home/x/Desktop/workspace/omx_tester/install/dynamixel_workbench_toolbox:/home/x/Desktop/workspace/omx_tester/install/open_manipulator_msgs:/home/x/Desktop/workspace/omx_tester/install/dynamixel_sdk:/home/x/Desktop/workspace/omx_tester/install/cmake_modules:${AMENT_PREFIX_PATH} CMAKE_PREFIX_PATH=/home/x/Desktop/workspace/omx_tester/install/open_manipulator_x_libs:/home/x/Desktop/workspace/omx_tester/install/robotis_manipulator:/home/x/Desktop/workspace/omx_tester/install/dynamixel_workbench_toolbox:/home/x/Desktop/workspace/omx_tester/install/open_manipulator_msgs:/home/x/Desktop/workspace/omx_tester/install/dynamixel_sdk:/home/x/Desktop/workspace/omx_tester/install/cmake_modules:/home/x/omx_ws/install/open_manipulator_x_applications:/home/x/omx_ws/install/open_manipulator_x_master_slave:/home/x/omx_ws/install/open_manipulator:/home/x/omx_ws/install/open_manipulator_x_controller:/home/x/omx_ws/install/open_manipulator_x_libs:/home/x/omx_ws/install/robotis_manipulator:/home/x/omx_ws/install/open_manipulator_x_description:/home/x/omx_ws/install/open_manipulator_msgs:/home/x/omx_ws/install/dynamixel_workbench:/home/x/omx_ws/install/dynamixel_workbench_toolbox:/home/x/omx_ws/install/dynamixel_sdk_examples:/home/x/omx_ws/install/dynamixel_sdk_custom_interfaces:/home/x/omx_ws/install/dynamixel_sdk:/home/x/omx_ws/install/cmake_modules:/home/x/omx_ws/install/open_manipulator_x_teleop:/opt/ros/humble LD_LIBRARY_PATH=/home/x/Desktop/workspace/omx_tester/install/open_manipulator_x_libs/lib:/home/x/Desktop/workspace/omx_tester/install/robotis_manipulator/lib:/home/x/Desktop/workspace/omx_tester/install/dynamixel_workbench_toolbox/lib:/home/x/Desktop/workspace/omx_tester/install/open_manipulator_msgs/lib:/home/x/Desktop/workspace/omx_tester/install/dynamixel_sdk/lib:${LD_LIBRARY_PATH} PYTHONPATH=/home/x/Desktop/workspace/omx_tester/install/open_manipulator_msgs/local/lib/python3.10/dist-packages:${PYTHONPATH} /usr/bin/cmake /home/x/Desktop/workspace/omx_tester/src/open_manipulator/open_manipulator_x_controller -DAMENT_CMAKE_SYMLINK_INSTALL=1 -DCMAKE_INSTALL_PREFIX=/home/x/Desktop/workspace/omx_tester/install/open_manipulator_x_controller
[0.048s] -- The C compiler identification is GNU 11.4.0
[0.083s] -- The CXX compiler identification is GNU 11.4.0
[0.088s] -- Detecting C compiler ABI info
[0.132s] -- Detecting C compiler ABI info - done
[0.137s] -- Check for working C compiler: /usr/bin/cc - skipped
[0.137s] -- Detecting C compile features
[0.137s] -- Detecting C compile features - done
[0.139s] -- Detecting CXX compiler ABI info
[0.191s] -- Detecting CXX compiler ABI info - done
[0.196s] -- Check for working CXX compiler: /usr/bin/c++ - skipped
[0.197s] -- Detecting CXX compile features
[0.197s] -- Detecting CXX compile features - done
[0.199s] -- Found ament_cmake: 1.3.9 (/opt/ros/humble/share/ament_cmake/cmake)
[0.307s] -- Found Python3: /usr/bin/python3 (found version "3.10.12") found components: Interpreter 
[0.350s] -- Override CMake install command with custom implementation using symlinks instead of copying resources
[0.379s] -- Found geometry_msgs: 4.2.4 (/opt/ros/humble/share/geometry_msgs/cmake)
[0.413s] -- Found rosidl_generator_c: 3.1.5 (/opt/ros/humble/share/rosidl_generator_c/cmake)
[0.418s] -- Found rosidl_adapter: 3.1.5 (/opt/ros/humble/share/rosidl_adapter/cmake)
[0.425s] -- Found rosidl_generator_cpp: 3.1.5 (/opt/ros/humble/share/rosidl_generator_cpp/cmake)
[0.436s] -- Using all available rosidl_typesupport_c: rosidl_typesupport_fastrtps_c;rosidl_typesupport_introspection_c
[0.453s] -- Using all available rosidl_typesupport_cpp: rosidl_typesupport_fastrtps_cpp;rosidl_typesupport_introspection_cpp
[0.541s] -- Found open_manipulator_msgs: 2.2.0 (/home/x/Desktop/workspace/omx_tester/install/open_manipulator_msgs/share/open_manipulator_msgs/cmake)
[0.598s] -- Found open_manipulator_x_libs: 2.3.0 (/home/x/Desktop/workspace/omx_tester/install/open_manipulator_x_libs/share/open_manipulator_x_libs/cmake)
[0.660s] -- Found rmw_implementation_cmake: 6.1.2 (/opt/ros/humble/share/rmw_implementation_cmake/cmake)
[0.663s] -- Found rmw_fastrtps_cpp: 6.2.6 (/opt/ros/humble/share/rmw_fastrtps_cpp/cmake)
[0.734s] -- Found OpenSSL: /usr/lib/x86_64-linux-gnu/libcrypto.so (found version "3.0.2")  
[0.752s] -- Found FastRTPS: /opt/ros/humble/include  
[0.784s] -- Using RMW implementation 'rmw_fastrtps_cpp' as default
[0.793s] -- Looking for pthread.h
[0.839s] -- Looking for pthread.h - found
[0.839s] -- Performing Test CMAKE_HAVE_LIBC_PTHREAD
[0.886s] -- Performing Test CMAKE_HAVE_LIBC_PTHREAD - Success
[0.886s] -- Found Threads: TRUE  
[1.011s] -- Found sensor_msgs: 4.2.4 (/opt/ros/humble/share/sensor_msgs/cmake)
[1.079s] -- Found trajectory_msgs: 4.2.4 (/opt/ros/humble/share/trajectory_msgs/cmake)
[1.214s] -- Configuring done
[1.225s] -- Generating done
[1.226s] -- Build files have been written to: /home/x/Desktop/workspace/omx_tester/build/open_manipulator_x_controller
[1.233s] Invoked command in '/home/x/Desktop/workspace/omx_tester/build/open_manipulator_x_controller' returned '0': AMENT_PREFIX_PATH=/home/x/Desktop/workspace/omx_tester/install/open_manipulator_x_libs:/home/x/Desktop/workspace/omx_tester/install/robotis_manipulator:/home/x/Desktop/workspace/omx_tester/install/dynamixel_workbench_toolbox:/home/x/Desktop/workspace/omx_tester/install/open_manipulator_msgs:/home/x/Desktop/workspace/omx_tester/install/dynamixel_sdk:/home/x/Desktop/workspace/omx_tester/install/cmake_modules:${AMENT_PREFIX_PATH} CMAKE_PREFIX_PATH=/home/x/Desktop/workspace/omx_tester/install/open_manipulator_x_libs:/home/x/Desktop/workspace/omx_tester/install/robotis_manipulator:/home/x/Desktop/workspace/omx_tester/install/dynamixel_workbench_toolbox:/home/x/Desktop/workspace/omx_tester/install/open_manipulator_msgs:/home/x/Desktop/workspace/omx_tester/install/dynamixel_sdk:/home/x/Desktop/workspace/omx_tester/install/cmake_modules:/home/x/omx_ws/install/open_manipulator_x_applications:/home/x/omx_ws/install/open_manipulator_x_master_slave:/home/x/omx_ws/install/open_manipulator:/home/x/omx_ws/install/open_manipulator_x_controller:/home/x/omx_ws/install/open_manipulator_x_libs:/home/x/omx_ws/install/robotis_manipulator:/home/x/omx_ws/install/open_manipulator_x_description:/home/x/omx_ws/install/open_manipulator_msgs:/home/x/omx_ws/install/dynamixel_workbench:/home/x/omx_ws/install/dynamixel_workbench_toolbox:/home/x/omx_ws/install/dynamixel_sdk_examples:/home/x/omx_ws/install/dynamixel_sdk_custom_interfaces:/home/x/omx_ws/install/dynamixel_sdk:/home/x/omx_ws/install/cmake_modules:/home/x/omx_ws/install/open_manipulator_x_teleop:/opt/ros/humble LD_LIBRARY_PATH=/home/x/Desktop/workspace/omx_tester/install/open_manipulator_x_libs/lib:/home/x/Desktop/workspace/omx_tester/install/robotis_manipulator/lib:/home/x/Desktop/workspace/omx_tester/install/dynamixel_workbench_toolbox/lib:/home/x/Desktop/workspace/omx_tester/install/open_manipulator_msgs/lib:/home/x/Desktop/workspace/omx_tester/install/dynamixel_sdk/lib:${LD_LIBRARY_PATH} PYTHONPATH=/home/x/Desktop/workspace/omx_tester/install/open_manipulator_msgs/local/lib/python3.10/dist-packages:${PYTHONPATH} /usr/bin/cmake /home/x/Desktop/workspace/omx_tester/src/open_manipulator/open_manipulator_x_controller -DAMENT_CMAKE_SYMLINK_INSTALL=1 -DCMAKE_INSTALL_PREFIX=/home/x/Desktop/workspace/omx_tester/install/open_manipulator_x_controller
[1.233s] Invoking command in '/home/x/Desktop/workspace/omx_tester/build/open_manipulator_x_controller': AMENT_PREFIX_PATH=/home/x/Desktop/workspace/omx_tester/install/open_manipulator_x_libs:/home/x/Desktop/workspace/omx_tester/install/robotis_manipulator:/home/x/Desktop/workspace/omx_tester/install/dynamixel_workbench_toolbox:/home/x/Desktop/workspace/omx_tester/install/open_manipulator_msgs:/home/x/Desktop/workspace/omx_tester/install/dynamixel_sdk:/home/x/Desktop/workspace/omx_tester/install/cmake_modules:${AMENT_PREFIX_PATH} CMAKE_PREFIX_PATH=/home/x/Desktop/workspace/omx_tester/install/open_manipulator_x_libs:/home/x/Desktop/workspace/omx_tester/install/robotis_manipulator:/home/x/Desktop/workspace/omx_tester/install/dynamixel_workbench_toolbox:/home/x/Desktop/workspace/omx_tester/install/open_manipulator_msgs:/home/x/Desktop/workspace/omx_tester/install/dynamixel_sdk:/home/x/Desktop/workspace/omx_tester/install/cmake_modules:/home/x/omx_ws/install/open_manipulator_x_applications:/home/x/omx_ws/install/open_manipulator_x_master_slave:/home/x/omx_ws/install/open_manipulator:/home/x/omx_ws/install/open_manipulator_x_controller:/home/x/omx_ws/install/open_manipulator_x_libs:/home/x/omx_ws/install/robotis_manipulator:/home/x/omx_ws/install/open_manipulator_x_description:/home/x/omx_ws/install/open_manipulator_msgs:/home/x/omx_ws/install/dynamixel_workbench:/home/x/omx_ws/install/dynamixel_workbench_toolbox:/home/x/omx_ws/install/dynamixel_sdk_examples:/home/x/omx_ws/install/dynamixel_sdk_custom_interfaces:/home/x/omx_ws/install/dynamixel_sdk:/home/x/omx_ws/install/cmake_modules:/home/x/omx_ws/install/open_manipulator_x_teleop:/opt/ros/humble LD_LIBRARY_PATH=/home/x/Desktop/workspace/omx_tester/install/open_manipulator_x_libs/lib:/home/x/Desktop/workspace/omx_tester/install/robotis_manipulator/lib:/home/x/Desktop/workspace/omx_tester/install/dynamixel_workbench_toolbox/lib:/home/x/Desktop/workspace/omx_tester/install/open_manipulator_msgs/lib:/home/x/Desktop/workspace/omx_tester/install/dynamixel_sdk/lib:${LD_LIBRARY_PATH} PYTHONPATH=/home/x/Desktop/workspace/omx_tester/install/open_manipulator_msgs/local/lib/python3.10/dist-packages:${PYTHONPATH} /usr/bin/cmake --build /home/x/Desktop/workspace/omx_tester/build/open_manipulator_x_controller -- -j20 -l20
[1.267s] [ 50%] [32mBuilding CXX object CMakeFiles/open_manipulator_x_controller.dir/src/open_manipulator_x_controller.cpp.o[0m
[3.579s] [01m[K/home/x/Desktop/workspace/omx_tester/src/open_manipulator/open_manipulator_x_controller/src/open_manipulator_x_controller.cpp:[m[K In member function ‘[01m[Kvoid open_manipulator_x_controller::OpenManipulatorXController::init_publisher()[m[K’:
[3.579s] [01m[K/home/x/Desktop/workspace/omx_tester/src/open_manipulator/open_manipulator_x_controller/src/open_manipulator_x_controller.cpp:103:21:[m[K [01;35m[Kwarning: [m[Kunused variable ‘[01m[Kname[m[K’ [[01;35m[K]8;;https://gcc.gnu.org/onlinedocs/gcc/Warning-Options.html#index-Wunused-variable-Wunused-variable]8;;[m[K]
[3.579s]   103 |   for (auto const & [01;35m[Kname[m[K:tools_name)
[3.580s]       |                     [01;35m[K^~~~[m[K
[10.677s] [100%] [32m[1mLinking CXX executable open_manipulator_x_controller[0m
[11.159s] [100%] Built target open_manipulator_x_controller
