[ 50%] [32mBuilding CXX object CMakeFiles/open_manipulator_x_controller.dir/src/open_manipulator_x_controller.cpp.o[0m
[01m[K/home/x/Desktop/workspace/12-dof-robot/src/open_manipulator/open_manipulator_x_controller/src/open_manipulator_x_controller.cpp:[m[K In member function ‘[01m[Kvoid open_manipulator_x_controller::OpenManipulatorXController::init_publisher()[m[K’:
[01m[K/home/x/Desktop/workspace/12-dof-robot/src/open_manipulator/open_manipulator_x_controller/src/open_manipulator_x_controller.cpp:123:21:[m[K [01;35m[Kwarning: [m[Kunused variable ‘[01m[Kname[m[K’ [[01;35m[K]8;;https://gcc.gnu.org/onlinedocs/gcc/Warning-Options.html#index-Wunused-variable-Wunused-variable]8;;[m[K]
  123 |   for (auto const & [01;35m[Kname[m[K:tools_name)
      |                     [01;35m[K^~~~[m[K
In file included from [01m[K/opt/ros/humble/include/rclcpp/rclcpp/logging.hpp:24[m[K,
                 from [01m[K/opt/ros/humble/include/rclcpp/rclcpp/client.hpp:40[m[K,
                 from [01m[K/opt/ros/humble/include/rclcpp/rclcpp/callback_group.hpp:24[m[K,
                 from [01m[K/opt/ros/humble/include/rclcpp/rclcpp/any_executable.hpp:20[m[K,
                 from [01m[K/opt/ros/humble/include/rclcpp/rclcpp/memory_strategy.hpp:25[m[K,
                 from [01m[K/opt/ros/humble/include/rclcpp/rclcpp/memory_strategies.hpp:18[m[K,
                 from [01m[K/opt/ros/humble/include/rclcpp/rclcpp/executor_options.hpp:20[m[K,
                 from [01m[K/opt/ros/humble/include/rclcpp/rclcpp/executor.hpp:37[m[K,
                 from [01m[K/opt/ros/humble/include/rclcpp/rclcpp/executors/multi_threaded_executor.hpp:25[m[K,
                 from [01m[K/opt/ros/humble/include/rclcpp/rclcpp/executors.hpp:21[m[K,
                 from [01m[K/opt/ros/humble/include/rclcpp/rclcpp/rclcpp.hpp:155[m[K,
                 from [01m[K/home/x/Desktop/workspace/12-dof-robot/src/open_manipulator/open_manipulator_x_controller/include/open_manipulator_x_controller/open_manipulator_x_controller.hpp:27[m[K,
                 from [01m[K/home/x/Desktop/workspace/12-dof-robot/src/open_manipulator/open_manipulator_x_controller/src/open_manipulator_x_controller.cpp:17[m[K:
[01m[K/home/x/Desktop/workspace/12-dof-robot/src/open_manipulator/open_manipulator_x_controller/src/open_manipulator_x_controller.cpp:[m[K In member function ‘[01m[Kvoid open_manipulator_x_controller::OpenManipulatorXController::goal_joint_space_path_callback(std::shared_ptr<open_manipulator_msgs::srv::SetJointPosition_Request_<std::allocator<void> > >, std::shared_ptr<open_manipulator_msgs::srv::SetJointPosition_Response_<std::allocator<void> > >)[m[K’:
[01m[K/home/x/Desktop/workspace/12-dof-robot/src/open_manipulator/open_manipulator_x_controller/src/open_manipulator_x_controller.cpp:168:45:[m[K [01;35m[Kwarning: [m[Kformat ‘[01m[K%d[m[K’ expects argument of type ‘[01m[Kint[m[K’, but argument 5 has type ‘[01m[Kstd::vector<std::__cxx11::basic_string<char> >::size_type[m[K’ {aka ‘[01m[Klong unsigned int[m[K’} [[01;35m[K]8;;https://gcc.gnu.org/onlinedocs/gcc/Warning-Options.html#index-Wformat=-Wformat=]8;;[m[K]
  168 |   RCLCPP_INFO(rclcpp::get_logger("rclcpp"), [01;35m[K"req->joint_position.joint_name.size() : %d"[m[K, [32m[Kreq->joint_position.joint_name.size()[m[K);
      |                                             [01;35m[K^~~~~~~~~~~~~~~~~~~~~~~~~~~~~~~~~~~~~~~~~~~~[m[K  [32m[K~~~~~~~~~~~~~~~~~~~~~~~~~~~~~~~~~~~~~[m[K
      |                                                                                                                              [32m[K|[m[K
      |                                                                                                                              [32m[Kstd::vector<std::__cxx11::basic_string<char> >::size_type {aka long unsigned int}[m[K
[01m[K/home/x/Desktop/workspace/12-dof-robot/src/open_manipulator/open_manipulator_x_controller/src/open_manipulator_x_controller.cpp:168:87:[m[K [01;36m[Knote: [m[Kformat string is defined here
  168 |   RCLCPP_INFO(rclcpp::get_logger("rclcpp"), "req->joint_position.joint_name.size() : [01;36m[K%d[m[K", req->joint_position.joint_name.size());
      |                                                                                      [01;36m[K~^[m[K
      |                                                                                       [01;36m[K|[m[K
      |                                                                                       [01;36m[Kint[m[K
      |                                                                                      [32m[K%ld[m[K
[100%] [32m[1mLinking CXX executable open_manipulator_x_controller[0m
[100%] Built target open_manipulator_x_controller
-- Install configuration: "Debug"
-- Execute custom install script
-- Up-to-date symlink: /home/x/Desktop/workspace/12-dof-robot/install/open_manipulator_x_controller/lib/open_manipulator_x_controller/open_manipulator_x_controller
-- Up-to-date symlink: /home/x/Desktop/workspace/12-dof-robot/install/open_manipulator_x_controller/share/open_manipulator_x_controller/99-open-manipulator-cdc.rules
-- Up-to-date symlink: /home/x/Desktop/workspace/12-dof-robot/install/open_manipulator_x_controller/share/open_manipulator_x_controller/launch/open_manipulator_x_controller.launch.py
-- Up-to-date symlink: /home/x/Desktop/workspace/12-dof-robot/install/open_manipulator_x_controller/share/open_manipulator_x_controller/param/open_manipulator_x_controller_params.yaml
-- Up-to-date symlink: /home/x/Desktop/workspace/12-dof-robot/install/open_manipulator_x_controller/lib/open_manipulator_x_controller/create_udev_rules
-- Up-to-date symlink: /home/x/Desktop/workspace/12-dof-robot/install/open_manipulator_x_controller/share/ament_index/resource_index/package_run_dependencies/open_manipulator_x_controller
-- Up-to-date symlink: /home/x/Desktop/workspace/12-dof-robot/install/open_manipulator_x_controller/share/ament_index/resource_index/parent_prefix_path/open_manipulator_x_controller
-- Up-to-date symlink: /home/x/Desktop/workspace/12-dof-robot/install/open_manipulator_x_controller/share/open_manipulator_x_controller/environment/ament_prefix_path.sh
-- Up-to-date symlink: /home/x/Desktop/workspace/12-dof-robot/install/open_manipulator_x_controller/share/open_manipulator_x_controller/environment/ament_prefix_path.dsv
-- Up-to-date symlink: /home/x/Desktop/workspace/12-dof-robot/install/open_manipulator_x_controller/share/open_manipulator_x_controller/environment/path.sh
-- Up-to-date symlink: /home/x/Desktop/workspace/12-dof-robot/install/open_manipulator_x_controller/share/open_manipulator_x_controller/environment/path.dsv
-- Up-to-date symlink: /home/x/Desktop/workspace/12-dof-robot/install/open_manipulator_x_controller/share/open_manipulator_x_controller/local_setup.bash
-- Up-to-date symlink: /home/x/Desktop/workspace/12-dof-robot/install/open_manipulator_x_controller/share/open_manipulator_x_controller/local_setup.sh
-- Up-to-date symlink: /home/x/Desktop/workspace/12-dof-robot/install/open_manipulator_x_controller/share/open_manipulator_x_controller/local_setup.zsh
-- Up-to-date symlink: /home/x/Desktop/workspace/12-dof-robot/install/open_manipulator_x_controller/share/open_manipulator_x_controller/local_setup.dsv
-- Symlinking: /home/x/Desktop/workspace/12-dof-robot/install/open_manipulator_x_controller/share/open_manipulator_x_controller/package.dsv
-- Up-to-date symlink: /home/x/Desktop/workspace/12-dof-robot/install/open_manipulator_x_controller/share/ament_index/resource_index/packages/open_manipulator_x_controller
-- Up-to-date symlink: /home/x/Desktop/workspace/12-dof-robot/install/open_manipulator_x_controller/share/open_manipulator_x_controller/cmake/ament_cmake_export_include_directories-extras.cmake
-- Up-to-date symlink: /home/x/Desktop/workspace/12-dof-robot/install/open_manipulator_x_controller/share/open_manipulator_x_controller/cmake/ament_cmake_export_dependencies-extras.cmake
-- Up-to-date symlink: /home/x/Desktop/workspace/12-dof-robot/install/open_manipulator_x_controller/share/open_manipulator_x_controller/cmake/open_manipulator_x_controllerConfig.cmake
-- Up-to-date symlink: /home/x/Desktop/workspace/12-dof-robot/install/open_manipulator_x_controller/share/open_manipulator_x_controller/cmake/open_manipulator_x_controllerConfig-version.cmake
-- Up-to-date symlink: /home/x/Desktop/workspace/12-dof-robot/install/open_manipulator_x_controller/share/open_manipulator_x_controller/package.xml
