-- Found ament_cmake: 1.3.9 (/opt/ros/humble/share/ament_cmake/cmake)
-- Override CMake install command with custom implementation using symlinks instead of copying resources
-- Found geometry_msgs: 4.2.4 (/opt/ros/humble/share/geometry_msgs/cmake)
-- Found rosidl_generator_c: 3.1.5 (/opt/ros/humble/share/rosidl_generator_c/cmake)
-- Found rosidl_adapter: 3.1.5 (/opt/ros/humble/share/rosidl_adapter/cmake)
-- Found rosidl_generator_cpp: 3.1.5 (/opt/ros/humble/share/rosidl_generator_cpp/cmake)
-- Using all available rosidl_typesupport_c: rosidl_typesupport_fastrtps_c;rosidl_typesupport_introspection_c
-- Using all available rosidl_typesupport_cpp: rosidl_typesupport_fastrtps_cpp;rosidl_typesupport_introspection_cpp
-- Found open_manipulator_msgs: 2.2.0 (/home/x/Desktop/workspace/12-dof-robot/install/open_manipulator_msgs/share/open_manipulator_msgs/cmake)
-- Found open_manipulator_x_libs: 2.3.0 (/home/x/Desktop/workspace/12-dof-robot/install/open_manipulator_x_libs/share/open_manipulator_x_libs/cmake)
-- Found rmw_implementation_cmake: 6.1.2 (/opt/ros/humble/share/rmw_implementation_cmake/cmake)
-- Found rmw_fastrtps_cpp: 6.2.6 (/opt/ros/humble/share/rmw_fastrtps_cpp/cmake)
-- Using RMW implementation 'rmw_fastrtps_cpp' as default
-- Found sensor_msgs: 4.2.4 (/opt/ros/humble/share/sensor_msgs/cmake)
-- Found trajectory_msgs: 4.2.4 (/opt/ros/humble/share/trajectory_msgs/cmake)
-- Configuring done
-- Generating done
-- Build files have been written to: /home/x/Desktop/workspace/12-dof-robot/build/open_manipulator_x_controller
[35m[1mConsolidate compiler generated dependencies of target open_manipulator_x_controller[0m
[ 50%] [32mBuilding CXX object CMakeFiles/open_manipulator_x_controller.dir/src/open_manipulator_x_controller.cpp.o[0m
[01m[K/home/x/Desktop/workspace/12-dof-robot/src/open_manipulator/open_manipulator_x_controller/src/open_manipulator_x_controller.cpp:[m[K In member function ‘[01m[Kvoid open_manipulator_x_controller::OpenManipulatorXController::init_parameters()[m[K’:
[01m[K/home/x/Desktop/workspace/12-dof-robot/src/open_manipulator/open_manipulator_x_controller/src/open_manipulator_x_controller.cpp:74:57:[m[K [01;31m[Kerror: [m[K‘[01m[Kservice_call_period_[m[K’ was not declared in this scope
   74 |   this->get_parameter_or<double>("service_call_period", [01;31m[Kservice_call_period_[m[K);
      |                                                         [01;31m[K^~~~~~~~~~~~~~~~~~~~[m[K
[01m[K/home/x/Desktop/workspace/12-dof-robot/src/open_manipulator/open_manipulator_x_controller/src/open_manipulator_x_controller.cpp:[m[K In member function ‘[01m[Kvoid open_manipulator_x_controller::OpenManipulatorXController::init_publisher()[m[K’:
[01m[K/home/x/Desktop/workspace/12-dof-robot/src/open_manipulator/open_manipulator_x_controller/src/open_manipulator_x_controller.cpp:121:21:[m[K [01;35m[Kwarning: [m[Kunused variable ‘[01m[Kname[m[K’ [[01;35m[K]8;;https://gcc.gnu.org/onlinedocs/gcc/Warning-Options.html#index-Wunused-variable-Wunused-variable]8;;[m[K]
  121 |   for (auto const & [01;35m[Kname[m[K:tools_name)
      |                     [01;35m[K^~~~[m[K
gmake[2]: *** [CMakeFiles/open_manipulator_x_controller.dir/build.make:76: CMakeFiles/open_manipulator_x_controller.dir/src/open_manipulator_x_controller.cpp.o] Error 1
gmake[1]: *** [CMakeFiles/Makefile2:137: CMakeFiles/open_manipulator_x_controller.dir/all] Error 2
gmake: *** [Makefile:146: all] Error 2
