[0.017s] Invoking command in '/home/x/Desktop/workspace/12-dof-robot/build/open_manipulator_msgs': CMAKE_PREFIX_PATH=${CMAKE_PREFIX_PATH}:/home/x/Desktop/workspace/12-dof-robot/install/open_manipulator_x_teleop:/home/x/omx_ws/install/open_manipulator_x_teleop:/home/x/Desktop/workspace/omx_tester/install/open_manipulator_x_teleop:/opt/ros/humble /usr/bin/cmake /home/x/Desktop/workspace/12-dof-robot/src/open_manipulator_msgs -DAMENT_CMAKE_SYMLINK_INSTALL=1 -DCMAKE_INSTALL_PREFIX=/home/x/Desktop/workspace/12-dof-robot/install/open_manipulator_msgs
[0.052s] -- The C compiler identification is GNU 11.4.0
[0.092s] -- The CXX compiler identification is GNU 11.4.0
[0.098s] -- Detecting C compiler ABI info
[0.145s] -- Detecting C compiler ABI info - done
[0.150s] -- Check for working C compiler: /usr/bin/cc - skipped
[0.151s] -- Detecting C compile features
[0.151s] -- Detecting C compile features - done
[0.153s] -- Detecting CXX compiler ABI info
[0.206s] -- Detecting CXX compiler ABI info - done
[0.211s] -- Check for working CXX compiler: /usr/bin/c++ - skipped
[0.211s] -- Detecting CXX compile features
[0.212s] -- Detecting CXX compile features - done
[0.214s] -- Found ament_cmake: 1.3.9 (/opt/ros/humble/share/ament_cmake/cmake)
[0.328s] -- Found Python3: /usr/bin/python3 (found version "3.10.12") found components: Interpreter 
[0.383s] -- Override CMake install command with custom implementation using symlinks instead of copying resources
[0.421s] -- Found geometry_msgs: 4.2.4 (/opt/ros/humble/share/geometry_msgs/cmake)
[0.460s] -- Found rosidl_generator_c: 3.1.5 (/opt/ros/humble/share/rosidl_generator_c/cmake)
[0.466s] -- Found rosidl_adapter: 3.1.5 (/opt/ros/humble/share/rosidl_adapter/cmake)
[0.476s] -- Found rosidl_generator_cpp: 3.1.5 (/opt/ros/humble/share/rosidl_generator_cpp/cmake)
[0.489s] -- Using all available rosidl_typesupport_c: rosidl_typesupport_fastrtps_c;rosidl_typesupport_introspection_c
[0.512s] -- Using all available rosidl_typesupport_cpp: rosidl_typesupport_fastrtps_cpp;rosidl_typesupport_introspection_cpp
[0.610s] -- Found rosidl_default_generators: 1.2.0 (/opt/ros/humble/share/rosidl_default_generators/cmake)
[0.899s] -- Found ament_cmake_cppcheck: 0.12.11 (/opt/ros/humble/share/ament_cmake_cppcheck/cmake)
[0.902s] -- Found ament_cmake_cpplint: 0.12.11 (/opt/ros/humble/share/ament_cmake_cpplint/cmake)
[0.905s] -- Found ament_cmake_uncrustify: 0.12.11 (/opt/ros/humble/share/ament_cmake_uncrustify/cmake)
[0.909s] -- Found ament_cmake_ros: 0.10.0 (/opt/ros/humble/share/ament_cmake_ros/cmake)
[1.231s] -- Using all available rosidl_typesupport_c: rosidl_typesupport_fastrtps_c;rosidl_typesupport_introspection_c
[1.357s] -- Using all available rosidl_typesupport_cpp: rosidl_typesupport_fastrtps_cpp;rosidl_typesupport_introspection_cpp
[1.378s] -- Found PythonInterp: /usr/bin/python3 (found suitable version "3.10.12", minimum required is "3.6") 
[1.381s] -- Found python_cmake_module: 0.10.0 (/opt/ros/humble/share/python_cmake_module/cmake)
[1.406s] -- Found PythonLibs: /usr/lib/x86_64-linux-gnu/libpython3.10.so (found suitable version "3.10.12", minimum required is "3.5") 
[1.406s] -- Using PYTHON_EXECUTABLE: /usr/bin/python3
[1.406s] -- Using PYTHON_INCLUDE_DIRS: /usr/include/python3.10
[1.406s] -- Using PYTHON_LIBRARIES: /usr/lib/x86_64-linux-gnu/libpython3.10.so
[1.423s] -- Found PythonExtra: .so  
[1.492s] -- Found ament_cmake_flake8: 0.12.11 (/opt/ros/humble/share/ament_cmake_flake8/cmake)
[1.495s] -- Found ament_cmake_pep257: 0.12.11 (/opt/ros/humble/share/ament_cmake_pep257/cmake)
[1.506s] -- Configuring done
[1.542s] -- Generating done
[1.544s] -- Build files have been written to: /home/x/Desktop/workspace/12-dof-robot/build/open_manipulator_msgs
[1.553s] Invoked command in '/home/x/Desktop/workspace/12-dof-robot/build/open_manipulator_msgs' returned '0': CMAKE_PREFIX_PATH=${CMAKE_PREFIX_PATH}:/home/x/Desktop/workspace/12-dof-robot/install/open_manipulator_x_teleop:/home/x/omx_ws/install/open_manipulator_x_teleop:/home/x/Desktop/workspace/omx_tester/install/open_manipulator_x_teleop:/opt/ros/humble /usr/bin/cmake /home/x/Desktop/workspace/12-dof-robot/src/open_manipulator_msgs -DAMENT_CMAKE_SYMLINK_INSTALL=1 -DCMAKE_INSTALL_PREFIX=/home/x/Desktop/workspace/12-dof-robot/install/open_manipulator_msgs
[1.554s] Invoking command in '/home/x/Desktop/workspace/12-dof-robot/build/open_manipulator_msgs': CMAKE_PREFIX_PATH=${CMAKE_PREFIX_PATH}:/home/x/Desktop/workspace/12-dof-robot/install/open_manipulator_x_teleop:/home/x/omx_ws/install/open_manipulator_x_teleop:/home/x/Desktop/workspace/omx_tester/install/open_manipulator_x_teleop:/opt/ros/humble /usr/bin/cmake --build /home/x/Desktop/workspace/12-dof-robot/build/open_manipulator_msgs -- -j20 -l20
[1.590s] [  1%] [34m[1mGenerating C code for ROS interfaces[0m
[1.596s] [  2%] [34m[1mGenerating C++ code for ROS interfaces[0m
[1.608s] [  2%] Built target ament_cmake_python_symlink_open_manipulator_msgs
[1.881s] running egg_info
[1.881s] creating open_manipulator_msgs.egg-info
[1.882s] writing open_manipulator_msgs.egg-info/PKG-INFO
[1.882s] writing dependency_links to open_manipulator_msgs.egg-info/dependency_links.txt
[1.882s] writing top-level names to open_manipulator_msgs.egg-info/top_level.txt
[1.882s] writing manifest file 'open_manipulator_msgs.egg-info/SOURCES.txt'
[1.886s] reading manifest file 'open_manipulator_msgs.egg-info/SOURCES.txt'
[1.887s] writing manifest file 'open_manipulator_msgs.egg-info/SOURCES.txt'
[1.929s] [  2%] Built target ament_cmake_python_build_open_manipulator_msgs_egg
[2.578s] [  2%] Built target open_manipulator_msgs__cpp
[2.585s] [  3%] [34m[1mGenerating C++ type support dispatch for ROS interfaces[0m
[2.586s] [  4%] [34m[1mGenerating C++ introspection for ROS interfaces[0m
[2.589s] [  5%] [34m[1mGenerating C++ type support for eProsima Fast-RTPS[0m
[2.735s] [  9%] [32mBuilding C object CMakeFiles/open_manipulator_msgs__rosidl_generator_c.dir/rosidl_generator_c/open_manipulator_msgs/msg/detail/joint_position__functions.c.o[0m
[2.736s] [ 10%] [32mBuilding C object CMakeFiles/open_manipulator_msgs__rosidl_generator_c.dir/rosidl_generator_c/open_manipulator_msgs/msg/detail/open_manipulator_state__functions.c.o[0m
[2.736s] [ 10%] [32mBuilding C object CMakeFiles/open_manipulator_msgs__rosidl_generator_c.dir/rosidl_generator_c/open_manipulator_msgs/srv/detail/get_kinematics_pose__functions.c.o[0m
[2.736s] [  9%] [32mBuilding C object CMakeFiles/open_manipulator_msgs__rosidl_generator_c.dir/rosidl_generator_c/open_manipulator_msgs/srv/detail/get_joint_position__functions.c.o[0m
[2.737s] [ 10%] [32mBuilding C object CMakeFiles/open_manipulator_msgs__rosidl_generator_c.dir/rosidl_generator_c/open_manipulator_msgs/msg/detail/kinematics_pose__functions.c.o[0m
[2.737s] [ 11%] [32mBuilding C object CMakeFiles/open_manipulator_msgs__rosidl_generator_c.dir/rosidl_generator_c/open_manipulator_msgs/srv/detail/set_kinematics_pose__functions.c.o[0m
[2.743s] [ 12%] [32mBuilding C object CMakeFiles/open_manipulator_msgs__rosidl_generator_c.dir/rosidl_generator_c/open_manipulator_msgs/srv/detail/set_drawing_trajectory__functions.c.o[0m
[2.745s] [ 13%] [32mBuilding C object CMakeFiles/open_manipulator_msgs__rosidl_generator_c.dir/rosidl_generator_c/open_manipulator_msgs/srv/detail/set_actuator_state__functions.c.o[0m
[2.745s] [ 14%] [32mBuilding C object CMakeFiles/open_manipulator_msgs__rosidl_generator_c.dir/rosidl_generator_c/open_manipulator_msgs/srv/detail/set_joint_position__functions.c.o[0m
[2.840s] [ 15%] [32m[1mLinking C shared library libopen_manipulator_msgs__rosidl_generator_c.so[0m
[2.868s] [ 15%] Built target open_manipulator_msgs__rosidl_generator_c
[2.877s] [ 16%] [34m[1mGenerating C type support for eProsima Fast-RTPS[0m
[2.881s] [ 18%] [34m[1mGenerating C introspection for ROS interfaces[0m
[2.881s] [ 18%] [34m[1mGenerating C type support dispatch for ROS interfaces[0m
[3.078s] [ 23%] [32mBuilding CXX object CMakeFiles/open_manipulator_msgs__rosidl_typesupport_cpp.dir/rosidl_typesupport_cpp/open_manipulator_msgs/msg/open_manipulator_state__type_support.cpp.o[0m
[3.078s] [ 23%] [32mBuilding CXX object CMakeFiles/open_manipulator_msgs__rosidl_typesupport_cpp.dir/rosidl_typesupport_cpp/open_manipulator_msgs/srv/get_joint_position__type_support.cpp.o[0m
[3.079s] [ 23%] [32mBuilding CXX object CMakeFiles/open_manipulator_msgs__rosidl_typesupport_cpp.dir/rosidl_typesupport_cpp/open_manipulator_msgs/srv/get_kinematics_pose__type_support.cpp.o[0m
[3.080s] [ 24%] [32mBuilding CXX object CMakeFiles/open_manipulator_msgs__rosidl_typesupport_cpp.dir/rosidl_typesupport_cpp/open_manipulator_msgs/srv/set_kinematics_pose__type_support.cpp.o[0m
[3.080s] [ 24%] [32mBuilding CXX object CMakeFiles/open_manipulator_msgs__rosidl_typesupport_cpp.dir/rosidl_typesupport_cpp/open_manipulator_msgs/msg/joint_position__type_support.cpp.o[0m
[3.081s] [ 25%] [32mBuilding CXX object CMakeFiles/open_manipulator_msgs__rosidl_typesupport_cpp.dir/rosidl_typesupport_cpp/open_manipulator_msgs/srv/set_joint_position__type_support.cpp.o[0m
[3.081s] [ 26%] [32mBuilding CXX object CMakeFiles/open_manipulator_msgs__rosidl_typesupport_cpp.dir/rosidl_typesupport_cpp/open_manipulator_msgs/msg/kinematics_pose__type_support.cpp.o[0m
[3.085s] [ 27%] [32mBuilding CXX object CMakeFiles/open_manipulator_msgs__rosidl_typesupport_cpp.dir/rosidl_typesupport_cpp/open_manipulator_msgs/srv/set_actuator_state__type_support.cpp.o[0m
[3.087s] [ 28%] [32mBuilding CXX object CMakeFiles/open_manipulator_msgs__rosidl_typesupport_cpp.dir/rosidl_typesupport_cpp/open_manipulator_msgs/srv/set_drawing_trajectory__type_support.cpp.o[0m
[3.407s] [ 29%] [32mBuilding CXX object CMakeFiles/open_manipulator_msgs__rosidl_typesupport_introspection_cpp.dir/rosidl_typesupport_introspection_cpp/open_manipulator_msgs/msg/detail/kinematics_pose__type_support.cpp.o[0m
[3.417s] [ 30%] [32mBuilding CXX object CMakeFiles/open_manipulator_msgs__rosidl_typesupport_introspection_cpp.dir/rosidl_typesupport_introspection_cpp/open_manipulator_msgs/msg/detail/joint_position__type_support.cpp.o[0m
[3.424s] [ 31%] [32mBuilding CXX object CMakeFiles/open_manipulator_msgs__rosidl_typesupport_introspection_cpp.dir/rosidl_typesupport_introspection_cpp/open_manipulator_msgs/msg/detail/open_manipulator_state__type_support.cpp.o[0m
[3.427s] [ 33%] [32mBuilding CXX object CMakeFiles/open_manipulator_msgs__rosidl_typesupport_introspection_cpp.dir/rosidl_typesupport_introspection_cpp/open_manipulator_msgs/srv/detail/get_joint_position__type_support.cpp.o[0m
[3.427s] [ 32%] [32mBuilding CXX object CMakeFiles/open_manipulator_msgs__rosidl_typesupport_introspection_cpp.dir/rosidl_typesupport_introspection_cpp/open_manipulator_msgs/srv/detail/get_kinematics_pose__type_support.cpp.o[0m
[3.429s] [ 34%] [32mBuilding CXX object CMakeFiles/open_manipulator_msgs__rosidl_typesupport_introspection_cpp.dir/rosidl_typesupport_introspection_cpp/open_manipulator_msgs/srv/detail/set_joint_position__type_support.cpp.o[0m
[3.443s] [ 35%] [32mBuilding CXX object CMakeFiles/open_manipulator_msgs__rosidl_typesupport_introspection_cpp.dir/rosidl_typesupport_introspection_cpp/open_manipulator_msgs/srv/detail/set_kinematics_pose__type_support.cpp.o[0m
[3.474s] [ 36%] [32m[1mLinking CXX shared library libopen_manipulator_msgs__rosidl_typesupport_cpp.so[0m
[3.476s] [ 37%] [32mBuilding CXX object CMakeFiles/open_manipulator_msgs__rosidl_typesupport_introspection_cpp.dir/rosidl_typesupport_introspection_cpp/open_manipulator_msgs/srv/detail/set_actuator_state__type_support.cpp.o[0m
[3.477s] [ 38%] [32mBuilding CXX object CMakeFiles/open_manipulator_msgs__rosidl_typesupport_introspection_cpp.dir/rosidl_typesupport_introspection_cpp/open_manipulator_msgs/srv/detail/set_drawing_trajectory__type_support.cpp.o[0m
[3.575s] [ 38%] Built target open_manipulator_msgs__rosidl_typesupport_cpp
[3.677s] [ 40%] [32mBuilding CXX object CMakeFiles/open_manipulator_msgs__rosidl_typesupport_c.dir/rosidl_typesupport_c/open_manipulator_msgs/msg/kinematics_pose__type_support.cpp.o[0m
[3.678s] [ 41%] [32mBuilding CXX object CMakeFiles/open_manipulator_msgs__rosidl_typesupport_c.dir/rosidl_typesupport_c/open_manipulator_msgs/msg/joint_position__type_support.cpp.o[0m
[3.678s] [ 42%] [32mBuilding CXX object CMakeFiles/open_manipulator_msgs__rosidl_typesupport_c.dir/rosidl_typesupport_c/open_manipulator_msgs/msg/open_manipulator_state__type_support.cpp.o[0m
[3.693s] [ 43%] [32mBuilding CXX object CMakeFiles/open_manipulator_msgs__rosidl_typesupport_c.dir/rosidl_typesupport_c/open_manipulator_msgs/srv/get_kinematics_pose__type_support.cpp.o[0m
[3.695s] [ 44%] [32mBuilding CXX object CMakeFiles/open_manipulator_msgs__rosidl_typesupport_c.dir/rosidl_typesupport_c/open_manipulator_msgs/srv/get_joint_position__type_support.cpp.o[0m
[3.733s] [ 45%] [32mBuilding CXX object CMakeFiles/open_manipulator_msgs__rosidl_typesupport_fastrtps_cpp.dir/rosidl_typesupport_fastrtps_cpp/open_manipulator_msgs/msg/detail/dds_fastrtps/kinematics_pose__type_support.cpp.o[0m
[3.742s] [ 46%] [32mBuilding CXX object CMakeFiles/open_manipulator_msgs__rosidl_typesupport_c.dir/rosidl_typesupport_c/open_manipulator_msgs/srv/set_joint_position__type_support.cpp.o[0m
[3.743s] [ 48%] [32mBuilding CXX object CMakeFiles/open_manipulator_msgs__rosidl_typesupport_fastrtps_cpp.dir/rosidl_typesupport_fastrtps_cpp/open_manipulator_msgs/msg/detail/dds_fastrtps/joint_position__type_support.cpp.o[0m
[3.744s] [ 48%] [32mBuilding CXX object CMakeFiles/open_manipulator_msgs__rosidl_typesupport_c.dir/rosidl_typesupport_c/open_manipulator_msgs/srv/set_kinematics_pose__type_support.cpp.o[0m
[3.753s] [ 49%] [32mBuilding CXX object CMakeFiles/open_manipulator_msgs__rosidl_typesupport_fastrtps_cpp.dir/rosidl_typesupport_fastrtps_cpp/open_manipulator_msgs/msg/detail/dds_fastrtps/open_manipulator_state__type_support.cpp.o[0m
[3.755s] [ 50%] [32mBuilding CXX object CMakeFiles/open_manipulator_msgs__rosidl_typesupport_c.dir/rosidl_typesupport_c/open_manipulator_msgs/srv/set_actuator_state__type_support.cpp.o[0m
[3.768s] [ 51%] [32mBuilding CXX object CMakeFiles/open_manipulator_msgs__rosidl_typesupport_c.dir/rosidl_typesupport_c/open_manipulator_msgs/srv/set_drawing_trajectory__type_support.cpp.o[0m
[3.811s] [ 52%] [32mBuilding CXX object CMakeFiles/open_manipulator_msgs__rosidl_typesupport_fastrtps_cpp.dir/rosidl_typesupport_fastrtps_cpp/open_manipulator_msgs/srv/detail/dds_fastrtps/get_joint_position__type_support.cpp.o[0m
[3.851s] [ 53%] [32mBuilding CXX object CMakeFiles/open_manipulator_msgs__rosidl_typesupport_fastrtps_cpp.dir/rosidl_typesupport_fastrtps_cpp/open_manipulator_msgs/srv/detail/dds_fastrtps/get_kinematics_pose__type_support.cpp.o[0m
[3.860s] [ 54%] [32mBuilding CXX object CMakeFiles/open_manipulator_msgs__rosidl_typesupport_fastrtps_cpp.dir/rosidl_typesupport_fastrtps_cpp/open_manipulator_msgs/srv/detail/dds_fastrtps/set_joint_position__type_support.cpp.o[0m
[3.865s] [ 55%] [32m[1mLinking CXX shared library libopen_manipulator_msgs__rosidl_typesupport_c.so[0m
[3.885s] [ 56%] [32mBuilding CXX object CMakeFiles/open_manipulator_msgs__rosidl_typesupport_fastrtps_cpp.dir/rosidl_typesupport_fastrtps_cpp/open_manipulator_msgs/srv/detail/dds_fastrtps/set_kinematics_pose__type_support.cpp.o[0m
[3.930s] [ 57%] [32mBuilding CXX object CMakeFiles/open_manipulator_msgs__rosidl_typesupport_fastrtps_cpp.dir/rosidl_typesupport_fastrtps_cpp/open_manipulator_msgs/srv/detail/dds_fastrtps/set_drawing_trajectory__type_support.cpp.o[0m
[3.955s] [ 58%] [32mBuilding CXX object CMakeFiles/open_manipulator_msgs__rosidl_typesupport_fastrtps_cpp.dir/rosidl_typesupport_fastrtps_cpp/open_manipulator_msgs/srv/detail/dds_fastrtps/set_actuator_state__type_support.cpp.o[0m
[3.986s] [ 58%] Built target open_manipulator_msgs__rosidl_typesupport_c
[3.989s] [ 60%] [32mBuilding CXX object CMakeFiles/open_manipulator_msgs__rosidl_typesupport_fastrtps_c.dir/rosidl_typesupport_fastrtps_c/open_manipulator_msgs/msg/detail/joint_position__type_support_c.cpp.o[0m
[3.996s] [ 61%] [32m[1mLinking CXX shared library libopen_manipulator_msgs__rosidl_typesupport_introspection_cpp.so[0m
[4.000s] [ 62%] [32mBuilding CXX object CMakeFiles/open_manipulator_msgs__rosidl_typesupport_fastrtps_c.dir/rosidl_typesupport_fastrtps_c/open_manipulator_msgs/msg/detail/kinematics_pose__type_support_c.cpp.o[0m
[4.000s] [ 63%] [32mBuilding CXX object CMakeFiles/open_manipulator_msgs__rosidl_typesupport_fastrtps_c.dir/rosidl_typesupport_fastrtps_c/open_manipulator_msgs/msg/detail/open_manipulator_state__type_support_c.cpp.o[0m
[4.005s] [ 64%] [32mBuilding CXX object CMakeFiles/open_manipulator_msgs__rosidl_typesupport_fastrtps_c.dir/rosidl_typesupport_fastrtps_c/open_manipulator_msgs/srv/detail/get_kinematics_pose__type_support_c.cpp.o[0m
[4.007s] [ 66%] [32mBuilding CXX object CMakeFiles/open_manipulator_msgs__rosidl_typesupport_fastrtps_c.dir/rosidl_typesupport_fastrtps_c/open_manipulator_msgs/srv/detail/set_joint_position__type_support_c.cpp.o[0m
[4.013s] [ 67%] [32mBuilding CXX object CMakeFiles/open_manipulator_msgs__rosidl_typesupport_fastrtps_c.dir/rosidl_typesupport_fastrtps_c/open_manipulator_msgs/srv/detail/set_kinematics_pose__type_support_c.cpp.o[0m
[4.015s] [ 68%] [32mBuilding CXX object CMakeFiles/open_manipulator_msgs__rosidl_typesupport_fastrtps_c.dir/rosidl_typesupport_fastrtps_c/open_manipulator_msgs/srv/detail/set_drawing_trajectory__type_support_c.cpp.o[0m
[4.015s] [ 68%] [32mBuilding CXX object CMakeFiles/open_manipulator_msgs__rosidl_typesupport_fastrtps_c.dir/rosidl_typesupport_fastrtps_c/open_manipulator_msgs/srv/detail/get_joint_position__type_support_c.cpp.o[0m
[4.020s] [ 69%] [32mBuilding C object CMakeFiles/open_manipulator_msgs__rosidl_typesupport_introspection_c.dir/rosidl_typesupport_introspection_c/open_manipulator_msgs/msg/detail/joint_position__type_support.c.o[0m
[4.021s] [ 70%] [32mBuilding CXX object CMakeFiles/open_manipulator_msgs__rosidl_typesupport_fastrtps_c.dir/rosidl_typesupport_fastrtps_c/open_manipulator_msgs/srv/detail/set_actuator_state__type_support_c.cpp.o[0m
[4.068s] [ 71%] [32mBuilding C object CMakeFiles/open_manipulator_msgs__rosidl_typesupport_introspection_c.dir/rosidl_typesupport_introspection_c/open_manipulator_msgs/msg/detail/kinematics_pose__type_support.c.o[0m
[4.147s] [ 71%] Built target open_manipulator_msgs__rosidl_typesupport_introspection_cpp
[4.207s] [ 72%] [32mBuilding C object CMakeFiles/open_manipulator_msgs__rosidl_typesupport_introspection_c.dir/rosidl_typesupport_introspection_c/open_manipulator_msgs/msg/detail/open_manipulator_state__type_support.c.o[0m
[4.228s] [ 73%] [32mBuilding C object CMakeFiles/open_manipulator_msgs__rosidl_typesupport_introspection_c.dir/rosidl_typesupport_introspection_c/open_manipulator_msgs/srv/detail/get_joint_position__type_support.c.o[0m
[4.289s] [ 74%] [32mBuilding C object CMakeFiles/open_manipulator_msgs__rosidl_typesupport_introspection_c.dir/rosidl_typesupport_introspection_c/open_manipulator_msgs/srv/detail/get_kinematics_pose__type_support.c.o[0m
[4.355s] [ 76%] [32mBuilding C object CMakeFiles/open_manipulator_msgs__rosidl_typesupport_introspection_c.dir/rosidl_typesupport_introspection_c/open_manipulator_msgs/srv/detail/set_joint_position__type_support.c.o[0m
[4.355s] [ 76%] [32mBuilding C object CMakeFiles/open_manipulator_msgs__rosidl_typesupport_introspection_c.dir/rosidl_typesupport_introspection_c/open_manipulator_msgs/srv/detail/set_kinematics_pose__type_support.c.o[0m
[4.367s] [ 77%] [32mBuilding C object CMakeFiles/open_manipulator_msgs__rosidl_typesupport_introspection_c.dir/rosidl_typesupport_introspection_c/open_manipulator_msgs/srv/detail/set_drawing_trajectory__type_support.c.o[0m
[4.412s] [ 78%] [32mBuilding C object CMakeFiles/open_manipulator_msgs__rosidl_typesupport_introspection_c.dir/rosidl_typesupport_introspection_c/open_manipulator_msgs/srv/detail/set_actuator_state__type_support.c.o[0m
[4.459s] [ 80%] [32m[1mLinking C shared library libopen_manipulator_msgs__rosidl_typesupport_introspection_c.so[0m
[4.487s] [ 80%] Built target open_manipulator_msgs__rosidl_typesupport_introspection_c
[4.510s] [ 81%] [32m[1mLinking CXX shared library libopen_manipulator_msgs__rosidl_typesupport_fastrtps_cpp.so[0m
[4.545s] [ 82%] [32m[1mLinking CXX shared library libopen_manipulator_msgs__rosidl_typesupport_fastrtps_c.so[0m
[4.573s] [ 82%] Built target open_manipulator_msgs__rosidl_typesupport_fastrtps_cpp
[4.605s] [ 82%] Built target open_manipulator_msgs__rosidl_typesupport_fastrtps_c
[4.619s] [ 82%] Built target open_manipulator_msgs
[4.636s] [ 83%] [34m[1mGenerating Python code for ROS interfaces[0m
[5.706s] [ 83%] Built target open_manipulator_msgs__py
[5.722s] [ 87%] [32mBuilding C object CMakeFiles/open_manipulator_msgs__rosidl_generator_py.dir/rosidl_generator_py/open_manipulator_msgs/srv/_set_joint_position_s.c.o[0m
[5.722s] [ 87%] [32mBuilding C object CMakeFiles/open_manipulator_msgs__rosidl_generator_py.dir/rosidl_generator_py/open_manipulator_msgs/msg/_open_manipulator_state_s.c.o[0m
[5.722s] [ 87%] [32mBuilding C object CMakeFiles/open_manipulator_msgs__rosidl_generator_py.dir/rosidl_generator_py/open_manipulator_msgs/msg/_joint_position_s.c.o[0m
[5.723s] [ 87%] [32mBuilding C object CMakeFiles/open_manipulator_msgs__rosidl_generator_py.dir/rosidl_generator_py/open_manipulator_msgs/srv/_get_joint_position_s.c.o[0m
[5.723s] [ 89%] [32mBuilding C object CMakeFiles/open_manipulator_msgs__rosidl_generator_py.dir/rosidl_generator_py/open_manipulator_msgs/srv/_set_kinematics_pose_s.c.o[0m
[5.723s] [ 89%] [32mBuilding C object CMakeFiles/open_manipulator_msgs__rosidl_generator_py.dir/rosidl_generator_py/open_manipulator_msgs/srv/_set_drawing_trajectory_s.c.o[0m
[5.724s] [ 90%] [32mBuilding C object CMakeFiles/open_manipulator_msgs__rosidl_generator_py.dir/rosidl_generator_py/open_manipulator_msgs/msg/_kinematics_pose_s.c.o[0m
[5.724s] [ 91%] [32mBuilding C object CMakeFiles/open_manipulator_msgs__rosidl_generator_py.dir/rosidl_generator_py/open_manipulator_msgs/srv/_get_kinematics_pose_s.c.o[0m
[5.725s] [ 92%] [32mBuilding C object CMakeFiles/open_manipulator_msgs__rosidl_generator_py.dir/rosidl_generator_py/open_manipulator_msgs/srv/_set_actuator_state_s.c.o[0m
[5.838s] [ 93%] [32m[1mLinking C shared library rosidl_generator_py/open_manipulator_msgs/libopen_manipulator_msgs__rosidl_generator_py.so[0m
[5.868s] [ 93%] Built target open_manipulator_msgs__rosidl_generator_py
[5.884s] [ 96%] [32mBuilding C object CMakeFiles/open_manipulator_msgs__rosidl_typesupport_introspection_c__pyext.dir/rosidl_generator_py/open_manipulator_msgs/_open_manipulator_msgs_s.ep.rosidl_typesupport_introspection_c.c.o[0m
[5.884s] [ 96%] [32mBuilding C object CMakeFiles/open_manipulator_msgs__rosidl_typesupport_c__pyext.dir/rosidl_generator_py/open_manipulator_msgs/_open_manipulator_msgs_s.ep.rosidl_typesupport_c.c.o[0m
[5.884s] [ 96%] [32mBuilding C object CMakeFiles/open_manipulator_msgs__rosidl_typesupport_fastrtps_c__pyext.dir/rosidl_generator_py/open_manipulator_msgs/_open_manipulator_msgs_s.ep.rosidl_typesupport_fastrtps_c.c.o[0m
[5.983s] [ 97%] [32m[1mLinking C shared library rosidl_generator_py/open_manipulator_msgs/open_manipulator_msgs_s__rosidl_typesupport_c.cpython-310-x86_64-linux-gnu.so[0m
[5.983s] [100%] [32m[1mLinking C shared library rosidl_generator_py/open_manipulator_msgs/open_manipulator_msgs_s__rosidl_typesupport_fastrtps_c.cpython-310-x86_64-linux-gnu.so[0m
[5.983s] [100%] [32m[1mLinking C shared library rosidl_generator_py/open_manipulator_msgs/open_manipulator_msgs_s__rosidl_typesupport_introspection_c.cpython-310-x86_64-linux-gnu.so[0m
[6.012s] [100%] Built target open_manipulator_msgs__rosidl_typesupport_introspection_c__pyext
[6.012s] [100%] Built target open_manipulator_msgs__rosidl_typesupport_fastrtps_c__pyext
[6.012s] [100%] Built target open_manipulator_msgs__rosidl_typesupport_c__pyext
[6.021s] Invoked command in '/home/x/Desktop/workspace/12-dof-robot/build/open_manipulator_msgs' returned '0': CMAKE_PREFIX_PATH=${CMAKE_PREFIX_PATH}:/home/x/Desktop/workspace/12-dof-robot/install/open_manipulator_x_teleop:/home/x/omx_ws/install/open_manipulator_x_teleop:/home/x/Desktop/workspace/omx_tester/install/open_manipulator_x_teleop:/opt/ros/humble /usr/bin/cmake --build /home/x/Desktop/workspace/12-dof-robot/build/open_manipulator_msgs -- -j20 -l20
[6.193s] Invoking command in '/home/x/Desktop/workspace/12-dof-robot/build/open_manipulator_msgs': CMAKE_PREFIX_PATH=${CMAKE_PREFIX_PATH}:/home/x/Desktop/workspace/12-dof-robot/install/open_manipulator_x_teleop:/home/x/omx_ws/install/open_manipulator_x_teleop:/home/x/Desktop/workspace/omx_tester/install/open_manipulator_x_teleop:/opt/ros/humble /usr/bin/cmake --install /home/x/Desktop/workspace/12-dof-robot/build/open_manipulator_msgs
[6.198s] -- Install configuration: ""
[6.199s] -- Execute custom install script
[6.199s] -- Symlinking: /home/x/Desktop/workspace/12-dof-robot/install/open_manipulator_msgs/share/ament_index/resource_index/rosidl_interfaces/open_manipulator_msgs
[6.207s] -- Symlinking: /home/x/Desktop/workspace/12-dof-robot/install/open_manipulator_msgs/include/open_manipulator_msgs/open_manipulator_msgs/msg/detail/joint_position__functions.h
[6.213s] -- Symlinking: /home/x/Desktop/workspace/12-dof-robot/install/open_manipulator_msgs/include/open_manipulator_msgs/open_manipulator_msgs/msg/detail/joint_position__struct.h
[6.220s] -- Symlinking: /home/x/Desktop/workspace/12-dof-robot/install/open_manipulator_msgs/include/open_manipulator_msgs/open_manipulator_msgs/msg/detail/joint_position__type_support.h
[6.227s] -- Symlinking: /home/x/Desktop/workspace/12-dof-robot/install/open_manipulator_msgs/include/open_manipulator_msgs/open_manipulator_msgs/msg/detail/kinematics_pose__functions.h
[6.234s] -- Symlinking: /home/x/Desktop/workspace/12-dof-robot/install/open_manipulator_msgs/include/open_manipulator_msgs/open_manipulator_msgs/msg/detail/kinematics_pose__struct.h
[6.240s] -- Symlinking: /home/x/Desktop/workspace/12-dof-robot/install/open_manipulator_msgs/include/open_manipulator_msgs/open_manipulator_msgs/msg/detail/kinematics_pose__type_support.h
[6.247s] -- Symlinking: /home/x/Desktop/workspace/12-dof-robot/install/open_manipulator_msgs/include/open_manipulator_msgs/open_manipulator_msgs/msg/detail/open_manipulator_state__functions.h
[6.253s] -- Symlinking: /home/x/Desktop/workspace/12-dof-robot/install/open_manipulator_msgs/include/open_manipulator_msgs/open_manipulator_msgs/msg/detail/open_manipulator_state__struct.h
[6.259s] -- Symlinking: /home/x/Desktop/workspace/12-dof-robot/install/open_manipulator_msgs/include/open_manipulator_msgs/open_manipulator_msgs/msg/detail/open_manipulator_state__type_support.h
[6.266s] -- Symlinking: /home/x/Desktop/workspace/12-dof-robot/install/open_manipulator_msgs/include/open_manipulator_msgs/open_manipulator_msgs/msg/joint_position.h
[6.272s] -- Symlinking: /home/x/Desktop/workspace/12-dof-robot/install/open_manipulator_msgs/include/open_manipulator_msgs/open_manipulator_msgs/msg/kinematics_pose.h
[6.278s] -- Symlinking: /home/x/Desktop/workspace/12-dof-robot/install/open_manipulator_msgs/include/open_manipulator_msgs/open_manipulator_msgs/msg/open_manipulator_state.h
[6.284s] -- Symlinking: /home/x/Desktop/workspace/12-dof-robot/install/open_manipulator_msgs/include/open_manipulator_msgs/open_manipulator_msgs/msg/rosidl_generator_c__visibility_control.h
[6.290s] -- Symlinking: /home/x/Desktop/workspace/12-dof-robot/install/open_manipulator_msgs/include/open_manipulator_msgs/open_manipulator_msgs/srv/detail/get_joint_position__functions.h
[6.296s] -- Symlinking: /home/x/Desktop/workspace/12-dof-robot/install/open_manipulator_msgs/include/open_manipulator_msgs/open_manipulator_msgs/srv/detail/get_joint_position__struct.h
[6.302s] -- Symlinking: /home/x/Desktop/workspace/12-dof-robot/install/open_manipulator_msgs/include/open_manipulator_msgs/open_manipulator_msgs/srv/detail/get_joint_position__type_support.h
[6.308s] -- Symlinking: /home/x/Desktop/workspace/12-dof-robot/install/open_manipulator_msgs/include/open_manipulator_msgs/open_manipulator_msgs/srv/detail/get_kinematics_pose__functions.h
[6.316s] -- Symlinking: /home/x/Desktop/workspace/12-dof-robot/install/open_manipulator_msgs/include/open_manipulator_msgs/open_manipulator_msgs/srv/detail/get_kinematics_pose__struct.h
[6.322s] -- Symlinking: /home/x/Desktop/workspace/12-dof-robot/install/open_manipulator_msgs/include/open_manipulator_msgs/open_manipulator_msgs/srv/detail/get_kinematics_pose__type_support.h
[6.330s] -- Symlinking: /home/x/Desktop/workspace/12-dof-robot/install/open_manipulator_msgs/include/open_manipulator_msgs/open_manipulator_msgs/srv/detail/set_actuator_state__functions.h
[6.340s] -- Symlinking: /home/x/Desktop/workspace/12-dof-robot/install/open_manipulator_msgs/include/open_manipulator_msgs/open_manipulator_msgs/srv/detail/set_actuator_state__struct.h
[6.346s] -- Symlinking: /home/x/Desktop/workspace/12-dof-robot/install/open_manipulator_msgs/include/open_manipulator_msgs/open_manipulator_msgs/srv/detail/set_actuator_state__type_support.h
[6.355s] -- Symlinking: /home/x/Desktop/workspace/12-dof-robot/install/open_manipulator_msgs/include/open_manipulator_msgs/open_manipulator_msgs/srv/detail/set_drawing_trajectory__functions.h
[6.362s] -- Symlinking: /home/x/Desktop/workspace/12-dof-robot/install/open_manipulator_msgs/include/open_manipulator_msgs/open_manipulator_msgs/srv/detail/set_drawing_trajectory__struct.h
[6.370s] -- Symlinking: /home/x/Desktop/workspace/12-dof-robot/install/open_manipulator_msgs/include/open_manipulator_msgs/open_manipulator_msgs/srv/detail/set_drawing_trajectory__type_support.h
[6.376s] -- Symlinking: /home/x/Desktop/workspace/12-dof-robot/install/open_manipulator_msgs/include/open_manipulator_msgs/open_manipulator_msgs/srv/detail/set_joint_position__functions.h
[6.384s] -- Symlinking: /home/x/Desktop/workspace/12-dof-robot/install/open_manipulator_msgs/include/open_manipulator_msgs/open_manipulator_msgs/srv/detail/set_joint_position__struct.h
[6.390s] -- Symlinking: /home/x/Desktop/workspace/12-dof-robot/install/open_manipulator_msgs/include/open_manipulator_msgs/open_manipulator_msgs/srv/detail/set_joint_position__type_support.h
[6.397s] -- Symlinking: /home/x/Desktop/workspace/12-dof-robot/install/open_manipulator_msgs/include/open_manipulator_msgs/open_manipulator_msgs/srv/detail/set_kinematics_pose__functions.h
[6.403s] -- Symlinking: /home/x/Desktop/workspace/12-dof-robot/install/open_manipulator_msgs/include/open_manipulator_msgs/open_manipulator_msgs/srv/detail/set_kinematics_pose__struct.h
[6.409s] -- Symlinking: /home/x/Desktop/workspace/12-dof-robot/install/open_manipulator_msgs/include/open_manipulator_msgs/open_manipulator_msgs/srv/detail/set_kinematics_pose__type_support.h
[6.416s] -- Symlinking: /home/x/Desktop/workspace/12-dof-robot/install/open_manipulator_msgs/include/open_manipulator_msgs/open_manipulator_msgs/srv/get_joint_position.h
[6.423s] -- Symlinking: /home/x/Desktop/workspace/12-dof-robot/install/open_manipulator_msgs/include/open_manipulator_msgs/open_manipulator_msgs/srv/get_kinematics_pose.h
[6.429s] -- Symlinking: /home/x/Desktop/workspace/12-dof-robot/install/open_manipulator_msgs/include/open_manipulator_msgs/open_manipulator_msgs/srv/set_actuator_state.h
[6.436s] -- Symlinking: /home/x/Desktop/workspace/12-dof-robot/install/open_manipulator_msgs/include/open_manipulator_msgs/open_manipulator_msgs/srv/set_drawing_trajectory.h
[6.442s] -- Symlinking: /home/x/Desktop/workspace/12-dof-robot/install/open_manipulator_msgs/include/open_manipulator_msgs/open_manipulator_msgs/srv/set_joint_position.h
[6.448s] -- Symlinking: /home/x/Desktop/workspace/12-dof-robot/install/open_manipulator_msgs/include/open_manipulator_msgs/open_manipulator_msgs/srv/set_kinematics_pose.h
[6.454s] -- Symlinking: /home/x/Desktop/workspace/12-dof-robot/install/open_manipulator_msgs/share/open_manipulator_msgs/environment/library_path.sh
[6.461s] -- Symlinking: /home/x/Desktop/workspace/12-dof-robot/install/open_manipulator_msgs/share/open_manipulator_msgs/environment/library_path.dsv
[6.468s] -- Symlinking: /home/x/Desktop/workspace/12-dof-robot/install/open_manipulator_msgs/include/open_manipulator_msgs/open_manipulator_msgs/msg/detail/joint_position__rosidl_typesupport_fastrtps_c.h
[6.474s] -- Symlinking: /home/x/Desktop/workspace/12-dof-robot/install/open_manipulator_msgs/include/open_manipulator_msgs/open_manipulator_msgs/msg/detail/kinematics_pose__rosidl_typesupport_fastrtps_c.h
[6.481s] -- Symlinking: /home/x/Desktop/workspace/12-dof-robot/install/open_manipulator_msgs/include/open_manipulator_msgs/open_manipulator_msgs/msg/detail/open_manipulator_state__rosidl_typesupport_fastrtps_c.h
[6.487s] -- Symlinking: /home/x/Desktop/workspace/12-dof-robot/install/open_manipulator_msgs/include/open_manipulator_msgs/open_manipulator_msgs/msg/rosidl_typesupport_fastrtps_c__visibility_control.h
[6.494s] -- Symlinking: /home/x/Desktop/workspace/12-dof-robot/install/open_manipulator_msgs/include/open_manipulator_msgs/open_manipulator_msgs/srv/detail/get_joint_position__rosidl_typesupport_fastrtps_c.h
[6.500s] -- Symlinking: /home/x/Desktop/workspace/12-dof-robot/install/open_manipulator_msgs/include/open_manipulator_msgs/open_manipulator_msgs/srv/detail/get_kinematics_pose__rosidl_typesupport_fastrtps_c.h
[6.506s] -- Symlinking: /home/x/Desktop/workspace/12-dof-robot/install/open_manipulator_msgs/include/open_manipulator_msgs/open_manipulator_msgs/srv/detail/set_actuator_state__rosidl_typesupport_fastrtps_c.h
[6.513s] -- Symlinking: /home/x/Desktop/workspace/12-dof-robot/install/open_manipulator_msgs/include/open_manipulator_msgs/open_manipulator_msgs/srv/detail/set_drawing_trajectory__rosidl_typesupport_fastrtps_c.h
[6.520s] -- Symlinking: /home/x/Desktop/workspace/12-dof-robot/install/open_manipulator_msgs/include/open_manipulator_msgs/open_manipulator_msgs/srv/detail/set_joint_position__rosidl_typesupport_fastrtps_c.h
[6.526s] -- Symlinking: /home/x/Desktop/workspace/12-dof-robot/install/open_manipulator_msgs/include/open_manipulator_msgs/open_manipulator_msgs/srv/detail/set_kinematics_pose__rosidl_typesupport_fastrtps_c.h
[6.534s] -- Symlinking: /home/x/Desktop/workspace/12-dof-robot/install/open_manipulator_msgs/include/open_manipulator_msgs/open_manipulator_msgs/msg/detail/joint_position__builder.hpp
[6.540s] -- Symlinking: /home/x/Desktop/workspace/12-dof-robot/install/open_manipulator_msgs/include/open_manipulator_msgs/open_manipulator_msgs/msg/detail/joint_position__struct.hpp
[6.546s] -- Symlinking: /home/x/Desktop/workspace/12-dof-robot/install/open_manipulator_msgs/include/open_manipulator_msgs/open_manipulator_msgs/msg/detail/joint_position__traits.hpp
[6.553s] -- Symlinking: /home/x/Desktop/workspace/12-dof-robot/install/open_manipulator_msgs/include/open_manipulator_msgs/open_manipulator_msgs/msg/detail/kinematics_pose__builder.hpp
[6.559s] -- Symlinking: /home/x/Desktop/workspace/12-dof-robot/install/open_manipulator_msgs/include/open_manipulator_msgs/open_manipulator_msgs/msg/detail/kinematics_pose__struct.hpp
[6.566s] -- Symlinking: /home/x/Desktop/workspace/12-dof-robot/install/open_manipulator_msgs/include/open_manipulator_msgs/open_manipulator_msgs/msg/detail/kinematics_pose__traits.hpp
[6.572s] -- Symlinking: /home/x/Desktop/workspace/12-dof-robot/install/open_manipulator_msgs/include/open_manipulator_msgs/open_manipulator_msgs/msg/detail/open_manipulator_state__builder.hpp
[6.578s] -- Symlinking: /home/x/Desktop/workspace/12-dof-robot/install/open_manipulator_msgs/include/open_manipulator_msgs/open_manipulator_msgs/msg/detail/open_manipulator_state__struct.hpp
[6.585s] -- Symlinking: /home/x/Desktop/workspace/12-dof-robot/install/open_manipulator_msgs/include/open_manipulator_msgs/open_manipulator_msgs/msg/detail/open_manipulator_state__traits.hpp
[6.592s] -- Symlinking: /home/x/Desktop/workspace/12-dof-robot/install/open_manipulator_msgs/include/open_manipulator_msgs/open_manipulator_msgs/msg/joint_position.hpp
[6.598s] -- Symlinking: /home/x/Desktop/workspace/12-dof-robot/install/open_manipulator_msgs/include/open_manipulator_msgs/open_manipulator_msgs/msg/kinematics_pose.hpp
[6.604s] -- Symlinking: /home/x/Desktop/workspace/12-dof-robot/install/open_manipulator_msgs/include/open_manipulator_msgs/open_manipulator_msgs/msg/open_manipulator_state.hpp
[6.611s] -- Symlinking: /home/x/Desktop/workspace/12-dof-robot/install/open_manipulator_msgs/include/open_manipulator_msgs/open_manipulator_msgs/srv/detail/get_joint_position__builder.hpp
[6.618s] -- Symlinking: /home/x/Desktop/workspace/12-dof-robot/install/open_manipulator_msgs/include/open_manipulator_msgs/open_manipulator_msgs/srv/detail/get_joint_position__struct.hpp
[6.624s] -- Symlinking: /home/x/Desktop/workspace/12-dof-robot/install/open_manipulator_msgs/include/open_manipulator_msgs/open_manipulator_msgs/srv/detail/get_joint_position__traits.hpp
[6.632s] -- Symlinking: /home/x/Desktop/workspace/12-dof-robot/install/open_manipulator_msgs/include/open_manipulator_msgs/open_manipulator_msgs/srv/detail/get_kinematics_pose__builder.hpp
[6.638s] -- Symlinking: /home/x/Desktop/workspace/12-dof-robot/install/open_manipulator_msgs/include/open_manipulator_msgs/open_manipulator_msgs/srv/detail/get_kinematics_pose__struct.hpp
[6.644s] -- Symlinking: /home/x/Desktop/workspace/12-dof-robot/install/open_manipulator_msgs/include/open_manipulator_msgs/open_manipulator_msgs/srv/detail/get_kinematics_pose__traits.hpp
[6.651s] -- Symlinking: /home/x/Desktop/workspace/12-dof-robot/install/open_manipulator_msgs/include/open_manipulator_msgs/open_manipulator_msgs/srv/detail/set_actuator_state__builder.hpp
[6.657s] -- Symlinking: /home/x/Desktop/workspace/12-dof-robot/install/open_manipulator_msgs/include/open_manipulator_msgs/open_manipulator_msgs/srv/detail/set_actuator_state__struct.hpp
[6.664s] -- Symlinking: /home/x/Desktop/workspace/12-dof-robot/install/open_manipulator_msgs/include/open_manipulator_msgs/open_manipulator_msgs/srv/detail/set_actuator_state__traits.hpp
[6.670s] -- Symlinking: /home/x/Desktop/workspace/12-dof-robot/install/open_manipulator_msgs/include/open_manipulator_msgs/open_manipulator_msgs/srv/detail/set_drawing_trajectory__builder.hpp
[6.677s] -- Symlinking: /home/x/Desktop/workspace/12-dof-robot/install/open_manipulator_msgs/include/open_manipulator_msgs/open_manipulator_msgs/srv/detail/set_drawing_trajectory__struct.hpp
[6.684s] -- Symlinking: /home/x/Desktop/workspace/12-dof-robot/install/open_manipulator_msgs/include/open_manipulator_msgs/open_manipulator_msgs/srv/detail/set_drawing_trajectory__traits.hpp
[6.690s] -- Symlinking: /home/x/Desktop/workspace/12-dof-robot/install/open_manipulator_msgs/include/open_manipulator_msgs/open_manipulator_msgs/srv/detail/set_joint_position__builder.hpp
[6.697s] -- Symlinking: /home/x/Desktop/workspace/12-dof-robot/install/open_manipulator_msgs/include/open_manipulator_msgs/open_manipulator_msgs/srv/detail/set_joint_position__struct.hpp
[6.703s] -- Symlinking: /home/x/Desktop/workspace/12-dof-robot/install/open_manipulator_msgs/include/open_manipulator_msgs/open_manipulator_msgs/srv/detail/set_joint_position__traits.hpp
[6.709s] -- Symlinking: /home/x/Desktop/workspace/12-dof-robot/install/open_manipulator_msgs/include/open_manipulator_msgs/open_manipulator_msgs/srv/detail/set_kinematics_pose__builder.hpp
[6.716s] -- Symlinking: /home/x/Desktop/workspace/12-dof-robot/install/open_manipulator_msgs/include/open_manipulator_msgs/open_manipulator_msgs/srv/detail/set_kinematics_pose__struct.hpp
[6.723s] -- Symlinking: /home/x/Desktop/workspace/12-dof-robot/install/open_manipulator_msgs/include/open_manipulator_msgs/open_manipulator_msgs/srv/detail/set_kinematics_pose__traits.hpp
[6.730s] -- Symlinking: /home/x/Desktop/workspace/12-dof-robot/install/open_manipulator_msgs/include/open_manipulator_msgs/open_manipulator_msgs/srv/get_joint_position.hpp
[6.736s] -- Symlinking: /home/x/Desktop/workspace/12-dof-robot/install/open_manipulator_msgs/include/open_manipulator_msgs/open_manipulator_msgs/srv/get_kinematics_pose.hpp
[6.742s] -- Symlinking: /home/x/Desktop/workspace/12-dof-robot/install/open_manipulator_msgs/include/open_manipulator_msgs/open_manipulator_msgs/srv/set_actuator_state.hpp
[6.749s] -- Symlinking: /home/x/Desktop/workspace/12-dof-robot/install/open_manipulator_msgs/include/open_manipulator_msgs/open_manipulator_msgs/srv/set_drawing_trajectory.hpp
[6.755s] -- Symlinking: /home/x/Desktop/workspace/12-dof-robot/install/open_manipulator_msgs/include/open_manipulator_msgs/open_manipulator_msgs/srv/set_joint_position.hpp
[6.761s] -- Symlinking: /home/x/Desktop/workspace/12-dof-robot/install/open_manipulator_msgs/include/open_manipulator_msgs/open_manipulator_msgs/srv/set_kinematics_pose.hpp
[6.769s] -- Symlinking: /home/x/Desktop/workspace/12-dof-robot/install/open_manipulator_msgs/include/open_manipulator_msgs/open_manipulator_msgs/msg/detail/joint_position__rosidl_typesupport_fastrtps_cpp.hpp
[6.776s] -- Symlinking: /home/x/Desktop/workspace/12-dof-robot/install/open_manipulator_msgs/include/open_manipulator_msgs/open_manipulator_msgs/msg/detail/kinematics_pose__rosidl_typesupport_fastrtps_cpp.hpp
[6.782s] -- Symlinking: /home/x/Desktop/workspace/12-dof-robot/install/open_manipulator_msgs/include/open_manipulator_msgs/open_manipulator_msgs/msg/detail/open_manipulator_state__rosidl_typesupport_fastrtps_cpp.hpp
[6.789s] -- Symlinking: /home/x/Desktop/workspace/12-dof-robot/install/open_manipulator_msgs/include/open_manipulator_msgs/open_manipulator_msgs/msg/rosidl_typesupport_fastrtps_cpp__visibility_control.h
[6.795s] -- Symlinking: /home/x/Desktop/workspace/12-dof-robot/install/open_manipulator_msgs/include/open_manipulator_msgs/open_manipulator_msgs/srv/detail/get_joint_position__rosidl_typesupport_fastrtps_cpp.hpp
[6.802s] -- Symlinking: /home/x/Desktop/workspace/12-dof-robot/install/open_manipulator_msgs/include/open_manipulator_msgs/open_manipulator_msgs/srv/detail/get_kinematics_pose__rosidl_typesupport_fastrtps_cpp.hpp
[6.808s] -- Symlinking: /home/x/Desktop/workspace/12-dof-robot/install/open_manipulator_msgs/include/open_manipulator_msgs/open_manipulator_msgs/srv/detail/set_actuator_state__rosidl_typesupport_fastrtps_cpp.hpp
[6.815s] -- Symlinking: /home/x/Desktop/workspace/12-dof-robot/install/open_manipulator_msgs/include/open_manipulator_msgs/open_manipulator_msgs/srv/detail/set_drawing_trajectory__rosidl_typesupport_fastrtps_cpp.hpp
[6.821s] -- Symlinking: /home/x/Desktop/workspace/12-dof-robot/install/open_manipulator_msgs/include/open_manipulator_msgs/open_manipulator_msgs/srv/detail/set_joint_position__rosidl_typesupport_fastrtps_cpp.hpp
[6.828s] -- Symlinking: /home/x/Desktop/workspace/12-dof-robot/install/open_manipulator_msgs/include/open_manipulator_msgs/open_manipulator_msgs/srv/detail/set_kinematics_pose__rosidl_typesupport_fastrtps_cpp.hpp
[6.836s] -- Symlinking: /home/x/Desktop/workspace/12-dof-robot/install/open_manipulator_msgs/include/open_manipulator_msgs/open_manipulator_msgs/msg/detail/joint_position__rosidl_typesupport_introspection_c.h
[6.842s] -- Symlinking: /home/x/Desktop/workspace/12-dof-robot/install/open_manipulator_msgs/include/open_manipulator_msgs/open_manipulator_msgs/msg/detail/kinematics_pose__rosidl_typesupport_introspection_c.h
[6.849s] -- Symlinking: /home/x/Desktop/workspace/12-dof-robot/install/open_manipulator_msgs/include/open_manipulator_msgs/open_manipulator_msgs/msg/detail/open_manipulator_state__rosidl_typesupport_introspection_c.h
[6.855s] -- Symlinking: /home/x/Desktop/workspace/12-dof-robot/install/open_manipulator_msgs/include/open_manipulator_msgs/open_manipulator_msgs/msg/rosidl_typesupport_introspection_c__visibility_control.h
[6.862s] -- Symlinking: /home/x/Desktop/workspace/12-dof-robot/install/open_manipulator_msgs/include/open_manipulator_msgs/open_manipulator_msgs/srv/detail/get_joint_position__rosidl_typesupport_introspection_c.h
[6.869s] -- Symlinking: /home/x/Desktop/workspace/12-dof-robot/install/open_manipulator_msgs/include/open_manipulator_msgs/open_manipulator_msgs/srv/detail/get_kinematics_pose__rosidl_typesupport_introspection_c.h
[6.875s] -- Symlinking: /home/x/Desktop/workspace/12-dof-robot/install/open_manipulator_msgs/include/open_manipulator_msgs/open_manipulator_msgs/srv/detail/set_actuator_state__rosidl_typesupport_introspection_c.h
[6.882s] -- Symlinking: /home/x/Desktop/workspace/12-dof-robot/install/open_manipulator_msgs/include/open_manipulator_msgs/open_manipulator_msgs/srv/detail/set_drawing_trajectory__rosidl_typesupport_introspection_c.h
[6.888s] -- Symlinking: /home/x/Desktop/workspace/12-dof-robot/install/open_manipulator_msgs/include/open_manipulator_msgs/open_manipulator_msgs/srv/detail/set_joint_position__rosidl_typesupport_introspection_c.h
[6.895s] -- Symlinking: /home/x/Desktop/workspace/12-dof-robot/install/open_manipulator_msgs/include/open_manipulator_msgs/open_manipulator_msgs/srv/detail/set_kinematics_pose__rosidl_typesupport_introspection_c.h
[6.902s] -- Symlinking: /home/x/Desktop/workspace/12-dof-robot/install/open_manipulator_msgs/include/open_manipulator_msgs/open_manipulator_msgs/msg/detail/joint_position__rosidl_typesupport_introspection_cpp.hpp
[6.908s] -- Symlinking: /home/x/Desktop/workspace/12-dof-robot/install/open_manipulator_msgs/include/open_manipulator_msgs/open_manipulator_msgs/msg/detail/kinematics_pose__rosidl_typesupport_introspection_cpp.hpp
[6.915s] -- Symlinking: /home/x/Desktop/workspace/12-dof-robot/install/open_manipulator_msgs/include/open_manipulator_msgs/open_manipulator_msgs/msg/detail/open_manipulator_state__rosidl_typesupport_introspection_cpp.hpp
[6.921s] -- Symlinking: /home/x/Desktop/workspace/12-dof-robot/install/open_manipulator_msgs/include/open_manipulator_msgs/open_manipulator_msgs/srv/detail/get_joint_position__rosidl_typesupport_introspection_cpp.hpp
[6.928s] -- Symlinking: /home/x/Desktop/workspace/12-dof-robot/install/open_manipulator_msgs/include/open_manipulator_msgs/open_manipulator_msgs/srv/detail/get_kinematics_pose__rosidl_typesupport_introspection_cpp.hpp
[6.936s] -- Symlinking: /home/x/Desktop/workspace/12-dof-robot/install/open_manipulator_msgs/include/open_manipulator_msgs/open_manipulator_msgs/srv/detail/set_actuator_state__rosidl_typesupport_introspection_cpp.hpp
[6.942s] -- Symlinking: /home/x/Desktop/workspace/12-dof-robot/install/open_manipulator_msgs/include/open_manipulator_msgs/open_manipulator_msgs/srv/detail/set_drawing_trajectory__rosidl_typesupport_introspection_cpp.hpp
[6.949s] -- Symlinking: /home/x/Desktop/workspace/12-dof-robot/install/open_manipulator_msgs/include/open_manipulator_msgs/open_manipulator_msgs/srv/detail/set_joint_position__rosidl_typesupport_introspection_cpp.hpp
[6.955s] -- Symlinking: /home/x/Desktop/workspace/12-dof-robot/install/open_manipulator_msgs/include/open_manipulator_msgs/open_manipulator_msgs/srv/detail/set_kinematics_pose__rosidl_typesupport_introspection_cpp.hpp
[6.962s] -- Symlinking: /home/x/Desktop/workspace/12-dof-robot/install/open_manipulator_msgs/share/open_manipulator_msgs/environment/pythonpath.sh
[6.969s] -- Symlinking: /home/x/Desktop/workspace/12-dof-robot/install/open_manipulator_msgs/share/open_manipulator_msgs/environment/pythonpath.dsv
[6.976s] -- Symlinking: /home/x/Desktop/workspace/12-dof-robot/install/open_manipulator_msgs/local/lib/python3.10/dist-packages/open_manipulator_msgs-2.2.0-py3.10.egg-info/PKG-INFO
[6.982s] -- Symlinking: /home/x/Desktop/workspace/12-dof-robot/install/open_manipulator_msgs/local/lib/python3.10/dist-packages/open_manipulator_msgs-2.2.0-py3.10.egg-info/SOURCES.txt
[6.989s] -- Symlinking: /home/x/Desktop/workspace/12-dof-robot/install/open_manipulator_msgs/local/lib/python3.10/dist-packages/open_manipulator_msgs-2.2.0-py3.10.egg-info/dependency_links.txt
[6.995s] -- Symlinking: /home/x/Desktop/workspace/12-dof-robot/install/open_manipulator_msgs/local/lib/python3.10/dist-packages/open_manipulator_msgs-2.2.0-py3.10.egg-info/top_level.txt
[7.003s] -- Symlinking: /home/x/Desktop/workspace/12-dof-robot/install/open_manipulator_msgs/local/lib/python3.10/dist-packages/open_manipulator_msgs/__init__.py
[7.009s] -- Symlinking: /home/x/Desktop/workspace/12-dof-robot/install/open_manipulator_msgs/local/lib/python3.10/dist-packages/open_manipulator_msgs/_open_manipulator_msgs_s.ep.rosidl_typesupport_c.c
[7.016s] -- Symlinking: /home/x/Desktop/workspace/12-dof-robot/install/open_manipulator_msgs/local/lib/python3.10/dist-packages/open_manipulator_msgs/_open_manipulator_msgs_s.ep.rosidl_typesupport_fastrtps_c.c
[7.023s] -- Symlinking: /home/x/Desktop/workspace/12-dof-robot/install/open_manipulator_msgs/local/lib/python3.10/dist-packages/open_manipulator_msgs/_open_manipulator_msgs_s.ep.rosidl_typesupport_introspection_c.c
[7.029s] -- Symlinking: /home/x/Desktop/workspace/12-dof-robot/install/open_manipulator_msgs/local/lib/python3.10/dist-packages/open_manipulator_msgs/libopen_manipulator_msgs__rosidl_generator_py.so
[7.036s] -- Symlinking: /home/x/Desktop/workspace/12-dof-robot/install/open_manipulator_msgs/local/lib/python3.10/dist-packages/open_manipulator_msgs/msg/__init__.py
[7.043s] -- Symlinking: /home/x/Desktop/workspace/12-dof-robot/install/open_manipulator_msgs/local/lib/python3.10/dist-packages/open_manipulator_msgs/msg/_joint_position.py
[7.050s] -- Symlinking: /home/x/Desktop/workspace/12-dof-robot/install/open_manipulator_msgs/local/lib/python3.10/dist-packages/open_manipulator_msgs/msg/_joint_position_s.c
[7.056s] -- Symlinking: /home/x/Desktop/workspace/12-dof-robot/install/open_manipulator_msgs/local/lib/python3.10/dist-packages/open_manipulator_msgs/msg/_kinematics_pose.py
[7.063s] -- Symlinking: /home/x/Desktop/workspace/12-dof-robot/install/open_manipulator_msgs/local/lib/python3.10/dist-packages/open_manipulator_msgs/msg/_kinematics_pose_s.c
[7.070s] -- Symlinking: /home/x/Desktop/workspace/12-dof-robot/install/open_manipulator_msgs/local/lib/python3.10/dist-packages/open_manipulator_msgs/msg/_open_manipulator_state.py
[7.076s] -- Symlinking: /home/x/Desktop/workspace/12-dof-robot/install/open_manipulator_msgs/local/lib/python3.10/dist-packages/open_manipulator_msgs/msg/_open_manipulator_state_s.c
[7.082s] -- Symlinking: /home/x/Desktop/workspace/12-dof-robot/install/open_manipulator_msgs/local/lib/python3.10/dist-packages/open_manipulator_msgs/open_manipulator_msgs_s__rosidl_typesupport_c.cpython-310-x86_64-linux-gnu.so
[7.088s] -- Symlinking: /home/x/Desktop/workspace/12-dof-robot/install/open_manipulator_msgs/local/lib/python3.10/dist-packages/open_manipulator_msgs/open_manipulator_msgs_s__rosidl_typesupport_fastrtps_c.cpython-310-x86_64-linux-gnu.so
[7.095s] -- Symlinking: /home/x/Desktop/workspace/12-dof-robot/install/open_manipulator_msgs/local/lib/python3.10/dist-packages/open_manipulator_msgs/open_manipulator_msgs_s__rosidl_typesupport_introspection_c.cpython-310-x86_64-linux-gnu.so
[7.101s] -- Symlinking: /home/x/Desktop/workspace/12-dof-robot/install/open_manipulator_msgs/local/lib/python3.10/dist-packages/open_manipulator_msgs/srv/__init__.py
[7.107s] -- Symlinking: /home/x/Desktop/workspace/12-dof-robot/install/open_manipulator_msgs/local/lib/python3.10/dist-packages/open_manipulator_msgs/srv/_get_joint_position.py
[7.114s] -- Symlinking: /home/x/Desktop/workspace/12-dof-robot/install/open_manipulator_msgs/local/lib/python3.10/dist-packages/open_manipulator_msgs/srv/_get_joint_position_s.c
[7.120s] -- Symlinking: /home/x/Desktop/workspace/12-dof-robot/install/open_manipulator_msgs/local/lib/python3.10/dist-packages/open_manipulator_msgs/srv/_get_kinematics_pose.py
[7.126s] -- Symlinking: /home/x/Desktop/workspace/12-dof-robot/install/open_manipulator_msgs/local/lib/python3.10/dist-packages/open_manipulator_msgs/srv/_get_kinematics_pose_s.c
[7.133s] -- Symlinking: /home/x/Desktop/workspace/12-dof-robot/install/open_manipulator_msgs/local/lib/python3.10/dist-packages/open_manipulator_msgs/srv/_set_actuator_state.py
[7.139s] -- Symlinking: /home/x/Desktop/workspace/12-dof-robot/install/open_manipulator_msgs/local/lib/python3.10/dist-packages/open_manipulator_msgs/srv/_set_actuator_state_s.c
[7.146s] -- Symlinking: /home/x/Desktop/workspace/12-dof-robot/install/open_manipulator_msgs/local/lib/python3.10/dist-packages/open_manipulator_msgs/srv/_set_drawing_trajectory.py
[7.152s] -- Symlinking: /home/x/Desktop/workspace/12-dof-robot/install/open_manipulator_msgs/local/lib/python3.10/dist-packages/open_manipulator_msgs/srv/_set_drawing_trajectory_s.c
[7.159s] -- Symlinking: /home/x/Desktop/workspace/12-dof-robot/install/open_manipulator_msgs/local/lib/python3.10/dist-packages/open_manipulator_msgs/srv/_set_joint_position.py
[7.165s] -- Symlinking: /home/x/Desktop/workspace/12-dof-robot/install/open_manipulator_msgs/local/lib/python3.10/dist-packages/open_manipulator_msgs/srv/_set_joint_position_s.c
[7.172s] -- Symlinking: /home/x/Desktop/workspace/12-dof-robot/install/open_manipulator_msgs/local/lib/python3.10/dist-packages/open_manipulator_msgs/srv/_set_kinematics_pose.py
[7.178s] -- Symlinking: /home/x/Desktop/workspace/12-dof-robot/install/open_manipulator_msgs/local/lib/python3.10/dist-packages/open_manipulator_msgs/srv/_set_kinematics_pose_s.c
[7.185s] -- Up-to-date symlink: /home/x/Desktop/workspace/12-dof-robot/install/open_manipulator_msgs/local/lib/python3.10/dist-packages/open_manipulator_msgs/open_manipulator_msgs_s__rosidl_typesupport_fastrtps_c.cpython-310-x86_64-linux-gnu.so
[7.185s] -- Up-to-date symlink: /home/x/Desktop/workspace/12-dof-robot/install/open_manipulator_msgs/local/lib/python3.10/dist-packages/open_manipulator_msgs/open_manipulator_msgs_s__rosidl_typesupport_introspection_c.cpython-310-x86_64-linux-gnu.so
[7.185s] -- Up-to-date symlink: /home/x/Desktop/workspace/12-dof-robot/install/open_manipulator_msgs/local/lib/python3.10/dist-packages/open_manipulator_msgs/open_manipulator_msgs_s__rosidl_typesupport_c.cpython-310-x86_64-linux-gnu.so
[7.185s] -- Symlinking: /home/x/Desktop/workspace/12-dof-robot/install/open_manipulator_msgs/share/open_manipulator_msgs/msg/JointPosition.idl
[7.192s] -- Symlinking: /home/x/Desktop/workspace/12-dof-robot/install/open_manipulator_msgs/share/open_manipulator_msgs/msg/KinematicsPose.idl
[7.198s] -- Symlinking: /home/x/Desktop/workspace/12-dof-robot/install/open_manipulator_msgs/share/open_manipulator_msgs/msg/OpenManipulatorState.idl
[7.204s] -- Symlinking: /home/x/Desktop/workspace/12-dof-robot/install/open_manipulator_msgs/share/open_manipulator_msgs/srv/GetJointPosition.idl
[7.210s] -- Symlinking: /home/x/Desktop/workspace/12-dof-robot/install/open_manipulator_msgs/share/open_manipulator_msgs/srv/GetKinematicsPose.idl
[7.217s] -- Symlinking: /home/x/Desktop/workspace/12-dof-robot/install/open_manipulator_msgs/share/open_manipulator_msgs/srv/SetJointPosition.idl
[7.223s] -- Symlinking: /home/x/Desktop/workspace/12-dof-robot/install/open_manipulator_msgs/share/open_manipulator_msgs/srv/SetKinematicsPose.idl
[7.229s] -- Symlinking: /home/x/Desktop/workspace/12-dof-robot/install/open_manipulator_msgs/share/open_manipulator_msgs/srv/SetDrawingTrajectory.idl
[7.236s] -- Symlinking: /home/x/Desktop/workspace/12-dof-robot/install/open_manipulator_msgs/share/open_manipulator_msgs/srv/SetActuatorState.idl
[7.242s] -- Symlinking: /home/x/Desktop/workspace/12-dof-robot/install/open_manipulator_msgs/share/open_manipulator_msgs/msg/JointPosition.msg
[7.249s] -- Symlinking: /home/x/Desktop/workspace/12-dof-robot/install/open_manipulator_msgs/share/open_manipulator_msgs/msg/KinematicsPose.msg
[7.255s] -- Symlinking: /home/x/Desktop/workspace/12-dof-robot/install/open_manipulator_msgs/share/open_manipulator_msgs/msg/OpenManipulatorState.msg
[7.262s] -- Symlinking: /home/x/Desktop/workspace/12-dof-robot/install/open_manipulator_msgs/share/open_manipulator_msgs/srv/GetJointPosition.srv
[7.268s] -- Symlinking: /home/x/Desktop/workspace/12-dof-robot/install/open_manipulator_msgs/share/open_manipulator_msgs/srv/GetJointPosition_Request.msg
[7.274s] -- Symlinking: /home/x/Desktop/workspace/12-dof-robot/install/open_manipulator_msgs/share/open_manipulator_msgs/srv/GetJointPosition_Response.msg
[7.281s] -- Symlinking: /home/x/Desktop/workspace/12-dof-robot/install/open_manipulator_msgs/share/open_manipulator_msgs/srv/GetKinematicsPose.srv
[7.288s] -- Symlinking: /home/x/Desktop/workspace/12-dof-robot/install/open_manipulator_msgs/share/open_manipulator_msgs/srv/GetKinematicsPose_Request.msg
[7.294s] -- Symlinking: /home/x/Desktop/workspace/12-dof-robot/install/open_manipulator_msgs/share/open_manipulator_msgs/srv/GetKinematicsPose_Response.msg
[7.300s] -- Symlinking: /home/x/Desktop/workspace/12-dof-robot/install/open_manipulator_msgs/share/open_manipulator_msgs/srv/SetJointPosition.srv
[7.306s] -- Symlinking: /home/x/Desktop/workspace/12-dof-robot/install/open_manipulator_msgs/share/open_manipulator_msgs/srv/SetJointPosition_Request.msg
[7.313s] -- Symlinking: /home/x/Desktop/workspace/12-dof-robot/install/open_manipulator_msgs/share/open_manipulator_msgs/srv/SetJointPosition_Response.msg
[7.319s] -- Symlinking: /home/x/Desktop/workspace/12-dof-robot/install/open_manipulator_msgs/share/open_manipulator_msgs/srv/SetKinematicsPose.srv
[7.325s] -- Symlinking: /home/x/Desktop/workspace/12-dof-robot/install/open_manipulator_msgs/share/open_manipulator_msgs/srv/SetKinematicsPose_Request.msg
[7.332s] -- Symlinking: /home/x/Desktop/workspace/12-dof-robot/install/open_manipulator_msgs/share/open_manipulator_msgs/srv/SetKinematicsPose_Response.msg
[7.339s] -- Symlinking: /home/x/Desktop/workspace/12-dof-robot/install/open_manipulator_msgs/share/open_manipulator_msgs/srv/SetDrawingTrajectory.srv
[7.346s] -- Symlinking: /home/x/Desktop/workspace/12-dof-robot/install/open_manipulator_msgs/share/open_manipulator_msgs/srv/SetDrawingTrajectory_Request.msg
[7.352s] -- Symlinking: /home/x/Desktop/workspace/12-dof-robot/install/open_manipulator_msgs/share/open_manipulator_msgs/srv/SetDrawingTrajectory_Response.msg
[7.358s] -- Symlinking: /home/x/Desktop/workspace/12-dof-robot/install/open_manipulator_msgs/share/open_manipulator_msgs/srv/SetActuatorState.srv
[7.365s] -- Symlinking: /home/x/Desktop/workspace/12-dof-robot/install/open_manipulator_msgs/share/open_manipulator_msgs/srv/SetActuatorState_Request.msg
[7.371s] -- Symlinking: /home/x/Desktop/workspace/12-dof-robot/install/open_manipulator_msgs/share/open_manipulator_msgs/srv/SetActuatorState_Response.msg
[7.378s] -- Symlinking: /home/x/Desktop/workspace/12-dof-robot/install/open_manipulator_msgs/share/ament_index/resource_index/package_run_dependencies/open_manipulator_msgs
[7.384s] -- Symlinking: /home/x/Desktop/workspace/12-dof-robot/install/open_manipulator_msgs/share/ament_index/resource_index/parent_prefix_path/open_manipulator_msgs
[7.390s] -- Symlinking: /home/x/Desktop/workspace/12-dof-robot/install/open_manipulator_msgs/share/open_manipulator_msgs/environment/ament_prefix_path.sh
[7.397s] -- Symlinking: /home/x/Desktop/workspace/12-dof-robot/install/open_manipulator_msgs/share/open_manipulator_msgs/environment/ament_prefix_path.dsv
[7.404s] -- Symlinking: /home/x/Desktop/workspace/12-dof-robot/install/open_manipulator_msgs/share/open_manipulator_msgs/environment/path.sh
[7.410s] -- Symlinking: /home/x/Desktop/workspace/12-dof-robot/install/open_manipulator_msgs/share/open_manipulator_msgs/environment/path.dsv
[7.416s] -- Symlinking: /home/x/Desktop/workspace/12-dof-robot/install/open_manipulator_msgs/share/open_manipulator_msgs/local_setup.bash
[7.423s] -- Symlinking: /home/x/Desktop/workspace/12-dof-robot/install/open_manipulator_msgs/share/open_manipulator_msgs/local_setup.sh
[7.429s] -- Symlinking: /home/x/Desktop/workspace/12-dof-robot/install/open_manipulator_msgs/share/open_manipulator_msgs/local_setup.zsh
[7.435s] -- Symlinking: /home/x/Desktop/workspace/12-dof-robot/install/open_manipulator_msgs/share/open_manipulator_msgs/local_setup.dsv
[7.442s] -- Symlinking: /home/x/Desktop/workspace/12-dof-robot/install/open_manipulator_msgs/share/open_manipulator_msgs/package.dsv
[7.448s] -- Symlinking: /home/x/Desktop/workspace/12-dof-robot/install/open_manipulator_msgs/share/ament_index/resource_index/packages/open_manipulator_msgs
[7.457s] -- Symlinking: /home/x/Desktop/workspace/12-dof-robot/install/open_manipulator_msgs/share/open_manipulator_msgs/cmake/rosidl_cmake-extras.cmake
[7.464s] -- Symlinking: /home/x/Desktop/workspace/12-dof-robot/install/open_manipulator_msgs/share/open_manipulator_msgs/cmake/ament_cmake_export_dependencies-extras.cmake
[7.470s] -- Symlinking: /home/x/Desktop/workspace/12-dof-robot/install/open_manipulator_msgs/share/open_manipulator_msgs/cmake/ament_cmake_export_include_directories-extras.cmake
[7.477s] -- Symlinking: /home/x/Desktop/workspace/12-dof-robot/install/open_manipulator_msgs/share/open_manipulator_msgs/cmake/ament_cmake_export_libraries-extras.cmake
[7.483s] -- Symlinking: /home/x/Desktop/workspace/12-dof-robot/install/open_manipulator_msgs/share/open_manipulator_msgs/cmake/ament_cmake_export_targets-extras.cmake
[7.489s] -- Symlinking: /home/x/Desktop/workspace/12-dof-robot/install/open_manipulator_msgs/share/open_manipulator_msgs/cmake/rosidl_cmake_export_typesupport_targets-extras.cmake
[7.495s] -- Symlinking: /home/x/Desktop/workspace/12-dof-robot/install/open_manipulator_msgs/share/open_manipulator_msgs/cmake/rosidl_cmake_export_typesupport_libraries-extras.cmake
[7.502s] -- Symlinking: /home/x/Desktop/workspace/12-dof-robot/install/open_manipulator_msgs/share/open_manipulator_msgs/cmake/open_manipulator_msgsConfig.cmake
[7.508s] -- Symlinking: /home/x/Desktop/workspace/12-dof-robot/install/open_manipulator_msgs/share/open_manipulator_msgs/cmake/open_manipulator_msgsConfig-version.cmake
[7.514s] -- Symlinking: /home/x/Desktop/workspace/12-dof-robot/install/open_manipulator_msgs/share/open_manipulator_msgs/package.xml
[7.521s] -- Installing: /home/x/Desktop/workspace/12-dof-robot/install/open_manipulator_msgs/lib/libopen_manipulator_msgs__rosidl_generator_c.so
[7.521s] -- Set runtime path of "/home/x/Desktop/workspace/12-dof-robot/install/open_manipulator_msgs/lib/libopen_manipulator_msgs__rosidl_generator_c.so" to ""
[7.521s] -- Installing: /home/x/Desktop/workspace/12-dof-robot/install/open_manipulator_msgs/lib/libopen_manipulator_msgs__rosidl_typesupport_fastrtps_c.so
[7.521s] -- Set runtime path of "/home/x/Desktop/workspace/12-dof-robot/install/open_manipulator_msgs/lib/libopen_manipulator_msgs__rosidl_typesupport_fastrtps_c.so" to ""
[7.521s] -- Installing: /home/x/Desktop/workspace/12-dof-robot/install/open_manipulator_msgs/lib/libopen_manipulator_msgs__rosidl_typesupport_fastrtps_cpp.so
[7.522s] -- Set runtime path of "/home/x/Desktop/workspace/12-dof-robot/install/open_manipulator_msgs/lib/libopen_manipulator_msgs__rosidl_typesupport_fastrtps_cpp.so" to ""
[7.522s] -- Installing: /home/x/Desktop/workspace/12-dof-robot/install/open_manipulator_msgs/lib/libopen_manipulator_msgs__rosidl_typesupport_introspection_c.so
[7.522s] -- Set runtime path of "/home/x/Desktop/workspace/12-dof-robot/install/open_manipulator_msgs/lib/libopen_manipulator_msgs__rosidl_typesupport_introspection_c.so" to ""
[7.522s] -- Installing: /home/x/Desktop/workspace/12-dof-robot/install/open_manipulator_msgs/lib/libopen_manipulator_msgs__rosidl_typesupport_c.so
[7.522s] -- Set runtime path of "/home/x/Desktop/workspace/12-dof-robot/install/open_manipulator_msgs/lib/libopen_manipulator_msgs__rosidl_typesupport_c.so" to ""
[7.522s] -- Installing: /home/x/Desktop/workspace/12-dof-robot/install/open_manipulator_msgs/lib/libopen_manipulator_msgs__rosidl_typesupport_introspection_cpp.so
[7.522s] -- Set runtime path of "/home/x/Desktop/workspace/12-dof-robot/install/open_manipulator_msgs/lib/libopen_manipulator_msgs__rosidl_typesupport_introspection_cpp.so" to ""
[7.522s] -- Installing: /home/x/Desktop/workspace/12-dof-robot/install/open_manipulator_msgs/lib/libopen_manipulator_msgs__rosidl_typesupport_cpp.so
[7.523s] -- Set runtime path of "/home/x/Desktop/workspace/12-dof-robot/install/open_manipulator_msgs/lib/libopen_manipulator_msgs__rosidl_typesupport_cpp.so" to ""
[7.557s] Listing '/home/x/Desktop/workspace/12-dof-robot/install/open_manipulator_msgs/local/lib/python3.10/dist-packages/open_manipulator_msgs'...
[7.557s] Compiling '/home/x/Desktop/workspace/12-dof-robot/install/open_manipulator_msgs/local/lib/python3.10/dist-packages/open_manipulator_msgs/__init__.py'...
[7.557s] Listing '/home/x/Desktop/workspace/12-dof-robot/install/open_manipulator_msgs/local/lib/python3.10/dist-packages/open_manipulator_msgs/msg'...
[7.557s] Compiling '/home/x/Desktop/workspace/12-dof-robot/install/open_manipulator_msgs/local/lib/python3.10/dist-packages/open_manipulator_msgs/msg/__init__.py'...
[7.557s] Compiling '/home/x/Desktop/workspace/12-dof-robot/install/open_manipulator_msgs/local/lib/python3.10/dist-packages/open_manipulator_msgs/msg/_joint_position.py'...
[7.557s] Compiling '/home/x/Desktop/workspace/12-dof-robot/install/open_manipulator_msgs/local/lib/python3.10/dist-packages/open_manipulator_msgs/msg/_kinematics_pose.py'...
[7.557s] Compiling '/home/x/Desktop/workspace/12-dof-robot/install/open_manipulator_msgs/local/lib/python3.10/dist-packages/open_manipulator_msgs/msg/_open_manipulator_state.py'...
[7.557s] Listing '/home/x/Desktop/workspace/12-dof-robot/install/open_manipulator_msgs/local/lib/python3.10/dist-packages/open_manipulator_msgs/srv'...
[7.557s] Compiling '/home/x/Desktop/workspace/12-dof-robot/install/open_manipulator_msgs/local/lib/python3.10/dist-packages/open_manipulator_msgs/srv/__init__.py'...
[7.557s] Compiling '/home/x/Desktop/workspace/12-dof-robot/install/open_manipulator_msgs/local/lib/python3.10/dist-packages/open_manipulator_msgs/srv/_get_joint_position.py'...
[7.557s] Compiling '/home/x/Desktop/workspace/12-dof-robot/install/open_manipulator_msgs/local/lib/python3.10/dist-packages/open_manipulator_msgs/srv/_get_kinematics_pose.py'...
[7.557s] Compiling '/home/x/Desktop/workspace/12-dof-robot/install/open_manipulator_msgs/local/lib/python3.10/dist-packages/open_manipulator_msgs/srv/_set_actuator_state.py'...
[7.557s] Compiling '/home/x/Desktop/workspace/12-dof-robot/install/open_manipulator_msgs/local/lib/python3.10/dist-packages/open_manipulator_msgs/srv/_set_drawing_trajectory.py'...
[7.557s] Compiling '/home/x/Desktop/workspace/12-dof-robot/install/open_manipulator_msgs/local/lib/python3.10/dist-packages/open_manipulator_msgs/srv/_set_joint_position.py'...
[7.557s] Compiling '/home/x/Desktop/workspace/12-dof-robot/install/open_manipulator_msgs/local/lib/python3.10/dist-packages/open_manipulator_msgs/srv/_set_kinematics_pose.py'...
[7.560s] -- Installing: /home/x/Desktop/workspace/12-dof-robot/install/open_manipulator_msgs/lib/libopen_manipulator_msgs__rosidl_generator_py.so
[7.560s] -- Set runtime path of "/home/x/Desktop/workspace/12-dof-robot/install/open_manipulator_msgs/lib/libopen_manipulator_msgs__rosidl_generator_py.so" to ""
[7.560s] -- Installing: /home/x/Desktop/workspace/12-dof-robot/install/open_manipulator_msgs/share/open_manipulator_msgs/cmake/export_open_manipulator_msgs__rosidl_generator_cExport.cmake
[7.560s] -- Installing: /home/x/Desktop/workspace/12-dof-robot/install/open_manipulator_msgs/share/open_manipulator_msgs/cmake/export_open_manipulator_msgs__rosidl_generator_cExport-noconfig.cmake
[7.560s] -- Installing: /home/x/Desktop/workspace/12-dof-robot/install/open_manipulator_msgs/share/open_manipulator_msgs/cmake/export_open_manipulator_msgs__rosidl_typesupport_fastrtps_cExport.cmake
[7.561s] -- Installing: /home/x/Desktop/workspace/12-dof-robot/install/open_manipulator_msgs/share/open_manipulator_msgs/cmake/export_open_manipulator_msgs__rosidl_typesupport_fastrtps_cExport-noconfig.cmake
[7.561s] -- Installing: /home/x/Desktop/workspace/12-dof-robot/install/open_manipulator_msgs/share/open_manipulator_msgs/cmake/export_open_manipulator_msgs__rosidl_generator_cppExport.cmake
[7.561s] -- Installing: /home/x/Desktop/workspace/12-dof-robot/install/open_manipulator_msgs/share/open_manipulator_msgs/cmake/export_open_manipulator_msgs__rosidl_typesupport_fastrtps_cppExport.cmake
[7.561s] -- Installing: /home/x/Desktop/workspace/12-dof-robot/install/open_manipulator_msgs/share/open_manipulator_msgs/cmake/export_open_manipulator_msgs__rosidl_typesupport_fastrtps_cppExport-noconfig.cmake
[7.561s] -- Installing: /home/x/Desktop/workspace/12-dof-robot/install/open_manipulator_msgs/share/open_manipulator_msgs/cmake/open_manipulator_msgs__rosidl_typesupport_introspection_cExport.cmake
[7.561s] -- Installing: /home/x/Desktop/workspace/12-dof-robot/install/open_manipulator_msgs/share/open_manipulator_msgs/cmake/open_manipulator_msgs__rosidl_typesupport_introspection_cExport-noconfig.cmake
[7.561s] -- Installing: /home/x/Desktop/workspace/12-dof-robot/install/open_manipulator_msgs/share/open_manipulator_msgs/cmake/open_manipulator_msgs__rosidl_typesupport_cExport.cmake
[7.561s] -- Installing: /home/x/Desktop/workspace/12-dof-robot/install/open_manipulator_msgs/share/open_manipulator_msgs/cmake/open_manipulator_msgs__rosidl_typesupport_cExport-noconfig.cmake
[7.561s] -- Installing: /home/x/Desktop/workspace/12-dof-robot/install/open_manipulator_msgs/share/open_manipulator_msgs/cmake/open_manipulator_msgs__rosidl_typesupport_introspection_cppExport.cmake
[7.561s] -- Installing: /home/x/Desktop/workspace/12-dof-robot/install/open_manipulator_msgs/share/open_manipulator_msgs/cmake/open_manipulator_msgs__rosidl_typesupport_introspection_cppExport-noconfig.cmake
[7.561s] -- Installing: /home/x/Desktop/workspace/12-dof-robot/install/open_manipulator_msgs/share/open_manipulator_msgs/cmake/open_manipulator_msgs__rosidl_typesupport_cppExport.cmake
[7.562s] -- Installing: /home/x/Desktop/workspace/12-dof-robot/install/open_manipulator_msgs/share/open_manipulator_msgs/cmake/open_manipulator_msgs__rosidl_typesupport_cppExport-noconfig.cmake
[7.562s] -- Installing: /home/x/Desktop/workspace/12-dof-robot/install/open_manipulator_msgs/share/open_manipulator_msgs/cmake/export_open_manipulator_msgs__rosidl_generator_pyExport.cmake
[7.562s] -- Installing: /home/x/Desktop/workspace/12-dof-robot/install/open_manipulator_msgs/share/open_manipulator_msgs/cmake/export_open_manipulator_msgs__rosidl_generator_pyExport-noconfig.cmake
[7.564s] Invoked command in '/home/x/Desktop/workspace/12-dof-robot/build/open_manipulator_msgs' returned '0': CMAKE_PREFIX_PATH=${CMAKE_PREFIX_PATH}:/home/x/Desktop/workspace/12-dof-robot/install/open_manipulator_x_teleop:/home/x/omx_ws/install/open_manipulator_x_teleop:/home/x/Desktop/workspace/omx_tester/install/open_manipulator_x_teleop:/opt/ros/humble /usr/bin/cmake --install /home/x/Desktop/workspace/12-dof-robot/build/open_manipulator_msgs
