[0.019s] Invoking command in '/home/x/Desktop/workspace/12-dof-robot/build/dynamixel_sdk_custom_interfaces': CMAKE_PREFIX_PATH=${CMAKE_PREFIX_PATH}:/home/x/Desktop/workspace/12-dof-robot/install/open_manipulator_x_teleop:/home/x/omx_ws/install/open_manipulator_x_teleop:/home/x/Desktop/workspace/omx_tester/install/open_manipulator_x_master_slave:/home/x/Desktop/workspace/omx_tester/install/open_manipulator_x_libs:/home/x/Desktop/workspace/omx_tester/install/robotis_manipulator:/home/x/Desktop/workspace/omx_tester/install/open_manipulator_x_teleop:/home/x/Desktop/workspace/omx_tester/install/open_manipulator_x_description:/home/x/Desktop/workspace/omx_tester/install/open_manipulator_msgs:/home/x/Desktop/workspace/omx_tester/install/dynamixel_workbench:/home/x/Desktop/workspace/omx_tester/install/dynamixel_workbench_toolbox:/home/x/Desktop/workspace/omx_tester/install/dynamixel_sdk_examples:/home/x/Desktop/workspace/omx_tester/install/dynamixel_sdk_custom_interfaces:/home/x/Desktop/workspace/omx_tester/install/dynamixel_sdk:/home/x/Desktop/workspace/omx_tester/install/cmake_modules:/opt/ros/humble /usr/bin/cmake --build /home/x/Desktop/workspace/12-dof-robot/build/dynamixel_sdk_custom_interfaces -- -j20 -l20
[0.055s] [ 10%] Built target dynamixel_sdk_custom_interfaces__rosidl_generator_c
[0.060s] [ 12%] Built target dynamixel_sdk_custom_interfaces__cpp
[0.065s] [ 12%] Built target ament_cmake_python_symlink_dynamixel_sdk_custom_interfaces
[0.082s] [ 23%] Built target dynamixel_sdk_custom_interfaces__rosidl_typesupport_c
[0.085s] [ 33%] Built target dynamixel_sdk_custom_interfaces__rosidl_typesupport_fastrtps_cpp
[0.086s] [ 53%] Built target dynamixel_sdk_custom_interfaces__rosidl_typesupport_introspection_c
[0.086s] [ 53%] Built target dynamixel_sdk_custom_interfaces__rosidl_typesupport_fastrtps_c
[0.087s] [ 64%] Built target dynamixel_sdk_custom_interfaces__rosidl_typesupport_introspection_cpp
[0.090s] [ 74%] Built target dynamixel_sdk_custom_interfaces__rosidl_typesupport_cpp
[0.109s] [ 74%] Built target dynamixel_sdk_custom_interfaces
[0.125s] [ 76%] Built target dynamixel_sdk_custom_interfaces__py
[0.143s] [ 84%] Built target dynamixel_sdk_custom_interfaces__rosidl_generator_py
[0.163s] [ 89%] Built target dynamixel_sdk_custom_interfaces__rosidl_typesupport_fastrtps_c__pyext
[0.164s] [ 94%] Built target dynamixel_sdk_custom_interfaces__rosidl_typesupport_c__pyext
[0.164s] [100%] Built target dynamixel_sdk_custom_interfaces__rosidl_typesupport_introspection_c__pyext
[0.322s] running egg_info
[0.322s] writing dynamixel_sdk_custom_interfaces.egg-info/PKG-INFO
[0.323s] writing dependency_links to dynamixel_sdk_custom_interfaces.egg-info/dependency_links.txt
[0.323s] writing top-level names to dynamixel_sdk_custom_interfaces.egg-info/top_level.txt
[0.325s] reading manifest file 'dynamixel_sdk_custom_interfaces.egg-info/SOURCES.txt'
[0.326s] writing manifest file 'dynamixel_sdk_custom_interfaces.egg-info/SOURCES.txt'
[0.348s] [100%] Built target ament_cmake_python_build_dynamixel_sdk_custom_interfaces_egg
[0.355s] Invoked command in '/home/x/Desktop/workspace/12-dof-robot/build/dynamixel_sdk_custom_interfaces' returned '0': CMAKE_PREFIX_PATH=${CMAKE_PREFIX_PATH}:/home/x/Desktop/workspace/12-dof-robot/install/open_manipulator_x_teleop:/home/x/omx_ws/install/open_manipulator_x_teleop:/home/x/Desktop/workspace/omx_tester/install/open_manipulator_x_master_slave:/home/x/Desktop/workspace/omx_tester/install/open_manipulator_x_libs:/home/x/Desktop/workspace/omx_tester/install/robotis_manipulator:/home/x/Desktop/workspace/omx_tester/install/open_manipulator_x_teleop:/home/x/Desktop/workspace/omx_tester/install/open_manipulator_x_description:/home/x/Desktop/workspace/omx_tester/install/open_manipulator_msgs:/home/x/Desktop/workspace/omx_tester/install/dynamixel_workbench:/home/x/Desktop/workspace/omx_tester/install/dynamixel_workbench_toolbox:/home/x/Desktop/workspace/omx_tester/install/dynamixel_sdk_examples:/home/x/Desktop/workspace/omx_tester/install/dynamixel_sdk_custom_interfaces:/home/x/Desktop/workspace/omx_tester/install/dynamixel_sdk:/home/x/Desktop/workspace/omx_tester/install/cmake_modules:/opt/ros/humble /usr/bin/cmake --build /home/x/Desktop/workspace/12-dof-robot/build/dynamixel_sdk_custom_interfaces -- -j20 -l20
[0.420s] Invoking command in '/home/x/Desktop/workspace/12-dof-robot/build/dynamixel_sdk_custom_interfaces': CMAKE_PREFIX_PATH=${CMAKE_PREFIX_PATH}:/home/x/Desktop/workspace/12-dof-robot/install/open_manipulator_x_teleop:/home/x/omx_ws/install/open_manipulator_x_teleop:/home/x/Desktop/workspace/omx_tester/install/open_manipulator_x_master_slave:/home/x/Desktop/workspace/omx_tester/install/open_manipulator_x_libs:/home/x/Desktop/workspace/omx_tester/install/robotis_manipulator:/home/x/Desktop/workspace/omx_tester/install/open_manipulator_x_teleop:/home/x/Desktop/workspace/omx_tester/install/open_manipulator_x_description:/home/x/Desktop/workspace/omx_tester/install/open_manipulator_msgs:/home/x/Desktop/workspace/omx_tester/install/dynamixel_workbench:/home/x/Desktop/workspace/omx_tester/install/dynamixel_workbench_toolbox:/home/x/Desktop/workspace/omx_tester/install/dynamixel_sdk_examples:/home/x/Desktop/workspace/omx_tester/install/dynamixel_sdk_custom_interfaces:/home/x/Desktop/workspace/omx_tester/install/dynamixel_sdk:/home/x/Desktop/workspace/omx_tester/install/cmake_modules:/opt/ros/humble /usr/bin/cmake --install /home/x/Desktop/workspace/12-dof-robot/build/dynamixel_sdk_custom_interfaces
[0.426s] -- Install configuration: "Debug"
[0.426s] -- Execute custom install script
[0.426s] -- Up-to-date symlink: /home/x/Desktop/workspace/12-dof-robot/install/dynamixel_sdk_custom_interfaces/share/ament_index/resource_index/rosidl_interfaces/dynamixel_sdk_custom_interfaces
[0.427s] -- Up-to-date symlink: /home/x/Desktop/workspace/12-dof-robot/install/dynamixel_sdk_custom_interfaces/include/dynamixel_sdk_custom_interfaces/dynamixel_sdk_custom_interfaces/msg/detail/set_position__functions.h
[0.427s] -- Up-to-date symlink: /home/x/Desktop/workspace/12-dof-robot/install/dynamixel_sdk_custom_interfaces/include/dynamixel_sdk_custom_interfaces/dynamixel_sdk_custom_interfaces/msg/detail/set_position__struct.h
[0.428s] -- Up-to-date symlink: /home/x/Desktop/workspace/12-dof-robot/install/dynamixel_sdk_custom_interfaces/include/dynamixel_sdk_custom_interfaces/dynamixel_sdk_custom_interfaces/msg/detail/set_position__type_support.h
[0.428s] -- Up-to-date symlink: /home/x/Desktop/workspace/12-dof-robot/install/dynamixel_sdk_custom_interfaces/include/dynamixel_sdk_custom_interfaces/dynamixel_sdk_custom_interfaces/msg/rosidl_generator_c__visibility_control.h
[0.428s] -- Up-to-date symlink: /home/x/Desktop/workspace/12-dof-robot/install/dynamixel_sdk_custom_interfaces/include/dynamixel_sdk_custom_interfaces/dynamixel_sdk_custom_interfaces/msg/set_position.h
[0.428s] -- Up-to-date symlink: /home/x/Desktop/workspace/12-dof-robot/install/dynamixel_sdk_custom_interfaces/include/dynamixel_sdk_custom_interfaces/dynamixel_sdk_custom_interfaces/srv/detail/get_position__functions.h
[0.428s] -- Up-to-date symlink: /home/x/Desktop/workspace/12-dof-robot/install/dynamixel_sdk_custom_interfaces/include/dynamixel_sdk_custom_interfaces/dynamixel_sdk_custom_interfaces/srv/detail/get_position__struct.h
[0.428s] -- Up-to-date symlink: /home/x/Desktop/workspace/12-dof-robot/install/dynamixel_sdk_custom_interfaces/include/dynamixel_sdk_custom_interfaces/dynamixel_sdk_custom_interfaces/srv/detail/get_position__type_support.h
[0.429s] -- Up-to-date symlink: /home/x/Desktop/workspace/12-dof-robot/install/dynamixel_sdk_custom_interfaces/include/dynamixel_sdk_custom_interfaces/dynamixel_sdk_custom_interfaces/srv/get_position.h
[0.430s] -- Up-to-date symlink: /home/x/Desktop/workspace/12-dof-robot/install/dynamixel_sdk_custom_interfaces/share/dynamixel_sdk_custom_interfaces/environment/library_path.sh
[0.431s] -- Up-to-date symlink: /home/x/Desktop/workspace/12-dof-robot/install/dynamixel_sdk_custom_interfaces/share/dynamixel_sdk_custom_interfaces/environment/library_path.dsv
[0.432s] -- Up-to-date symlink: /home/x/Desktop/workspace/12-dof-robot/install/dynamixel_sdk_custom_interfaces/include/dynamixel_sdk_custom_interfaces/dynamixel_sdk_custom_interfaces/msg/detail/set_position__rosidl_typesupport_fastrtps_c.h
[0.432s] -- Up-to-date symlink: /home/x/Desktop/workspace/12-dof-robot/install/dynamixel_sdk_custom_interfaces/include/dynamixel_sdk_custom_interfaces/dynamixel_sdk_custom_interfaces/msg/rosidl_typesupport_fastrtps_c__visibility_control.h
[0.433s] -- Up-to-date symlink: /home/x/Desktop/workspace/12-dof-robot/install/dynamixel_sdk_custom_interfaces/include/dynamixel_sdk_custom_interfaces/dynamixel_sdk_custom_interfaces/srv/detail/get_position__rosidl_typesupport_fastrtps_c.h
[0.436s] -- Up-to-date symlink: /home/x/Desktop/workspace/12-dof-robot/install/dynamixel_sdk_custom_interfaces/include/dynamixel_sdk_custom_interfaces/dynamixel_sdk_custom_interfaces/msg/detail/set_position__builder.hpp
[0.436s] -- Up-to-date symlink: /home/x/Desktop/workspace/12-dof-robot/install/dynamixel_sdk_custom_interfaces/include/dynamixel_sdk_custom_interfaces/dynamixel_sdk_custom_interfaces/msg/detail/set_position__struct.hpp
[0.436s] -- Up-to-date symlink: /home/x/Desktop/workspace/12-dof-robot/install/dynamixel_sdk_custom_interfaces/include/dynamixel_sdk_custom_interfaces/dynamixel_sdk_custom_interfaces/msg/detail/set_position__traits.hpp
[0.437s] -- Up-to-date symlink: /home/x/Desktop/workspace/12-dof-robot/install/dynamixel_sdk_custom_interfaces/include/dynamixel_sdk_custom_interfaces/dynamixel_sdk_custom_interfaces/msg/set_position.hpp
[0.437s] -- Up-to-date symlink: /home/x/Desktop/workspace/12-dof-robot/install/dynamixel_sdk_custom_interfaces/include/dynamixel_sdk_custom_interfaces/dynamixel_sdk_custom_interfaces/srv/detail/get_position__builder.hpp
[0.437s] -- Up-to-date symlink: /home/x/Desktop/workspace/12-dof-robot/install/dynamixel_sdk_custom_interfaces/include/dynamixel_sdk_custom_interfaces/dynamixel_sdk_custom_interfaces/srv/detail/get_position__struct.hpp
[0.437s] -- Up-to-date symlink: /home/x/Desktop/workspace/12-dof-robot/install/dynamixel_sdk_custom_interfaces/include/dynamixel_sdk_custom_interfaces/dynamixel_sdk_custom_interfaces/srv/detail/get_position__traits.hpp
[0.438s] -- Up-to-date symlink: /home/x/Desktop/workspace/12-dof-robot/install/dynamixel_sdk_custom_interfaces/include/dynamixel_sdk_custom_interfaces/dynamixel_sdk_custom_interfaces/srv/get_position.hpp
[0.438s] -- Up-to-date symlink: /home/x/Desktop/workspace/12-dof-robot/install/dynamixel_sdk_custom_interfaces/include/dynamixel_sdk_custom_interfaces/dynamixel_sdk_custom_interfaces/msg/detail/set_position__rosidl_typesupport_fastrtps_cpp.hpp
[0.438s] -- Up-to-date symlink: /home/x/Desktop/workspace/12-dof-robot/install/dynamixel_sdk_custom_interfaces/include/dynamixel_sdk_custom_interfaces/dynamixel_sdk_custom_interfaces/msg/rosidl_typesupport_fastrtps_cpp__visibility_control.h
[0.438s] -- Up-to-date symlink: /home/x/Desktop/workspace/12-dof-robot/install/dynamixel_sdk_custom_interfaces/include/dynamixel_sdk_custom_interfaces/dynamixel_sdk_custom_interfaces/srv/detail/get_position__rosidl_typesupport_fastrtps_cpp.hpp
[0.438s] -- Up-to-date symlink: /home/x/Desktop/workspace/12-dof-robot/install/dynamixel_sdk_custom_interfaces/include/dynamixel_sdk_custom_interfaces/dynamixel_sdk_custom_interfaces/msg/detail/set_position__rosidl_typesupport_introspection_c.h
[0.439s] -- Up-to-date symlink: /home/x/Desktop/workspace/12-dof-robot/install/dynamixel_sdk_custom_interfaces/include/dynamixel_sdk_custom_interfaces/dynamixel_sdk_custom_interfaces/msg/rosidl_typesupport_introspection_c__visibility_control.h
[0.439s] -- Up-to-date symlink: /home/x/Desktop/workspace/12-dof-robot/install/dynamixel_sdk_custom_interfaces/include/dynamixel_sdk_custom_interfaces/dynamixel_sdk_custom_interfaces/srv/detail/get_position__rosidl_typesupport_introspection_c.h
[0.439s] -- Up-to-date symlink: /home/x/Desktop/workspace/12-dof-robot/install/dynamixel_sdk_custom_interfaces/include/dynamixel_sdk_custom_interfaces/dynamixel_sdk_custom_interfaces/msg/detail/set_position__rosidl_typesupport_introspection_cpp.hpp
[0.439s] -- Up-to-date symlink: /home/x/Desktop/workspace/12-dof-robot/install/dynamixel_sdk_custom_interfaces/include/dynamixel_sdk_custom_interfaces/dynamixel_sdk_custom_interfaces/srv/detail/get_position__rosidl_typesupport_introspection_cpp.hpp
[0.439s] -- Up-to-date symlink: /home/x/Desktop/workspace/12-dof-robot/install/dynamixel_sdk_custom_interfaces/share/dynamixel_sdk_custom_interfaces/environment/pythonpath.sh
[0.439s] -- Up-to-date symlink: /home/x/Desktop/workspace/12-dof-robot/install/dynamixel_sdk_custom_interfaces/share/dynamixel_sdk_custom_interfaces/environment/pythonpath.dsv
[0.439s] -- Up-to-date symlink: /home/x/Desktop/workspace/12-dof-robot/install/dynamixel_sdk_custom_interfaces/local/lib/python3.10/dist-packages/dynamixel_sdk_custom_interfaces-3.7.60-py3.10.egg-info/PKG-INFO
[0.439s] -- Up-to-date symlink: /home/x/Desktop/workspace/12-dof-robot/install/dynamixel_sdk_custom_interfaces/local/lib/python3.10/dist-packages/dynamixel_sdk_custom_interfaces-3.7.60-py3.10.egg-info/SOURCES.txt
[0.440s] -- Up-to-date symlink: /home/x/Desktop/workspace/12-dof-robot/install/dynamixel_sdk_custom_interfaces/local/lib/python3.10/dist-packages/dynamixel_sdk_custom_interfaces-3.7.60-py3.10.egg-info/dependency_links.txt
[0.440s] -- Up-to-date symlink: /home/x/Desktop/workspace/12-dof-robot/install/dynamixel_sdk_custom_interfaces/local/lib/python3.10/dist-packages/dynamixel_sdk_custom_interfaces-3.7.60-py3.10.egg-info/top_level.txt
[0.440s] -- Up-to-date symlink: /home/x/Desktop/workspace/12-dof-robot/install/dynamixel_sdk_custom_interfaces/local/lib/python3.10/dist-packages/dynamixel_sdk_custom_interfaces/__init__.py
[0.440s] -- Up-to-date symlink: /home/x/Desktop/workspace/12-dof-robot/install/dynamixel_sdk_custom_interfaces/local/lib/python3.10/dist-packages/dynamixel_sdk_custom_interfaces/_dynamixel_sdk_custom_interfaces_s.ep.rosidl_typesupport_c.c
[0.440s] -- Up-to-date symlink: /home/x/Desktop/workspace/12-dof-robot/install/dynamixel_sdk_custom_interfaces/local/lib/python3.10/dist-packages/dynamixel_sdk_custom_interfaces/_dynamixel_sdk_custom_interfaces_s.ep.rosidl_typesupport_fastrtps_c.c
[0.440s] -- Up-to-date symlink: /home/x/Desktop/workspace/12-dof-robot/install/dynamixel_sdk_custom_interfaces/local/lib/python3.10/dist-packages/dynamixel_sdk_custom_interfaces/_dynamixel_sdk_custom_interfaces_s.ep.rosidl_typesupport_introspection_c.c
[0.440s] -- Up-to-date symlink: /home/x/Desktop/workspace/12-dof-robot/install/dynamixel_sdk_custom_interfaces/local/lib/python3.10/dist-packages/dynamixel_sdk_custom_interfaces/dynamixel_sdk_custom_interfaces_s__rosidl_typesupport_c.cpython-310-x86_64-linux-gnu.so
[0.440s] -- Up-to-date symlink: /home/x/Desktop/workspace/12-dof-robot/install/dynamixel_sdk_custom_interfaces/local/lib/python3.10/dist-packages/dynamixel_sdk_custom_interfaces/dynamixel_sdk_custom_interfaces_s__rosidl_typesupport_fastrtps_c.cpython-310-x86_64-linux-gnu.so
[0.441s] -- Up-to-date symlink: /home/x/Desktop/workspace/12-dof-robot/install/dynamixel_sdk_custom_interfaces/local/lib/python3.10/dist-packages/dynamixel_sdk_custom_interfaces/dynamixel_sdk_custom_interfaces_s__rosidl_typesupport_introspection_c.cpython-310-x86_64-linux-gnu.so
[0.441s] -- Up-to-date symlink: /home/x/Desktop/workspace/12-dof-robot/install/dynamixel_sdk_custom_interfaces/local/lib/python3.10/dist-packages/dynamixel_sdk_custom_interfaces/libdynamixel_sdk_custom_interfaces__rosidl_generator_py.so
[0.441s] -- Up-to-date symlink: /home/x/Desktop/workspace/12-dof-robot/install/dynamixel_sdk_custom_interfaces/local/lib/python3.10/dist-packages/dynamixel_sdk_custom_interfaces/msg/__init__.py
[0.441s] -- Up-to-date symlink: /home/x/Desktop/workspace/12-dof-robot/install/dynamixel_sdk_custom_interfaces/local/lib/python3.10/dist-packages/dynamixel_sdk_custom_interfaces/msg/_set_position.py
[0.441s] -- Up-to-date symlink: /home/x/Desktop/workspace/12-dof-robot/install/dynamixel_sdk_custom_interfaces/local/lib/python3.10/dist-packages/dynamixel_sdk_custom_interfaces/msg/_set_position_s.c
[0.441s] -- Up-to-date symlink: /home/x/Desktop/workspace/12-dof-robot/install/dynamixel_sdk_custom_interfaces/local/lib/python3.10/dist-packages/dynamixel_sdk_custom_interfaces/srv/__init__.py
[0.441s] -- Up-to-date symlink: /home/x/Desktop/workspace/12-dof-robot/install/dynamixel_sdk_custom_interfaces/local/lib/python3.10/dist-packages/dynamixel_sdk_custom_interfaces/srv/_get_position.py
[0.442s] -- Up-to-date symlink: /home/x/Desktop/workspace/12-dof-robot/install/dynamixel_sdk_custom_interfaces/local/lib/python3.10/dist-packages/dynamixel_sdk_custom_interfaces/srv/_get_position_s.c
[0.442s] -- Up-to-date symlink: /home/x/Desktop/workspace/12-dof-robot/install/dynamixel_sdk_custom_interfaces/local/lib/python3.10/dist-packages/dynamixel_sdk_custom_interfaces/dynamixel_sdk_custom_interfaces_s__rosidl_typesupport_fastrtps_c.cpython-310-x86_64-linux-gnu.so
[0.442s] -- Up-to-date symlink: /home/x/Desktop/workspace/12-dof-robot/install/dynamixel_sdk_custom_interfaces/local/lib/python3.10/dist-packages/dynamixel_sdk_custom_interfaces/dynamixel_sdk_custom_interfaces_s__rosidl_typesupport_introspection_c.cpython-310-x86_64-linux-gnu.so
[0.442s] -- Up-to-date symlink: /home/x/Desktop/workspace/12-dof-robot/install/dynamixel_sdk_custom_interfaces/local/lib/python3.10/dist-packages/dynamixel_sdk_custom_interfaces/dynamixel_sdk_custom_interfaces_s__rosidl_typesupport_c.cpython-310-x86_64-linux-gnu.so
[0.442s] -- Up-to-date symlink: /home/x/Desktop/workspace/12-dof-robot/install/dynamixel_sdk_custom_interfaces/share/dynamixel_sdk_custom_interfaces/msg/SetPosition.idl
[0.442s] -- Up-to-date symlink: /home/x/Desktop/workspace/12-dof-robot/install/dynamixel_sdk_custom_interfaces/share/dynamixel_sdk_custom_interfaces/srv/GetPosition.idl
[0.442s] -- Up-to-date symlink: /home/x/Desktop/workspace/12-dof-robot/install/dynamixel_sdk_custom_interfaces/share/dynamixel_sdk_custom_interfaces/msg/SetPosition.msg
[0.443s] -- Up-to-date symlink: /home/x/Desktop/workspace/12-dof-robot/install/dynamixel_sdk_custom_interfaces/share/dynamixel_sdk_custom_interfaces/srv/GetPosition.srv
[0.443s] -- Up-to-date symlink: /home/x/Desktop/workspace/12-dof-robot/install/dynamixel_sdk_custom_interfaces/share/dynamixel_sdk_custom_interfaces/srv/GetPosition_Request.msg
[0.443s] -- Up-to-date symlink: /home/x/Desktop/workspace/12-dof-robot/install/dynamixel_sdk_custom_interfaces/share/dynamixel_sdk_custom_interfaces/srv/GetPosition_Response.msg
[0.443s] -- Up-to-date symlink: /home/x/Desktop/workspace/12-dof-robot/install/dynamixel_sdk_custom_interfaces/share/ament_index/resource_index/package_run_dependencies/dynamixel_sdk_custom_interfaces
[0.443s] -- Up-to-date symlink: /home/x/Desktop/workspace/12-dof-robot/install/dynamixel_sdk_custom_interfaces/share/ament_index/resource_index/parent_prefix_path/dynamixel_sdk_custom_interfaces
[0.443s] -- Up-to-date symlink: /home/x/Desktop/workspace/12-dof-robot/install/dynamixel_sdk_custom_interfaces/share/dynamixel_sdk_custom_interfaces/environment/ament_prefix_path.sh
[0.444s] -- Up-to-date symlink: /home/x/Desktop/workspace/12-dof-robot/install/dynamixel_sdk_custom_interfaces/share/dynamixel_sdk_custom_interfaces/environment/ament_prefix_path.dsv
[0.444s] -- Up-to-date symlink: /home/x/Desktop/workspace/12-dof-robot/install/dynamixel_sdk_custom_interfaces/share/dynamixel_sdk_custom_interfaces/environment/path.sh
[0.445s] -- Up-to-date symlink: /home/x/Desktop/workspace/12-dof-robot/install/dynamixel_sdk_custom_interfaces/share/dynamixel_sdk_custom_interfaces/environment/path.dsv
[0.445s] -- Up-to-date symlink: /home/x/Desktop/workspace/12-dof-robot/install/dynamixel_sdk_custom_interfaces/share/dynamixel_sdk_custom_interfaces/local_setup.bash
[0.446s] -- Up-to-date symlink: /home/x/Desktop/workspace/12-dof-robot/install/dynamixel_sdk_custom_interfaces/share/dynamixel_sdk_custom_interfaces/local_setup.sh
[0.446s] -- Up-to-date symlink: /home/x/Desktop/workspace/12-dof-robot/install/dynamixel_sdk_custom_interfaces/share/dynamixel_sdk_custom_interfaces/local_setup.zsh
[0.446s] -- Up-to-date symlink: /home/x/Desktop/workspace/12-dof-robot/install/dynamixel_sdk_custom_interfaces/share/dynamixel_sdk_custom_interfaces/local_setup.dsv
[0.447s] -- Symlinking: /home/x/Desktop/workspace/12-dof-robot/install/dynamixel_sdk_custom_interfaces/share/dynamixel_sdk_custom_interfaces/package.dsv
[0.448s] -- Up-to-date symlink: /home/x/Desktop/workspace/12-dof-robot/install/dynamixel_sdk_custom_interfaces/share/ament_index/resource_index/packages/dynamixel_sdk_custom_interfaces
[0.448s] -- Up-to-date symlink: /home/x/Desktop/workspace/12-dof-robot/install/dynamixel_sdk_custom_interfaces/share/dynamixel_sdk_custom_interfaces/cmake/rosidl_cmake-extras.cmake
[0.448s] -- Up-to-date symlink: /home/x/Desktop/workspace/12-dof-robot/install/dynamixel_sdk_custom_interfaces/share/dynamixel_sdk_custom_interfaces/cmake/ament_cmake_export_dependencies-extras.cmake
[0.448s] -- Up-to-date symlink: /home/x/Desktop/workspace/12-dof-robot/install/dynamixel_sdk_custom_interfaces/share/dynamixel_sdk_custom_interfaces/cmake/ament_cmake_export_include_directories-extras.cmake
[0.448s] -- Up-to-date symlink: /home/x/Desktop/workspace/12-dof-robot/install/dynamixel_sdk_custom_interfaces/share/dynamixel_sdk_custom_interfaces/cmake/ament_cmake_export_libraries-extras.cmake
[0.448s] -- Up-to-date symlink: /home/x/Desktop/workspace/12-dof-robot/install/dynamixel_sdk_custom_interfaces/share/dynamixel_sdk_custom_interfaces/cmake/ament_cmake_export_targets-extras.cmake
[0.448s] -- Up-to-date symlink: /home/x/Desktop/workspace/12-dof-robot/install/dynamixel_sdk_custom_interfaces/share/dynamixel_sdk_custom_interfaces/cmake/rosidl_cmake_export_typesupport_targets-extras.cmake
[0.448s] -- Up-to-date symlink: /home/x/Desktop/workspace/12-dof-robot/install/dynamixel_sdk_custom_interfaces/share/dynamixel_sdk_custom_interfaces/cmake/rosidl_cmake_export_typesupport_libraries-extras.cmake
[0.448s] -- Up-to-date symlink: /home/x/Desktop/workspace/12-dof-robot/install/dynamixel_sdk_custom_interfaces/share/dynamixel_sdk_custom_interfaces/cmake/dynamixel_sdk_custom_interfacesConfig.cmake
[0.448s] -- Up-to-date symlink: /home/x/Desktop/workspace/12-dof-robot/install/dynamixel_sdk_custom_interfaces/share/dynamixel_sdk_custom_interfaces/cmake/dynamixel_sdk_custom_interfacesConfig-version.cmake
[0.448s] -- Up-to-date symlink: /home/x/Desktop/workspace/12-dof-robot/install/dynamixel_sdk_custom_interfaces/share/dynamixel_sdk_custom_interfaces/package.xml
[0.448s] -- Up-to-date: /home/x/Desktop/workspace/12-dof-robot/install/dynamixel_sdk_custom_interfaces/lib/libdynamixel_sdk_custom_interfaces__rosidl_generator_c.so
[0.449s] -- Up-to-date: /home/x/Desktop/workspace/12-dof-robot/install/dynamixel_sdk_custom_interfaces/lib/libdynamixel_sdk_custom_interfaces__rosidl_typesupport_fastrtps_c.so
[0.449s] -- Up-to-date: /home/x/Desktop/workspace/12-dof-robot/install/dynamixel_sdk_custom_interfaces/lib/libdynamixel_sdk_custom_interfaces__rosidl_typesupport_fastrtps_cpp.so
[0.449s] -- Up-to-date: /home/x/Desktop/workspace/12-dof-robot/install/dynamixel_sdk_custom_interfaces/lib/libdynamixel_sdk_custom_interfaces__rosidl_typesupport_introspection_c.so
[0.449s] -- Up-to-date: /home/x/Desktop/workspace/12-dof-robot/install/dynamixel_sdk_custom_interfaces/lib/libdynamixel_sdk_custom_interfaces__rosidl_typesupport_c.so
[0.449s] -- Up-to-date: /home/x/Desktop/workspace/12-dof-robot/install/dynamixel_sdk_custom_interfaces/lib/libdynamixel_sdk_custom_interfaces__rosidl_typesupport_introspection_cpp.so
[0.449s] -- Up-to-date: /home/x/Desktop/workspace/12-dof-robot/install/dynamixel_sdk_custom_interfaces/lib/libdynamixel_sdk_custom_interfaces__rosidl_typesupport_cpp.so
[0.472s] Listing '/home/x/Desktop/workspace/12-dof-robot/install/dynamixel_sdk_custom_interfaces/local/lib/python3.10/dist-packages/dynamixel_sdk_custom_interfaces'...
[0.472s] Listing '/home/x/Desktop/workspace/12-dof-robot/install/dynamixel_sdk_custom_interfaces/local/lib/python3.10/dist-packages/dynamixel_sdk_custom_interfaces/msg'...
[0.473s] Listing '/home/x/Desktop/workspace/12-dof-robot/install/dynamixel_sdk_custom_interfaces/local/lib/python3.10/dist-packages/dynamixel_sdk_custom_interfaces/srv'...
[0.475s] -- Up-to-date: /home/x/Desktop/workspace/12-dof-robot/install/dynamixel_sdk_custom_interfaces/lib/libdynamixel_sdk_custom_interfaces__rosidl_generator_py.so
[0.475s] -- Up-to-date: /home/x/Desktop/workspace/12-dof-robot/install/dynamixel_sdk_custom_interfaces/share/dynamixel_sdk_custom_interfaces/cmake/export_dynamixel_sdk_custom_interfaces__rosidl_generator_cExport.cmake
[0.476s] -- Up-to-date: /home/x/Desktop/workspace/12-dof-robot/install/dynamixel_sdk_custom_interfaces/share/dynamixel_sdk_custom_interfaces/cmake/export_dynamixel_sdk_custom_interfaces__rosidl_generator_cExport-debug.cmake
[0.476s] -- Up-to-date: /home/x/Desktop/workspace/12-dof-robot/install/dynamixel_sdk_custom_interfaces/share/dynamixel_sdk_custom_interfaces/cmake/export_dynamixel_sdk_custom_interfaces__rosidl_typesupport_fastrtps_cExport.cmake
[0.476s] -- Up-to-date: /home/x/Desktop/workspace/12-dof-robot/install/dynamixel_sdk_custom_interfaces/share/dynamixel_sdk_custom_interfaces/cmake/export_dynamixel_sdk_custom_interfaces__rosidl_typesupport_fastrtps_cExport-debug.cmake
[0.477s] -- Up-to-date: /home/x/Desktop/workspace/12-dof-robot/install/dynamixel_sdk_custom_interfaces/share/dynamixel_sdk_custom_interfaces/cmake/export_dynamixel_sdk_custom_interfaces__rosidl_generator_cppExport.cmake
[0.477s] -- Up-to-date: /home/x/Desktop/workspace/12-dof-robot/install/dynamixel_sdk_custom_interfaces/share/dynamixel_sdk_custom_interfaces/cmake/export_dynamixel_sdk_custom_interfaces__rosidl_typesupport_fastrtps_cppExport.cmake
[0.477s] -- Up-to-date: /home/x/Desktop/workspace/12-dof-robot/install/dynamixel_sdk_custom_interfaces/share/dynamixel_sdk_custom_interfaces/cmake/export_dynamixel_sdk_custom_interfaces__rosidl_typesupport_fastrtps_cppExport-debug.cmake
[0.477s] -- Up-to-date: /home/x/Desktop/workspace/12-dof-robot/install/dynamixel_sdk_custom_interfaces/share/dynamixel_sdk_custom_interfaces/cmake/dynamixel_sdk_custom_interfaces__rosidl_typesupport_introspection_cExport.cmake
[0.478s] -- Up-to-date: /home/x/Desktop/workspace/12-dof-robot/install/dynamixel_sdk_custom_interfaces/share/dynamixel_sdk_custom_interfaces/cmake/dynamixel_sdk_custom_interfaces__rosidl_typesupport_introspection_cExport-debug.cmake
[0.478s] -- Up-to-date: /home/x/Desktop/workspace/12-dof-robot/install/dynamixel_sdk_custom_interfaces/share/dynamixel_sdk_custom_interfaces/cmake/dynamixel_sdk_custom_interfaces__rosidl_typesupport_cExport.cmake
[0.478s] -- Up-to-date: /home/x/Desktop/workspace/12-dof-robot/install/dynamixel_sdk_custom_interfaces/share/dynamixel_sdk_custom_interfaces/cmake/dynamixel_sdk_custom_interfaces__rosidl_typesupport_cExport-debug.cmake
[0.478s] -- Up-to-date: /home/x/Desktop/workspace/12-dof-robot/install/dynamixel_sdk_custom_interfaces/share/dynamixel_sdk_custom_interfaces/cmake/dynamixel_sdk_custom_interfaces__rosidl_typesupport_introspection_cppExport.cmake
[0.479s] -- Up-to-date: /home/x/Desktop/workspace/12-dof-robot/install/dynamixel_sdk_custom_interfaces/share/dynamixel_sdk_custom_interfaces/cmake/dynamixel_sdk_custom_interfaces__rosidl_typesupport_introspection_cppExport-debug.cmake
[0.479s] -- Up-to-date: /home/x/Desktop/workspace/12-dof-robot/install/dynamixel_sdk_custom_interfaces/share/dynamixel_sdk_custom_interfaces/cmake/dynamixel_sdk_custom_interfaces__rosidl_typesupport_cppExport.cmake
[0.479s] -- Up-to-date: /home/x/Desktop/workspace/12-dof-robot/install/dynamixel_sdk_custom_interfaces/share/dynamixel_sdk_custom_interfaces/cmake/dynamixel_sdk_custom_interfaces__rosidl_typesupport_cppExport-debug.cmake
[0.479s] -- Up-to-date: /home/x/Desktop/workspace/12-dof-robot/install/dynamixel_sdk_custom_interfaces/share/dynamixel_sdk_custom_interfaces/cmake/export_dynamixel_sdk_custom_interfaces__rosidl_generator_pyExport.cmake
[0.479s] -- Up-to-date: /home/x/Desktop/workspace/12-dof-robot/install/dynamixel_sdk_custom_interfaces/share/dynamixel_sdk_custom_interfaces/cmake/export_dynamixel_sdk_custom_interfaces__rosidl_generator_pyExport-debug.cmake
[0.480s] Invoked command in '/home/x/Desktop/workspace/12-dof-robot/build/dynamixel_sdk_custom_interfaces' returned '0': CMAKE_PREFIX_PATH=${CMAKE_PREFIX_PATH}:/home/x/Desktop/workspace/12-dof-robot/install/open_manipulator_x_teleop:/home/x/omx_ws/install/open_manipulator_x_teleop:/home/x/Desktop/workspace/omx_tester/install/open_manipulator_x_master_slave:/home/x/Desktop/workspace/omx_tester/install/open_manipulator_x_libs:/home/x/Desktop/workspace/omx_tester/install/robotis_manipulator:/home/x/Desktop/workspace/omx_tester/install/open_manipulator_x_teleop:/home/x/Desktop/workspace/omx_tester/install/open_manipulator_x_description:/home/x/Desktop/workspace/omx_tester/install/open_manipulator_msgs:/home/x/Desktop/workspace/omx_tester/install/dynamixel_workbench:/home/x/Desktop/workspace/omx_tester/install/dynamixel_workbench_toolbox:/home/x/Desktop/workspace/omx_tester/install/dynamixel_sdk_examples:/home/x/Desktop/workspace/omx_tester/install/dynamixel_sdk_custom_interfaces:/home/x/Desktop/workspace/omx_tester/install/dynamixel_sdk:/home/x/Desktop/workspace/omx_tester/install/cmake_modules:/opt/ros/humble /usr/bin/cmake --install /home/x/Desktop/workspace/12-dof-robot/build/dynamixel_sdk_custom_interfaces
