[0.014s] Invoking command in '/home/x/Desktop/workspace/12-dof-robot/build/open_manipulator_x_description': CMAKE_PREFIX_PATH=${CMAKE_PREFIX_PATH}:/home/x/Desktop/workspace/12-dof-robot/install/open_manipulator_x_teleop:/home/x/omx_ws/install/open_manipulator_x_teleop:/home/x/Desktop/workspace/omx_tester/install/open_manipulator_x_teleop:/opt/ros/humble /usr/bin/cmake /home/x/Desktop/workspace/12-dof-robot/src/open_manipulator/open_manipulator_x_description -DAMENT_CMAKE_SYMLINK_INSTALL=1 -DCMAKE_INSTALL_PREFIX=/home/x/Desktop/workspace/12-dof-robot/install/open_manipulator_x_description
[0.050s] -- The C compiler identification is GNU 11.4.0
[0.085s] -- The CXX compiler identification is GNU 11.4.0
[0.090s] -- Detecting C compiler ABI info
[0.134s] -- Detecting C compiler ABI info - done
[0.144s] -- Check for working C compiler: /usr/bin/cc - skipped
[0.144s] -- Detecting C compile features
[0.145s] -- Detecting C compile features - done
[0.148s] -- Detecting CXX compiler ABI info
[0.209s] -- Detecting CXX compiler ABI info - done
[0.219s] -- Check for working CXX compiler: /usr/bin/c++ - skipped
[0.219s] -- Detecting CXX compile features
[0.220s] -- Detecting CXX compile features - done
[0.224s] -- Found ament_cmake: 1.3.9 (/opt/ros/humble/share/ament_cmake/cmake)
[0.341s] -- Found Python3: /usr/bin/python3 (found version "3.10.12") found components: Interpreter 
[0.393s] -- Override CMake install command with custom implementation using symlinks instead of copying resources
[0.480s] -- Configuring done
[0.482s] -- Generating done
[0.482s] -- Build files have been written to: /home/x/Desktop/workspace/12-dof-robot/build/open_manipulator_x_description
[0.484s] Invoked command in '/home/x/Desktop/workspace/12-dof-robot/build/open_manipulator_x_description' returned '0': CMAKE_PREFIX_PATH=${CMAKE_PREFIX_PATH}:/home/x/Desktop/workspace/12-dof-robot/install/open_manipulator_x_teleop:/home/x/omx_ws/install/open_manipulator_x_teleop:/home/x/Desktop/workspace/omx_tester/install/open_manipulator_x_teleop:/opt/ros/humble /usr/bin/cmake /home/x/Desktop/workspace/12-dof-robot/src/open_manipulator/open_manipulator_x_description -DAMENT_CMAKE_SYMLINK_INSTALL=1 -DCMAKE_INSTALL_PREFIX=/home/x/Desktop/workspace/12-dof-robot/install/open_manipulator_x_description
[0.485s] Invoking command in '/home/x/Desktop/workspace/12-dof-robot/build/open_manipulator_x_description': CMAKE_PREFIX_PATH=${CMAKE_PREFIX_PATH}:/home/x/Desktop/workspace/12-dof-robot/install/open_manipulator_x_teleop:/home/x/omx_ws/install/open_manipulator_x_teleop:/home/x/Desktop/workspace/omx_tester/install/open_manipulator_x_teleop:/opt/ros/humble /usr/bin/cmake --build /home/x/Desktop/workspace/12-dof-robot/build/open_manipulator_x_description -- -j20 -l20
[0.517s] Invoked command in '/home/x/Desktop/workspace/12-dof-robot/build/open_manipulator_x_description' returned '0': CMAKE_PREFIX_PATH=${CMAKE_PREFIX_PATH}:/home/x/Desktop/workspace/12-dof-robot/install/open_manipulator_x_teleop:/home/x/omx_ws/install/open_manipulator_x_teleop:/home/x/Desktop/workspace/omx_tester/install/open_manipulator_x_teleop:/opt/ros/humble /usr/bin/cmake --build /home/x/Desktop/workspace/12-dof-robot/build/open_manipulator_x_description -- -j20 -l20
[0.542s] Invoking command in '/home/x/Desktop/workspace/12-dof-robot/build/open_manipulator_x_description': CMAKE_PREFIX_PATH=${CMAKE_PREFIX_PATH}:/home/x/Desktop/workspace/12-dof-robot/install/open_manipulator_x_teleop:/home/x/omx_ws/install/open_manipulator_x_teleop:/home/x/Desktop/workspace/omx_tester/install/open_manipulator_x_teleop:/opt/ros/humble /usr/bin/cmake --install /home/x/Desktop/workspace/12-dof-robot/build/open_manipulator_x_description
[0.548s] -- Install configuration: ""
[0.548s] -- Execute custom install script
[0.548s] -- Symlinking: /home/x/Desktop/workspace/12-dof-robot/install/open_manipulator_x_description/share/open_manipulator_x_description/launch/.DS_Store
[0.556s] -- Symlinking: /home/x/Desktop/workspace/12-dof-robot/install/open_manipulator_x_description/share/open_manipulator_x_description/launch/open_manipulator_x_rviz.launch.py
[0.563s] -- Symlinking: /home/x/Desktop/workspace/12-dof-robot/install/open_manipulator_x_description/share/open_manipulator_x_description/meshes/chain_link1.stl
[0.569s] -- Symlinking: /home/x/Desktop/workspace/12-dof-robot/install/open_manipulator_x_description/share/open_manipulator_x_description/meshes/chain_link2.stl
[0.576s] -- Symlinking: /home/x/Desktop/workspace/12-dof-robot/install/open_manipulator_x_description/share/open_manipulator_x_description/meshes/chain_link3.stl
[0.583s] -- Symlinking: /home/x/Desktop/workspace/12-dof-robot/install/open_manipulator_x_description/share/open_manipulator_x_description/meshes/chain_link4.stl
[0.591s] -- Symlinking: /home/x/Desktop/workspace/12-dof-robot/install/open_manipulator_x_description/share/open_manipulator_x_description/meshes/chain_link5.stl
[0.598s] -- Symlinking: /home/x/Desktop/workspace/12-dof-robot/install/open_manipulator_x_description/share/open_manipulator_x_description/meshes/chain_link_grip_l.stl
[0.605s] -- Symlinking: /home/x/Desktop/workspace/12-dof-robot/install/open_manipulator_x_description/share/open_manipulator_x_description/meshes/chain_link_grip_r.stl
[0.612s] -- Symlinking: /home/x/Desktop/workspace/12-dof-robot/install/open_manipulator_x_description/share/open_manipulator_x_description/rviz/open_manipulator_x.rviz
[0.619s] -- Symlinking: /home/x/Desktop/workspace/12-dof-robot/install/open_manipulator_x_description/share/open_manipulator_x_description/urdf/materials.xacro
[0.625s] -- Symlinking: /home/x/Desktop/workspace/12-dof-robot/install/open_manipulator_x_description/share/open_manipulator_x_description/urdf/open_manipulator_x.gazebo.xacro
[0.632s] -- Symlinking: /home/x/Desktop/workspace/12-dof-robot/install/open_manipulator_x_description/share/open_manipulator_x_description/urdf/open_manipulator_x.transmission.xacro
[0.639s] -- Symlinking: /home/x/Desktop/workspace/12-dof-robot/install/open_manipulator_x_description/share/open_manipulator_x_description/urdf/open_manipulator_x.urdf.xacro
[0.646s] -- Symlinking: /home/x/Desktop/workspace/12-dof-robot/install/open_manipulator_x_description/share/open_manipulator_x_description/urdf/open_manipulator_x_robot.urdf.xacro
[0.654s] -- Symlinking: /home/x/Desktop/workspace/12-dof-robot/install/open_manipulator_x_description/share/ament_index/resource_index/package_run_dependencies/open_manipulator_x_description
[0.661s] -- Symlinking: /home/x/Desktop/workspace/12-dof-robot/install/open_manipulator_x_description/share/ament_index/resource_index/parent_prefix_path/open_manipulator_x_description
[0.667s] -- Symlinking: /home/x/Desktop/workspace/12-dof-robot/install/open_manipulator_x_description/share/open_manipulator_x_description/environment/ament_prefix_path.sh
[0.673s] -- Symlinking: /home/x/Desktop/workspace/12-dof-robot/install/open_manipulator_x_description/share/open_manipulator_x_description/environment/ament_prefix_path.dsv
[0.680s] -- Symlinking: /home/x/Desktop/workspace/12-dof-robot/install/open_manipulator_x_description/share/open_manipulator_x_description/environment/path.sh
[0.687s] -- Symlinking: /home/x/Desktop/workspace/12-dof-robot/install/open_manipulator_x_description/share/open_manipulator_x_description/environment/path.dsv
[0.693s] -- Symlinking: /home/x/Desktop/workspace/12-dof-robot/install/open_manipulator_x_description/share/open_manipulator_x_description/local_setup.bash
[0.700s] -- Symlinking: /home/x/Desktop/workspace/12-dof-robot/install/open_manipulator_x_description/share/open_manipulator_x_description/local_setup.sh
[0.708s] -- Symlinking: /home/x/Desktop/workspace/12-dof-robot/install/open_manipulator_x_description/share/open_manipulator_x_description/local_setup.zsh
[0.714s] -- Symlinking: /home/x/Desktop/workspace/12-dof-robot/install/open_manipulator_x_description/share/open_manipulator_x_description/local_setup.dsv
[0.721s] -- Symlinking: /home/x/Desktop/workspace/12-dof-robot/install/open_manipulator_x_description/share/open_manipulator_x_description/package.dsv
[0.728s] -- Symlinking: /home/x/Desktop/workspace/12-dof-robot/install/open_manipulator_x_description/share/ament_index/resource_index/packages/open_manipulator_x_description
[0.734s] -- Symlinking: /home/x/Desktop/workspace/12-dof-robot/install/open_manipulator_x_description/share/open_manipulator_x_description/cmake/open_manipulator_x_descriptionConfig.cmake
[0.741s] -- Symlinking: /home/x/Desktop/workspace/12-dof-robot/install/open_manipulator_x_description/share/open_manipulator_x_description/cmake/open_manipulator_x_descriptionConfig-version.cmake
[0.747s] -- Symlinking: /home/x/Desktop/workspace/12-dof-robot/install/open_manipulator_x_description/share/open_manipulator_x_description/package.xml
[0.761s] Invoked command in '/home/x/Desktop/workspace/12-dof-robot/build/open_manipulator_x_description' returned '0': CMAKE_PREFIX_PATH=${CMAKE_PREFIX_PATH}:/home/x/Desktop/workspace/12-dof-robot/install/open_manipulator_x_teleop:/home/x/omx_ws/install/open_manipulator_x_teleop:/home/x/Desktop/workspace/omx_tester/install/open_manipulator_x_teleop:/opt/ros/humble /usr/bin/cmake --install /home/x/Desktop/workspace/12-dof-robot/build/open_manipulator_x_description
