[01m[K/home/x/Desktop/workspace/12-dof-robot/src/open_manipulator_applications/open_manipulator_x_master_slave/src/open_manipulator_x_master_slave.cpp:[m[K In member function ‘[01m[Kbool OpenManipulatorXMasterSlave::set_joint_space_path(double, std::vector<double, std::allocator<double> >)[m[K’:
[01m[K/home/x/Desktop/workspace/12-dof-robot/src/open_manipulator_applications/open_manipulator_x_master_slave/src/open_manipulator_x_master_slave.cpp:207:1:[m[K [01;35m[Kwarning: [m[Kno return statement in function returning non-void [[01;35m[K]8;;https://gcc.gnu.org/onlinedocs/gcc/Warning-Options.html#index-Wreturn-type-Wreturn-type]8;;[m[K]
  207 | [01;35m[K}[m[K
      | [01;35m[K^[m[K
[01m[K/home/x/Desktop/workspace/12-dof-robot/src/open_manipulator_applications/open_manipulator_x_master_slave/src/open_manipulator_x_master_slave.cpp:124:63:[m[K [01;35m[Kwarning: [m[Kunused parameter ‘[01m[Kpath_time[m[K’ [[01;35m[K]8;;https://gcc.gnu.org/onlinedocs/gcc/Warning-Options.html#index-Wunused-parameter-Wunused-parameter]8;;[m[K]
  124 | bool OpenManipulatorXMasterSlave::set_joint_space_path([01;35m[Kdouble path_time[m[K, std::vector<double> joint_angle){
      |                                                        [01;35m[K~~~~~~~^~~~~~~~~[m[K
[01m[K/home/x/Desktop/workspace/12-dof-robot/src/open_manipulator_applications/open_manipulator_x_master_slave/src/open_manipulator_x_master_slave.cpp:[m[K In member function ‘[01m[Kbool OpenManipulatorXMasterSlave::set_tool_control(double)[m[K’:
[01m[K/home/x/Desktop/workspace/12-dof-robot/src/open_manipulator_applications/open_manipulator_x_master_slave/src/open_manipulator_x_master_slave.cpp:323:74:[m[K [01;31m[Kerror: [m[Kcannot convert ‘[01m[Krobotis_manipulator::JointWaypoint[m[K’ {aka ‘[01m[Kstd::vector<robotis_manipulator::_Point>[m[K’} to ‘[01m[Kdouble[m[K’
  323 |   if (open_manipulator_x_.getManipulator()->checkJointLimit("gripper01", [01;31m[Ktool_value[m[K))
      |                                                                          [01;31m[K^~~~~~~~~~[m[K
      |                                                                          [01;31m[K|[m[K
      |                                                                          [01;31m[Krobotis_manipulator::JointWaypoint {aka std::vector<robotis_manipulator::_Point>}[m[K
In file included from [01m[K/home/x/Desktop/workspace/12-dof-robot/install/robotis_manipulator/include/robotis_manipulator/robotis_manipulator.h:22[m[K,
                 from [01m[K/home/x/Desktop/workspace/12-dof-robot/install/open_manipulator_x_libs/include/open_manipulator_x_libs/dynamixel.hpp:24[m[K,
                 from [01m[K/home/x/Desktop/workspace/12-dof-robot/install/open_manipulator_x_libs/include/open_manipulator_x_libs/open_manipulator_x.hpp:20[m[K,
                 from [01m[K/home/x/Desktop/workspace/12-dof-robot/src/open_manipulator_applications/open_manipulator_x_master_slave/src/../include/open_manipulator_x_master_slave/open_manipulator_x_master_slave.hpp:28[m[K,
                 from [01m[K/home/x/Desktop/workspace/12-dof-robot/src/open_manipulator_applications/open_manipulator_x_master_slave/src/open_manipulator_x_master_slave.cpp:2[m[K:
[01m[K/home/x/Desktop/workspace/12-dof-robot/install/robotis_manipulator/include/robotis_manipulator/robotis_manipulator_common.h:315:52:[m[K [01;36m[Knote: [m[K  initializing argument 2 of ‘[01m[Kbool robotis_manipulator::Manipulator::checkJointLimit(robotis_manipulator::Name, double)[m[K’
  315 |   bool checkJointLimit(Name Component_name, [01;36m[Kdouble value[m[K);
      |                                             [01;36m[K~~~~~~~^~~~~[m[K
[01m[K/home/x/Desktop/workspace/12-dof-robot/src/open_manipulator_applications/open_manipulator_x_master_slave/src/open_manipulator_x_master_slave.cpp:324:47:[m[K [01;31m[Kerror: [m[Kno matching function for call to ‘[01m[Kstd::vector<double, std::allocator<double> >::push_back(robotis_manipulator::JointWaypoint&)[m[K’
  324 |     [01;31m[Krequest->joint_position.position.push_back(tool_value)[m[K;
      |     [01;31m[K~~~~~~~~~~~~~~~~~~~~~~~~~~~~~~~~~~~~~~~~~~^~~~~~~~~~~~[m[K
In file included from [01m[K/usr/include/c++/11/vector:67[m[K,
                 from [01m[K/usr/include/c++/11/functional:62[m[K,
                 from [01m[K/usr/include/c++/11/pstl/glue_algorithm_defs.h:13[m[K,
                 from [01m[K/usr/include/c++/11/algorithm:74[m[K,
                 from [01m[K/opt/ros/humble/include/rclcpp/rclcpp/executor.hpp:18[m[K,
                 from [01m[K/opt/ros/humble/include/rclcpp/rclcpp/executors/multi_threaded_executor.hpp:25[m[K,
                 from [01m[K/opt/ros/humble/include/rclcpp/rclcpp/executors.hpp:21[m[K,
                 from [01m[K/opt/ros/humble/include/rclcpp/rclcpp/rclcpp.hpp:155[m[K,
                 from [01m[K/home/x/Desktop/workspace/12-dof-robot/src/open_manipulator_applications/open_manipulator_x_master_slave/src/../include/open_manipulator_x_master_slave/open_manipulator_x_master_slave.hpp:25[m[K,
                 from [01m[K/home/x/Desktop/workspace/12-dof-robot/src/open_manipulator_applications/open_manipulator_x_master_slave/src/open_manipulator_x_master_slave.cpp:2[m[K:
[01m[K/usr/include/c++/11/bits/stl_vector.h:1187:7:[m[K [01;36m[Knote: [m[Kcandidate: ‘[01m[Kvoid std::vector<_Tp, _Alloc>::push_back(const value_type&) [with _Tp = double; _Alloc = std::allocator<double>; std::vector<_Tp, _Alloc>::value_type = double][m[K’
 1187 |       [01;36m[Kpush_back[m[K(const value_type& __x)
      |       [01;36m[K^~~~~~~~~[m[K
[01m[K/usr/include/c++/11/bits/stl_vector.h:1187:35:[m[K [01;36m[Knote: [m[K  no known conversion for argument 1 from ‘[01m[Krobotis_manipulator::JointWaypoint[m[K’ {aka ‘[01m[Kstd::vector<robotis_manipulator::_Point>[m[K’} to ‘[01m[Kconst value_type&[m[K’ {aka ‘[01m[Kconst double&[m[K’}
 1187 |       push_back([01;36m[Kconst value_type& __x[m[K)
      |                 [01;36m[K~~~~~~~~~~~~~~~~~~^~~[m[K
[01m[K/usr/include/c++/11/bits/stl_vector.h:1203:7:[m[K [01;36m[Knote: [m[Kcandidate: ‘[01m[Kvoid std::vector<_Tp, _Alloc>::push_back(std::vector<_Tp, _Alloc>::value_type&&) [with _Tp = double; _Alloc = std::allocator<double>; std::vector<_Tp, _Alloc>::value_type = double][m[K’
 1203 |       [01;36m[Kpush_back[m[K(value_type&& __x)
      |       [01;36m[K^~~~~~~~~[m[K
[01m[K/usr/include/c++/11/bits/stl_vector.h:1203:30:[m[K [01;36m[Knote: [m[K  no known conversion for argument 1 from ‘[01m[Krobotis_manipulator::JointWaypoint[m[K’ {aka ‘[01m[Kstd::vector<robotis_manipulator::_Point>[m[K’} to ‘[01m[Kstd::vector<double, std::allocator<double> >::value_type&&[m[K’ {aka ‘[01m[Kdouble&&[m[K’}
 1203 |       push_back([01;36m[Kvalue_type&& __x[m[K)
      |                 [01;36m[K~~~~~~~~~~~~~^~~[m[K
gmake[2]: *** [CMakeFiles/open_manipulator_x_master_slave.dir/build.make:76: CMakeFiles/open_manipulator_x_master_slave.dir/src/open_manipulator_x_master_slave.cpp.o] Error 1
gmake[1]: *** [CMakeFiles/Makefile2:137: CMakeFiles/open_manipulator_x_master_slave.dir/all] Error 2
gmake: *** [Makefile:146: all] Error 2
