[0.027s] Invoking command in '/home/x/Desktop/workspace/12-dof-robot/build/dynamixel_sdk': CMAKE_PREFIX_PATH=${CMAKE_PREFIX_PATH}:/home/x/Desktop/workspace/12-dof-robot/install/open_manipulator_x_teleop:/home/x/omx_ws/install/open_manipulator_x_teleop:/home/x/Desktop/workspace/omx_tester/install/open_manipulator_x_master_slave:/home/x/Desktop/workspace/omx_tester/install/open_manipulator_x_libs:/home/x/Desktop/workspace/omx_tester/install/robotis_manipulator:/home/x/Desktop/workspace/omx_tester/install/open_manipulator_x_teleop:/home/x/Desktop/workspace/omx_tester/install/open_manipulator_x_description:/home/x/Desktop/workspace/omx_tester/install/open_manipulator_msgs:/home/x/Desktop/workspace/omx_tester/install/dynamixel_workbench:/home/x/Desktop/workspace/omx_tester/install/dynamixel_workbench_toolbox:/home/x/Desktop/workspace/omx_tester/install/dynamixel_sdk_examples:/home/x/Desktop/workspace/omx_tester/install/dynamixel_sdk_custom_interfaces:/home/x/Desktop/workspace/omx_tester/install/dynamixel_sdk:/home/x/Desktop/workspace/omx_tester/install/cmake_modules:/opt/ros/humble /usr/bin/cmake --build /home/x/Desktop/workspace/12-dof-robot/build/dynamixel_sdk -- -j20 -l20
[0.064s] [100%] Built target dynamixel_sdk
[0.075s] Invoked command in '/home/x/Desktop/workspace/12-dof-robot/build/dynamixel_sdk' returned '0': CMAKE_PREFIX_PATH=${CMAKE_PREFIX_PATH}:/home/x/Desktop/workspace/12-dof-robot/install/open_manipulator_x_teleop:/home/x/omx_ws/install/open_manipulator_x_teleop:/home/x/Desktop/workspace/omx_tester/install/open_manipulator_x_master_slave:/home/x/Desktop/workspace/omx_tester/install/open_manipulator_x_libs:/home/x/Desktop/workspace/omx_tester/install/robotis_manipulator:/home/x/Desktop/workspace/omx_tester/install/open_manipulator_x_teleop:/home/x/Desktop/workspace/omx_tester/install/open_manipulator_x_description:/home/x/Desktop/workspace/omx_tester/install/open_manipulator_msgs:/home/x/Desktop/workspace/omx_tester/install/dynamixel_workbench:/home/x/Desktop/workspace/omx_tester/install/dynamixel_workbench_toolbox:/home/x/Desktop/workspace/omx_tester/install/dynamixel_sdk_examples:/home/x/Desktop/workspace/omx_tester/install/dynamixel_sdk_custom_interfaces:/home/x/Desktop/workspace/omx_tester/install/dynamixel_sdk:/home/x/Desktop/workspace/omx_tester/install/cmake_modules:/opt/ros/humble /usr/bin/cmake --build /home/x/Desktop/workspace/12-dof-robot/build/dynamixel_sdk -- -j20 -l20
[0.121s] Invoking command in '/home/x/Desktop/workspace/12-dof-robot/build/dynamixel_sdk': CMAKE_PREFIX_PATH=${CMAKE_PREFIX_PATH}:/home/x/Desktop/workspace/12-dof-robot/install/open_manipulator_x_teleop:/home/x/omx_ws/install/open_manipulator_x_teleop:/home/x/Desktop/workspace/omx_tester/install/open_manipulator_x_master_slave:/home/x/Desktop/workspace/omx_tester/install/open_manipulator_x_libs:/home/x/Desktop/workspace/omx_tester/install/robotis_manipulator:/home/x/Desktop/workspace/omx_tester/install/open_manipulator_x_teleop:/home/x/Desktop/workspace/omx_tester/install/open_manipulator_x_description:/home/x/Desktop/workspace/omx_tester/install/open_manipulator_msgs:/home/x/Desktop/workspace/omx_tester/install/dynamixel_workbench:/home/x/Desktop/workspace/omx_tester/install/dynamixel_workbench_toolbox:/home/x/Desktop/workspace/omx_tester/install/dynamixel_sdk_examples:/home/x/Desktop/workspace/omx_tester/install/dynamixel_sdk_custom_interfaces:/home/x/Desktop/workspace/omx_tester/install/dynamixel_sdk:/home/x/Desktop/workspace/omx_tester/install/cmake_modules:/opt/ros/humble /usr/bin/cmake --install /home/x/Desktop/workspace/12-dof-robot/build/dynamixel_sdk
[0.128s] -- Install configuration: "Debug"
[0.128s] -- Execute custom install script
[0.128s] -- Up-to-date symlink: /home/x/Desktop/workspace/12-dof-robot/install/dynamixel_sdk/include//dynamixel_sdk/dynamixel_sdk.h
[0.128s] -- Up-to-date symlink: /home/x/Desktop/workspace/12-dof-robot/install/dynamixel_sdk/include//dynamixel_sdk/group_bulk_read.h
[0.128s] -- Up-to-date symlink: /home/x/Desktop/workspace/12-dof-robot/install/dynamixel_sdk/include//dynamixel_sdk/group_bulk_write.h
[0.128s] -- Up-to-date symlink: /home/x/Desktop/workspace/12-dof-robot/install/dynamixel_sdk/include//dynamixel_sdk/group_sync_read.h
[0.129s] -- Up-to-date symlink: /home/x/Desktop/workspace/12-dof-robot/install/dynamixel_sdk/include//dynamixel_sdk/group_sync_write.h
[0.129s] -- Up-to-date symlink: /home/x/Desktop/workspace/12-dof-robot/install/dynamixel_sdk/include//dynamixel_sdk/packet_handler.h
[0.129s] -- Up-to-date symlink: /home/x/Desktop/workspace/12-dof-robot/install/dynamixel_sdk/include//dynamixel_sdk/port_handler.h
[0.129s] -- Up-to-date symlink: /home/x/Desktop/workspace/12-dof-robot/install/dynamixel_sdk/include//dynamixel_sdk/port_handler_arduino.h
[0.129s] -- Up-to-date symlink: /home/x/Desktop/workspace/12-dof-robot/install/dynamixel_sdk/include//dynamixel_sdk/port_handler_linux.h
[0.129s] -- Up-to-date symlink: /home/x/Desktop/workspace/12-dof-robot/install/dynamixel_sdk/include//dynamixel_sdk/port_handler_mac.h
[0.129s] -- Up-to-date symlink: /home/x/Desktop/workspace/12-dof-robot/install/dynamixel_sdk/include//dynamixel_sdk/port_handler_windows.h
[0.129s] -- Up-to-date symlink: /home/x/Desktop/workspace/12-dof-robot/install/dynamixel_sdk/include//dynamixel_sdk/protocol1_packet_handler.h
[0.129s] -- Up-to-date symlink: /home/x/Desktop/workspace/12-dof-robot/install/dynamixel_sdk/include//dynamixel_sdk/protocol2_packet_handler.h
[0.129s] -- Up-to-date symlink: /home/x/Desktop/workspace/12-dof-robot/install/dynamixel_sdk/lib/libdynamixel_sdk.so
[0.129s] -- Up-to-date symlink: /home/x/Desktop/workspace/12-dof-robot/install/dynamixel_sdk/share/dynamixel_sdk/environment/library_path.sh
[0.130s] -- Up-to-date symlink: /home/x/Desktop/workspace/12-dof-robot/install/dynamixel_sdk/share/dynamixel_sdk/environment/library_path.dsv
[0.130s] -- Up-to-date symlink: /home/x/Desktop/workspace/12-dof-robot/install/dynamixel_sdk/share/ament_index/resource_index/package_run_dependencies/dynamixel_sdk
[0.130s] -- Up-to-date symlink: /home/x/Desktop/workspace/12-dof-robot/install/dynamixel_sdk/share/ament_index/resource_index/parent_prefix_path/dynamixel_sdk
[0.130s] -- Up-to-date symlink: /home/x/Desktop/workspace/12-dof-robot/install/dynamixel_sdk/share/dynamixel_sdk/environment/ament_prefix_path.sh
[0.130s] -- Up-to-date symlink: /home/x/Desktop/workspace/12-dof-robot/install/dynamixel_sdk/share/dynamixel_sdk/environment/ament_prefix_path.dsv
[0.130s] -- Up-to-date symlink: /home/x/Desktop/workspace/12-dof-robot/install/dynamixel_sdk/share/dynamixel_sdk/environment/path.sh
[0.130s] -- Up-to-date symlink: /home/x/Desktop/workspace/12-dof-robot/install/dynamixel_sdk/share/dynamixel_sdk/environment/path.dsv
[0.130s] -- Up-to-date symlink: /home/x/Desktop/workspace/12-dof-robot/install/dynamixel_sdk/share/dynamixel_sdk/local_setup.bash
[0.131s] -- Up-to-date symlink: /home/x/Desktop/workspace/12-dof-robot/install/dynamixel_sdk/share/dynamixel_sdk/local_setup.sh
[0.131s] -- Up-to-date symlink: /home/x/Desktop/workspace/12-dof-robot/install/dynamixel_sdk/share/dynamixel_sdk/local_setup.zsh
[0.131s] -- Up-to-date symlink: /home/x/Desktop/workspace/12-dof-robot/install/dynamixel_sdk/share/dynamixel_sdk/local_setup.dsv
[0.131s] -- Symlinking: /home/x/Desktop/workspace/12-dof-robot/install/dynamixel_sdk/share/dynamixel_sdk/package.dsv
[0.138s] -- Up-to-date symlink: /home/x/Desktop/workspace/12-dof-robot/install/dynamixel_sdk/share/ament_index/resource_index/packages/dynamixel_sdk
[0.138s] -- Up-to-date symlink: /home/x/Desktop/workspace/12-dof-robot/install/dynamixel_sdk/share/dynamixel_sdk/cmake/ament_cmake_export_include_directories-extras.cmake
[0.138s] -- Up-to-date symlink: /home/x/Desktop/workspace/12-dof-robot/install/dynamixel_sdk/share/dynamixel_sdk/cmake/ament_cmake_export_libraries-extras.cmake
[0.138s] -- Up-to-date symlink: /home/x/Desktop/workspace/12-dof-robot/install/dynamixel_sdk/share/dynamixel_sdk/cmake/dynamixel_sdkConfig.cmake
[0.139s] -- Up-to-date symlink: /home/x/Desktop/workspace/12-dof-robot/install/dynamixel_sdk/share/dynamixel_sdk/cmake/dynamixel_sdkConfig-version.cmake
[0.139s] -- Up-to-date symlink: /home/x/Desktop/workspace/12-dof-robot/install/dynamixel_sdk/share/dynamixel_sdk/package.xml
[0.150s] Invoked command in '/home/x/Desktop/workspace/12-dof-robot/build/dynamixel_sdk' returned '0': CMAKE_PREFIX_PATH=${CMAKE_PREFIX_PATH}:/home/x/Desktop/workspace/12-dof-robot/install/open_manipulator_x_teleop:/home/x/omx_ws/install/open_manipulator_x_teleop:/home/x/Desktop/workspace/omx_tester/install/open_manipulator_x_master_slave:/home/x/Desktop/workspace/omx_tester/install/open_manipulator_x_libs:/home/x/Desktop/workspace/omx_tester/install/robotis_manipulator:/home/x/Desktop/workspace/omx_tester/install/open_manipulator_x_teleop:/home/x/Desktop/workspace/omx_tester/install/open_manipulator_x_description:/home/x/Desktop/workspace/omx_tester/install/open_manipulator_msgs:/home/x/Desktop/workspace/omx_tester/install/dynamixel_workbench:/home/x/Desktop/workspace/omx_tester/install/dynamixel_workbench_toolbox:/home/x/Desktop/workspace/omx_tester/install/dynamixel_sdk_examples:/home/x/Desktop/workspace/omx_tester/install/dynamixel_sdk_custom_interfaces:/home/x/Desktop/workspace/omx_tester/install/dynamixel_sdk:/home/x/Desktop/workspace/omx_tester/install/cmake_modules:/opt/ros/humble /usr/bin/cmake --install /home/x/Desktop/workspace/12-dof-robot/build/dynamixel_sdk
