[0.015s] Invoking command in '/home/x/Desktop/workspace/omx_tester/build/cmake_modules': CMAKE_PREFIX_PATH=${CMAKE_PREFIX_PATH}:/home/x/omx_ws/install/open_manipulator_x_teleop:/opt/ros/humble /usr/bin/cmake /home/x/Desktop/workspace/omx_tester/src/open_manipulator_dependencies/cmake_modules -DAMENT_CMAKE_SYMLINK_INSTALL=1 -DCMAKE_INSTALL_PREFIX=/home/x/Desktop/workspace/omx_tester/install/cmake_modules
[0.055s] -- The C compiler identification is GNU 11.4.0
[0.102s] -- The CXX compiler identification is GNU 11.4.0
[0.110s] -- Detecting C compiler ABI info
[0.155s] -- Detecting C compiler ABI info - done
[0.160s] -- Check for working C compiler: /usr/bin/cc - skipped
[0.160s] -- Detecting C compile features
[0.161s] -- Detecting C compile features - done
[0.163s] -- Detecting CXX compiler ABI info
[0.219s] -- Detecting CXX compiler ABI info - done
[0.228s] -- Check for working CXX compiler: /usr/bin/c++ - skipped
[0.229s] -- Detecting CXX compile features
[0.229s] -- Detecting CXX compile features - done
[0.232s] -- Found ament_cmake: 1.3.9 (/opt/ros/humble/share/ament_cmake/cmake)
[0.341s] -- Found Python3: /usr/bin/python3 (found version "3.10.12") found components: Interpreter 
[0.388s] -- Override CMake install command with custom implementation using symlinks instead of copying resources
[0.467s] -- Configuring done
[0.471s] -- Generating done
[0.471s] -- Build files have been written to: /home/x/Desktop/workspace/omx_tester/build/cmake_modules
[0.474s] Invoked command in '/home/x/Desktop/workspace/omx_tester/build/cmake_modules' returned '0': CMAKE_PREFIX_PATH=${CMAKE_PREFIX_PATH}:/home/x/omx_ws/install/open_manipulator_x_teleop:/opt/ros/humble /usr/bin/cmake /home/x/Desktop/workspace/omx_tester/src/open_manipulator_dependencies/cmake_modules -DAMENT_CMAKE_SYMLINK_INSTALL=1 -DCMAKE_INSTALL_PREFIX=/home/x/Desktop/workspace/omx_tester/install/cmake_modules
[0.476s] Invoking command in '/home/x/Desktop/workspace/omx_tester/build/cmake_modules': CMAKE_PREFIX_PATH=${CMAKE_PREFIX_PATH}:/home/x/omx_ws/install/open_manipulator_x_teleop:/opt/ros/humble /usr/bin/cmake --build /home/x/Desktop/workspace/omx_tester/build/cmake_modules -- -j20 -l20
[0.499s] Invoked command in '/home/x/Desktop/workspace/omx_tester/build/cmake_modules' returned '0': CMAKE_PREFIX_PATH=${CMAKE_PREFIX_PATH}:/home/x/omx_ws/install/open_manipulator_x_teleop:/opt/ros/humble /usr/bin/cmake --build /home/x/Desktop/workspace/omx_tester/build/cmake_modules -- -j20 -l20
[0.522s] Invoking command in '/home/x/Desktop/workspace/omx_tester/build/cmake_modules': CMAKE_PREFIX_PATH=${CMAKE_PREFIX_PATH}:/home/x/omx_ws/install/open_manipulator_x_teleop:/opt/ros/humble /usr/bin/cmake --install /home/x/Desktop/workspace/omx_tester/build/cmake_modules
[0.528s] -- Install configuration: ""
[0.529s] -- Execute custom install script
[0.529s] -- Symlinking: /home/x/Desktop/workspace/omx_tester/install/cmake_modules/share/cmake_modules/cmake/Modules/FindGSL.cmake
[0.536s] -- Symlinking: /home/x/Desktop/workspace/omx_tester/install/cmake_modules/share/cmake_modules/cmake/Modules/FindGflags.cmake
[0.544s] -- Symlinking: /home/x/Desktop/workspace/omx_tester/install/cmake_modules/share/cmake_modules/cmake/Modules/FindNUMPY.cmake
[0.550s] -- Symlinking: /home/x/Desktop/workspace/omx_tester/install/cmake_modules/share/cmake_modules/cmake/Modules/FindPoco.cmake
[0.556s] -- Symlinking: /home/x/Desktop/workspace/omx_tester/install/cmake_modules/share/cmake_modules/cmake/Modules/FindTBB.cmake
[0.561s] -- Symlinking: /home/x/Desktop/workspace/omx_tester/install/cmake_modules/share/cmake_modules/cmake/Modules/FindTinyXML.cmake
[0.567s] -- Symlinking: /home/x/Desktop/workspace/omx_tester/install/cmake_modules/share/cmake_modules/cmake/Modules/FindTinyXML2.cmake
[0.573s] -- Symlinking: /home/x/Desktop/workspace/omx_tester/install/cmake_modules/share/cmake_modules/cmake/Modules/FindUUID.cmake
[0.580s] -- Symlinking: /home/x/Desktop/workspace/omx_tester/install/cmake_modules/share/cmake_modules/cmake/Modules/FindXenomai.cmake
[0.586s] -- Symlinking: /home/x/Desktop/workspace/omx_tester/install/cmake_modules/share/ament_index/resource_index/package_run_dependencies/cmake_modules
[0.593s] -- Symlinking: /home/x/Desktop/workspace/omx_tester/install/cmake_modules/share/ament_index/resource_index/parent_prefix_path/cmake_modules
[0.600s] -- Symlinking: /home/x/Desktop/workspace/omx_tester/install/cmake_modules/share/cmake_modules/environment/ament_prefix_path.sh
[0.606s] -- Symlinking: /home/x/Desktop/workspace/omx_tester/install/cmake_modules/share/cmake_modules/environment/ament_prefix_path.dsv
[0.612s] -- Symlinking: /home/x/Desktop/workspace/omx_tester/install/cmake_modules/share/cmake_modules/environment/path.sh
[0.618s] -- Symlinking: /home/x/Desktop/workspace/omx_tester/install/cmake_modules/share/cmake_modules/environment/path.dsv
[0.626s] -- Symlinking: /home/x/Desktop/workspace/omx_tester/install/cmake_modules/share/cmake_modules/local_setup.bash
[0.631s] -- Symlinking: /home/x/Desktop/workspace/omx_tester/install/cmake_modules/share/cmake_modules/local_setup.sh
[0.637s] -- Symlinking: /home/x/Desktop/workspace/omx_tester/install/cmake_modules/share/cmake_modules/local_setup.zsh
[0.643s] -- Symlinking: /home/x/Desktop/workspace/omx_tester/install/cmake_modules/share/cmake_modules/local_setup.dsv
[0.649s] -- Symlinking: /home/x/Desktop/workspace/omx_tester/install/cmake_modules/share/cmake_modules/package.dsv
[0.656s] -- Symlinking: /home/x/Desktop/workspace/omx_tester/install/cmake_modules/share/ament_index/resource_index/packages/cmake_modules
[0.661s] -- Symlinking: /home/x/Desktop/workspace/omx_tester/install/cmake_modules/share/cmake_modules/cmake/cmake_modules-extras.cmake
[0.668s] -- Symlinking: /home/x/Desktop/workspace/omx_tester/install/cmake_modules/share/cmake_modules/cmake/ament_cmake_export_dependencies-extras.cmake
[0.674s] -- Symlinking: /home/x/Desktop/workspace/omx_tester/install/cmake_modules/share/cmake_modules/cmake/cmake_modulesConfig.cmake
[0.680s] -- Symlinking: /home/x/Desktop/workspace/omx_tester/install/cmake_modules/share/cmake_modules/cmake/cmake_modulesConfig-version.cmake
[0.687s] -- Symlinking: /home/x/Desktop/workspace/omx_tester/install/cmake_modules/share/cmake_modules/package.xml
[0.695s] Invoked command in '/home/x/Desktop/workspace/omx_tester/build/cmake_modules' returned '0': CMAKE_PREFIX_PATH=${CMAKE_PREFIX_PATH}:/home/x/omx_ws/install/open_manipulator_x_teleop:/opt/ros/humble /usr/bin/cmake --install /home/x/Desktop/workspace/omx_tester/build/cmake_modules
