[0.014s] Invoking command in '/home/x/Desktop/workspace/omx_tester/build/open_manipulator_msgs': CMAKE_PREFIX_PATH=${CMAKE_PREFIX_PATH}:/home/x/omx_ws/install/open_manipulator_x_teleop:/opt/ros/humble /usr/bin/cmake /home/x/Desktop/workspace/omx_tester/src/open_manipulator_msgs -DAMENT_CMAKE_SYMLINK_INSTALL=1 -DCMAKE_INSTALL_PREFIX=/home/x/Desktop/workspace/omx_tester/install/open_manipulator_msgs
[0.053s] -- The C compiler identification is GNU 11.4.0
[0.100s] -- The CXX compiler identification is GNU 11.4.0
[0.107s] -- Detecting C compiler ABI info
[0.152s] -- Detecting C compiler ABI info - done
[0.157s] -- Check for working C compiler: /usr/bin/cc - skipped
[0.158s] -- Detecting C compile features
[0.159s] -- Detecting C compile features - done
[0.161s] -- Detecting CXX compiler ABI info
[0.213s] -- Detecting CXX compiler ABI info - done
[0.221s] -- Check for working CXX compiler: /usr/bin/c++ - skipped
[0.221s] -- Detecting CXX compile features
[0.221s] -- Detecting CXX compile features - done
[0.224s] -- Found ament_cmake: 1.3.9 (/opt/ros/humble/share/ament_cmake/cmake)
[0.336s] -- Found Python3: /usr/bin/python3 (found version "3.10.12") found components: Interpreter 
[0.386s] -- Override CMake install command with custom implementation using symlinks instead of copying resources
[0.426s] -- Found geometry_msgs: 4.2.4 (/opt/ros/humble/share/geometry_msgs/cmake)
[0.458s] -- Found rosidl_generator_c: 3.1.5 (/opt/ros/humble/share/rosidl_generator_c/cmake)
[0.464s] -- Found rosidl_adapter: 3.1.5 (/opt/ros/humble/share/rosidl_adapter/cmake)
[0.474s] -- Found rosidl_generator_cpp: 3.1.5 (/opt/ros/humble/share/rosidl_generator_cpp/cmake)
[0.487s] -- Using all available rosidl_typesupport_c: rosidl_typesupport_fastrtps_c;rosidl_typesupport_introspection_c
[0.506s] -- Using all available rosidl_typesupport_cpp: rosidl_typesupport_fastrtps_cpp;rosidl_typesupport_introspection_cpp
[0.628s] -- Found rosidl_default_generators: 1.2.0 (/opt/ros/humble/share/rosidl_default_generators/cmake)
[0.902s] -- Found ament_cmake_cppcheck: 0.12.11 (/opt/ros/humble/share/ament_cmake_cppcheck/cmake)
[0.904s] -- Found ament_cmake_cpplint: 0.12.11 (/opt/ros/humble/share/ament_cmake_cpplint/cmake)
[0.907s] -- Found ament_cmake_uncrustify: 0.12.11 (/opt/ros/humble/share/ament_cmake_uncrustify/cmake)
[0.909s] -- Found ament_cmake_ros: 0.10.0 (/opt/ros/humble/share/ament_cmake_ros/cmake)
[1.216s] -- Using all available rosidl_typesupport_c: rosidl_typesupport_fastrtps_c;rosidl_typesupport_introspection_c
[1.342s] -- Using all available rosidl_typesupport_cpp: rosidl_typesupport_fastrtps_cpp;rosidl_typesupport_introspection_cpp
[1.360s] -- Found PythonInterp: /usr/bin/python3 (found suitable version "3.10.12", minimum required is "3.6") 
[1.361s] -- Found python_cmake_module: 0.10.0 (/opt/ros/humble/share/python_cmake_module/cmake)
[1.379s] -- Found PythonLibs: /usr/lib/x86_64-linux-gnu/libpython3.10.so (found suitable version "3.10.12", minimum required is "3.5") 
[1.379s] -- Using PYTHON_EXECUTABLE: /usr/bin/python3
[1.379s] -- Using PYTHON_INCLUDE_DIRS: /usr/include/python3.10
[1.379s] -- Using PYTHON_LIBRARIES: /usr/lib/x86_64-linux-gnu/libpython3.10.so
[1.394s] -- Found PythonExtra: .so  
[1.451s] -- Found ament_cmake_flake8: 0.12.11 (/opt/ros/humble/share/ament_cmake_flake8/cmake)
[1.454s] -- Found ament_cmake_pep257: 0.12.11 (/opt/ros/humble/share/ament_cmake_pep257/cmake)
[1.467s] -- Configuring done
[1.505s] -- Generating done
[1.507s] -- Build files have been written to: /home/x/Desktop/workspace/omx_tester/build/open_manipulator_msgs
[1.515s] Invoked command in '/home/x/Desktop/workspace/omx_tester/build/open_manipulator_msgs' returned '0': CMAKE_PREFIX_PATH=${CMAKE_PREFIX_PATH}:/home/x/omx_ws/install/open_manipulator_x_teleop:/opt/ros/humble /usr/bin/cmake /home/x/Desktop/workspace/omx_tester/src/open_manipulator_msgs -DAMENT_CMAKE_SYMLINK_INSTALL=1 -DCMAKE_INSTALL_PREFIX=/home/x/Desktop/workspace/omx_tester/install/open_manipulator_msgs
[1.516s] Invoking command in '/home/x/Desktop/workspace/omx_tester/build/open_manipulator_msgs': CMAKE_PREFIX_PATH=${CMAKE_PREFIX_PATH}:/home/x/omx_ws/install/open_manipulator_x_teleop:/opt/ros/humble /usr/bin/cmake --build /home/x/Desktop/workspace/omx_tester/build/open_manipulator_msgs -- -j20 -l20
[1.544s] [  1%] [34m[1mGenerating C code for ROS interfaces[0m
[1.551s] [  2%] [34m[1mGenerating C++ code for ROS interfaces[0m
[1.556s] [  2%] Built target ament_cmake_python_symlink_open_manipulator_msgs
[1.762s] running egg_info
[1.763s] creating open_manipulator_msgs.egg-info
[1.763s] writing open_manipulator_msgs.egg-info/PKG-INFO
[1.764s] writing dependency_links to open_manipulator_msgs.egg-info/dependency_links.txt
[1.764s] writing top-level names to open_manipulator_msgs.egg-info/top_level.txt
[1.764s] writing manifest file 'open_manipulator_msgs.egg-info/SOURCES.txt'
[1.766s] reading manifest file 'open_manipulator_msgs.egg-info/SOURCES.txt'
[1.767s] writing manifest file 'open_manipulator_msgs.egg-info/SOURCES.txt'
[1.799s] [  2%] Built target ament_cmake_python_build_open_manipulator_msgs_egg
[2.287s] [  2%] Built target open_manipulator_msgs__cpp
[2.294s] [  5%] [34m[1mGenerating C++ type support dispatch for ROS interfaces[0m
[2.294s] [  5%] [34m[1mGenerating C++ type support for eProsima Fast-RTPS[0m
[2.294s] [  5%] [34m[1mGenerating C++ introspection for ROS interfaces[0m
[2.421s] [  9%] [32mBuilding C object CMakeFiles/open_manipulator_msgs__rosidl_generator_c.dir/rosidl_generator_c/open_manipulator_msgs/srv/detail/set_kinematics_pose__functions.c.o[0m
[2.421s] [  9%] [32mBuilding C object CMakeFiles/open_manipulator_msgs__rosidl_generator_c.dir/rosidl_generator_c/open_manipulator_msgs/msg/detail/open_manipulator_state__functions.c.o[0m
[2.421s] [  9%] [32mBuilding C object CMakeFiles/open_manipulator_msgs__rosidl_generator_c.dir/rosidl_generator_c/open_manipulator_msgs/msg/detail/joint_position__functions.c.o[0m
[2.422s] [  9%] [32mBuilding C object CMakeFiles/open_manipulator_msgs__rosidl_generator_c.dir/rosidl_generator_c/open_manipulator_msgs/srv/detail/get_kinematics_pose__functions.c.o[0m
[2.422s] [ 10%] [32mBuilding C object CMakeFiles/open_manipulator_msgs__rosidl_generator_c.dir/rosidl_generator_c/open_manipulator_msgs/srv/detail/set_drawing_trajectory__functions.c.o[0m
[2.422s] [ 11%] [32mBuilding C object CMakeFiles/open_manipulator_msgs__rosidl_generator_c.dir/rosidl_generator_c/open_manipulator_msgs/srv/detail/get_joint_position__functions.c.o[0m
[2.422s] [ 12%] [32mBuilding C object CMakeFiles/open_manipulator_msgs__rosidl_generator_c.dir/rosidl_generator_c/open_manipulator_msgs/srv/detail/set_joint_position__functions.c.o[0m
[2.422s] [ 13%] [32mBuilding C object CMakeFiles/open_manipulator_msgs__rosidl_generator_c.dir/rosidl_generator_c/open_manipulator_msgs/msg/detail/kinematics_pose__functions.c.o[0m
[2.424s] [ 14%] [32mBuilding C object CMakeFiles/open_manipulator_msgs__rosidl_generator_c.dir/rosidl_generator_c/open_manipulator_msgs/srv/detail/set_actuator_state__functions.c.o[0m
[2.487s] [ 15%] [32m[1mLinking C shared library libopen_manipulator_msgs__rosidl_generator_c.so[0m
[2.526s] [ 15%] Built target open_manipulator_msgs__rosidl_generator_c
[2.538s] [ 17%] [34m[1mGenerating C type support for eProsima Fast-RTPS[0m
[2.538s] [ 18%] [34m[1mGenerating C type support dispatch for ROS interfaces[0m
[2.538s] [ 18%] [34m[1mGenerating C introspection for ROS interfaces[0m
[2.860s] [ 22%] [32mBuilding CXX object CMakeFiles/open_manipulator_msgs__rosidl_typesupport_cpp.dir/rosidl_typesupport_cpp/open_manipulator_msgs/srv/get_joint_position__type_support.cpp.o[0m
[2.861s] [ 22%] [32mBuilding CXX object CMakeFiles/open_manipulator_msgs__rosidl_typesupport_cpp.dir/rosidl_typesupport_cpp/open_manipulator_msgs/msg/joint_position__type_support.cpp.o[0m
[2.861s] [ 24%] [32mBuilding CXX object CMakeFiles/open_manipulator_msgs__rosidl_typesupport_cpp.dir/rosidl_typesupport_cpp/open_manipulator_msgs/msg/kinematics_pose__type_support.cpp.o[0m
[2.861s] [ 22%] [32mBuilding CXX object CMakeFiles/open_manipulator_msgs__rosidl_typesupport_cpp.dir/rosidl_typesupport_cpp/open_manipulator_msgs/msg/open_manipulator_state__type_support.cpp.o[0m
[2.861s] [ 24%] [32mBuilding CXX object CMakeFiles/open_manipulator_msgs__rosidl_typesupport_cpp.dir/rosidl_typesupport_cpp/open_manipulator_msgs/srv/get_kinematics_pose__type_support.cpp.o[0m
[2.861s] [ 26%] [32mBuilding CXX object CMakeFiles/open_manipulator_msgs__rosidl_typesupport_cpp.dir/rosidl_typesupport_cpp/open_manipulator_msgs/srv/set_kinematics_pose__type_support.cpp.o[0m
[2.861s] [ 26%] [32mBuilding CXX object CMakeFiles/open_manipulator_msgs__rosidl_typesupport_cpp.dir/rosidl_typesupport_cpp/open_manipulator_msgs/srv/set_drawing_trajectory__type_support.cpp.o[0m
[2.864s] [ 27%] [32mBuilding CXX object CMakeFiles/open_manipulator_msgs__rosidl_typesupport_cpp.dir/rosidl_typesupport_cpp/open_manipulator_msgs/srv/set_joint_position__type_support.cpp.o[0m
[2.869s] [ 28%] [32mBuilding CXX object CMakeFiles/open_manipulator_msgs__rosidl_typesupport_cpp.dir/rosidl_typesupport_cpp/open_manipulator_msgs/srv/set_actuator_state__type_support.cpp.o[0m
[3.112s] [ 29%] [32mBuilding CXX object CMakeFiles/open_manipulator_msgs__rosidl_typesupport_fastrtps_cpp.dir/rosidl_typesupport_fastrtps_cpp/open_manipulator_msgs/msg/detail/dds_fastrtps/kinematics_pose__type_support.cpp.o[0m
[3.132s] [ 30%] [32mBuilding CXX object CMakeFiles/open_manipulator_msgs__rosidl_typesupport_fastrtps_cpp.dir/rosidl_typesupport_fastrtps_cpp/open_manipulator_msgs/srv/detail/dds_fastrtps/get_joint_position__type_support.cpp.o[0m
[3.134s] [ 31%] [32mBuilding CXX object CMakeFiles/open_manipulator_msgs__rosidl_typesupport_fastrtps_cpp.dir/rosidl_typesupport_fastrtps_cpp/open_manipulator_msgs/msg/detail/dds_fastrtps/joint_position__type_support.cpp.o[0m
[3.146s] [ 32%] [32mBuilding CXX object CMakeFiles/open_manipulator_msgs__rosidl_typesupport_fastrtps_cpp.dir/rosidl_typesupport_fastrtps_cpp/open_manipulator_msgs/msg/detail/dds_fastrtps/open_manipulator_state__type_support.cpp.o[0m
[3.151s] [ 33%] [32mBuilding CXX object CMakeFiles/open_manipulator_msgs__rosidl_typesupport_fastrtps_cpp.dir/rosidl_typesupport_fastrtps_cpp/open_manipulator_msgs/srv/detail/dds_fastrtps/get_kinematics_pose__type_support.cpp.o[0m
[3.203s] [ 34%] [32mBuilding CXX object CMakeFiles/open_manipulator_msgs__rosidl_typesupport_introspection_cpp.dir/rosidl_typesupport_introspection_cpp/open_manipulator_msgs/msg/detail/joint_position__type_support.cpp.o[0m
[3.203s] [ 35%] [32mBuilding CXX object CMakeFiles/open_manipulator_msgs__rosidl_typesupport_introspection_cpp.dir/rosidl_typesupport_introspection_cpp/open_manipulator_msgs/msg/detail/kinematics_pose__type_support.cpp.o[0m
[3.205s] [ 36%] [32mBuilding CXX object CMakeFiles/open_manipulator_msgs__rosidl_typesupport_introspection_cpp.dir/rosidl_typesupport_introspection_cpp/open_manipulator_msgs/srv/detail/get_joint_position__type_support.cpp.o[0m
[3.211s] [ 37%] [32mBuilding CXX object CMakeFiles/open_manipulator_msgs__rosidl_typesupport_introspection_cpp.dir/rosidl_typesupport_introspection_cpp/open_manipulator_msgs/srv/detail/set_kinematics_pose__type_support.cpp.o[0m
[3.211s] [ 38%] [32mBuilding CXX object CMakeFiles/open_manipulator_msgs__rosidl_typesupport_introspection_cpp.dir/rosidl_typesupport_introspection_cpp/open_manipulator_msgs/srv/detail/get_kinematics_pose__type_support.cpp.o[0m
[3.211s] [ 40%] [32mBuilding CXX object CMakeFiles/open_manipulator_msgs__rosidl_typesupport_introspection_cpp.dir/rosidl_typesupport_introspection_cpp/open_manipulator_msgs/srv/detail/set_joint_position__type_support.cpp.o[0m
[3.213s] [ 41%] [32mBuilding CXX object CMakeFiles/open_manipulator_msgs__rosidl_typesupport_introspection_cpp.dir/rosidl_typesupport_introspection_cpp/open_manipulator_msgs/msg/detail/open_manipulator_state__type_support.cpp.o[0m
[3.215s] [ 42%] [32mBuilding CXX object CMakeFiles/open_manipulator_msgs__rosidl_typesupport_introspection_cpp.dir/rosidl_typesupport_introspection_cpp/open_manipulator_msgs/srv/detail/set_drawing_trajectory__type_support.cpp.o[0m
[3.220s] [ 44%] [32mBuilding CXX object CMakeFiles/open_manipulator_msgs__rosidl_typesupport_fastrtps_cpp.dir/rosidl_typesupport_fastrtps_cpp/open_manipulator_msgs/srv/detail/dds_fastrtps/set_joint_position__type_support.cpp.o[0m
[3.220s] [ 44%] [32mBuilding CXX object CMakeFiles/open_manipulator_msgs__rosidl_typesupport_introspection_cpp.dir/rosidl_typesupport_introspection_cpp/open_manipulator_msgs/srv/detail/set_actuator_state__type_support.cpp.o[0m
[3.226s] [ 45%] [32mBuilding CXX object CMakeFiles/open_manipulator_msgs__rosidl_typesupport_c.dir/rosidl_typesupport_c/open_manipulator_msgs/msg/joint_position__type_support.cpp.o[0m
[3.227s] [ 47%] [32mBuilding CXX object CMakeFiles/open_manipulator_msgs__rosidl_typesupport_fastrtps_cpp.dir/rosidl_typesupport_fastrtps_cpp/open_manipulator_msgs/srv/detail/dds_fastrtps/set_kinematics_pose__type_support.cpp.o[0m
[3.227s] [ 47%] [32m[1mLinking CXX shared library libopen_manipulator_msgs__rosidl_typesupport_cpp.so[0m
[3.302s] [ 48%] [32mBuilding CXX object CMakeFiles/open_manipulator_msgs__rosidl_typesupport_c.dir/rosidl_typesupport_c/open_manipulator_msgs/msg/kinematics_pose__type_support.cpp.o[0m
[3.346s] [ 48%] Built target open_manipulator_msgs__rosidl_typesupport_cpp
[3.354s] [ 49%] [32mBuilding CXX object CMakeFiles/open_manipulator_msgs__rosidl_typesupport_c.dir/rosidl_typesupport_c/open_manipulator_msgs/msg/open_manipulator_state__type_support.cpp.o[0m
[3.380s] [ 50%] [32mBuilding CXX object CMakeFiles/open_manipulator_msgs__rosidl_typesupport_fastrtps_cpp.dir/rosidl_typesupport_fastrtps_cpp/open_manipulator_msgs/srv/detail/dds_fastrtps/set_drawing_trajectory__type_support.cpp.o[0m
[3.395s] [ 51%] [32mBuilding CXX object CMakeFiles/open_manipulator_msgs__rosidl_typesupport_c.dir/rosidl_typesupport_c/open_manipulator_msgs/srv/get_joint_position__type_support.cpp.o[0m
[3.473s] [ 52%] [32mBuilding CXX object CMakeFiles/open_manipulator_msgs__rosidl_typesupport_c.dir/rosidl_typesupport_c/open_manipulator_msgs/srv/get_kinematics_pose__type_support.cpp.o[0m
[3.581s] [ 53%] [32mBuilding CXX object CMakeFiles/open_manipulator_msgs__rosidl_typesupport_c.dir/rosidl_typesupport_c/open_manipulator_msgs/srv/set_joint_position__type_support.cpp.o[0m
[3.696s] [ 54%] [32mBuilding CXX object CMakeFiles/open_manipulator_msgs__rosidl_typesupport_c.dir/rosidl_typesupport_c/open_manipulator_msgs/srv/set_kinematics_pose__type_support.cpp.o[0m
[3.737s] [ 55%] [32mBuilding CXX object CMakeFiles/open_manipulator_msgs__rosidl_typesupport_c.dir/rosidl_typesupport_c/open_manipulator_msgs/srv/set_actuator_state__type_support.cpp.o[0m
[3.753s] [ 56%] [32mBuilding CXX object CMakeFiles/open_manipulator_msgs__rosidl_typesupport_c.dir/rosidl_typesupport_c/open_manipulator_msgs/srv/set_drawing_trajectory__type_support.cpp.o[0m
[3.760s] [ 57%] [32mBuilding CXX object CMakeFiles/open_manipulator_msgs__rosidl_typesupport_fastrtps_c.dir/rosidl_typesupport_fastrtps_c/open_manipulator_msgs/msg/detail/joint_position__type_support_c.cpp.o[0m
[3.768s] [ 58%] [32mBuilding CXX object CMakeFiles/open_manipulator_msgs__rosidl_typesupport_fastrtps_cpp.dir/rosidl_typesupport_fastrtps_cpp/open_manipulator_msgs/srv/detail/dds_fastrtps/set_actuator_state__type_support.cpp.o[0m
[3.770s] [ 60%] [32mBuilding CXX object CMakeFiles/open_manipulator_msgs__rosidl_typesupport_fastrtps_c.dir/rosidl_typesupport_fastrtps_c/open_manipulator_msgs/msg/detail/open_manipulator_state__type_support_c.cpp.o[0m
[3.785s] [ 61%] [32mBuilding CXX object CMakeFiles/open_manipulator_msgs__rosidl_typesupport_fastrtps_c.dir/rosidl_typesupport_fastrtps_c/open_manipulator_msgs/msg/detail/kinematics_pose__type_support_c.cpp.o[0m
[3.800s] [ 62%] [32mBuilding CXX object CMakeFiles/open_manipulator_msgs__rosidl_typesupport_fastrtps_c.dir/rosidl_typesupport_fastrtps_c/open_manipulator_msgs/srv/detail/get_joint_position__type_support_c.cpp.o[0m
[3.810s] [ 63%] [32m[1mLinking CXX shared library libopen_manipulator_msgs__rosidl_typesupport_c.so[0m
[3.812s] [ 64%] [32mBuilding CXX object CMakeFiles/open_manipulator_msgs__rosidl_typesupport_fastrtps_c.dir/rosidl_typesupport_fastrtps_c/open_manipulator_msgs/srv/detail/get_kinematics_pose__type_support_c.cpp.o[0m
[3.817s] [ 65%] [32mBuilding C object CMakeFiles/open_manipulator_msgs__rosidl_typesupport_introspection_c.dir/rosidl_typesupport_introspection_c/open_manipulator_msgs/msg/detail/kinematics_pose__type_support.c.o[0m
[3.830s] [ 66%] [32mBuilding C object CMakeFiles/open_manipulator_msgs__rosidl_typesupport_introspection_c.dir/rosidl_typesupport_introspection_c/open_manipulator_msgs/msg/detail/joint_position__type_support.c.o[0m
[3.831s] [ 67%] [32mBuilding C object CMakeFiles/open_manipulator_msgs__rosidl_typesupport_introspection_c.dir/rosidl_typesupport_introspection_c/open_manipulator_msgs/msg/detail/open_manipulator_state__type_support.c.o[0m
[3.833s] [ 68%] [32mBuilding CXX object CMakeFiles/open_manipulator_msgs__rosidl_typesupport_fastrtps_c.dir/rosidl_typesupport_fastrtps_c/open_manipulator_msgs/srv/detail/set_joint_position__type_support_c.cpp.o[0m
[3.841s] [ 69%] [32mBuilding C object CMakeFiles/open_manipulator_msgs__rosidl_typesupport_introspection_c.dir/rosidl_typesupport_introspection_c/open_manipulator_msgs/srv/detail/get_joint_position__type_support.c.o[0m
[3.847s] [ 70%] [32mBuilding C object CMakeFiles/open_manipulator_msgs__rosidl_typesupport_introspection_c.dir/rosidl_typesupport_introspection_c/open_manipulator_msgs/srv/detail/get_kinematics_pose__type_support.c.o[0m
[3.850s] [ 71%] [32mBuilding C object CMakeFiles/open_manipulator_msgs__rosidl_typesupport_introspection_c.dir/rosidl_typesupport_introspection_c/open_manipulator_msgs/srv/detail/set_joint_position__type_support.c.o[0m
[3.864s] [ 72%] [32mBuilding CXX object CMakeFiles/open_manipulator_msgs__rosidl_typesupport_fastrtps_c.dir/rosidl_typesupport_fastrtps_c/open_manipulator_msgs/srv/detail/set_kinematics_pose__type_support_c.cpp.o[0m
[3.899s] [ 73%] [32mBuilding CXX object CMakeFiles/open_manipulator_msgs__rosidl_typesupport_fastrtps_c.dir/rosidl_typesupport_fastrtps_c/open_manipulator_msgs/srv/detail/set_drawing_trajectory__type_support_c.cpp.o[0m
[3.901s] [ 73%] Built target open_manipulator_msgs__rosidl_typesupport_c
[3.902s] [ 74%] [32mBuilding C object CMakeFiles/open_manipulator_msgs__rosidl_typesupport_introspection_c.dir/rosidl_typesupport_introspection_c/open_manipulator_msgs/srv/detail/set_kinematics_pose__type_support.c.o[0m
[3.910s] [ 75%] [32mBuilding C object CMakeFiles/open_manipulator_msgs__rosidl_typesupport_introspection_c.dir/rosidl_typesupport_introspection_c/open_manipulator_msgs/srv/detail/set_drawing_trajectory__type_support.c.o[0m
[3.915s] [ 76%] [32mBuilding CXX object CMakeFiles/open_manipulator_msgs__rosidl_typesupport_fastrtps_c.dir/rosidl_typesupport_fastrtps_c/open_manipulator_msgs/srv/detail/set_actuator_state__type_support_c.cpp.o[0m
[3.918s] [ 77%] [32mBuilding C object CMakeFiles/open_manipulator_msgs__rosidl_typesupport_introspection_c.dir/rosidl_typesupport_introspection_c/open_manipulator_msgs/srv/detail/set_actuator_state__type_support.c.o[0m
[3.927s] [ 78%] [32m[1mLinking CXX shared library libopen_manipulator_msgs__rosidl_typesupport_introspection_cpp.so[0m
[3.977s] [ 80%] [32m[1mLinking C shared library libopen_manipulator_msgs__rosidl_typesupport_introspection_c.so[0m
[4.016s] [ 80%] Built target open_manipulator_msgs__rosidl_typesupport_introspection_c
[4.035s] [ 80%] Built target open_manipulator_msgs__rosidl_typesupport_introspection_cpp
[4.223s] [ 81%] [32m[1mLinking CXX shared library libopen_manipulator_msgs__rosidl_typesupport_fastrtps_cpp.so[0m
[4.295s] [ 81%] Built target open_manipulator_msgs__rosidl_typesupport_fastrtps_cpp
[4.304s] [ 82%] [32m[1mLinking CXX shared library libopen_manipulator_msgs__rosidl_typesupport_fastrtps_c.so[0m
[4.358s] [ 82%] Built target open_manipulator_msgs__rosidl_typesupport_fastrtps_c
[4.371s] [ 82%] Built target open_manipulator_msgs
[4.385s] [ 83%] [34m[1mGenerating Python code for ROS interfaces[0m
[5.420s] [ 83%] Built target open_manipulator_msgs__py
[5.434s] [ 87%] [32mBuilding C object CMakeFiles/open_manipulator_msgs__rosidl_generator_py.dir/rosidl_generator_py/open_manipulator_msgs/msg/_joint_position_s.c.o[0m
[5.435s] [ 87%] [32mBuilding C object CMakeFiles/open_manipulator_msgs__rosidl_generator_py.dir/rosidl_generator_py/open_manipulator_msgs/srv/_get_kinematics_pose_s.c.o[0m
[5.435s] [ 87%] [32mBuilding C object CMakeFiles/open_manipulator_msgs__rosidl_generator_py.dir/rosidl_generator_py/open_manipulator_msgs/msg/_open_manipulator_state_s.c.o[0m
[5.435s] [ 87%] [32mBuilding C object CMakeFiles/open_manipulator_msgs__rosidl_generator_py.dir/rosidl_generator_py/open_manipulator_msgs/srv/_get_joint_position_s.c.o[0m
[5.435s] [ 88%] [32mBuilding C object CMakeFiles/open_manipulator_msgs__rosidl_generator_py.dir/rosidl_generator_py/open_manipulator_msgs/srv/_set_joint_position_s.c.o[0m
[5.436s] [ 89%] [32mBuilding C object CMakeFiles/open_manipulator_msgs__rosidl_generator_py.dir/rosidl_generator_py/open_manipulator_msgs/msg/_kinematics_pose_s.c.o[0m
[5.437s] [ 90%] [32mBuilding C object CMakeFiles/open_manipulator_msgs__rosidl_generator_py.dir/rosidl_generator_py/open_manipulator_msgs/srv/_set_drawing_trajectory_s.c.o[0m
[5.437s] [ 91%] [32mBuilding C object CMakeFiles/open_manipulator_msgs__rosidl_generator_py.dir/rosidl_generator_py/open_manipulator_msgs/srv/_set_kinematics_pose_s.c.o[0m
[5.437s] [ 92%] [32mBuilding C object CMakeFiles/open_manipulator_msgs__rosidl_generator_py.dir/rosidl_generator_py/open_manipulator_msgs/srv/_set_actuator_state_s.c.o[0m
[5.549s] [ 93%] [32m[1mLinking C shared library rosidl_generator_py/open_manipulator_msgs/libopen_manipulator_msgs__rosidl_generator_py.so[0m
[5.578s] [ 93%] Built target open_manipulator_msgs__rosidl_generator_py
[5.591s] [ 96%] [32mBuilding C object CMakeFiles/open_manipulator_msgs__rosidl_typesupport_c__pyext.dir/rosidl_generator_py/open_manipulator_msgs/_open_manipulator_msgs_s.ep.rosidl_typesupport_c.c.o[0m
[5.591s] [ 96%] [32mBuilding C object CMakeFiles/open_manipulator_msgs__rosidl_typesupport_fastrtps_c__pyext.dir/rosidl_generator_py/open_manipulator_msgs/_open_manipulator_msgs_s.ep.rosidl_typesupport_fastrtps_c.c.o[0m
[5.591s] [ 96%] [32mBuilding C object CMakeFiles/open_manipulator_msgs__rosidl_typesupport_introspection_c__pyext.dir/rosidl_generator_py/open_manipulator_msgs/_open_manipulator_msgs_s.ep.rosidl_typesupport_introspection_c.c.o[0m
[5.688s] [ 97%] [32m[1mLinking C shared library rosidl_generator_py/open_manipulator_msgs/open_manipulator_msgs_s__rosidl_typesupport_introspection_c.cpython-310-x86_64-linux-gnu.so[0m
[5.689s] [ 98%] [32m[1mLinking C shared library rosidl_generator_py/open_manipulator_msgs/open_manipulator_msgs_s__rosidl_typesupport_c.cpython-310-x86_64-linux-gnu.so[0m
[5.689s] [100%] [32m[1mLinking C shared library rosidl_generator_py/open_manipulator_msgs/open_manipulator_msgs_s__rosidl_typesupport_fastrtps_c.cpython-310-x86_64-linux-gnu.so[0m
[5.715s] [100%] Built target open_manipulator_msgs__rosidl_typesupport_c__pyext
[5.716s] [100%] Built target open_manipulator_msgs__rosidl_typesupport_fastrtps_c__pyext
[5.716s] [100%] Built target open_manipulator_msgs__rosidl_typesupport_introspection_c__pyext
[5.723s] Invoked command in '/home/x/Desktop/workspace/omx_tester/build/open_manipulator_msgs' returned '0': CMAKE_PREFIX_PATH=${CMAKE_PREFIX_PATH}:/home/x/omx_ws/install/open_manipulator_x_teleop:/opt/ros/humble /usr/bin/cmake --build /home/x/Desktop/workspace/omx_tester/build/open_manipulator_msgs -- -j20 -l20
[5.851s] Invoking command in '/home/x/Desktop/workspace/omx_tester/build/open_manipulator_msgs': CMAKE_PREFIX_PATH=${CMAKE_PREFIX_PATH}:/home/x/omx_ws/install/open_manipulator_x_teleop:/opt/ros/humble /usr/bin/cmake --install /home/x/Desktop/workspace/omx_tester/build/open_manipulator_msgs
[5.856s] -- Install configuration: ""
[5.856s] -- Execute custom install script
[5.856s] -- Symlinking: /home/x/Desktop/workspace/omx_tester/install/open_manipulator_msgs/share/ament_index/resource_index/rosidl_interfaces/open_manipulator_msgs
[5.863s] -- Symlinking: /home/x/Desktop/workspace/omx_tester/install/open_manipulator_msgs/include/open_manipulator_msgs/open_manipulator_msgs/msg/detail/joint_position__functions.h
[5.868s] -- Symlinking: /home/x/Desktop/workspace/omx_tester/install/open_manipulator_msgs/include/open_manipulator_msgs/open_manipulator_msgs/msg/detail/joint_position__struct.h
[5.874s] -- Symlinking: /home/x/Desktop/workspace/omx_tester/install/open_manipulator_msgs/include/open_manipulator_msgs/open_manipulator_msgs/msg/detail/joint_position__type_support.h
[5.879s] -- Symlinking: /home/x/Desktop/workspace/omx_tester/install/open_manipulator_msgs/include/open_manipulator_msgs/open_manipulator_msgs/msg/detail/kinematics_pose__functions.h
[5.885s] -- Symlinking: /home/x/Desktop/workspace/omx_tester/install/open_manipulator_msgs/include/open_manipulator_msgs/open_manipulator_msgs/msg/detail/kinematics_pose__struct.h
[5.891s] -- Symlinking: /home/x/Desktop/workspace/omx_tester/install/open_manipulator_msgs/include/open_manipulator_msgs/open_manipulator_msgs/msg/detail/kinematics_pose__type_support.h
[5.896s] -- Symlinking: /home/x/Desktop/workspace/omx_tester/install/open_manipulator_msgs/include/open_manipulator_msgs/open_manipulator_msgs/msg/detail/open_manipulator_state__functions.h
[5.902s] -- Symlinking: /home/x/Desktop/workspace/omx_tester/install/open_manipulator_msgs/include/open_manipulator_msgs/open_manipulator_msgs/msg/detail/open_manipulator_state__struct.h
[5.908s] -- Symlinking: /home/x/Desktop/workspace/omx_tester/install/open_manipulator_msgs/include/open_manipulator_msgs/open_manipulator_msgs/msg/detail/open_manipulator_state__type_support.h
[5.914s] -- Symlinking: /home/x/Desktop/workspace/omx_tester/install/open_manipulator_msgs/include/open_manipulator_msgs/open_manipulator_msgs/msg/joint_position.h
[5.920s] -- Symlinking: /home/x/Desktop/workspace/omx_tester/install/open_manipulator_msgs/include/open_manipulator_msgs/open_manipulator_msgs/msg/kinematics_pose.h
[5.926s] -- Symlinking: /home/x/Desktop/workspace/omx_tester/install/open_manipulator_msgs/include/open_manipulator_msgs/open_manipulator_msgs/msg/open_manipulator_state.h
[5.932s] -- Symlinking: /home/x/Desktop/workspace/omx_tester/install/open_manipulator_msgs/include/open_manipulator_msgs/open_manipulator_msgs/msg/rosidl_generator_c__visibility_control.h
[5.938s] -- Symlinking: /home/x/Desktop/workspace/omx_tester/install/open_manipulator_msgs/include/open_manipulator_msgs/open_manipulator_msgs/srv/detail/get_joint_position__functions.h
[5.944s] -- Symlinking: /home/x/Desktop/workspace/omx_tester/install/open_manipulator_msgs/include/open_manipulator_msgs/open_manipulator_msgs/srv/detail/get_joint_position__struct.h
[5.949s] -- Symlinking: /home/x/Desktop/workspace/omx_tester/install/open_manipulator_msgs/include/open_manipulator_msgs/open_manipulator_msgs/srv/detail/get_joint_position__type_support.h
[5.956s] -- Symlinking: /home/x/Desktop/workspace/omx_tester/install/open_manipulator_msgs/include/open_manipulator_msgs/open_manipulator_msgs/srv/detail/get_kinematics_pose__functions.h
[5.962s] -- Symlinking: /home/x/Desktop/workspace/omx_tester/install/open_manipulator_msgs/include/open_manipulator_msgs/open_manipulator_msgs/srv/detail/get_kinematics_pose__struct.h
[5.968s] -- Symlinking: /home/x/Desktop/workspace/omx_tester/install/open_manipulator_msgs/include/open_manipulator_msgs/open_manipulator_msgs/srv/detail/get_kinematics_pose__type_support.h
[5.974s] -- Symlinking: /home/x/Desktop/workspace/omx_tester/install/open_manipulator_msgs/include/open_manipulator_msgs/open_manipulator_msgs/srv/detail/set_actuator_state__functions.h
[5.980s] -- Symlinking: /home/x/Desktop/workspace/omx_tester/install/open_manipulator_msgs/include/open_manipulator_msgs/open_manipulator_msgs/srv/detail/set_actuator_state__struct.h
[5.986s] -- Symlinking: /home/x/Desktop/workspace/omx_tester/install/open_manipulator_msgs/include/open_manipulator_msgs/open_manipulator_msgs/srv/detail/set_actuator_state__type_support.h
[5.993s] -- Symlinking: /home/x/Desktop/workspace/omx_tester/install/open_manipulator_msgs/include/open_manipulator_msgs/open_manipulator_msgs/srv/detail/set_drawing_trajectory__functions.h
[5.998s] -- Symlinking: /home/x/Desktop/workspace/omx_tester/install/open_manipulator_msgs/include/open_manipulator_msgs/open_manipulator_msgs/srv/detail/set_drawing_trajectory__struct.h
[6.004s] -- Symlinking: /home/x/Desktop/workspace/omx_tester/install/open_manipulator_msgs/include/open_manipulator_msgs/open_manipulator_msgs/srv/detail/set_drawing_trajectory__type_support.h
[6.010s] -- Symlinking: /home/x/Desktop/workspace/omx_tester/install/open_manipulator_msgs/include/open_manipulator_msgs/open_manipulator_msgs/srv/detail/set_joint_position__functions.h
[6.016s] -- Symlinking: /home/x/Desktop/workspace/omx_tester/install/open_manipulator_msgs/include/open_manipulator_msgs/open_manipulator_msgs/srv/detail/set_joint_position__struct.h
[6.022s] -- Symlinking: /home/x/Desktop/workspace/omx_tester/install/open_manipulator_msgs/include/open_manipulator_msgs/open_manipulator_msgs/srv/detail/set_joint_position__type_support.h
[6.027s] -- Symlinking: /home/x/Desktop/workspace/omx_tester/install/open_manipulator_msgs/include/open_manipulator_msgs/open_manipulator_msgs/srv/detail/set_kinematics_pose__functions.h
[6.034s] -- Symlinking: /home/x/Desktop/workspace/omx_tester/install/open_manipulator_msgs/include/open_manipulator_msgs/open_manipulator_msgs/srv/detail/set_kinematics_pose__struct.h
[6.040s] -- Symlinking: /home/x/Desktop/workspace/omx_tester/install/open_manipulator_msgs/include/open_manipulator_msgs/open_manipulator_msgs/srv/detail/set_kinematics_pose__type_support.h
[6.046s] -- Symlinking: /home/x/Desktop/workspace/omx_tester/install/open_manipulator_msgs/include/open_manipulator_msgs/open_manipulator_msgs/srv/get_joint_position.h
[6.051s] -- Symlinking: /home/x/Desktop/workspace/omx_tester/install/open_manipulator_msgs/include/open_manipulator_msgs/open_manipulator_msgs/srv/get_kinematics_pose.h
[6.057s] -- Symlinking: /home/x/Desktop/workspace/omx_tester/install/open_manipulator_msgs/include/open_manipulator_msgs/open_manipulator_msgs/srv/set_actuator_state.h
[6.063s] -- Symlinking: /home/x/Desktop/workspace/omx_tester/install/open_manipulator_msgs/include/open_manipulator_msgs/open_manipulator_msgs/srv/set_drawing_trajectory.h
[6.069s] -- Symlinking: /home/x/Desktop/workspace/omx_tester/install/open_manipulator_msgs/include/open_manipulator_msgs/open_manipulator_msgs/srv/set_joint_position.h
[6.075s] -- Symlinking: /home/x/Desktop/workspace/omx_tester/install/open_manipulator_msgs/include/open_manipulator_msgs/open_manipulator_msgs/srv/set_kinematics_pose.h
[6.081s] -- Symlinking: /home/x/Desktop/workspace/omx_tester/install/open_manipulator_msgs/share/open_manipulator_msgs/environment/library_path.sh
[6.088s] -- Symlinking: /home/x/Desktop/workspace/omx_tester/install/open_manipulator_msgs/share/open_manipulator_msgs/environment/library_path.dsv
[6.094s] -- Symlinking: /home/x/Desktop/workspace/omx_tester/install/open_manipulator_msgs/include/open_manipulator_msgs/open_manipulator_msgs/msg/detail/joint_position__rosidl_typesupport_fastrtps_c.h
[6.100s] -- Symlinking: /home/x/Desktop/workspace/omx_tester/install/open_manipulator_msgs/include/open_manipulator_msgs/open_manipulator_msgs/msg/detail/kinematics_pose__rosidl_typesupport_fastrtps_c.h
[6.106s] -- Symlinking: /home/x/Desktop/workspace/omx_tester/install/open_manipulator_msgs/include/open_manipulator_msgs/open_manipulator_msgs/msg/detail/open_manipulator_state__rosidl_typesupport_fastrtps_c.h
[6.112s] -- Symlinking: /home/x/Desktop/workspace/omx_tester/install/open_manipulator_msgs/include/open_manipulator_msgs/open_manipulator_msgs/msg/rosidl_typesupport_fastrtps_c__visibility_control.h
[6.118s] -- Symlinking: /home/x/Desktop/workspace/omx_tester/install/open_manipulator_msgs/include/open_manipulator_msgs/open_manipulator_msgs/srv/detail/get_joint_position__rosidl_typesupport_fastrtps_c.h
[6.124s] -- Symlinking: /home/x/Desktop/workspace/omx_tester/install/open_manipulator_msgs/include/open_manipulator_msgs/open_manipulator_msgs/srv/detail/get_kinematics_pose__rosidl_typesupport_fastrtps_c.h
[6.129s] -- Symlinking: /home/x/Desktop/workspace/omx_tester/install/open_manipulator_msgs/include/open_manipulator_msgs/open_manipulator_msgs/srv/detail/set_actuator_state__rosidl_typesupport_fastrtps_c.h
[6.135s] -- Symlinking: /home/x/Desktop/workspace/omx_tester/install/open_manipulator_msgs/include/open_manipulator_msgs/open_manipulator_msgs/srv/detail/set_drawing_trajectory__rosidl_typesupport_fastrtps_c.h
[6.141s] -- Symlinking: /home/x/Desktop/workspace/omx_tester/install/open_manipulator_msgs/include/open_manipulator_msgs/open_manipulator_msgs/srv/detail/set_joint_position__rosidl_typesupport_fastrtps_c.h
[6.147s] -- Symlinking: /home/x/Desktop/workspace/omx_tester/install/open_manipulator_msgs/include/open_manipulator_msgs/open_manipulator_msgs/srv/detail/set_kinematics_pose__rosidl_typesupport_fastrtps_c.h
[6.153s] -- Symlinking: /home/x/Desktop/workspace/omx_tester/install/open_manipulator_msgs/include/open_manipulator_msgs/open_manipulator_msgs/msg/detail/joint_position__builder.hpp
[6.159s] -- Symlinking: /home/x/Desktop/workspace/omx_tester/install/open_manipulator_msgs/include/open_manipulator_msgs/open_manipulator_msgs/msg/detail/joint_position__struct.hpp
[6.165s] -- Symlinking: /home/x/Desktop/workspace/omx_tester/install/open_manipulator_msgs/include/open_manipulator_msgs/open_manipulator_msgs/msg/detail/joint_position__traits.hpp
[6.171s] -- Symlinking: /home/x/Desktop/workspace/omx_tester/install/open_manipulator_msgs/include/open_manipulator_msgs/open_manipulator_msgs/msg/detail/kinematics_pose__builder.hpp
[6.177s] -- Symlinking: /home/x/Desktop/workspace/omx_tester/install/open_manipulator_msgs/include/open_manipulator_msgs/open_manipulator_msgs/msg/detail/kinematics_pose__struct.hpp
[6.183s] -- Symlinking: /home/x/Desktop/workspace/omx_tester/install/open_manipulator_msgs/include/open_manipulator_msgs/open_manipulator_msgs/msg/detail/kinematics_pose__traits.hpp
[6.190s] -- Symlinking: /home/x/Desktop/workspace/omx_tester/install/open_manipulator_msgs/include/open_manipulator_msgs/open_manipulator_msgs/msg/detail/open_manipulator_state__builder.hpp
[6.195s] -- Symlinking: /home/x/Desktop/workspace/omx_tester/install/open_manipulator_msgs/include/open_manipulator_msgs/open_manipulator_msgs/msg/detail/open_manipulator_state__struct.hpp
[6.201s] -- Symlinking: /home/x/Desktop/workspace/omx_tester/install/open_manipulator_msgs/include/open_manipulator_msgs/open_manipulator_msgs/msg/detail/open_manipulator_state__traits.hpp
[6.207s] -- Symlinking: /home/x/Desktop/workspace/omx_tester/install/open_manipulator_msgs/include/open_manipulator_msgs/open_manipulator_msgs/msg/joint_position.hpp
[6.213s] -- Symlinking: /home/x/Desktop/workspace/omx_tester/install/open_manipulator_msgs/include/open_manipulator_msgs/open_manipulator_msgs/msg/kinematics_pose.hpp
[6.219s] -- Symlinking: /home/x/Desktop/workspace/omx_tester/install/open_manipulator_msgs/include/open_manipulator_msgs/open_manipulator_msgs/msg/open_manipulator_state.hpp
[6.225s] -- Symlinking: /home/x/Desktop/workspace/omx_tester/install/open_manipulator_msgs/include/open_manipulator_msgs/open_manipulator_msgs/srv/detail/get_joint_position__builder.hpp
[6.231s] -- Symlinking: /home/x/Desktop/workspace/omx_tester/install/open_manipulator_msgs/include/open_manipulator_msgs/open_manipulator_msgs/srv/detail/get_joint_position__struct.hpp
[6.237s] -- Symlinking: /home/x/Desktop/workspace/omx_tester/install/open_manipulator_msgs/include/open_manipulator_msgs/open_manipulator_msgs/srv/detail/get_joint_position__traits.hpp
[6.242s] -- Symlinking: /home/x/Desktop/workspace/omx_tester/install/open_manipulator_msgs/include/open_manipulator_msgs/open_manipulator_msgs/srv/detail/get_kinematics_pose__builder.hpp
[6.248s] -- Symlinking: /home/x/Desktop/workspace/omx_tester/install/open_manipulator_msgs/include/open_manipulator_msgs/open_manipulator_msgs/srv/detail/get_kinematics_pose__struct.hpp
[6.254s] -- Symlinking: /home/x/Desktop/workspace/omx_tester/install/open_manipulator_msgs/include/open_manipulator_msgs/open_manipulator_msgs/srv/detail/get_kinematics_pose__traits.hpp
[6.260s] -- Symlinking: /home/x/Desktop/workspace/omx_tester/install/open_manipulator_msgs/include/open_manipulator_msgs/open_manipulator_msgs/srv/detail/set_actuator_state__builder.hpp
[6.266s] -- Symlinking: /home/x/Desktop/workspace/omx_tester/install/open_manipulator_msgs/include/open_manipulator_msgs/open_manipulator_msgs/srv/detail/set_actuator_state__struct.hpp
[6.272s] -- Symlinking: /home/x/Desktop/workspace/omx_tester/install/open_manipulator_msgs/include/open_manipulator_msgs/open_manipulator_msgs/srv/detail/set_actuator_state__traits.hpp
[6.277s] -- Symlinking: /home/x/Desktop/workspace/omx_tester/install/open_manipulator_msgs/include/open_manipulator_msgs/open_manipulator_msgs/srv/detail/set_drawing_trajectory__builder.hpp
[6.283s] -- Symlinking: /home/x/Desktop/workspace/omx_tester/install/open_manipulator_msgs/include/open_manipulator_msgs/open_manipulator_msgs/srv/detail/set_drawing_trajectory__struct.hpp
[6.289s] -- Symlinking: /home/x/Desktop/workspace/omx_tester/install/open_manipulator_msgs/include/open_manipulator_msgs/open_manipulator_msgs/srv/detail/set_drawing_trajectory__traits.hpp
[6.295s] -- Symlinking: /home/x/Desktop/workspace/omx_tester/install/open_manipulator_msgs/include/open_manipulator_msgs/open_manipulator_msgs/srv/detail/set_joint_position__builder.hpp
[6.301s] -- Symlinking: /home/x/Desktop/workspace/omx_tester/install/open_manipulator_msgs/include/open_manipulator_msgs/open_manipulator_msgs/srv/detail/set_joint_position__struct.hpp
[6.307s] -- Symlinking: /home/x/Desktop/workspace/omx_tester/install/open_manipulator_msgs/include/open_manipulator_msgs/open_manipulator_msgs/srv/detail/set_joint_position__traits.hpp
[6.312s] -- Symlinking: /home/x/Desktop/workspace/omx_tester/install/open_manipulator_msgs/include/open_manipulator_msgs/open_manipulator_msgs/srv/detail/set_kinematics_pose__builder.hpp
[6.318s] -- Symlinking: /home/x/Desktop/workspace/omx_tester/install/open_manipulator_msgs/include/open_manipulator_msgs/open_manipulator_msgs/srv/detail/set_kinematics_pose__struct.hpp
[6.323s] -- Symlinking: /home/x/Desktop/workspace/omx_tester/install/open_manipulator_msgs/include/open_manipulator_msgs/open_manipulator_msgs/srv/detail/set_kinematics_pose__traits.hpp
[6.329s] -- Symlinking: /home/x/Desktop/workspace/omx_tester/install/open_manipulator_msgs/include/open_manipulator_msgs/open_manipulator_msgs/srv/get_joint_position.hpp
[6.335s] -- Symlinking: /home/x/Desktop/workspace/omx_tester/install/open_manipulator_msgs/include/open_manipulator_msgs/open_manipulator_msgs/srv/get_kinematics_pose.hpp
[6.341s] -- Symlinking: /home/x/Desktop/workspace/omx_tester/install/open_manipulator_msgs/include/open_manipulator_msgs/open_manipulator_msgs/srv/set_actuator_state.hpp
[6.347s] -- Symlinking: /home/x/Desktop/workspace/omx_tester/install/open_manipulator_msgs/include/open_manipulator_msgs/open_manipulator_msgs/srv/set_drawing_trajectory.hpp
[6.352s] -- Symlinking: /home/x/Desktop/workspace/omx_tester/install/open_manipulator_msgs/include/open_manipulator_msgs/open_manipulator_msgs/srv/set_joint_position.hpp
[6.359s] -- Symlinking: /home/x/Desktop/workspace/omx_tester/install/open_manipulator_msgs/include/open_manipulator_msgs/open_manipulator_msgs/srv/set_kinematics_pose.hpp
[6.365s] -- Symlinking: /home/x/Desktop/workspace/omx_tester/install/open_manipulator_msgs/include/open_manipulator_msgs/open_manipulator_msgs/msg/detail/joint_position__rosidl_typesupport_fastrtps_cpp.hpp
[6.371s] -- Symlinking: /home/x/Desktop/workspace/omx_tester/install/open_manipulator_msgs/include/open_manipulator_msgs/open_manipulator_msgs/msg/detail/kinematics_pose__rosidl_typesupport_fastrtps_cpp.hpp
[6.376s] -- Symlinking: /home/x/Desktop/workspace/omx_tester/install/open_manipulator_msgs/include/open_manipulator_msgs/open_manipulator_msgs/msg/detail/open_manipulator_state__rosidl_typesupport_fastrtps_cpp.hpp
[6.382s] -- Symlinking: /home/x/Desktop/workspace/omx_tester/install/open_manipulator_msgs/include/open_manipulator_msgs/open_manipulator_msgs/msg/rosidl_typesupport_fastrtps_cpp__visibility_control.h
[6.388s] -- Symlinking: /home/x/Desktop/workspace/omx_tester/install/open_manipulator_msgs/include/open_manipulator_msgs/open_manipulator_msgs/srv/detail/get_joint_position__rosidl_typesupport_fastrtps_cpp.hpp
[6.394s] -- Symlinking: /home/x/Desktop/workspace/omx_tester/install/open_manipulator_msgs/include/open_manipulator_msgs/open_manipulator_msgs/srv/detail/get_kinematics_pose__rosidl_typesupport_fastrtps_cpp.hpp
[6.399s] -- Symlinking: /home/x/Desktop/workspace/omx_tester/install/open_manipulator_msgs/include/open_manipulator_msgs/open_manipulator_msgs/srv/detail/set_actuator_state__rosidl_typesupport_fastrtps_cpp.hpp
[6.405s] -- Symlinking: /home/x/Desktop/workspace/omx_tester/install/open_manipulator_msgs/include/open_manipulator_msgs/open_manipulator_msgs/srv/detail/set_drawing_trajectory__rosidl_typesupport_fastrtps_cpp.hpp
[6.411s] -- Symlinking: /home/x/Desktop/workspace/omx_tester/install/open_manipulator_msgs/include/open_manipulator_msgs/open_manipulator_msgs/srv/detail/set_joint_position__rosidl_typesupport_fastrtps_cpp.hpp
[6.417s] -- Symlinking: /home/x/Desktop/workspace/omx_tester/install/open_manipulator_msgs/include/open_manipulator_msgs/open_manipulator_msgs/srv/detail/set_kinematics_pose__rosidl_typesupport_fastrtps_cpp.hpp
[6.424s] -- Symlinking: /home/x/Desktop/workspace/omx_tester/install/open_manipulator_msgs/include/open_manipulator_msgs/open_manipulator_msgs/msg/detail/joint_position__rosidl_typesupport_introspection_c.h
[6.430s] -- Symlinking: /home/x/Desktop/workspace/omx_tester/install/open_manipulator_msgs/include/open_manipulator_msgs/open_manipulator_msgs/msg/detail/kinematics_pose__rosidl_typesupport_introspection_c.h
[6.436s] -- Symlinking: /home/x/Desktop/workspace/omx_tester/install/open_manipulator_msgs/include/open_manipulator_msgs/open_manipulator_msgs/msg/detail/open_manipulator_state__rosidl_typesupport_introspection_c.h
[6.441s] -- Symlinking: /home/x/Desktop/workspace/omx_tester/install/open_manipulator_msgs/include/open_manipulator_msgs/open_manipulator_msgs/msg/rosidl_typesupport_introspection_c__visibility_control.h
[6.447s] -- Symlinking: /home/x/Desktop/workspace/omx_tester/install/open_manipulator_msgs/include/open_manipulator_msgs/open_manipulator_msgs/srv/detail/get_joint_position__rosidl_typesupport_introspection_c.h
[6.452s] -- Symlinking: /home/x/Desktop/workspace/omx_tester/install/open_manipulator_msgs/include/open_manipulator_msgs/open_manipulator_msgs/srv/detail/get_kinematics_pose__rosidl_typesupport_introspection_c.h
[6.458s] -- Symlinking: /home/x/Desktop/workspace/omx_tester/install/open_manipulator_msgs/include/open_manipulator_msgs/open_manipulator_msgs/srv/detail/set_actuator_state__rosidl_typesupport_introspection_c.h
[6.464s] -- Symlinking: /home/x/Desktop/workspace/omx_tester/install/open_manipulator_msgs/include/open_manipulator_msgs/open_manipulator_msgs/srv/detail/set_drawing_trajectory__rosidl_typesupport_introspection_c.h
[6.471s] -- Symlinking: /home/x/Desktop/workspace/omx_tester/install/open_manipulator_msgs/include/open_manipulator_msgs/open_manipulator_msgs/srv/detail/set_joint_position__rosidl_typesupport_introspection_c.h
[6.476s] -- Symlinking: /home/x/Desktop/workspace/omx_tester/install/open_manipulator_msgs/include/open_manipulator_msgs/open_manipulator_msgs/srv/detail/set_kinematics_pose__rosidl_typesupport_introspection_c.h
[6.483s] -- Symlinking: /home/x/Desktop/workspace/omx_tester/install/open_manipulator_msgs/include/open_manipulator_msgs/open_manipulator_msgs/msg/detail/joint_position__rosidl_typesupport_introspection_cpp.hpp
[6.488s] -- Symlinking: /home/x/Desktop/workspace/omx_tester/install/open_manipulator_msgs/include/open_manipulator_msgs/open_manipulator_msgs/msg/detail/kinematics_pose__rosidl_typesupport_introspection_cpp.hpp
[6.494s] -- Symlinking: /home/x/Desktop/workspace/omx_tester/install/open_manipulator_msgs/include/open_manipulator_msgs/open_manipulator_msgs/msg/detail/open_manipulator_state__rosidl_typesupport_introspection_cpp.hpp
[6.500s] -- Symlinking: /home/x/Desktop/workspace/omx_tester/install/open_manipulator_msgs/include/open_manipulator_msgs/open_manipulator_msgs/srv/detail/get_joint_position__rosidl_typesupport_introspection_cpp.hpp
[6.506s] -- Symlinking: /home/x/Desktop/workspace/omx_tester/install/open_manipulator_msgs/include/open_manipulator_msgs/open_manipulator_msgs/srv/detail/get_kinematics_pose__rosidl_typesupport_introspection_cpp.hpp
[6.512s] -- Symlinking: /home/x/Desktop/workspace/omx_tester/install/open_manipulator_msgs/include/open_manipulator_msgs/open_manipulator_msgs/srv/detail/set_actuator_state__rosidl_typesupport_introspection_cpp.hpp
[6.518s] -- Symlinking: /home/x/Desktop/workspace/omx_tester/install/open_manipulator_msgs/include/open_manipulator_msgs/open_manipulator_msgs/srv/detail/set_drawing_trajectory__rosidl_typesupport_introspection_cpp.hpp
[6.524s] -- Symlinking: /home/x/Desktop/workspace/omx_tester/install/open_manipulator_msgs/include/open_manipulator_msgs/open_manipulator_msgs/srv/detail/set_joint_position__rosidl_typesupport_introspection_cpp.hpp
[6.530s] -- Symlinking: /home/x/Desktop/workspace/omx_tester/install/open_manipulator_msgs/include/open_manipulator_msgs/open_manipulator_msgs/srv/detail/set_kinematics_pose__rosidl_typesupport_introspection_cpp.hpp
[6.536s] -- Symlinking: /home/x/Desktop/workspace/omx_tester/install/open_manipulator_msgs/share/open_manipulator_msgs/environment/pythonpath.sh
[6.542s] -- Symlinking: /home/x/Desktop/workspace/omx_tester/install/open_manipulator_msgs/share/open_manipulator_msgs/environment/pythonpath.dsv
[6.548s] -- Symlinking: /home/x/Desktop/workspace/omx_tester/install/open_manipulator_msgs/local/lib/python3.10/dist-packages/open_manipulator_msgs-2.2.0-py3.10.egg-info/PKG-INFO
[6.554s] -- Symlinking: /home/x/Desktop/workspace/omx_tester/install/open_manipulator_msgs/local/lib/python3.10/dist-packages/open_manipulator_msgs-2.2.0-py3.10.egg-info/SOURCES.txt
[6.560s] -- Symlinking: /home/x/Desktop/workspace/omx_tester/install/open_manipulator_msgs/local/lib/python3.10/dist-packages/open_manipulator_msgs-2.2.0-py3.10.egg-info/dependency_links.txt
[6.566s] -- Symlinking: /home/x/Desktop/workspace/omx_tester/install/open_manipulator_msgs/local/lib/python3.10/dist-packages/open_manipulator_msgs-2.2.0-py3.10.egg-info/top_level.txt
[6.573s] -- Symlinking: /home/x/Desktop/workspace/omx_tester/install/open_manipulator_msgs/local/lib/python3.10/dist-packages/open_manipulator_msgs/__init__.py
[6.578s] -- Symlinking: /home/x/Desktop/workspace/omx_tester/install/open_manipulator_msgs/local/lib/python3.10/dist-packages/open_manipulator_msgs/_open_manipulator_msgs_s.ep.rosidl_typesupport_c.c
[6.584s] -- Symlinking: /home/x/Desktop/workspace/omx_tester/install/open_manipulator_msgs/local/lib/python3.10/dist-packages/open_manipulator_msgs/_open_manipulator_msgs_s.ep.rosidl_typesupport_fastrtps_c.c
[6.590s] -- Symlinking: /home/x/Desktop/workspace/omx_tester/install/open_manipulator_msgs/local/lib/python3.10/dist-packages/open_manipulator_msgs/_open_manipulator_msgs_s.ep.rosidl_typesupport_introspection_c.c
[6.595s] -- Symlinking: /home/x/Desktop/workspace/omx_tester/install/open_manipulator_msgs/local/lib/python3.10/dist-packages/open_manipulator_msgs/libopen_manipulator_msgs__rosidl_generator_py.so
[6.602s] -- Symlinking: /home/x/Desktop/workspace/omx_tester/install/open_manipulator_msgs/local/lib/python3.10/dist-packages/open_manipulator_msgs/msg/__init__.py
[6.608s] -- Symlinking: /home/x/Desktop/workspace/omx_tester/install/open_manipulator_msgs/local/lib/python3.10/dist-packages/open_manipulator_msgs/msg/_joint_position.py
[6.613s] -- Symlinking: /home/x/Desktop/workspace/omx_tester/install/open_manipulator_msgs/local/lib/python3.10/dist-packages/open_manipulator_msgs/msg/_joint_position_s.c
[6.619s] -- Symlinking: /home/x/Desktop/workspace/omx_tester/install/open_manipulator_msgs/local/lib/python3.10/dist-packages/open_manipulator_msgs/msg/_kinematics_pose.py
[6.624s] -- Symlinking: /home/x/Desktop/workspace/omx_tester/install/open_manipulator_msgs/local/lib/python3.10/dist-packages/open_manipulator_msgs/msg/_kinematics_pose_s.c
[6.630s] -- Symlinking: /home/x/Desktop/workspace/omx_tester/install/open_manipulator_msgs/local/lib/python3.10/dist-packages/open_manipulator_msgs/msg/_open_manipulator_state.py
[6.636s] -- Symlinking: /home/x/Desktop/workspace/omx_tester/install/open_manipulator_msgs/local/lib/python3.10/dist-packages/open_manipulator_msgs/msg/_open_manipulator_state_s.c
[6.642s] -- Symlinking: /home/x/Desktop/workspace/omx_tester/install/open_manipulator_msgs/local/lib/python3.10/dist-packages/open_manipulator_msgs/open_manipulator_msgs_s__rosidl_typesupport_c.cpython-310-x86_64-linux-gnu.so
[6.648s] -- Symlinking: /home/x/Desktop/workspace/omx_tester/install/open_manipulator_msgs/local/lib/python3.10/dist-packages/open_manipulator_msgs/open_manipulator_msgs_s__rosidl_typesupport_fastrtps_c.cpython-310-x86_64-linux-gnu.so
[6.654s] -- Symlinking: /home/x/Desktop/workspace/omx_tester/install/open_manipulator_msgs/local/lib/python3.10/dist-packages/open_manipulator_msgs/open_manipulator_msgs_s__rosidl_typesupport_introspection_c.cpython-310-x86_64-linux-gnu.so
[6.660s] -- Symlinking: /home/x/Desktop/workspace/omx_tester/install/open_manipulator_msgs/local/lib/python3.10/dist-packages/open_manipulator_msgs/srv/__init__.py
[6.665s] -- Symlinking: /home/x/Desktop/workspace/omx_tester/install/open_manipulator_msgs/local/lib/python3.10/dist-packages/open_manipulator_msgs/srv/_get_joint_position.py
[6.671s] -- Symlinking: /home/x/Desktop/workspace/omx_tester/install/open_manipulator_msgs/local/lib/python3.10/dist-packages/open_manipulator_msgs/srv/_get_joint_position_s.c
[6.677s] -- Symlinking: /home/x/Desktop/workspace/omx_tester/install/open_manipulator_msgs/local/lib/python3.10/dist-packages/open_manipulator_msgs/srv/_get_kinematics_pose.py
[6.683s] -- Symlinking: /home/x/Desktop/workspace/omx_tester/install/open_manipulator_msgs/local/lib/python3.10/dist-packages/open_manipulator_msgs/srv/_get_kinematics_pose_s.c
[6.689s] -- Symlinking: /home/x/Desktop/workspace/omx_tester/install/open_manipulator_msgs/local/lib/python3.10/dist-packages/open_manipulator_msgs/srv/_set_actuator_state.py
[6.695s] -- Symlinking: /home/x/Desktop/workspace/omx_tester/install/open_manipulator_msgs/local/lib/python3.10/dist-packages/open_manipulator_msgs/srv/_set_actuator_state_s.c
[6.701s] -- Symlinking: /home/x/Desktop/workspace/omx_tester/install/open_manipulator_msgs/local/lib/python3.10/dist-packages/open_manipulator_msgs/srv/_set_drawing_trajectory.py
[6.707s] -- Symlinking: /home/x/Desktop/workspace/omx_tester/install/open_manipulator_msgs/local/lib/python3.10/dist-packages/open_manipulator_msgs/srv/_set_drawing_trajectory_s.c
[6.713s] -- Symlinking: /home/x/Desktop/workspace/omx_tester/install/open_manipulator_msgs/local/lib/python3.10/dist-packages/open_manipulator_msgs/srv/_set_joint_position.py
[6.719s] -- Symlinking: /home/x/Desktop/workspace/omx_tester/install/open_manipulator_msgs/local/lib/python3.10/dist-packages/open_manipulator_msgs/srv/_set_joint_position_s.c
[6.725s] -- Symlinking: /home/x/Desktop/workspace/omx_tester/install/open_manipulator_msgs/local/lib/python3.10/dist-packages/open_manipulator_msgs/srv/_set_kinematics_pose.py
[6.731s] -- Symlinking: /home/x/Desktop/workspace/omx_tester/install/open_manipulator_msgs/local/lib/python3.10/dist-packages/open_manipulator_msgs/srv/_set_kinematics_pose_s.c
[6.737s] -- Up-to-date symlink: /home/x/Desktop/workspace/omx_tester/install/open_manipulator_msgs/local/lib/python3.10/dist-packages/open_manipulator_msgs/open_manipulator_msgs_s__rosidl_typesupport_fastrtps_c.cpython-310-x86_64-linux-gnu.so
[6.738s] -- Up-to-date symlink: /home/x/Desktop/workspace/omx_tester/install/open_manipulator_msgs/local/lib/python3.10/dist-packages/open_manipulator_msgs/open_manipulator_msgs_s__rosidl_typesupport_introspection_c.cpython-310-x86_64-linux-gnu.so
[6.738s] -- Up-to-date symlink: /home/x/Desktop/workspace/omx_tester/install/open_manipulator_msgs/local/lib/python3.10/dist-packages/open_manipulator_msgs/open_manipulator_msgs_s__rosidl_typesupport_c.cpython-310-x86_64-linux-gnu.so
[6.738s] -- Symlinking: /home/x/Desktop/workspace/omx_tester/install/open_manipulator_msgs/share/open_manipulator_msgs/msg/JointPosition.idl
[6.744s] -- Symlinking: /home/x/Desktop/workspace/omx_tester/install/open_manipulator_msgs/share/open_manipulator_msgs/msg/KinematicsPose.idl
[6.750s] -- Symlinking: /home/x/Desktop/workspace/omx_tester/install/open_manipulator_msgs/share/open_manipulator_msgs/msg/OpenManipulatorState.idl
[6.755s] -- Symlinking: /home/x/Desktop/workspace/omx_tester/install/open_manipulator_msgs/share/open_manipulator_msgs/srv/GetJointPosition.idl
[6.761s] -- Symlinking: /home/x/Desktop/workspace/omx_tester/install/open_manipulator_msgs/share/open_manipulator_msgs/srv/GetKinematicsPose.idl
[6.767s] -- Symlinking: /home/x/Desktop/workspace/omx_tester/install/open_manipulator_msgs/share/open_manipulator_msgs/srv/SetJointPosition.idl
[6.773s] -- Symlinking: /home/x/Desktop/workspace/omx_tester/install/open_manipulator_msgs/share/open_manipulator_msgs/srv/SetKinematicsPose.idl
[6.779s] -- Symlinking: /home/x/Desktop/workspace/omx_tester/install/open_manipulator_msgs/share/open_manipulator_msgs/srv/SetDrawingTrajectory.idl
[6.785s] -- Symlinking: /home/x/Desktop/workspace/omx_tester/install/open_manipulator_msgs/share/open_manipulator_msgs/srv/SetActuatorState.idl
[6.791s] -- Symlinking: /home/x/Desktop/workspace/omx_tester/install/open_manipulator_msgs/share/open_manipulator_msgs/msg/JointPosition.msg
[6.797s] -- Symlinking: /home/x/Desktop/workspace/omx_tester/install/open_manipulator_msgs/share/open_manipulator_msgs/msg/KinematicsPose.msg
[6.802s] -- Symlinking: /home/x/Desktop/workspace/omx_tester/install/open_manipulator_msgs/share/open_manipulator_msgs/msg/OpenManipulatorState.msg
[6.808s] -- Symlinking: /home/x/Desktop/workspace/omx_tester/install/open_manipulator_msgs/share/open_manipulator_msgs/srv/GetJointPosition.srv
[6.814s] -- Symlinking: /home/x/Desktop/workspace/omx_tester/install/open_manipulator_msgs/share/open_manipulator_msgs/srv/GetJointPosition_Request.msg
[6.820s] -- Symlinking: /home/x/Desktop/workspace/omx_tester/install/open_manipulator_msgs/share/open_manipulator_msgs/srv/GetJointPosition_Response.msg
[6.826s] -- Symlinking: /home/x/Desktop/workspace/omx_tester/install/open_manipulator_msgs/share/open_manipulator_msgs/srv/GetKinematicsPose.srv
[6.832s] -- Symlinking: /home/x/Desktop/workspace/omx_tester/install/open_manipulator_msgs/share/open_manipulator_msgs/srv/GetKinematicsPose_Request.msg
[6.838s] -- Symlinking: /home/x/Desktop/workspace/omx_tester/install/open_manipulator_msgs/share/open_manipulator_msgs/srv/GetKinematicsPose_Response.msg
[6.844s] -- Symlinking: /home/x/Desktop/workspace/omx_tester/install/open_manipulator_msgs/share/open_manipulator_msgs/srv/SetJointPosition.srv
[6.849s] -- Symlinking: /home/x/Desktop/workspace/omx_tester/install/open_manipulator_msgs/share/open_manipulator_msgs/srv/SetJointPosition_Request.msg
[6.855s] -- Symlinking: /home/x/Desktop/workspace/omx_tester/install/open_manipulator_msgs/share/open_manipulator_msgs/srv/SetJointPosition_Response.msg
[6.861s] -- Symlinking: /home/x/Desktop/workspace/omx_tester/install/open_manipulator_msgs/share/open_manipulator_msgs/srv/SetKinematicsPose.srv
[6.867s] -- Symlinking: /home/x/Desktop/workspace/omx_tester/install/open_manipulator_msgs/share/open_manipulator_msgs/srv/SetKinematicsPose_Request.msg
[6.873s] -- Symlinking: /home/x/Desktop/workspace/omx_tester/install/open_manipulator_msgs/share/open_manipulator_msgs/srv/SetKinematicsPose_Response.msg
[6.879s] -- Symlinking: /home/x/Desktop/workspace/omx_tester/install/open_manipulator_msgs/share/open_manipulator_msgs/srv/SetDrawingTrajectory.srv
[6.885s] -- Symlinking: /home/x/Desktop/workspace/omx_tester/install/open_manipulator_msgs/share/open_manipulator_msgs/srv/SetDrawingTrajectory_Request.msg
[6.891s] -- Symlinking: /home/x/Desktop/workspace/omx_tester/install/open_manipulator_msgs/share/open_manipulator_msgs/srv/SetDrawingTrajectory_Response.msg
[6.896s] -- Symlinking: /home/x/Desktop/workspace/omx_tester/install/open_manipulator_msgs/share/open_manipulator_msgs/srv/SetActuatorState.srv
[6.902s] -- Symlinking: /home/x/Desktop/workspace/omx_tester/install/open_manipulator_msgs/share/open_manipulator_msgs/srv/SetActuatorState_Request.msg
[6.909s] -- Symlinking: /home/x/Desktop/workspace/omx_tester/install/open_manipulator_msgs/share/open_manipulator_msgs/srv/SetActuatorState_Response.msg
[6.915s] -- Symlinking: /home/x/Desktop/workspace/omx_tester/install/open_manipulator_msgs/share/ament_index/resource_index/package_run_dependencies/open_manipulator_msgs
[6.921s] -- Symlinking: /home/x/Desktop/workspace/omx_tester/install/open_manipulator_msgs/share/ament_index/resource_index/parent_prefix_path/open_manipulator_msgs
[6.927s] -- Symlinking: /home/x/Desktop/workspace/omx_tester/install/open_manipulator_msgs/share/open_manipulator_msgs/environment/ament_prefix_path.sh
[6.933s] -- Symlinking: /home/x/Desktop/workspace/omx_tester/install/open_manipulator_msgs/share/open_manipulator_msgs/environment/ament_prefix_path.dsv
[6.939s] -- Symlinking: /home/x/Desktop/workspace/omx_tester/install/open_manipulator_msgs/share/open_manipulator_msgs/environment/path.sh
[6.945s] -- Symlinking: /home/x/Desktop/workspace/omx_tester/install/open_manipulator_msgs/share/open_manipulator_msgs/environment/path.dsv
[6.951s] -- Symlinking: /home/x/Desktop/workspace/omx_tester/install/open_manipulator_msgs/share/open_manipulator_msgs/local_setup.bash
[6.957s] -- Symlinking: /home/x/Desktop/workspace/omx_tester/install/open_manipulator_msgs/share/open_manipulator_msgs/local_setup.sh
[6.963s] -- Symlinking: /home/x/Desktop/workspace/omx_tester/install/open_manipulator_msgs/share/open_manipulator_msgs/local_setup.zsh
[6.969s] -- Symlinking: /home/x/Desktop/workspace/omx_tester/install/open_manipulator_msgs/share/open_manipulator_msgs/local_setup.dsv
[6.974s] -- Symlinking: /home/x/Desktop/workspace/omx_tester/install/open_manipulator_msgs/share/open_manipulator_msgs/package.dsv
[6.980s] -- Symlinking: /home/x/Desktop/workspace/omx_tester/install/open_manipulator_msgs/share/ament_index/resource_index/packages/open_manipulator_msgs
[6.986s] -- Symlinking: /home/x/Desktop/workspace/omx_tester/install/open_manipulator_msgs/share/open_manipulator_msgs/cmake/rosidl_cmake-extras.cmake
[6.992s] -- Symlinking: /home/x/Desktop/workspace/omx_tester/install/open_manipulator_msgs/share/open_manipulator_msgs/cmake/ament_cmake_export_dependencies-extras.cmake
[6.998s] -- Symlinking: /home/x/Desktop/workspace/omx_tester/install/open_manipulator_msgs/share/open_manipulator_msgs/cmake/ament_cmake_export_include_directories-extras.cmake
[7.004s] -- Symlinking: /home/x/Desktop/workspace/omx_tester/install/open_manipulator_msgs/share/open_manipulator_msgs/cmake/ament_cmake_export_libraries-extras.cmake
[7.009s] -- Symlinking: /home/x/Desktop/workspace/omx_tester/install/open_manipulator_msgs/share/open_manipulator_msgs/cmake/ament_cmake_export_targets-extras.cmake
[7.015s] -- Symlinking: /home/x/Desktop/workspace/omx_tester/install/open_manipulator_msgs/share/open_manipulator_msgs/cmake/rosidl_cmake_export_typesupport_targets-extras.cmake
[7.021s] -- Symlinking: /home/x/Desktop/workspace/omx_tester/install/open_manipulator_msgs/share/open_manipulator_msgs/cmake/rosidl_cmake_export_typesupport_libraries-extras.cmake
[7.027s] -- Symlinking: /home/x/Desktop/workspace/omx_tester/install/open_manipulator_msgs/share/open_manipulator_msgs/cmake/open_manipulator_msgsConfig.cmake
[7.033s] -- Symlinking: /home/x/Desktop/workspace/omx_tester/install/open_manipulator_msgs/share/open_manipulator_msgs/cmake/open_manipulator_msgsConfig-version.cmake
[7.039s] -- Symlinking: /home/x/Desktop/workspace/omx_tester/install/open_manipulator_msgs/share/open_manipulator_msgs/package.xml
[7.045s] -- Installing: /home/x/Desktop/workspace/omx_tester/install/open_manipulator_msgs/lib/libopen_manipulator_msgs__rosidl_generator_c.so
[7.045s] -- Set runtime path of "/home/x/Desktop/workspace/omx_tester/install/open_manipulator_msgs/lib/libopen_manipulator_msgs__rosidl_generator_c.so" to ""
[7.045s] -- Installing: /home/x/Desktop/workspace/omx_tester/install/open_manipulator_msgs/lib/libopen_manipulator_msgs__rosidl_typesupport_fastrtps_c.so
[7.046s] -- Set runtime path of "/home/x/Desktop/workspace/omx_tester/install/open_manipulator_msgs/lib/libopen_manipulator_msgs__rosidl_typesupport_fastrtps_c.so" to ""
[7.046s] -- Installing: /home/x/Desktop/workspace/omx_tester/install/open_manipulator_msgs/lib/libopen_manipulator_msgs__rosidl_typesupport_fastrtps_cpp.so
[7.046s] -- Set runtime path of "/home/x/Desktop/workspace/omx_tester/install/open_manipulator_msgs/lib/libopen_manipulator_msgs__rosidl_typesupport_fastrtps_cpp.so" to ""
[7.046s] -- Installing: /home/x/Desktop/workspace/omx_tester/install/open_manipulator_msgs/lib/libopen_manipulator_msgs__rosidl_typesupport_introspection_c.so
[7.046s] -- Set runtime path of "/home/x/Desktop/workspace/omx_tester/install/open_manipulator_msgs/lib/libopen_manipulator_msgs__rosidl_typesupport_introspection_c.so" to ""
[7.046s] -- Installing: /home/x/Desktop/workspace/omx_tester/install/open_manipulator_msgs/lib/libopen_manipulator_msgs__rosidl_typesupport_c.so
[7.046s] -- Set runtime path of "/home/x/Desktop/workspace/omx_tester/install/open_manipulator_msgs/lib/libopen_manipulator_msgs__rosidl_typesupport_c.so" to ""
[7.046s] -- Installing: /home/x/Desktop/workspace/omx_tester/install/open_manipulator_msgs/lib/libopen_manipulator_msgs__rosidl_typesupport_introspection_cpp.so
[7.046s] -- Set runtime path of "/home/x/Desktop/workspace/omx_tester/install/open_manipulator_msgs/lib/libopen_manipulator_msgs__rosidl_typesupport_introspection_cpp.so" to ""
[7.047s] -- Installing: /home/x/Desktop/workspace/omx_tester/install/open_manipulator_msgs/lib/libopen_manipulator_msgs__rosidl_typesupport_cpp.so
[7.047s] -- Set runtime path of "/home/x/Desktop/workspace/omx_tester/install/open_manipulator_msgs/lib/libopen_manipulator_msgs__rosidl_typesupport_cpp.so" to ""
[7.078s] Listing '/home/x/Desktop/workspace/omx_tester/install/open_manipulator_msgs/local/lib/python3.10/dist-packages/open_manipulator_msgs'...
[7.078s] Compiling '/home/x/Desktop/workspace/omx_tester/install/open_manipulator_msgs/local/lib/python3.10/dist-packages/open_manipulator_msgs/__init__.py'...
[7.078s] Listing '/home/x/Desktop/workspace/omx_tester/install/open_manipulator_msgs/local/lib/python3.10/dist-packages/open_manipulator_msgs/msg'...
[7.078s] Compiling '/home/x/Desktop/workspace/omx_tester/install/open_manipulator_msgs/local/lib/python3.10/dist-packages/open_manipulator_msgs/msg/__init__.py'...
[7.078s] Compiling '/home/x/Desktop/workspace/omx_tester/install/open_manipulator_msgs/local/lib/python3.10/dist-packages/open_manipulator_msgs/msg/_joint_position.py'...
[7.079s] Compiling '/home/x/Desktop/workspace/omx_tester/install/open_manipulator_msgs/local/lib/python3.10/dist-packages/open_manipulator_msgs/msg/_kinematics_pose.py'...
[7.079s] Compiling '/home/x/Desktop/workspace/omx_tester/install/open_manipulator_msgs/local/lib/python3.10/dist-packages/open_manipulator_msgs/msg/_open_manipulator_state.py'...
[7.079s] Listing '/home/x/Desktop/workspace/omx_tester/install/open_manipulator_msgs/local/lib/python3.10/dist-packages/open_manipulator_msgs/srv'...
[7.079s] Compiling '/home/x/Desktop/workspace/omx_tester/install/open_manipulator_msgs/local/lib/python3.10/dist-packages/open_manipulator_msgs/srv/__init__.py'...
[7.079s] Compiling '/home/x/Desktop/workspace/omx_tester/install/open_manipulator_msgs/local/lib/python3.10/dist-packages/open_manipulator_msgs/srv/_get_joint_position.py'...
[7.079s] Compiling '/home/x/Desktop/workspace/omx_tester/install/open_manipulator_msgs/local/lib/python3.10/dist-packages/open_manipulator_msgs/srv/_get_kinematics_pose.py'...
[7.079s] Compiling '/home/x/Desktop/workspace/omx_tester/install/open_manipulator_msgs/local/lib/python3.10/dist-packages/open_manipulator_msgs/srv/_set_actuator_state.py'...
[7.079s] Compiling '/home/x/Desktop/workspace/omx_tester/install/open_manipulator_msgs/local/lib/python3.10/dist-packages/open_manipulator_msgs/srv/_set_drawing_trajectory.py'...
[7.079s] Compiling '/home/x/Desktop/workspace/omx_tester/install/open_manipulator_msgs/local/lib/python3.10/dist-packages/open_manipulator_msgs/srv/_set_joint_position.py'...
[7.079s] Compiling '/home/x/Desktop/workspace/omx_tester/install/open_manipulator_msgs/local/lib/python3.10/dist-packages/open_manipulator_msgs/srv/_set_kinematics_pose.py'...
[7.081s] -- Installing: /home/x/Desktop/workspace/omx_tester/install/open_manipulator_msgs/lib/libopen_manipulator_msgs__rosidl_generator_py.so
[7.082s] -- Set runtime path of "/home/x/Desktop/workspace/omx_tester/install/open_manipulator_msgs/lib/libopen_manipulator_msgs__rosidl_generator_py.so" to ""
[7.082s] -- Installing: /home/x/Desktop/workspace/omx_tester/install/open_manipulator_msgs/share/open_manipulator_msgs/cmake/export_open_manipulator_msgs__rosidl_generator_cExport.cmake
[7.082s] -- Installing: /home/x/Desktop/workspace/omx_tester/install/open_manipulator_msgs/share/open_manipulator_msgs/cmake/export_open_manipulator_msgs__rosidl_generator_cExport-noconfig.cmake
[7.082s] -- Installing: /home/x/Desktop/workspace/omx_tester/install/open_manipulator_msgs/share/open_manipulator_msgs/cmake/export_open_manipulator_msgs__rosidl_typesupport_fastrtps_cExport.cmake
[7.082s] -- Installing: /home/x/Desktop/workspace/omx_tester/install/open_manipulator_msgs/share/open_manipulator_msgs/cmake/export_open_manipulator_msgs__rosidl_typesupport_fastrtps_cExport-noconfig.cmake
[7.082s] -- Installing: /home/x/Desktop/workspace/omx_tester/install/open_manipulator_msgs/share/open_manipulator_msgs/cmake/export_open_manipulator_msgs__rosidl_generator_cppExport.cmake
[7.082s] -- Installing: /home/x/Desktop/workspace/omx_tester/install/open_manipulator_msgs/share/open_manipulator_msgs/cmake/export_open_manipulator_msgs__rosidl_typesupport_fastrtps_cppExport.cmake
[7.082s] -- Installing: /home/x/Desktop/workspace/omx_tester/install/open_manipulator_msgs/share/open_manipulator_msgs/cmake/export_open_manipulator_msgs__rosidl_typesupport_fastrtps_cppExport-noconfig.cmake
[7.082s] -- Installing: /home/x/Desktop/workspace/omx_tester/install/open_manipulator_msgs/share/open_manipulator_msgs/cmake/open_manipulator_msgs__rosidl_typesupport_introspection_cExport.cmake
[7.082s] -- Installing: /home/x/Desktop/workspace/omx_tester/install/open_manipulator_msgs/share/open_manipulator_msgs/cmake/open_manipulator_msgs__rosidl_typesupport_introspection_cExport-noconfig.cmake
[7.082s] -- Installing: /home/x/Desktop/workspace/omx_tester/install/open_manipulator_msgs/share/open_manipulator_msgs/cmake/open_manipulator_msgs__rosidl_typesupport_cExport.cmake
[7.082s] -- Installing: /home/x/Desktop/workspace/omx_tester/install/open_manipulator_msgs/share/open_manipulator_msgs/cmake/open_manipulator_msgs__rosidl_typesupport_cExport-noconfig.cmake
[7.082s] -- Installing: /home/x/Desktop/workspace/omx_tester/install/open_manipulator_msgs/share/open_manipulator_msgs/cmake/open_manipulator_msgs__rosidl_typesupport_introspection_cppExport.cmake
[7.083s] -- Installing: /home/x/Desktop/workspace/omx_tester/install/open_manipulator_msgs/share/open_manipulator_msgs/cmake/open_manipulator_msgs__rosidl_typesupport_introspection_cppExport-noconfig.cmake
[7.083s] -- Installing: /home/x/Desktop/workspace/omx_tester/install/open_manipulator_msgs/share/open_manipulator_msgs/cmake/open_manipulator_msgs__rosidl_typesupport_cppExport.cmake
[7.083s] -- Installing: /home/x/Desktop/workspace/omx_tester/install/open_manipulator_msgs/share/open_manipulator_msgs/cmake/open_manipulator_msgs__rosidl_typesupport_cppExport-noconfig.cmake
[7.083s] -- Installing: /home/x/Desktop/workspace/omx_tester/install/open_manipulator_msgs/share/open_manipulator_msgs/cmake/export_open_manipulator_msgs__rosidl_generator_pyExport.cmake
[7.083s] -- Installing: /home/x/Desktop/workspace/omx_tester/install/open_manipulator_msgs/share/open_manipulator_msgs/cmake/export_open_manipulator_msgs__rosidl_generator_pyExport-noconfig.cmake
[7.085s] Invoked command in '/home/x/Desktop/workspace/omx_tester/build/open_manipulator_msgs' returned '0': CMAKE_PREFIX_PATH=${CMAKE_PREFIX_PATH}:/home/x/omx_ws/install/open_manipulator_x_teleop:/opt/ros/humble /usr/bin/cmake --install /home/x/Desktop/workspace/omx_tester/build/open_manipulator_msgs
