[35m[1mConsolidate compiler generated dependencies of target open_manipulator_x_master_slave[0m
[ 50%] [32mBuilding CXX object CMakeFiles/open_manipulator_x_master_slave.dir/src/open_manipulator_x_master_slave.cpp.o[0m
[01m[K/home/x/Desktop/workspace/12-dof-robot/src/open_manipulator_applications/open_manipulator_x_master_slave/src/open_manipulator_x_master_slave.cpp:[m[K In member function ‘[01m[Kbool OpenManipulatorXMasterSlave::set_tool_control(double)[m[K’:
[01m[K/home/x/Desktop/workspace/12-dof-robot/src/open_manipulator_applications/open_manipulator_x_master_slave/src/open_manipulator_x_master_slave.cpp:295:14:[m[K [01;35m[Kwarning: [m[Kunused variable ‘[01m[Ktool_value[m[K’ [[01;35m[K]8;;https://gcc.gnu.org/onlinedocs/gcc/Warning-Options.html#index-Wunused-variable-Wunused-variable]8;;[m[K]
  295 |   JointValue [01;35m[Ktool_value[m[K;
      |              [01;35m[K^~~~~~~~~~[m[K
[100%] [32m[1mLinking CXX executable open_manipulator_x_master_slave[0m
[100%] Built target open_manipulator_x_master_slave
-- Install configuration: "Debug"
-- Execute custom install script
-- Up-to-date symlink: /home/x/Desktop/workspace/12-dof-robot/install/open_manipulator_x_master_slave/lib/open_manipulator_x_master_slave/open_manipulator_x_master_slave
-- Up-to-date symlink: /home/x/Desktop/workspace/12-dof-robot/install/open_manipulator_x_master_slave/share/open_manipulator_x_master_slave/launch/open_manipulator_x_master_slave.launch.py
-- Up-to-date symlink: /home/x/Desktop/workspace/12-dof-robot/install/open_manipulator_x_master_slave/share/open_manipulator_x_master_slave/param/open_manipulator_x_master_slave_params.yaml
-- Up-to-date symlink: /home/x/Desktop/workspace/12-dof-robot/install/open_manipulator_x_master_slave/include//open_manipulator_x_master_slave/open_manipulator_x_master_slave.hpp
-- Up-to-date symlink: /home/x/Desktop/workspace/12-dof-robot/install/open_manipulator_x_master_slave/share/ament_index/resource_index/package_run_dependencies/open_manipulator_x_master_slave
-- Up-to-date symlink: /home/x/Desktop/workspace/12-dof-robot/install/open_manipulator_x_master_slave/share/ament_index/resource_index/parent_prefix_path/open_manipulator_x_master_slave
-- Up-to-date symlink: /home/x/Desktop/workspace/12-dof-robot/install/open_manipulator_x_master_slave/share/open_manipulator_x_master_slave/environment/ament_prefix_path.sh
-- Up-to-date symlink: /home/x/Desktop/workspace/12-dof-robot/install/open_manipulator_x_master_slave/share/open_manipulator_x_master_slave/environment/ament_prefix_path.dsv
-- Up-to-date symlink: /home/x/Desktop/workspace/12-dof-robot/install/open_manipulator_x_master_slave/share/open_manipulator_x_master_slave/environment/path.sh
-- Up-to-date symlink: /home/x/Desktop/workspace/12-dof-robot/install/open_manipulator_x_master_slave/share/open_manipulator_x_master_slave/environment/path.dsv
-- Up-to-date symlink: /home/x/Desktop/workspace/12-dof-robot/install/open_manipulator_x_master_slave/share/open_manipulator_x_master_slave/local_setup.bash
-- Up-to-date symlink: /home/x/Desktop/workspace/12-dof-robot/install/open_manipulator_x_master_slave/share/open_manipulator_x_master_slave/local_setup.sh
-- Up-to-date symlink: /home/x/Desktop/workspace/12-dof-robot/install/open_manipulator_x_master_slave/share/open_manipulator_x_master_slave/local_setup.zsh
-- Up-to-date symlink: /home/x/Desktop/workspace/12-dof-robot/install/open_manipulator_x_master_slave/share/open_manipulator_x_master_slave/local_setup.dsv
-- Symlinking: /home/x/Desktop/workspace/12-dof-robot/install/open_manipulator_x_master_slave/share/open_manipulator_x_master_slave/package.dsv
-- Up-to-date symlink: /home/x/Desktop/workspace/12-dof-robot/install/open_manipulator_x_master_slave/share/ament_index/resource_index/packages/open_manipulator_x_master_slave
-- Up-to-date symlink: /home/x/Desktop/workspace/12-dof-robot/install/open_manipulator_x_master_slave/share/open_manipulator_x_master_slave/cmake/ament_cmake_export_include_directories-extras.cmake
-- Up-to-date symlink: /home/x/Desktop/workspace/12-dof-robot/install/open_manipulator_x_master_slave/share/open_manipulator_x_master_slave/cmake/ament_cmake_export_dependencies-extras.cmake
-- Up-to-date symlink: /home/x/Desktop/workspace/12-dof-robot/install/open_manipulator_x_master_slave/share/open_manipulator_x_master_slave/cmake/open_manipulator_x_master_slaveConfig.cmake
-- Up-to-date symlink: /home/x/Desktop/workspace/12-dof-robot/install/open_manipulator_x_master_slave/share/open_manipulator_x_master_slave/cmake/open_manipulator_x_master_slaveConfig-version.cmake
-- Up-to-date symlink: /home/x/Desktop/workspace/12-dof-robot/install/open_manipulator_x_master_slave/share/open_manipulator_x_master_slave/package.xml
