[0.018s] Invoking command in '/home/x/Desktop/workspace/omx_tester/build/dynamixel_sdk': CMAKE_PREFIX_PATH=${CMAKE_PREFIX_PATH}:/home/x/omx_ws/install/open_manipulator_x_teleop:/opt/ros/humble /usr/bin/cmake /home/x/Desktop/workspace/omx_tester/src/DynamixelSDK/dynamixel_sdk -DAMENT_CMAKE_SYMLINK_INSTALL=1 -DCMAKE_INSTALL_PREFIX=/home/x/Desktop/workspace/omx_tester/install/dynamixel_sdk
[0.060s] -- The C compiler identification is GNU 11.4.0
[0.107s] -- The CXX compiler identification is GNU 11.4.0
[0.115s] -- Detecting C compiler ABI info
[0.160s] -- Detecting C compiler ABI info - done
[0.165s] -- Check for working C compiler: /usr/bin/cc - skipped
[0.166s] -- Detecting C compile features
[0.166s] -- Detecting C compile features - done
[0.168s] -- Detecting CXX compiler ABI info
[0.220s] -- Detecting CXX compiler ABI info - done
[0.229s] -- Check for working CXX compiler: /usr/bin/c++ - skipped
[0.229s] -- Detecting CXX compile features
[0.230s] -- Detecting CXX compile features - done
[0.233s] -- Found ament_cmake: 1.3.9 (/opt/ros/humble/share/ament_cmake/cmake)
[0.346s] -- Found Python3: /usr/bin/python3 (found version "3.10.12") found components: Interpreter 
[0.393s] -- Override CMake install command with custom implementation using symlinks instead of copying resources
[0.482s] -- Configuring done
[0.485s] -- Generating done
[0.486s] -- Build files have been written to: /home/x/Desktop/workspace/omx_tester/build/dynamixel_sdk
[0.488s] Invoked command in '/home/x/Desktop/workspace/omx_tester/build/dynamixel_sdk' returned '0': CMAKE_PREFIX_PATH=${CMAKE_PREFIX_PATH}:/home/x/omx_ws/install/open_manipulator_x_teleop:/opt/ros/humble /usr/bin/cmake /home/x/Desktop/workspace/omx_tester/src/DynamixelSDK/dynamixel_sdk -DAMENT_CMAKE_SYMLINK_INSTALL=1 -DCMAKE_INSTALL_PREFIX=/home/x/Desktop/workspace/omx_tester/install/dynamixel_sdk
[0.489s] Invoking command in '/home/x/Desktop/workspace/omx_tester/build/dynamixel_sdk': CMAKE_PREFIX_PATH=${CMAKE_PREFIX_PATH}:/home/x/omx_ws/install/open_manipulator_x_teleop:/opt/ros/humble /usr/bin/cmake --build /home/x/Desktop/workspace/omx_tester/build/dynamixel_sdk -- -j20 -l20
[0.518s] [ 10%] [32mBuilding CXX object CMakeFiles/dynamixel_sdk.dir/src/dynamixel_sdk/packet_handler.cpp.o[0m
[0.518s] [ 20%] [32mBuilding CXX object CMakeFiles/dynamixel_sdk.dir/src/dynamixel_sdk/protocol1_packet_handler.cpp.o[0m
[0.518s] [ 30%] [32mBuilding CXX object CMakeFiles/dynamixel_sdk.dir/src/dynamixel_sdk/group_sync_read.cpp.o[0m
[0.519s] [ 40%] [32mBuilding CXX object CMakeFiles/dynamixel_sdk.dir/src/dynamixel_sdk/protocol2_packet_handler.cpp.o[0m
[0.519s] [ 60%] [32mBuilding CXX object CMakeFiles/dynamixel_sdk.dir/src/dynamixel_sdk/group_bulk_read.cpp.o[0m
[0.519s] [ 60%] [32mBuilding CXX object CMakeFiles/dynamixel_sdk.dir/src/dynamixel_sdk/port_handler.cpp.o[0m
[0.519s] [ 70%] [32mBuilding CXX object CMakeFiles/dynamixel_sdk.dir/src/dynamixel_sdk/port_handler_linux.cpp.o[0m
[0.520s] [ 90%] [32mBuilding CXX object CMakeFiles/dynamixel_sdk.dir/src/dynamixel_sdk/group_bulk_write.cpp.o[0m
[0.521s] [ 90%] [32mBuilding CXX object CMakeFiles/dynamixel_sdk.dir/src/dynamixel_sdk/group_sync_write.cpp.o[0m
[0.911s] [100%] [32m[1mLinking CXX shared library libdynamixel_sdk.so[0m
[0.967s] [100%] Built target dynamixel_sdk
[0.975s] Invoked command in '/home/x/Desktop/workspace/omx_tester/build/dynamixel_sdk' returned '0': CMAKE_PREFIX_PATH=${CMAKE_PREFIX_PATH}:/home/x/omx_ws/install/open_manipulator_x_teleop:/opt/ros/humble /usr/bin/cmake --build /home/x/Desktop/workspace/omx_tester/build/dynamixel_sdk -- -j20 -l20
[1.002s] Invoking command in '/home/x/Desktop/workspace/omx_tester/build/dynamixel_sdk': CMAKE_PREFIX_PATH=${CMAKE_PREFIX_PATH}:/home/x/omx_ws/install/open_manipulator_x_teleop:/opt/ros/humble /usr/bin/cmake --install /home/x/Desktop/workspace/omx_tester/build/dynamixel_sdk
[1.007s] -- Install configuration: ""
[1.007s] -- Execute custom install script
[1.007s] -- Symlinking: /home/x/Desktop/workspace/omx_tester/install/dynamixel_sdk/include//dynamixel_sdk/dynamixel_sdk.h
[1.013s] -- Symlinking: /home/x/Desktop/workspace/omx_tester/install/dynamixel_sdk/include//dynamixel_sdk/group_bulk_read.h
[1.019s] -- Symlinking: /home/x/Desktop/workspace/omx_tester/install/dynamixel_sdk/include//dynamixel_sdk/group_bulk_write.h
[1.025s] -- Symlinking: /home/x/Desktop/workspace/omx_tester/install/dynamixel_sdk/include//dynamixel_sdk/group_sync_read.h
[1.031s] -- Symlinking: /home/x/Desktop/workspace/omx_tester/install/dynamixel_sdk/include//dynamixel_sdk/group_sync_write.h
[1.037s] -- Symlinking: /home/x/Desktop/workspace/omx_tester/install/dynamixel_sdk/include//dynamixel_sdk/packet_handler.h
[1.043s] -- Symlinking: /home/x/Desktop/workspace/omx_tester/install/dynamixel_sdk/include//dynamixel_sdk/port_handler.h
[1.048s] -- Symlinking: /home/x/Desktop/workspace/omx_tester/install/dynamixel_sdk/include//dynamixel_sdk/port_handler_arduino.h
[1.054s] -- Symlinking: /home/x/Desktop/workspace/omx_tester/install/dynamixel_sdk/include//dynamixel_sdk/port_handler_linux.h
[1.060s] -- Symlinking: /home/x/Desktop/workspace/omx_tester/install/dynamixel_sdk/include//dynamixel_sdk/port_handler_mac.h
[1.066s] -- Symlinking: /home/x/Desktop/workspace/omx_tester/install/dynamixel_sdk/include//dynamixel_sdk/port_handler_windows.h
[1.072s] -- Symlinking: /home/x/Desktop/workspace/omx_tester/install/dynamixel_sdk/include//dynamixel_sdk/protocol1_packet_handler.h
[1.078s] -- Symlinking: /home/x/Desktop/workspace/omx_tester/install/dynamixel_sdk/include//dynamixel_sdk/protocol2_packet_handler.h
[1.084s] -- Symlinking: /home/x/Desktop/workspace/omx_tester/install/dynamixel_sdk/lib/libdynamixel_sdk.so
[1.089s] -- Symlinking: /home/x/Desktop/workspace/omx_tester/install/dynamixel_sdk/share/dynamixel_sdk/environment/library_path.sh
[1.095s] -- Symlinking: /home/x/Desktop/workspace/omx_tester/install/dynamixel_sdk/share/dynamixel_sdk/environment/library_path.dsv
[1.101s] -- Symlinking: /home/x/Desktop/workspace/omx_tester/install/dynamixel_sdk/share/ament_index/resource_index/package_run_dependencies/dynamixel_sdk
[1.107s] -- Symlinking: /home/x/Desktop/workspace/omx_tester/install/dynamixel_sdk/share/ament_index/resource_index/parent_prefix_path/dynamixel_sdk
[1.113s] -- Symlinking: /home/x/Desktop/workspace/omx_tester/install/dynamixel_sdk/share/dynamixel_sdk/environment/ament_prefix_path.sh
[1.119s] -- Symlinking: /home/x/Desktop/workspace/omx_tester/install/dynamixel_sdk/share/dynamixel_sdk/environment/ament_prefix_path.dsv
[1.125s] -- Symlinking: /home/x/Desktop/workspace/omx_tester/install/dynamixel_sdk/share/dynamixel_sdk/environment/path.sh
[1.131s] -- Symlinking: /home/x/Desktop/workspace/omx_tester/install/dynamixel_sdk/share/dynamixel_sdk/environment/path.dsv
[1.136s] -- Symlinking: /home/x/Desktop/workspace/omx_tester/install/dynamixel_sdk/share/dynamixel_sdk/local_setup.bash
[1.142s] -- Symlinking: /home/x/Desktop/workspace/omx_tester/install/dynamixel_sdk/share/dynamixel_sdk/local_setup.sh
[1.148s] -- Symlinking: /home/x/Desktop/workspace/omx_tester/install/dynamixel_sdk/share/dynamixel_sdk/local_setup.zsh
[1.154s] -- Symlinking: /home/x/Desktop/workspace/omx_tester/install/dynamixel_sdk/share/dynamixel_sdk/local_setup.dsv
[1.159s] -- Symlinking: /home/x/Desktop/workspace/omx_tester/install/dynamixel_sdk/share/dynamixel_sdk/package.dsv
[1.165s] -- Symlinking: /home/x/Desktop/workspace/omx_tester/install/dynamixel_sdk/share/ament_index/resource_index/packages/dynamixel_sdk
[1.170s] -- Symlinking: /home/x/Desktop/workspace/omx_tester/install/dynamixel_sdk/share/dynamixel_sdk/cmake/ament_cmake_export_include_directories-extras.cmake
[1.176s] -- Symlinking: /home/x/Desktop/workspace/omx_tester/install/dynamixel_sdk/share/dynamixel_sdk/cmake/ament_cmake_export_libraries-extras.cmake
[1.181s] -- Symlinking: /home/x/Desktop/workspace/omx_tester/install/dynamixel_sdk/share/dynamixel_sdk/cmake/dynamixel_sdkConfig.cmake
[1.187s] -- Symlinking: /home/x/Desktop/workspace/omx_tester/install/dynamixel_sdk/share/dynamixel_sdk/cmake/dynamixel_sdkConfig-version.cmake
[1.192s] -- Symlinking: /home/x/Desktop/workspace/omx_tester/install/dynamixel_sdk/share/dynamixel_sdk/package.xml
[1.200s] Invoked command in '/home/x/Desktop/workspace/omx_tester/build/dynamixel_sdk' returned '0': CMAKE_PREFIX_PATH=${CMAKE_PREFIX_PATH}:/home/x/omx_ws/install/open_manipulator_x_teleop:/opt/ros/humble /usr/bin/cmake --install /home/x/Desktop/workspace/omx_tester/build/dynamixel_sdk
