[0.014s] Invoking command in '/home/x/Desktop/workspace/omx_tester/build/robotis_manipulator': AMENT_PREFIX_PATH=/home/x/Desktop/workspace/omx_tester/install/cmake_modules:${AMENT_PREFIX_PATH} CMAKE_PREFIX_PATH=/home/x/Desktop/workspace/omx_tester/install/cmake_modules:/home/x/omx_ws/install/open_manipulator_x_applications:/home/x/omx_ws/install/open_manipulator_x_master_slave:/home/x/omx_ws/install/open_manipulator:/home/x/omx_ws/install/open_manipulator_x_controller:/home/x/omx_ws/install/open_manipulator_x_libs:/home/x/omx_ws/install/robotis_manipulator:/home/x/omx_ws/install/open_manipulator_x_description:/home/x/omx_ws/install/open_manipulator_msgs:/home/x/omx_ws/install/dynamixel_workbench:/home/x/omx_ws/install/dynamixel_workbench_toolbox:/home/x/omx_ws/install/dynamixel_sdk_examples:/home/x/omx_ws/install/dynamixel_sdk_custom_interfaces:/home/x/omx_ws/install/dynamixel_sdk:/home/x/omx_ws/install/cmake_modules:/home/x/omx_ws/install/open_manipulator_x_teleop:/opt/ros/humble /usr/bin/cmake /home/x/Desktop/workspace/omx_tester/src/robotis_manipulator -DAMENT_CMAKE_SYMLINK_INSTALL=1 -DCMAKE_INSTALL_PREFIX=/home/x/Desktop/workspace/omx_tester/install/robotis_manipulator
[0.050s] -- The C compiler identification is GNU 11.4.0
[0.092s] -- The CXX compiler identification is GNU 11.4.0
[0.097s] -- Detecting C compiler ABI info
[0.140s] -- Detecting C compiler ABI info - done
[0.146s] -- Check for working C compiler: /usr/bin/cc - skipped
[0.146s] -- Detecting C compile features
[0.146s] -- Detecting C compile features - done
[0.148s] -- Detecting CXX compiler ABI info
[0.200s] -- Detecting CXX compiler ABI info - done
[0.206s] -- Check for working CXX compiler: /usr/bin/c++ - skipped
[0.206s] -- Detecting CXX compile features
[0.206s] -- Detecting CXX compile features - done
[0.214s] -- Found ament_cmake: 1.3.9 (/opt/ros/humble/share/ament_cmake/cmake)
[0.320s] -- Found Python3: /usr/bin/python3 (found version "3.10.12") found components: Interpreter 
[0.364s] -- Override CMake install command with custom implementation using symlinks instead of copying resources
[0.388s] -- Found cmake_modules: 0.4.1 (/home/x/Desktop/workspace/omx_tester/install/cmake_modules/share/cmake_modules/cmake)
[0.390s] -- Found rclcpp: 16.0.9 (/opt/ros/humble/share/rclcpp/cmake)
[0.427s] -- Found rosidl_generator_c: 3.1.5 (/opt/ros/humble/share/rosidl_generator_c/cmake)
[0.432s] -- Found rosidl_adapter: 3.1.5 (/opt/ros/humble/share/rosidl_adapter/cmake)
[0.438s] -- Found rosidl_generator_cpp: 3.1.5 (/opt/ros/humble/share/rosidl_generator_cpp/cmake)
[0.450s] -- Using all available rosidl_typesupport_c: rosidl_typesupport_fastrtps_c;rosidl_typesupport_introspection_c
[0.466s] -- Using all available rosidl_typesupport_cpp: rosidl_typesupport_fastrtps_cpp;rosidl_typesupport_introspection_cpp
[0.531s] -- Found rmw_implementation_cmake: 6.1.2 (/opt/ros/humble/share/rmw_implementation_cmake/cmake)
[0.535s] -- Found rmw_fastrtps_cpp: 6.2.6 (/opt/ros/humble/share/rmw_fastrtps_cpp/cmake)
[0.605s] -- Found OpenSSL: /usr/lib/x86_64-linux-gnu/libcrypto.so (found version "3.0.2")  
[0.618s] -- Found FastRTPS: /opt/ros/humble/include  
[0.640s] -- Using RMW implementation 'rmw_fastrtps_cpp' as default
[0.650s] -- Looking for pthread.h
[0.696s] -- Looking for pthread.h - found
[0.697s] -- Performing Test CMAKE_HAVE_LIBC_PTHREAD
[0.749s] -- Performing Test CMAKE_HAVE_LIBC_PTHREAD - Success
[0.751s] -- Found Threads: TRUE  
[1.000s] -- Configuring done
[1.009s] -- Generating done
[1.011s] -- Build files have been written to: /home/x/Desktop/workspace/omx_tester/build/robotis_manipulator
[1.022s] Invoked command in '/home/x/Desktop/workspace/omx_tester/build/robotis_manipulator' returned '0': AMENT_PREFIX_PATH=/home/x/Desktop/workspace/omx_tester/install/cmake_modules:${AMENT_PREFIX_PATH} CMAKE_PREFIX_PATH=/home/x/Desktop/workspace/omx_tester/install/cmake_modules:/home/x/omx_ws/install/open_manipulator_x_applications:/home/x/omx_ws/install/open_manipulator_x_master_slave:/home/x/omx_ws/install/open_manipulator:/home/x/omx_ws/install/open_manipulator_x_controller:/home/x/omx_ws/install/open_manipulator_x_libs:/home/x/omx_ws/install/robotis_manipulator:/home/x/omx_ws/install/open_manipulator_x_description:/home/x/omx_ws/install/open_manipulator_msgs:/home/x/omx_ws/install/dynamixel_workbench:/home/x/omx_ws/install/dynamixel_workbench_toolbox:/home/x/omx_ws/install/dynamixel_sdk_examples:/home/x/omx_ws/install/dynamixel_sdk_custom_interfaces:/home/x/omx_ws/install/dynamixel_sdk:/home/x/omx_ws/install/cmake_modules:/home/x/omx_ws/install/open_manipulator_x_teleop:/opt/ros/humble /usr/bin/cmake /home/x/Desktop/workspace/omx_tester/src/robotis_manipulator -DAMENT_CMAKE_SYMLINK_INSTALL=1 -DCMAKE_INSTALL_PREFIX=/home/x/Desktop/workspace/omx_tester/install/robotis_manipulator
[1.022s] Invoking command in '/home/x/Desktop/workspace/omx_tester/build/robotis_manipulator': AMENT_PREFIX_PATH=/home/x/Desktop/workspace/omx_tester/install/cmake_modules:${AMENT_PREFIX_PATH} CMAKE_PREFIX_PATH=/home/x/Desktop/workspace/omx_tester/install/cmake_modules:/home/x/omx_ws/install/open_manipulator_x_applications:/home/x/omx_ws/install/open_manipulator_x_master_slave:/home/x/omx_ws/install/open_manipulator:/home/x/omx_ws/install/open_manipulator_x_controller:/home/x/omx_ws/install/open_manipulator_x_libs:/home/x/omx_ws/install/robotis_manipulator:/home/x/omx_ws/install/open_manipulator_x_description:/home/x/omx_ws/install/open_manipulator_msgs:/home/x/omx_ws/install/dynamixel_workbench:/home/x/omx_ws/install/dynamixel_workbench_toolbox:/home/x/omx_ws/install/dynamixel_sdk_examples:/home/x/omx_ws/install/dynamixel_sdk_custom_interfaces:/home/x/omx_ws/install/dynamixel_sdk:/home/x/omx_ws/install/cmake_modules:/home/x/omx_ws/install/open_manipulator_x_teleop:/opt/ros/humble /usr/bin/cmake --build /home/x/Desktop/workspace/omx_tester/build/robotis_manipulator -- -j20 -l20
[1.072s] [ 28%] [32mBuilding CXX object CMakeFiles/robotis_manipulator.dir/src/robotis_manipulator/robotis_manipulator_log.cpp.o[0m
[1.072s] [ 28%] [32mBuilding CXX object CMakeFiles/robotis_manipulator.dir/src/robotis_manipulator/robotis_manipulator_manager.cpp.o[0m
[1.072s] [ 42%] [32mBuilding CXX object CMakeFiles/robotis_manipulator.dir/src/robotis_manipulator/robotis_manipulator_math.cpp.o[0m
[1.072s] [ 57%] [32mBuilding CXX object CMakeFiles/robotis_manipulator.dir/src/robotis_manipulator/robotis_manipulator_common.cpp.o[0m
[1.073s] [ 71%] [32mBuilding CXX object CMakeFiles/robotis_manipulator.dir/src/robotis_manipulator/robotis_manipulator.cpp.o[0m
[1.075s] [ 85%] [32mBuilding CXX object CMakeFiles/robotis_manipulator.dir/src/robotis_manipulator/robotis_manipulator_trajectory_generator.cpp.o[0m
[6.942s] [100%] [32m[1mLinking CXX shared library librobotis_manipulator.so[0m
[7.156s] [100%] Built target robotis_manipulator
[7.165s] Invoked command in '/home/x/Desktop/workspace/omx_tester/build/robotis_manipulator' returned '0': AMENT_PREFIX_PATH=/home/x/Desktop/workspace/omx_tester/install/cmake_modules:${AMENT_PREFIX_PATH} CMAKE_PREFIX_PATH=/home/x/Desktop/workspace/omx_tester/install/cmake_modules:/home/x/omx_ws/install/open_manipulator_x_applications:/home/x/omx_ws/install/open_manipulator_x_master_slave:/home/x/omx_ws/install/open_manipulator:/home/x/omx_ws/install/open_manipulator_x_controller:/home/x/omx_ws/install/open_manipulator_x_libs:/home/x/omx_ws/install/robotis_manipulator:/home/x/omx_ws/install/open_manipulator_x_description:/home/x/omx_ws/install/open_manipulator_msgs:/home/x/omx_ws/install/dynamixel_workbench:/home/x/omx_ws/install/dynamixel_workbench_toolbox:/home/x/omx_ws/install/dynamixel_sdk_examples:/home/x/omx_ws/install/dynamixel_sdk_custom_interfaces:/home/x/omx_ws/install/dynamixel_sdk:/home/x/omx_ws/install/cmake_modules:/home/x/omx_ws/install/open_manipulator_x_teleop:/opt/ros/humble /usr/bin/cmake --build /home/x/Desktop/workspace/omx_tester/build/robotis_manipulator -- -j20 -l20
[7.188s] Invoking command in '/home/x/Desktop/workspace/omx_tester/build/robotis_manipulator': AMENT_PREFIX_PATH=/home/x/Desktop/workspace/omx_tester/install/cmake_modules:${AMENT_PREFIX_PATH} CMAKE_PREFIX_PATH=/home/x/Desktop/workspace/omx_tester/install/cmake_modules:/home/x/omx_ws/install/open_manipulator_x_applications:/home/x/omx_ws/install/open_manipulator_x_master_slave:/home/x/omx_ws/install/open_manipulator:/home/x/omx_ws/install/open_manipulator_x_controller:/home/x/omx_ws/install/open_manipulator_x_libs:/home/x/omx_ws/install/robotis_manipulator:/home/x/omx_ws/install/open_manipulator_x_description:/home/x/omx_ws/install/open_manipulator_msgs:/home/x/omx_ws/install/dynamixel_workbench:/home/x/omx_ws/install/dynamixel_workbench_toolbox:/home/x/omx_ws/install/dynamixel_sdk_examples:/home/x/omx_ws/install/dynamixel_sdk_custom_interfaces:/home/x/omx_ws/install/dynamixel_sdk:/home/x/omx_ws/install/cmake_modules:/home/x/omx_ws/install/open_manipulator_x_teleop:/opt/ros/humble /usr/bin/cmake --install /home/x/Desktop/workspace/omx_tester/build/robotis_manipulator
[7.193s] -- Install configuration: ""
[7.193s] -- Execute custom install script
[7.193s] -- Symlinking: /home/x/Desktop/workspace/omx_tester/install/robotis_manipulator/lib/librobotis_manipulator.so
[7.199s] -- Symlinking: /home/x/Desktop/workspace/omx_tester/install/robotis_manipulator/include//robotis_manipulator/robotis_manipulator.h
[7.205s] -- Symlinking: /home/x/Desktop/workspace/omx_tester/install/robotis_manipulator/include//robotis_manipulator/robotis_manipulator_common.h
[7.211s] -- Symlinking: /home/x/Desktop/workspace/omx_tester/install/robotis_manipulator/include//robotis_manipulator/robotis_manipulator_log.h
[7.217s] -- Symlinking: /home/x/Desktop/workspace/omx_tester/install/robotis_manipulator/include//robotis_manipulator/robotis_manipulator_manager.h
[7.223s] -- Symlinking: /home/x/Desktop/workspace/omx_tester/install/robotis_manipulator/include//robotis_manipulator/robotis_manipulator_math.h
[7.229s] -- Symlinking: /home/x/Desktop/workspace/omx_tester/install/robotis_manipulator/include//robotis_manipulator/robotis_manipulator_trajectory_generator.h
[7.235s] -- Symlinking: /home/x/Desktop/workspace/omx_tester/install/robotis_manipulator/share/robotis_manipulator/environment/library_path.sh
[7.241s] -- Symlinking: /home/x/Desktop/workspace/omx_tester/install/robotis_manipulator/share/robotis_manipulator/environment/library_path.dsv
[7.247s] -- Symlinking: /home/x/Desktop/workspace/omx_tester/install/robotis_manipulator/share/ament_index/resource_index/package_run_dependencies/robotis_manipulator
[7.252s] -- Symlinking: /home/x/Desktop/workspace/omx_tester/install/robotis_manipulator/share/ament_index/resource_index/parent_prefix_path/robotis_manipulator
[7.258s] -- Symlinking: /home/x/Desktop/workspace/omx_tester/install/robotis_manipulator/share/robotis_manipulator/environment/ament_prefix_path.sh
[7.265s] -- Symlinking: /home/x/Desktop/workspace/omx_tester/install/robotis_manipulator/share/robotis_manipulator/environment/ament_prefix_path.dsv
[7.271s] -- Symlinking: /home/x/Desktop/workspace/omx_tester/install/robotis_manipulator/share/robotis_manipulator/environment/path.sh
[7.277s] -- Symlinking: /home/x/Desktop/workspace/omx_tester/install/robotis_manipulator/share/robotis_manipulator/environment/path.dsv
[7.283s] -- Symlinking: /home/x/Desktop/workspace/omx_tester/install/robotis_manipulator/share/robotis_manipulator/local_setup.bash
[7.289s] -- Symlinking: /home/x/Desktop/workspace/omx_tester/install/robotis_manipulator/share/robotis_manipulator/local_setup.sh
[7.295s] -- Symlinking: /home/x/Desktop/workspace/omx_tester/install/robotis_manipulator/share/robotis_manipulator/local_setup.zsh
[7.301s] -- Symlinking: /home/x/Desktop/workspace/omx_tester/install/robotis_manipulator/share/robotis_manipulator/local_setup.dsv
[7.307s] -- Symlinking: /home/x/Desktop/workspace/omx_tester/install/robotis_manipulator/share/robotis_manipulator/package.dsv
[7.313s] -- Symlinking: /home/x/Desktop/workspace/omx_tester/install/robotis_manipulator/share/ament_index/resource_index/packages/robotis_manipulator
[7.319s] -- Symlinking: /home/x/Desktop/workspace/omx_tester/install/robotis_manipulator/share/robotis_manipulator/cmake/ament_cmake_export_include_directories-extras.cmake
[7.325s] -- Symlinking: /home/x/Desktop/workspace/omx_tester/install/robotis_manipulator/share/robotis_manipulator/cmake/ament_cmake_export_dependencies-extras.cmake
[7.331s] -- Symlinking: /home/x/Desktop/workspace/omx_tester/install/robotis_manipulator/share/robotis_manipulator/cmake/ament_cmake_export_libraries-extras.cmake
[7.337s] -- Symlinking: /home/x/Desktop/workspace/omx_tester/install/robotis_manipulator/share/robotis_manipulator/cmake/robotis_manipulatorConfig.cmake
[7.343s] -- Symlinking: /home/x/Desktop/workspace/omx_tester/install/robotis_manipulator/share/robotis_manipulator/cmake/robotis_manipulatorConfig-version.cmake
[7.349s] -- Symlinking: /home/x/Desktop/workspace/omx_tester/install/robotis_manipulator/share/robotis_manipulator/package.xml
[7.357s] Invoked command in '/home/x/Desktop/workspace/omx_tester/build/robotis_manipulator' returned '0': AMENT_PREFIX_PATH=/home/x/Desktop/workspace/omx_tester/install/cmake_modules:${AMENT_PREFIX_PATH} CMAKE_PREFIX_PATH=/home/x/Desktop/workspace/omx_tester/install/cmake_modules:/home/x/omx_ws/install/open_manipulator_x_applications:/home/x/omx_ws/install/open_manipulator_x_master_slave:/home/x/omx_ws/install/open_manipulator:/home/x/omx_ws/install/open_manipulator_x_controller:/home/x/omx_ws/install/open_manipulator_x_libs:/home/x/omx_ws/install/robotis_manipulator:/home/x/omx_ws/install/open_manipulator_x_description:/home/x/omx_ws/install/open_manipulator_msgs:/home/x/omx_ws/install/dynamixel_workbench:/home/x/omx_ws/install/dynamixel_workbench_toolbox:/home/x/omx_ws/install/dynamixel_sdk_examples:/home/x/omx_ws/install/dynamixel_sdk_custom_interfaces:/home/x/omx_ws/install/dynamixel_sdk:/home/x/omx_ws/install/cmake_modules:/home/x/omx_ws/install/open_manipulator_x_teleop:/opt/ros/humble /usr/bin/cmake --install /home/x/Desktop/workspace/omx_tester/build/robotis_manipulator
